1 172
2 54
3 53
4 53
5 52
8 52
9 53
10 53
11 53
12 53
13 52
14 52
7 53
6 53
15 583
16 585
17 585
18 585
19 585
20 573
21 65
22 66
23 65
24 66
25 66
26 65
27 66
28 65
29 66
30 62
31 62
32 62
33 61
34 61
35 60
36 60
37 60
38 59
39 60
40 59
41 59
42 59
43 59
44 59
45 59
46 58
47 59
48 58
49 58
50 58
51 58
52 56
53 56
54 59
55 58
56 58
57 58
58 58
59 58
60 57
61 58
62 57
63 57
64 56
65 57
66 56
67 55
68 56
69 55
70 56
71 56
72 56
73 55
74 56
75 55
76 55
77 54
78 55
79 54
80 54
81 54
82 53
83 54
84 52
85 52
86 52
87 52
88 51
89 52
90 50
91 50
92 50
93 50
94 50
95 50
96 49
97 50
98 50
99 50
100 50
101 50
102 49
103 50
104 49
105 49
106 49
107 49
108 48
109 49
110 48
113 46
114 46
112 47
111 48
115 203
116 203
117 200
118 198
119 197
120 44
121 43
122 43
123 44
124 43
125 44
126 43
127 44
128 43
129 44
130 44
131 43
132 44
133 44
134 45
135 45
136 45
137 45
138 46
139 45
140 46
141 46
142 47
143 47
144 47
145 47
146 47
147 47
148 48
149 47
150 47
151 49
152 50
153 51
154 51
155 52
156 52
157 52
158 52
159 51
160 50
161 50
162 50
163 50
164 50
165 50
166 50
167 50
168 50
169 49
170 50
171 50
172 50
173 49
174 50
175 50
176 49
177 49
178 50
179 49
180 50
181 50
182 50
183 50
184 51
185 50
186 51
187 51
188 51
189 51
190 51
191 52
192 51
193 52
194 52
195 53
196 53
197 53
198 53
199 54
200 53
201 53
202 54
203 53
204 54
205 53
206 53
207 52
208 53
209 52
210 53
211 52
212 52
213 52
214 51
215 52
216 51
217 52
218 51
219 52
220 51
221 52
222 51
223 52
224 51
225 52
226 51
227 28
228 27
229 38
230 38
231 39
232 38
233 39
234 38
235 38
236 42
237 36
238 36
239 37
240 36
241 36
242 5
243 11
244 10
245 11
246 11
247 12
248 12
249 12
250 12
251 13
252 12
253 12
254 13
255 13
256 13
257 13
258 13
259 14
260 13
261 13
262 13
263 13
264 13
265 12
266 13
267 13
268 13
269 13
270 13
271 13
272 14
273 13
274 13
275 14
276 14
277 22
278 22
279 22
280 22
281 21
282 21
283 20
284 21
285 20
286 20
287 24
288 24
289 25
290 27
291 26
292 26
293 27
294 27
295 26
296 26
297 27
298 26
299 26
300 15
301 16
302 15
303 6
304 32
305 32
306 32
307 32
308 32
309 32
310 32
311 32
312 33
313 33
314 32
315 33
316 33
317 33
318 33
319 33
320 34
321 33
322 33
323 34
324 34
325 33
326 34
327 34
328 34
329 34
330 34
331 34
332 35
333 35
334 34
335 35
336 35
337 36
338 35
339 35
340 35
341 35
342 35
343 35
344 35
345 34
346 34
347 35
348 35
349 36
350 35
351 35
352 39
353 39
354 38
355 39
356 40
357 40
358 40
359 40
360 40
361 40
362 42
363 42
364 43
365 42
366 42
367 43
368 42
369 42
370 45
371 45
372 46
373 45
374 46
375 47
376 47
377 47
378 48
379 48
380 49
381 49
382 49
383 50
384 51
385 50
386 51
387 51
388 52
389 51
390 52
391 53
392 53
393 54
394 53
395 54
396 55
397 55
398 55
399 55
400 56
401 56
402 56
403 57
404 57
405 10
406 11
407 11
408 12
409 12
410 13
411 13
412 13
413 14
414 14
415 15
416 15
417 15
418 16
419 15
420 16
421 16
422 16
423 16
424 16
425 16
426 17
427 16
428 16
429 17
430 17
431 18
432 9
433 9
434 12
435 13
436 13
437 14
438 13
439 14
440 14
441 14
442 14
443 14
444 15
445 16
446 16
447 16
448 16
449 16
450 16
451 19
452 35
453 35
454 35
455 36
456 44
457 44
458 44
459 44
460 44
461 48
462 48
463 50
464 50
465 51
466 52
467 51
468 52
469 52
470 53
471 63
472 63
473 63
474 64
475 64
476 63
477 66
478 66
479 66
480 66
481 66
482 66
483 67
484 66
485 67
486 67
487 67
488 68
489 68
490 67
491 69
492 70
493 71
494 71
495 73
496 73
497 73
498 73
499 74
500 73
501 73
502 74
503 74
504 74
505 74
506 75
507 74
508 74
509 75
510 75
511 75
512 75
513 76
514 76
515 75
516 77
517 77
518 80
519 80
520 80
521 80
522 81
523 80
524 82
525 82
526 83
527 82
528 82
529 83
530 82
531 83
532 21
533 20
534 21
535 20
536 20
537 20
538 21
539 22
540 22
541 22
542 22
543 22
544 22
545 23
546 22
547 24
548 25
549 25
550 26
551 25
552 26
553 27
554 28
555 27
556 28
557 28
558 28
559 29
560 13
561 15
562 16
563 16
564 16
565 17
566 17
567 18
568 18
569 18
570 19
571 20
572 20
573 21
574 21
575 22
576 22
577 23
578 22
579 23
580 5
581 5
582 26
583 27
584 28
585 28
586 29
587 30
588 30
589 30
590 31
591 32
592 32
593 32
594 33
595 33
596 34
597 35
598 35
599 35
600 36
601 37
602 38
603 38
604 39
605 40
606 40
607 41
608 42
609 42
610 43
611 44
612 43
613 44
614 45
615 45
616 46
617 46
618 47
619 48
620 48
621 48
622 49
623 49
624 50
625 50
626 50
627 51
628 51
629 51
630 52
631 52
632 52
633 53
634 53
635 54
636 54
637 55
638 55
639 55
640 56
641 56
642 56
643 57
644 58
645 57
646 58
647 58
648 58
649 59
650 59
651 60
652 60
653 61
654 61
655 61
656 62
657 63
658 62
659 63
660 23
661 23
662 24
663 24
664 24
665 25
666 26
667 25
668 29
669 29
670 29
671 29
672 29
673 30
674 30
675 31
676 32
677 31
678 31
679 32
680 32
681 32
682 33
683 33
684 32
685 33
686 34
687 34
688 15
689 15
690 15
691 16
692 16
693 16
694 16
695 16
696 16
697 16
698 26
699 30
700 30
701 30
702 30
703 29
704 31
705 31
706 30
707 31
708 31
709 31
710 32
711 33
712 33
713 33
714 34
715 33
716 34
717 34
718 33
719 32
720 32
721 32
722 31
723 31
724 32
725 31
726 32
727 32
728 31
729 32
730 32
731 33
732 33
733 34
734 34
735 35
736 35
737 35
738 36
739 36
740 36
741 36
742 36
743 36
744 36
745 37
746 36
747 37
748 37
749 37
750 36
751 37
752 37
753 37
754 37
755 36
756 37
757 38
758 38
759 38
760 38
761 39
762 38
763 38
764 39
765 40
766 40
767 39
768 40
769 39
770 40
771 41
772 41
773 41
774 41
775 41
776 42
777 42
778 42
779 43
780 45
781 46
782 46
783 47
784 46
785 47
786 47
787 47
788 22
789 23
790 23
791 23
792 23
793 24
794 27
795 26
796 26
797 28
798 28
799 29
800 28
801 28
802 28
803 29
804 28
805 28
806 29
807 29
808 28
809 28
810 29
811 29
812 28
813 29
814 26
815 27
816 21
817 25
818 25
819 26
820 26
821 27
822 28
823 27
824 27
825 28
826 26
827 27
828 26
829 27
830 27
831 26
832 26
833 25
834 26
835 25
836 25
837 25
838 7
839 6
840 7
841 7
842 6
843 7
844 7
845 7
846 7
847 11
848 10
849 23
850 23
851 23
852 23
853 24
854 24
855 23
856 24
857 24
858 25
859 30
860 30
861 32
862 32
863 39
864 40
865 39
866 40
867 39
868 40
869 40
870 40
871 40
872 40
873 40
874 41
875 41
876 41
877 41
878 42
879 41
880 42
881 42
882 43
883 42
884 43
885 43
886 44
887 45
888 44
889 45
890 45
891 46
892 46
893 47
894 48
895 49
896 48
897 49
898 50
899 50
900 50
901 50
902 51
903 51
904 52
905 51
906 52
907 52
908 52
909 52
910 54
911 54
912 54
913 54
914 54
915 54
916 20
917 21
918 21
919 29
920 29
921 29
922 29
923 30
924 30
925 31
926 30
927 31
928 31
929 31
930 30
931 31
932 31
933 32
934 39
935 39
936 38
937 39
938 39
939 38
940 39
941 39
942 38
943 38
944 33
945 30
946 29
947 30
948 31
949 25
950 26
951 26
952 26
953 26
954 27
955 26
956 22
957 23
958 22
959 23
960 23
961 22
962 23
963 23
964 21
965 21
966 21
967 21
968 20
969 19
970 19
971 20
972 20
973 20
974 21
975 20
976 20
977 29
978 29
979 28
980 29
981 32
982 39
983 40
984 41
985 41
986 42
987 41
988 41
989 42
990 42
991 44
992 45
993 46
994 46
995 47
996 48
997 49
998 49
999 50
1000 49
1001 49
1002 50
1003 50
1004 48
1005 49
1006 51
1007 51
1008 51
1009 53
1010 59
1011 58
1012 59
1013 59
1014 59
1015 59
1016 59
1017 59
1018 60
1019 59
1020 60
1021 60
1022 61
1023 60
1024 60
1025 61
1026 61
1027 59
1028 60
1029 61
1030 61
1031 61
1032 61
1033 62
1034 62
1035 62
1036 62
1037 62
1038 63
1039 63
1040 63
1041 63
1042 64
1043 64
1044 16
1045 17
1046 17
1047 17
1048 16
1049 17
1050 17
1051 17
1052 17
1053 17
1054 16
1055 16
1056 16
1057 16
1058 17
1059 16
1060 17
1061 17
1062 18
1063 18
1064 17
1065 18
1066 18
1067 18
1068 18
1069 18
1070 18
1071 19
1072 12
1073 11
1074 11
1075 12
1076 11
1077 11
1078 11
1079 12
1080 11
1081 11
1082 12
1083 12
1084 11
1085 11
1086 12
1087 12
1088 12
1089 11
1090 12
1091 12
1092 12
1093 13
1094 12
1095 12
1096 13
1097 13
1098 12
1099 12
1100 13
1101 13
1102 13
1103 13
1104 13
1105 14
1106 14
1107 14
1108 14
1109 14
1110 14
1111 15
1112 14
1113 14
1114 15
1115 15
1116 14
1117 15
1118 15
1119 16
1120 16
1121 15
1122 16
1123 16
1124 16
1125 15
1126 18
1127 19
1128 22
1129 22
1130 21
1131 22
1132 22
1133 22
1134 22
1135 22
1136 22
1137 23
1138 23
1139 22
1140 22
1141 23
1142 23
1143 23
1144 23
1145 22
1146 22
1147 23
1148 22
1149 22
1150 22
1151 23
1152 21
1153 21
1154 22
1155 22
1156 7
1157 8
1158 7
1159 7
1160 7
1161 7
1162 7
1163 7
1164 7
1165 8
1166 7
1167 7
1168 8
1169 8
1170 7
1171 8
1172 7
1173 8
1174 7
1175 7
1176 3
1177 3
1178 3
1179 3
1180 3
1181 1
1182 1
1183 2
1184 1
1185 1
1186 1
1187 1
1188 2
1189 1
1190 1
1191 1
1192 2
1193 1
1194 1
1195 8
1196 2
1197 3
1198 7
1199 6
1200 6
1201 5
1202 5
1203 3
1204 4
1205 3
1206 4
1207 4
1208 4
1209 4
1210 5
1211 1
1212 1
1213 2
1214 2
1215 2
1216 1
1217 1
1218 1
1219 2
1220 2
1221 1
1225 2
1224 2
1222 2
1223 2
1226 2
1227 1
1228 1
1229 2
1230 2
1231 1
1232 2
1233 1
1234 2
1235 2
1236 1
1237 1
1238 2
1239 1
1240 2
1241 1
1242 1
1243 2
1244 2
1245 2
1246 2
1247 1
1248 2
1249 3
1250 3
1251 1
1252 1
1253 2
1254 1
1255 2
1256 2
1257 1
1258 1
1259 2
1260 2
1261 1
1262 1
1263 2
1264 2
1265 2
1266 1
1267 2
1268 1
1269 2
1270 2
1271 2
1272 1
1273 1
1274 2
1275 3
1276 2
1277 2
1278 1
1279 1
1280 2
1281 1
1282 2
1283 2
1284 2
1285 2
1286 2
1287 2
1288 1
1289 2
1290 2
1291 2
1292 1
1293 2
1294 2
1295 1
1296 1
1297 2
1298 1
1299 2
1300 2
1301 2
1302 1
1303 2
1304 3
1305 2
1306 1
1307 2
1308 1
1309 2
1310 2
1311 2
1312 1
1313 2
1314 2
1315 2
1316 3
1317 4
1318 4
1319 3
1320 4
1321 1
1322 2
1323 1
1324 2
1325 2
1326 1
1327 1
1328 2
1329 1
1330 2
1331 2
1332 1
1333 1
1334 2
1335 2
1336 1
1337 2
1338 2
1339 3
1340 3
1341 2
1342 2
1343 1
1344 2
1345 2
1346 1
1347 2
1348 2
1349 1
1350 2
1351 2
1352 1
1353 2
1354 2
1355 1
1356 10
1357 10
1358 5
1359 4
1360 3
1361 1
1362 2
1363 1
1364 2
1365 2
1366 1
1367 1
1368 2
1369 2
1370 2
1371 2
1372 1
1373 1
1374 2
1375 2
1376 1
1377 2
1378 2
1379 2
1380 2
1381 2
1382 1
1383 2
1384 2
1385 2
1386 1
1387 2
1388 3
1389 2
1390 3
1391 12
1392 10
1393 12
1394 10
1395 10
1396 9
1397 8
1398 10
1399 3
1400 2
1401 2
1402 3
1403 2
1404 3
1405 2
1406 2
1407 3
1408 3
1409 4
1410 4
1411 2
1412 1
1413 1
1414 2
1415 2
1416 2
1417 1
1418 1
1419 2
1420 2
1421 1
1422 3
1423 2
1424 3
1425 3
1426 2
1427 2
1428 2
1429 2
1430 3
1431 1
1432 2
1433 1
1434 3
1435 4
1436 3
1437 2
1438 2
1439 2
1440 3
1441 2
1442 1
1443 2
1444 2
1445 2
1446 2
1447 1
1448 1
1449 2
1450 2
1451 1
1452 2
1453 1
1454 2
1455 2
1456 2
1457 1
1458 2
1459 2
1460 2
1461 1
1462 2
1463 1
1464 2
1465 2
1466 2
1467 1
1468 1
1469 2
1470 3
1471 1
1472 1
1473 2
1474 1
1475 2
1476 3
1477 2
1478 3
1479 4
1480 4
1481 1
1482 1
1483 2
1484 2
1485 2
1486 2
1487 1
1488 2
1489 2
1490 1
1491 2
1492 1
1493 1
1494 2
1495 2
1496 2
1497 2
1498 5
1499 5
1500 6
1501 2
1502 2
1503 3
1504 2
1505 2
1506 2
1507 3
1508 3
1509 3
1510 4
1511 2
1512 3
1513 3
1514 2
1515 3
1516 2
1517 2
1518 1
1519 2
1520 2
1521 2
1522 2
1523 1
1524 2
1525 2
1526 1
1527 2
1528 2
1529 2
1530 2
1531 2
1532 1
1533 1
1534 2
1535 2
1536 4
1537 3
1538 2
1539 4
1540 3
1541 2
1542 1
1543 1
1544 2
1545 2
1546 1
1547 2
1548 2
1549 6
1550 6
1551 7
1552 6
1553 7
1554 9
1555 8
1556 6
1557 6
1558 8
1559 6
1560 7
1561 7
1562 5
1563 4
1564 5
1565 5
1566 4
1567 3
1568 4
1569 4
1570 3
1571 3
1572 3
1573 2
1574 3
1575 3
1576 1
1577 2
1578 2
1579 1
1580 2
1581 1
1582 2
1583 1
1584 2
1585 2
1586 4
1587 3
1588 4
1589 3
1590 3
1591 2
1592 2
1593 2
1594 2
1595 3
1596 7
1597 6
1598 3
1599 3
1600 3
1601 4
1602 5
1603 3
1604 3
1605 3
1606 2
1607 2
1608 2
1609 2
1610 4
1611 11
1612 11
1613 3
1614 2
1615 2
1616 3
1617 3
1618 2
1619 3
1620 3
1621 2
1622 2
1623 2
1624 2
1625 2
1626 1
1627 1
1628 1
1629 2
1630 2
1631 1
1632 2
1633 1
1634 2
1635 2
1636 2
1637 2
1638 1
1639 2
1640 2
1641 1
1642 2
1643 1
1644 1
1645 2
1646 1
1647 1
1648 1
1649 2
1650 1
1651 1
1652 2
1653 2
1654 1
1655 2
1656 2
1657 1
1658 1
1659 2
1660 2
1661 1
1662 1
1663 2
1664 4
1665 4
1666 11
1667 9
1668 9
1669 9
1670 6
1671 2
1672 2
1673 2
1674 2
1675 2
1676 2
1677 2
1678 2
1679 2
1680 2
1681 1
1682 1
1683 2
1684 2
1685 1
1686 2
1687 1
1688 1
1689 2
1690 2
1691 1
1692 1
1693 2
1694 2
1695 1
1696 2
1697 1
1698 1
1699 2
1700 2
1701 3
1702 3
1703 2
1704 4
1705 5
1706 5
1707 6
1708 5
1709 6
1710 6
1711 1
1712 1
1713 2
1714 1
1715 2
1716 2
1717 1
1718 1
1719 2
1720 2
1721 3
1722 2
1723 2
1724 8
1725 7
1726 12
1727 12
1728 11
1729 8
1730 8
1731 3
1732 3
1733 3
1734 4
1735 3
1736 2
1737 4
1738 3
1739 4
1740 4
1741 1
1742 2
1743 1
1744 2
1745 2
1746 1
1747 1
1748 2
1749 1
1750 2
1751 2
1752 1
1753 2
1754 2
1755 1
1756 11
1757 6
1758 5
1759 4
1760 5
1761 8
1762 9
1763 10
1764 10
1765 10
1766 3
1767 3
1768 3
1769 3
1770 3
1771 3
1772 2
1773 3
1774 2
1775 3
1776 2
1777 2
1778 2
1779 3
1780 2
1781 7
1782 8
1783 4
1784 3
1785 4
1786 2
1787 2
1788 2
1789 2
1790 2
1791 2
1792 2
1793 9
1794 9
1795 9
1796 2
1797 2
1798 2
1799 2
1800 2
1801 2
1802 2
1803 2
1804 3
1805 3
1806 2
1807 1
1808 1
1809 3
1810 4
1811 1
1812 2
1813 1
1814 2
1815 3
1816 9
1817 8
1818 7
1819 6
1820 7
1821 2
1822 3
1823 4
1824 5
1825 5
1826 3
1827 3
1828 3
1829 3
1830 3
1831 2
1832 3
1833 2
1834 3
1835 3
1836 2
1837 3
1838 3
1839 3
1840 3
1841 2
1842 2
1843 2
1844 3
1845 3
1846 3
1847 3
1848 3
1849 3
1850 3
1851 2
1852 2
1853 1
1854 2
1855 3
1856 1
1857 1
1858 2
1859 2
1860 2
1861 2
1862 1
1863 1
1864 2
1865 1
1866 2
1867 1
1868 1
1869 2
1870 3
1871 1
1872 2
1873 1
1874 2
1875 2
1876 1
1877 2
1878 2
1879 2
1880 2
1881 1
1882 2
1883 2
1884 1
1885 2
1886 1
1887 1
1888 1
1889 2
1890 2
1891 1
1892 2
1893 1
1894 2
1895 2
1896 2
1897 1
1898 2
1899 2
1900 2
1901 3
1902 6
1903 5
1904 6
1905 5
1906 8
1907 3
1908 2
1909 4
1910 4
1911 3
1912 3
1913 4
1914 3
1915 3
1916 1
1917 2
1918 3
1919 4
1920 4
1921 7
1922 8
1923 8
1924 7
1925 6
1926 2
1927 1
1928 1
1929 2
1930 2
1931 2
1932 2
1933 1
1934 2
1935 3
1936 7
1937 5
1938 4
1939 4
1940 4
1941 4
1942 2
1943 1
1944 6
1945 10
1946 2
1947 2
1948 1
1949 2
1950 2
1951 4
1952 5
1953 7
1954 10
1955 11
1956 1
1957 2
1958 2
1959 3
1960 2
1961 8
1962 8
1963 8
1964 8
1965 9
1966 2
1967 1
1968 1
1969 2
1970 2
1971 2
1972 1
1973 1
1974 2
1975 2
1976 1
1977 2
1978 2
1979 1
1980 2
1981 2
1982 1
1983 2
1984 1
1985 2
1986 2
1987 2
1988 2
1989 2
1990 3
1991 4
1992 4
1993 4
1994 5
1995 5
1996 2
1997 2
1998 2
1999 2
2000 3
2001 2
2002 1
2003 2
2004 5
2005 9
2006 4
2007 4
2008 4
2009 6
2010 7
2011 1
2012 1
2013 2
2014 2
2015 2
2016 1
2017 2
2018 1
2019 2
2020 2
2021 1
2022 2
2023 2
2024 1
2025 2
2026 2
2027 1
2028 1
2029 2
2030 2
2031 1
2032 2
2033 1
2034 1
2035 2
2036 2
2037 1
2038 2
2039 2
2040 2
2041 1
2042 2
2043 1
2044 1
2045 2
2046 2
2047 1
2048 1
2049 2
2050 2
2051 1
2052 1
2053 2
2054 1
2055 1
2056 3
2057 3
2058 4
2059 3
2060 4
2061 2
2062 2
2063 2
2064 2
2065 2
2066 1
2067 2
2068 1
2069 1
2070 2
2071 1
2072 1
2073 2
2074 1
2075 2
2076 2
2077 1
2078 1
2079 2
2080 2
2081 1
2082 1
2083 2
2084 2
2085 2
2086 2
2087 2
2088 1
2089 2
2090 2
2091 4
2092 4
2093 5
2094 4
2095 2
2096 1
2097 2
2098 1
2099 2
2100 2
2101 1
2102 2
2103 2
2104 2
2105 3
2106 2
2107 1
2108 2
2109 1
2110 2
2111 1
2112 1
2113 2
2114 1
2115 1
2116 2
2117 1
2118 1
2119 2
2120 1
2121 2
2122 1
2123 2
2124 2
2125 2
2126 2
2127 1
2128 1
2129 2
2130 2
2131 1
2132 1
2133 2
2134 1
2135 2
2136 1
2137 2
2138 1
2139 1
2140 2
2141 4
2142 4
2143 3
2144 3
2145 2
2146 2
2147 2
2148 3
2149 4
2150 3
2151 1
2152 1
2153 1
2154 2
2155 1
2156 1
2157 2
2158 1
2159 1
2160 2
2161 1
2162 1
2163 2
2164 2
2165 1
2166 1
2167 2
2168 2
2169 1
2170 2
2171 2
2172 1
2173 1
2174 2
2175 2
2176 1
2177 1
2178 2
2179 1
2180 1
2181 7
2182 3
2183 2
2184 1
2185 1
2186 8
2187 7
2188 8
2189 6
2190 6
2191 6
2192 5
2193 5
2194 5
2195 6
2196 2
2197 2
2198 1
2199 2
2200 3
2201 2
2202 1
2203 1
2204 2
2205 5
2206 3
2207 2
2208 2
2209 3
2210 3
2211 3
2212 3
2213 3
2214 4
2215 4
2216 1
2217 2
2218 1
2219 1
2220 2
2221 1
2222 2
2223 1
2224 1
2225 3
2226 1
2227 1
2228 1
2229 2
2230 1
2231 1
2232 2
2233 2
2234 1
2235 2
2236 1
2237 1
2238 2
2239 2
2240 2
2241 2
2242 2
2243 1
2244 2
2245 2
2246 1
2247 1
2248 2
2249 1
2250 2
2251 1
2252 2
2253 1
2254 1
2255 3
2256 1
2257 1
2258 2
2259 2
2260 2
2261 10
2262 10
2263 6
2264 6
2265 5
2266 7
2267 4
2268 4
2269 3
2270 3
2271 4
2272 3
2273 3
2274 4
2275 6
2276 3
2277 4
2278 3
2279 3
2280 3
2281 8
2282 5
2283 5
2284 4
2285 5
2286 3
2287 3
2288 3
2289 4
2290 4
2291 2
2292 2
2293 2
2294 5
2295 6
2296 1
2297 1
2298 1
2299 2
2300 2
2301 1
2302 2
2303 3
2304 3
2305 3
2306 1
2307 1
2308 2
2309 3
2310 3
2311 1
2312 1
2313 2
2314 1
2315 1
2316 3
2317 3
2318 3
2319 3
2320 2
2321 2
2322 1
2323 2
2324 2
2325 1
2326 2
2327 2
2328 1
2329 2
2330 2
2331 1
2332 4
2333 4
2334 3
2335 4
2336 2
2337 2
2338 2
2339 2
2340 2
2341 1
2342 1
2343 4
2344 4
2345 4
2346 1
2347 2
2348 1
2349 1
2350 2
2351 1
2352 2
2353 4
2354 4
2355 4
2356 2
2357 2
2358 1
2359 1
2360 2
2361 6
2362 7
2363 8
2364 9
2365 5
2366 3
2367 3
2368 2
2369 2
2370 2
2371 2
2372 2
2373 2
2374 2
2375 3
2376 2
2377 4
2378 4
2379 3
2380 3
2381 1
2382 1
2383 2
2384 3
2385 3
2386 1
2387 2
2388 2
2389 1
2390 2
2391 2
2392 1
2393 2
2394 2
2395 3
2396 2
2397 3
2398 3
2399 4
2400 3
2401 1
2402 1
2403 1
2404 2
2405 2
2406 2
2407 4
2408 4
2409 4
2410 5
2411 1
2412 1
2413 1
2414 2
2415 2
2416 2
2417 1
2418 1
2419 2
2420 2
2421 2
2422 2
2423 1
2424 2
2425 2
2426 1
2427 1
2428 2
2429 2
2430 2
2431 1
2432 1
2433 1
2434 2
2435 2
2436 5
2437 5
2438 6
2439 6
2440 6
2441 2
2442 2
2443 2
2444 2
2445 3
2446 2
2447 1
2448 1
2449 2
2450 1
2451 1
2452 2
2453 1
2454 2
2455 2
2456 1
2457 2
2458 1
2459 2
2460 2
2461 1
2462 1
2463 1
2464 2
2465 2
2466 2
2467 2
2468 2
2469 2
2470 3
2471 1
2472 2
2473 2
2474 1
2475 1
2476 2
2477 1
2478 1
2479 2
2480 2
2481 2
2482 2
2483 2
2484 3
2485 3
2486 2
2487 1
2488 1
2489 2
2490 5
2491 3
2492 2
2493 2
2494 2
2495 2
2496 1
2497 1
2498 1
2499 2
2500 2
2501 1
2502 2
2503 3
2504 2
2505 3
2506 4
2507 3
2508 4
2509 3
2510 4
2511 3
2512 2
2513 2
2514 2
2515 2
2516 1
2517 2
2518 1
2519 1
2520 2
2521 1
2522 2
2523 2
2524 2
2525 2
2526 1
2527 2
2528 1
2529 2
2530 2
2531 2
2532 1
2533 1
2534 2
2535 2
2536 1
2537 2
2538 1
2539 1
2540 2
2541 1
2542 1
2543 1
2544 2
2545 2
2546 1
2547 2
2548 2
2549 1
2550 1
2551 2
2552 1
2553 2
2554 3
2555 3
2556 2
2557 3
2558 2
2559 3
2560 3
2561 2
2562 1
2563 1
2564 2
2565 2
2566 2
2567 2
2568 2
2569 3
2570 2
2571 2
2572 2
2573 2
2574 2
2575 3
2576 1
2577 1
2578 2
2579 2
2580 1
2581 2
2582 1
2583 1
2584 2
2585 3
2586 1
2587 2
2588 1
2589 1
2590 2
2591 1
2592 2
2593 1
2594 2
2595 2
2596 1
2597 1
2598 1
2599 2
2600 1
2601 2
2602 1
2603 1
2604 2
2605 2
2606 16
2607 17
2608 17
2609 5
2610 3
2611 5
2612 6
2613 6
2614 4
2615 5
2616 6
2617 3
2618 2
2619 3
2620 3
2621 2
2622 1
2623 1
2624 2
2625 2
2626 1
2627 1
2628 2
2629 1
2630 1
2631 2
2632 1
2633 1
2634 2
2635 2
2636 2
2637 2
2638 3
2639 6
2640 5
2641 2
2642 2
2643 2
2644 3
2645 2
2646 1
2647 1
2648 2
2649 1
2650 2
2651 2
2652 1
2653 1
2654 2
2655 1
2656 1
2657 1
2658 2
2659 2
2660 2
2661 1
2662 2
2663 1
2664 2
2665 2
2666 2
2667 1
2668 1
2669 2
2670 1
2671 7
2672 6
2673 5
2674 5
2675 4
2676 7
2677 7
2678 7
2679 5
2680 4
2681 1
2682 1
2683 2
2684 1
2685 1
2686 1
2687 1
2688 1
2689 2
2690 1
2691 1
2692 1
2693 2
2694 1
2695 1
2696 3
2697 2
2698 3
2699 3
2700 4
2701 2
2702 2
2703 2
2704 2
2705 2
2706 7
2707 8
2708 7
2709 9
2710 8
2711 10
2712 10
2713 11
2714 10
2715 10
2716 4
2717 3
2718 3
2719 4
2720 4
2722 4
2721 4
2723 3
2724 4
2725 4
2726 1
2727 2
2728 2
2729 2
2730 2
2731 1
2732 2
2733 2
2734 1
2735 2
2736 4
2737 3
2738 1
2739 2
2740 2
2741 1
2742 1
2743 2
2744 3
2745 2
2746 2
2747 1
2748 1
2749 2
2750 1
2751 3
2752 2
2753 2
2754 3
2755 3
2756 15
2757 16
2758 16
2759 11
2760 7
2761 12
2762 14
2763 18
2764 17
2765 18
2766 18
2767 18
2768 18
2769 18
2770 13
2771 3
2772 3
2773 2
2774 3
2775 3
2776 4
2777 3
2778 3
2779 3
2780 4
2781 2
2782 1
2783 1
2784 1
2785 2
2786 1
2787 1
2788 2
2789 1
2790 1
2791 1
2792 1
2793 1
2794 1
2795 1
2796 1
2797 2
2798 2
2799 1
2800 2
2801 4
2802 3
2803 3
2804 2
2805 2
2806 1
2807 1
2808 2
2809 1
2810 2
2811 3
2812 4
2813 5
2814 5
2815 4
2816 1
2817 1
2818 1
2819 2
2820 3
2821 1
2822 2
2823 1
2824 2
2825 2
2826 1
2827 1
2828 1
2829 2
2830 1
2831 1
2832 2
2833 1
2834 1
2835 2
2836 1
2837 2
2838 1
2839 1
2840 2
2841 2
2842 1
2843 2
2844 2
2845 2
2846 1
2847 1
2848 1
2849 3
2850 2
2851 2
2852 2
2853 2
2854 2
2855 2
2856 6
2857 4
2858 2
2859 3
2860 2
2861 3
2862 3
2863 2
2864 3
2865 2
2866 2
2867 2
2868 1
2869 2
2870 2
2871 2
2872 2
2873 2
2874 2
2875 1
2876 2
2877 3
2878 2
2879 2
2880 3
2881 3
2882 1
2883 2
2884 2
2885 1
2886 1
2887 2
2888 2
2889 2
2890 2
2891 6
2892 6
2893 5
2894 1
2895 2
2896 3
2897 3
2898 4
2899 4
2900 3
2901 1
2902 2
2903 3
2904 3
2905 5
2906 8
2907 4
2908 1
2909 1
2910 2
2911 6
2912 6
2913 6
2914 8
2915 8
2916 6
2917 7
2918 5
2919 3
2920 3
2921 1
2922 1
2923 2
2924 5
2925 5
2926 1
2927 2
2928 2
2929 2
2930 2
2932 1
2933 2
2931 3
2934 2
2935 4
2936 1
2937 2
2938 3
2939 3
2940 3
2941 1
2942 2
2943 2
2944 3
2945 4
2946 2
2947 1
2948 1
2949 2
2950 3
2951 1
2952 1
2953 1
2954 2
2955 3
2956 2
2957 1
2958 1
2959 2
2960 2
2961 1
2962 1
2963 2
2964 1
2965 1
2966 7
2967 8
2968 7
2969 6
2970 6
2971 1
2972 2
2973 1
2974 1
2975 2
2976 4
2977 4
2978 4
2979 3
2980 3
2981 3
2982 4
2983 4
2984 4
2985 2
2986 1
2987 2
2988 2
2989 1
2990 2
2991 2
2992 2
2993 1
2994 2
2995 2
2996 1
2997 2
2998 1
2999 2
3000 2
3001 2
3002 1
3003 1
3004 2
3005 2
3006 1
3007 2
3008 1
3009 1
3010 2
3011 3
3012 4
3013 4
3014 3
3015 4
3016 4
3017 5
3018 4
3019 4
3020 5
3021 5
3022 10
3023 11
3024 11
3025 13
3026 8
3027 7
3028 8
3029 9
3030 10
3031 10
3032 11
3033 12
3034 12
3035 12
3036 13
3037 15
3038 15
3039 15
3040 15
3041 4
3042 3
3043 3
3044 3
3045 4
3046 1
3047 2
3048 2
3049 2
3050 3
3051 2
3052 1
3053 2
3054 2
3055 2
3056 1
3057 1
3058 1
3059 1
3060 2
3061 2
3062 1
3063 1
3064 2
3065 3
3066 1
3067 2
3068 2
3069 2
3070 2
3071 1
3072 1
3073 2
3074 1
3075 1
3076 2
3077 1
3078 1
3079 2
3080 2
3081 1
3082 2
3083 1
3084 2
3085 2
3086 2
3087 1
3088 1
3089 1
3090 2
3091 1
3092 1
3093 1
3094 2
3095 1
3096 2
3097 1
3098 1
3099 2
3100 2
3101 3
3102 2
3103 1
3104 2
3105 2
3106 1
3107 1
3108 2
3109 2
3110 1
3111 1
3112 2
3113 1
3114 1
3115 2
3116 1
3117 1
3118 2
3119 2
3120 1
3121 1
3122 2
3123 1
3124 1
3125 2
3126 2
3127 2
3128 2
3129 3
3130 2
3131 1
3132 2
3133 2
3134 1
3135 2
3136 2
3137 1
3138 1
3139 2
3140 2
3141 5
3142 4
3143 4
3144 3
3145 4
3146 4
3147 3
3148 3
3149 4
3150 3
3151 1
3152 1
3153 2
3154 2
3155 1
3156 1
3157 1
3158 1
3159 2
3160 2
3161 1
3162 1
3163 2
3164 1
3165 2
3166 1
3167 1
3168 1
3169 1
3170 2
3171 1
3172 1
3173 2
3174 2
3175 2
3176 1
3177 2
3178 1
3179 2
3180 2
3181 1
3182 1
3183 1
3184 2
3185 2
3186 1
3187 2
3188 1
3189 1
3190 2
3191 1
3192 2
3193 2
3194 2
3195 2
3196 2
3197 1
3198 1
3199 1
3200 2
3201 2
3202 1
3203 1
3204 2
3205 2
3206 4
3207 3
3208 3
3209 3
3210 2
3211 1
3212 2
3213 1
3214 2
3215 2
3216 1
3217 1
3218 2
3219 1
3220 2
3221 3
3222 3
3223 3
3224 2
3225 3
3226 1
3227 1
3228 3
3229 3
3230 2
3231 2
3232 1
3233 1
3234 2
3235 2
3236 2
3237 3
3238 4
3239 5
3240 6
3241 2
3242 2
3243 2
3244 2
3245 3
3246 2
3247 3
3248 2
3249 2
3250 2
3251 1
3252 2
3253 1
3254 1
3255 2
3256 1
3257 2
3258 3
3259 3
3260 3
3261 1
3262 2
3263 1
3264 1
3265 2
3266 1
3267 1
3268 2
3269 1
3270 1
3271 1
3272 1
3273 2
3274 1
3275 1
3276 5
3277 4
3278 5
3279 4
3280 3
3281 1
3282 1
3283 1
3284 1
3285 1
3286 3
3287 2
3288 3
3289 3
3290 3
3291 1
3292 1
3293 1
3294 1
3295 3
3296 2
3297 1
3298 1
3299 2
3300 2
3301 1
3302 2
3303 2
3304 1
3305 2
3306 1
3307 1
3308 1
3309 2
3310 2
3311 2
3312 1
3313 2
3314 1
3315 1
3316 1
3317 1
3318 1
3319 1
3320 2
3321 1
3322 1
3323 1
3324 2
3325 1
3326 1
3327 0
3328 1
3329 1
3330 1
3331 1
3332 1
3333 1
3334 1
3335 1
3336 18
3337 18
3338 15
3339 12
3340 7
3341 2
3342 2
3343 3
3344 2
3345 2
3346 2
3347 1
3348 2
3349 2
3350 1
3351 1
3352 1
3353 0
3354 1
3355 2
3356 2
3357 1
3358 1
3359 1
3360 1
3361 1
3362 1
3363 1
3364 1
3365 1
3366 1
3367 1
3368 1
3369 1
3370 1
3371 1
3372 1
3373 1
3374 0
3375 1
3376 1
3377 1
3378 1
3380 1
3379 1
3381 1
3382 1
3383 1
3384 1
3385 1
3386 1
3387 1
3388 0
3389 1
3390 1
3391 1
3392 1
3393 1
3394 1
3395 0
3396 1
3397 1
3398 1
3399 1
3400 1
3401 1
3402 1
3403 1
3404 1
3405 1
3406 1
3407 1
3408 1
3409 1
3410 1
3411 1
3412 1
3413 1
3414 1
3415 2
3416 1
3417 1
3418 1
3419 1
3420 1
3421 1
3422 1
3423 1
3424 1
3425 1
3426 1
3427 2
3428 1
3429 1
3430 1
3431 2
3432 1
3433 1
3434 1
3435 1
3436 1
3437 3
3438 3
3439 2
3440 3
3441 1
3442 1
3443 1
3444 1
3445 1
3446 1
3447 1
3448 1
3449 1
3450 1
3451 2
3452 1
3453 1
3454 2
3455 2
3456 11
3457 10
3458 8
3459 8
3460 8
3461 2
3462 2
3463 1
3464 1
3465 1
3466 1
3467 1
3468 1
3469 1
3470 1
3471 21
3472 22
3473 21
3474 15
3475 9
3476 1
3477 1
3478 1
3479 1
3480 2
3481 2
3482 2
3483 2
3484 2
3485 3
3486 1
3487 2
3488 1
3489 2
3490 2
3491 1
3492 1
3493 2
3494 1
3495 0
3496 8
3497 8
3498 8
3499 8
3500 9
3501 1
3502 4
3503 5
3504 4
3505 9
3506 3
3507 2
3508 3
3509 2
3510 2
3511 1
3512 1
3513 1
3514 1
3515 1
3516 1
3517 1
3518 1
3519 1
3520 1
3521 2
3522 2
3523 1
3524 1
3525 1
3526 2
3527 1
3528 1
3529 1
3530 1
3531 1
3532 1
3533 1
3534 1
3535 2
3536 1
3537 1
3538 1
3539 1
3540 1
3541 2
3542 2
3543 2
3544 1
3545 2
3546 2
3547 1
3548 1
3549 1
3550 1
3551 1
3552 1
3553 1
3554 1
3555 1
3556 1
3557 1
3558 1
3559 1
3560 1
3561 4
3562 4
3563 3
3564 3
3565 2
3566 6
3567 6
3568 7
3569 5
3570 5
3571 1
3572 1
3573 1
3574 1
3575 1
3576 11
3577 8
3578 7
3579 7
3580 6
3581 3
3582 3
3583 1
3584 1
3585 1
3586 1
3587 2
3588 2
3589 2
3590 2
3591 1
3592 1
3593 1
3594 0
3595 0
3596 1
3597 1
3598 2
3599 2
3600 1
3601 1
3602 2
3603 2
3604 1
3605 1
3606 1
3607 1
3608 1
3609 1
3610 1
3611 0
3612 1
3613 1
3614 1
3615 3
3616 2
3617 2
3618 2
3619 2
3620 2
3621 2
3622 1
3623 1
3624 3
3625 3
3626 2
3627 2
3628 2
3629 2
3630 2
3631 2
3632 3
3633 4
3634 3
3635 3
3636 2
3637 1
3638 1
3639 2
3640 2
3641 1
3642 0
3643 1
3644 1
3645 1
3646 1
3647 2
3648 1
3649 1
3650 1
3651 0
3652 1
3653 1
3654 1
3655 1
3656 1
3657 1
3658 2
3659 1
3660 1
3661 2
3662 8
3663 8
3664 8
3665 8
3666 0
3667 1
3668 1
3669 1
3670 1
3671 1
3672 0
3673 1
3674 1
3675 1
3676 1
3677 1
3678 1
3679 1
3680 0
3681 1
3682 1
3683 0
3684 1
3685 1
3686 1
3687 1
3688 1
3689 1
3690 1
3691 1
3692 4
3693 6
3694 7
3695 7
3696 0
3697 1
3698 1
3699 1
3700 1
3701 1
3702 2
3703 1
3704 1
3705 1
3706 2
3707 2
3708 2
3709 2
3710 3
3711 2
3712 2
3713 2
3714 2
3715 2
3716 2
3717 1
3718 2
3719 2
3720 2
3721 1
3722 1
3723 1
3724 1
3725 0
3726 0
3727 1
3728 1
3729 1
3730 1
3731 1
3732 1
3733 1
3734 1
3735 1
3736 1
3737 1
3738 1
3739 1
3740 1
3741 1
3742 1
3743 1
3744 1
3745 1
3746 1
3747 1
3748 1
3749 1
3750 1
3751 1
3752 1
3753 1
3754 1
3755 0
3756 1
3757 1
3758 1
3759 1
3760 1
3761 2
3762 3
3763 3
3764 2
3765 1
3766 1
3767 2
3768 1
3769 1
3770 1
3771 1
3772 1
3773 1
3774 2
3775 1
3776 1
3777 1
3778 1
3779 1
3780 1
3781 1
3782 1
3783 1
3784 1
3785 1
3786 1
3787 1
3788 0
3789 1
3790 1
3791 1
3792 1
3793 1
3794 1
3795 2
3796 1
3797 1
3798 2
3799 1
3800 1
3801 1
3802 1
3803 1
3804 1
3805 1
3806 1
3807 1
3808 1
3809 1
3810 1
3811 0
3812 1
3813 1
3814 1
3815 1
3816 1
3817 1
3818 1
3819 1
3820 0
3821 1
3822 1
3823 1
3824 1
3825 1
3826 1
3827 1
3828 1
3829 1
3830 1
3831 1
3832 0
3833 1
3834 1
3835 1
3836 1
3837 2
3838 2
3839 1
3840 1
3841 1
3842 1
3843 1
3844 1
3845 1
3846 1
3847 1
3848 1
3849 0
3850 1
3851 9
3852 8
3853 8
3854 7
3855 7
3856 8
3857 7
3858 7
3859 7
3860 8
3861 8
3862 6
3863 7
3864 6
3865 6
3866 6
3867 6
3868 6
3869 5
3870 6
3871 10
3872 10
3873 10
3874 10
3875 11
3876 11
3877 12
3878 12
3879 12
3880 11
3881 8
3882 8
3883 8
3884 8
3885 5
3886 7
3887 6
3888 6
3889 6
3890 6
3891 9
3892 9
3893 8
3894 8
3895 8
3896 4
3897 4
3898 3
3899 3
3900 3
3901 3
3902 2
3903 2
3904 2
3905 2
3906 4
3907 8
3908 11
3909 11
3910 15
3911 4
3912 3
3913 3
3914 3
3915 4
3916 4
3917 4
3918 4
3919 3
3920 4
3921 1
3922 1
3923 1
3924 1
3925 1
3926 1
3927 1
3928 1
3929 1
3930 1
3931 1
3932 1
3933 1
3934 1
3935 1
3936 1
3937 1
3938 1
3939 1
3940 1
3941 1
3942 1
3943 1
3944 1
3945 0
3946 2
3947 2
3948 2
3949 1
3950 1
3951 1
3952 1
3953 1
3954 2
3955 1
3956 1
3957 1
3958 1
3959 1
3960 2
3961 1
3962 2
3963 2
3964 1
3965 2
3966 1
3967 1
3968 1
3969 1
3970 1
3971 1
3972 3
3973 3
3974 3
3975 2
3976 1
3977 1
3978 1
3979 2
3980 1
3981 1
3982 1
3983 1
3984 1
3985 1
3986 2
3987 1
3988 1
3989 1
3990 1
3991 1
3992 1
3993 1
3994 1
3995 1
3996 2
3997 2
3998 1
3999 1
4000 1
4001 1
4002 2
4003 2
4004 1
4005 1
4006 3
4007 4
4008 3
4009 3
4010 2
4011 0
4012 1
4013 1
4014 1
4015 1
4016 1
4017 1
4018 1
4019 1
4020 1
4021 2
4022 1
4023 1
4024 1
4025 1
4026 1
4027 1
4028 2
4029 1
4030 1
4031 1
4032 1
4033 1
4034 1
4035 1
4036 2
4037 1
4038 1
4039 1
4040 1
4041 2
4042 2
4043 2
4044 2
4045 2
4046 1
4047 2
4048 1
4049 1
4050 1
4051 1
4052 1
4053 1
4054 1
4055 1
4056 1
4057 1
4058 1
4059 1
4060 0
4061 1
4062 1
4063 1
4064 1
4065 1
4066 1
4067 1
4068 1
4069 1
4070 1
4071 2
4072 1
4073 1
4074 1
4075 1
4076 1
4077 1
4078 1
4079 1
4080 1
4081 2
4082 2
4083 1
4084 2
4085 2
4086 1
4087 1
4088 1
4089 1
4090 1
4091 2
4092 1
4093 2
4094 2
4095 1
4096 2
4097 2
4098 1
4099 1
4100 1
4101 2
4102 2
4103 2
4104 1
4105 1
4106 1
4107 2
4108 1
4109 1
4110 1
4111 2
4112 1
4113 1
4114 2
4115 2
4116 1
4117 1
4118 1
4119 2
4120 1
4121 1
4122 1
4123 1
4124 1
4125 1
4126 1
4127 1
4128 1
4129 1
4130 1
4131 1
4132 1
4133 2
4134 1
4135 1
4136 1
4137 1
4138 1
4139 1
4140 1
4141 1
4142 2
4143 1
4144 1
4145 1
4146 1
4147 1
4148 1
4149 2
4150 2
4151 1
4152 2
4153 1
4154 1
4155 1
4156 1
4157 1
4158 1
4159 1
4160 2
4161 1
4162 1
4163 1
4164 1
4165 1
4166 1
4167 1
4168 1
4169 1
4170 1
4171 1
4172 2
4173 1
4174 1
4175 1
4176 1
4177 1
4178 1
4179 1
4180 1
4181 1
4182 1
4183 1
4184 2
4185 1
4186 2
4187 1
4188 2
4189 2
4190 2
4191 5
4192 1
4193 2
4194 1
4195 1
4196 1
4197 1
4198 1
4199 2
4200 1
4201 1
4202 2
4203 2
4204 3
4205 3
4206 1
4207 1
4208 0
4209 1
4210 1
4211 1
4212 1
4213 1
4214 1
4215 1
4216 4
4217 4
4218 5
4219 3
4220 3
4221 3
4222 3
4223 4
4224 4
4225 5
4226 1
4227 1
4228 1
4229 1
4230 2
4231 1
4232 1
4233 1
4234 1
4235 2
4236 1
4237 2
4238 1
4239 1
4240 1
4241 1
4242 1
4243 2
4244 2
4245 1
4246 2
4247 2
4248 1
4249 1
4250 1
4251 2
4252 1
4253 1
4254 1
4255 1
4256 1
4257 1
4258 2
4259 1
4260 1
4261 1
4262 1
4263 1
4264 1
4265 1
4266 1
4267 1
4268 1
4269 2
4270 2
4271 2
4272 2
4273 2
4274 2
4275 2
4276 1
4277 2
4278 2
4279 2
4280 1
4281 2
4282 1
4283 1
4284 1
4285 1
4286 1
4287 1
4288 2
4289 1
4290 1
4291 2
4292 1
4293 1
4294 2
4295 2
4296 1
4297 2
4298 2
4299 1
4300 1
4301 2
4302 1
4303 1
4304 2
4305 2
4306 1
4307 1
4308 1
4309 1
4310 2
4311 1
4312 1
4313 1
4314 1
4315 1
4316 1
4317 1
4318 1
4319 1
4320 1
4321 1
4322 1
4323 1
4324 1
4325 1
4326 1
4327 1
4328 1
4329 1
4330 1
4331 1
4332 1
4333 1
4334 0
4335 1
4336 2
4337 1
4338 1
4339 1
4340 1
4341 1
4342 1
4343 1
4344 1
4345 1
4346 1
4347 1
4348 1
4349 1
4350 1
4351 3
4352 3
4353 1
4354 1
4355 0
4356 1
4357 1
4358 1
4359 1
4360 1
4361 5
4362 3
4363 3
4364 3
4365 4
4366 1
4367 1
4368 1
4369 1
4370 1
4371 1
4372 1
4373 1
4374 1
4375 1
4376 1
4377 1
4378 1
4379 1
4380 1
4381 2
4382 3
4384 3
4385 3
4383 2
4386 5
4387 5
4388 4
4389 3
4390 4
4391 4
4392 4
4393 4
4394 3
4395 15
4396 1
4397 1
4398 5
4399 5
4400 2
4401 2
4402 2
4403 1
4404 2
4405 2
4406 1
4407 1
4408 1
4409 1
4410 1
4411 1
4412 1
4413 1
4414 1
4415 1
4416 1
4417 1
4418 1
4419 1
4420 1
4421 6
4422 7
4423 7
4424 3
4425 2
4426 1
4427 1
4428 1
4429 1
4430 1
4431 0
4432 1
4433 1
4434 1
4435 1
4436 1
4437 1
4438 1
4439 1
4440 1
4441 1
4442 1
4443 1
4444 1
4445 1
4446 1
4447 1
4448 1
4449 1
4450 1
4451 1
4452 1
4453 1
4454 1
4455 1
4456 1
4457 1
4458 1
4459 1
4460 1
4461 1
4462 1
4463 1
4464 1
4465 1
4466 1
4467 1
4468 0
4469 1
4470 1
4471 0
4472 1
4473 1
4474 1
4475 1
4476 1
4477 1
4478 1
4479 1
4480 0
4481 1
4482 1
4483 1
4484 1
4485 1
4486 1
4487 1
4488 2
4489 3
4490 2
4491 1
4492 1
4493 1
4494 1
4495 1
4496 1
4497 1
4498 1
4499 0
4500 1
4501 2
4502 1
4503 1
4504 2
4505 1
4506 1
4507 1
4508 1
4509 1
4510 0
4511 1
4512 1
4513 1
4514 1
4515 1
4516 1
4517 3
4518 4
4519 4
4520 4
4521 1
4522 0
4523 1
4524 1
4525 1
4526 1
4527 1
4528 1
4529 1
4530 1
4531 1
4532 1
4533 0
4534 1
4535 1
4536 1
4537 1
4538 1
4539 1
4540 1
4541 1
4542 1
4543 1
4544 1
4545 1
4546 1
4547 1
4548 1
4549 1
4550 1
4551 1
4552 1
4553 1
4554 0
4555 1
4556 0
4557 1
4558 1
4559 1
4560 1
4561 1
4562 1
4563 1
4564 1
4565 1
4566 1
4567 1
4568 1
4569 1
4570 1
4571 1
4572 1
4573 1
4574 1
4575 1
4576 1
4577 1
4578 1
4579 1
4580 1
4581 1
4582 1
4583 1
4584 1
4585 0
4586 1
4587 1
4588 1
4589 1
4590 1
4591 2
4592 1
4593 1
4594 1
4595 1
4596 9
4597 3
4598 3
4599 2
4600 2
4601 1
4602 1
4603 1
4604 1
4605 1
4606 1
4607 1
4608 1
4609 1
4610 1
4611 1
4612 1
4613 1
4614 1
4615 1
4616 4
4617 4
4618 4
4619 3
4620 1
4621 5
4622 4
4623 5
4624 2
4625 2
4626 5
4627 5
4628 6
4629 6
4630 6
4631 3
4632 3
4633 5
4634 4
4635 4
4636 1
4637 1
4638 1
4639 1
4640 1
4641 1
4642 1
4643 1
4644 1
4645 1
4646 4
4647 7
4648 7
4649 11
4650 12
4651 1
4652 2
4653 2
4654 1
4655 1
4656 1
4657 2
4658 2
4659 2
4660 2
4661 1
4662 1
4663 1
4664 1
4665 1
4666 1
4667 1
4668 1
4669 1
4670 1
4671 9
4672 7
4673 7
4674 7
4675 7
4676 1
4677 2
4678 1
4679 1
4680 1
4681 2
4682 1
4683 1
4684 1
4685 2
4686 1
4687 1
4688 1
4689 1
4690 1
4691 1
4692 1
4693 1
4694 1
4695 1
4696 1
4697 1
4698 1
4699 1
4700 1
4701 1
4702 1
4703 1
4704 1
4705 1
4706 1
4707 1
4708 1
4709 0
4710 1
4711 1
4712 1
4713 1
4714 1
4715 1
4716 3
4717 2
4718 3
4719 4
4720 4
4721 4
4722 3
4723 3
4724 4
4725 4
4726 1
4727 2
4728 2
4729 2
4730 1
4731 1
4732 1
4733 1
4734 1
4735 1
4736 2
4737 1
4738 1
4739 1
4740 1
4741 3
4742 2
4743 1
4744 1
4745 1
4746 1
4747 1
4748 1
4749 1
4750 1
4751 1
4752 1
4753 2
4754 2
4755 2
4756 1
4757 1
4758 1
4759 1
4760 1
4761 1
4762 1
4763 0
4764 1
4765 1
4766 1
4767 1
4768 2
4769 1
4770 1
4771 1
4772 1
4773 1
4774 1
4775 1
4776 1
4777 1
4778 1
4779 1
4780 2
4781 1
4782 1
4783 0
4784 1
4785 1
4786 1
4787 1
4788 1
4789 1
4790 0
4791 4
4792 3
4793 3
4794 3
4795 3
4796 4
4797 4
4798 3
4799 3
4800 3
4801 4
4802 5
4803 5
4804 6
4805 6
4806 2
4807 2
4808 2
4809 2
4810 2
4811 3
4812 3
4813 5
4814 6
4815 5
4816 1
4817 1
4818 1
4819 1
4820 1
4821 3
4822 2
4823 2
4824 2
4825 3
4826 1
4827 1
4828 1
4829 2
4830 1
4831 3
4832 1
4833 1
4834 1
4835 1
4836 1
4837 1
4838 1
4839 1
4840 1
4841 1
4842 1
4843 2
4844 2
4845 2
4846 2
4847 2
4848 1
4849 1
4850 1
4851 1
4852 1
4853 2
4854 1
4855 1
4856 2
4857 1
4858 1
4859 1
4860 1
4861 7
4862 8
4863 8
4864 3
4865 3
4866 5
4867 4
4868 2
4869 3
4870 3
4871 3
4872 4
4873 3
4874 4
4875 3
4876 1
4877 1
4878 1
4879 1
4880 1
4881 1
4882 1
4883 1
4884 1
4885 1
4886 1
4887 2
4888 1
4889 1
4890 1
4891 1
4892 1
4893 1
4894 1
4895 1
4896 2
4897 2
4898 1
4899 1
4900 1
4901 3
4902 4
4903 3
4904 3
4905 1
4906 2
4907 3
4908 3
4909 3
4910 2
4911 3
4912 2
4913 2
4914 1
4915 1
4916 1
4917 1
4918 0
4919 1
4920 1
4921 1
4922 1
4923 1
4924 1
4925 2
4926 1
4927 0
4928 1
4929 1
4930 1
4931 2
4932 2
4933 2
4934 2
4935 2
4936 1
4937 1
4938 2
4939 2
4940 1
4941 1
4942 1
4943 1
4944 1
4945 3
4946 1
4947 1
4948 1
4949 2
4950 1
4951 1
4952 1
4953 1
4954 1
4955 1
4956 1
4957 1
4958 2
4959 2
4960 1
4961 2
4962 2
4963 1
4964 1
4965 1
4966 1
4967 1
4968 1
4969 2
4970 2
4971 2
4972 1
4973 2
4974 2
4975 1
4976 2
4977 1
4978 1
4979 1
4980 1
4981 2
4982 1
4983 1
4984 1
4985 1
4986 1
4987 1
4988 1
4989 1
4990 1
4991 1
4992 1
4993 2
4994 1
4995 1
4996 1
4997 1
4998 1
4999 1
5000 1
5001 1
5002 1
5003 1
5004 1
5005 1
5006 1
5007 1
5008 1
5009 1
5010 1
5011 1
5012 2
5013 2
5014 2
5015 1
5016 1
5017 1
5018 1
5019 5
5020 5
5021 1
5022 1
5023 1
5024 1
5025 1
5026 1
5027 1
5028 1
5029 1
5030 1
5031 1
5032 1
5033 1
5034 1
5035 1
5036 1
5037 0
5038 1
5039 1
5040 1
5041 1
5042 1
5043 1
5044 1
5045 1
5046 1
5047 1
5048 1
5049 1
5050 1
5051 1
5052 1
5053 1
5054 1
5055 1
5056 1
5057 1
5058 1
5059 1
5060 1
5061 1
5062 1
5063 1
5064 1
5065 1
5066 1
5067 0
5068 1
5069 1
5070 1
5071 1
5072 1
5073 1
5074 1
5075 1
5076 1
5077 1
5078 0
5079 0
5080 1
5081 1
5082 1
5083 1
5084 1
5085 1
5086 1
5087 1
5088 1
5089 0
5090 0
5091 1
5092 1
5093 1
5094 1
5095 2
5096 1
5097 1
5098 1
5099 1
5100 1
5101 1
5102 1
5103 1
5104 1
5105 0
5106 1
5107 1
5108 1
5109 1
5110 1
5111 1
5112 1
5113 1
5114 1
5115 1
5116 1
5117 2
5118 1
5119 1
5120 1
5121 1
5122 1
5123 1
5124 1
5125 1
5126 1
5127 1
5128 1
5129 1
5130 1
5131 1
5132 1
5133 1
5134 1
5135 1
5136 3
5137 4
5138 3
5139 3
5140 1
5141 1
5142 1
5143 1
5144 1
5145 1
5146 1
5147 1
5148 2
5149 1
5150 1
5151 1
5152 1
5153 1
5155 1
5154 1
5156 1
5157 1
5158 1
5159 0
5160 1
5161 1
5162 1
5163 1
5164 1
5165 1
5166 1
5167 1
5168 1
5169 1
5170 1
5171 1
5172 1
5173 1
5174 1
5175 1
5176 1
5177 1
5178 1
5179 1
5180 1
5181 1
5182 0
5183 1
5184 1
5185 1
5186 1
5187 1
5188 1
5189 2
5190 1
5191 1
5192 1
5193 1
5194 1
5195 1
5196 2
5197 1
5198 0
5199 1
5200 1
5201 1
5202 1
5203 0
5204 1
5205 1
5206 1
5207 1
5208 1
5209 1
5210 1
5211 1
5212 1
5213 1
5214 0
5215 1
5216 2
5217 2
5218 2
5219 2
5220 2
5221 2
5222 2
5223 2
5224 2
5225 1
5226 1
5227 2
5228 2
5229 2
5230 1
5231 1
5232 1
5233 1
5234 1
5235 1
5236 4
5237 4
5238 4
5239 2
5240 1
5241 1
5242 2
5243 1
5244 1
5245 1
5246 2
5247 1
5248 2
5249 2
5250 2
5251 4
5252 4
5253 2
5254 3
5255 4
5256 1
5257 1
5258 1
5259 1
5260 0
5261 1
5262 1
5263 1
5264 1
5265 1
5266 1
5267 1
5268 1
5269 1
5270 1
5271 1
5272 1
5273 1
5274 1
5275 1
5276 1
5277 1
5278 1
5279 1
5280 1
5281 1
5282 1
5284 3
5283 3
5285 3
5286 1
5287 1
5288 0
5289 1
5290 1
5291 1
5292 1
5293 1
5294 1
5295 1
5296 1
5297 1
5298 1
5299 1
5300 1
5301 0
5302 1
5303 1
5304 1
5305 1
5306 3
5307 2
5308 2
5309 2
5310 1
5311 3
5312 2
5313 2
5314 3
5315 2
5316 1
5317 1
5318 1
5319 1
5320 1
5321 1
5322 2
5323 1
5324 1
5325 1
5326 1
5327 1
5328 1
5329 1
5330 1
5331 2
5332 1
5333 2
5334 2
5335 1
5336 1
5337 2
5338 2
5339 2
5340 1
5341 1
5342 1
5343 1
5344 1
5345 1
5346 1
5347 2
5348 2
5349 1
5350 1
5351 1
5352 1
5353 1
5354 2
5355 1
5356 9
5357 10
5358 9
5359 3
5360 3
5361 3
5362 1
5363 1
5364 1
5365 1
5366 1
5367 1
5368 2
5369 2
5370 1
5371 1
5372 1
5373 2
5374 2
5375 1
5376 1
5377 2
5378 1
5379 1
5380 1
5381 2
5382 1
5383 2
5384 2
5385 1
5386 3
5387 4
5388 3
5389 3
5390 3
5391 2
5392 1
5393 1
5394 1
5395 2
5396 1
5397 1
5398 2
5399 1
5400 1
5401 2
5402 1
5403 1
5404 1
5405 1
5406 6
5407 7
5408 4
5409 3
5410 3
5411 1
5412 1
5413 1
5414 1
5415 1
5416 6
5417 6
5418 7
5419 7
5420 6
5421 12
5422 12
5423 12
5424 11
5425 12
5426 1
5427 1
5428 2
5429 2
5430 2
5431 1
5432 3
5433 1
5434 1
5435 1
5436 1
5437 1
5438 1
5439 1
5440 1
5441 1
5442 1
5443 1
5444 0
5445 5
5446 1
5447 1
5448 1
5449 1
5450 1
5451 1
5452 1
5453 5
5454 5
5455 4
5456 1
5457 1
5458 2
5459 2
5460 2
5461 1
5462 1
5463 1
5464 1
5465 1
5466 1
5467 1
5468 1
5469 1
5470 1
5471 1
5472 1
5473 1
5474 1
5475 1
5476 1
5477 1
5478 1
5479 1
5480 1
5481 2
5482 1
5483 1
5484 1
5485 2
5486 1
5487 1
5488 2
5489 1
5490 2
5491 1
5492 1
5493 1
5494 0
5495 1
5496 1
5497 1
5498 1
5499 1
5500 1
5501 1
5502 1
5503 1
5504 1
5505 1
5506 1
5507 1
5508 1
5509 1
5510 0
5511 1
5512 2
5513 1
5514 1
5515 1
5516 2
5517 2
5518 2
5519 2
5520 2
5521 5
5522 7
5523 6
5524 7
5525 6
5526 1
5527 1
5528 1
5529 1
5530 2
5531 2
5532 2
5533 2
5534 1
5535 2
5536 1
5537 1
5538 2
5539 1
5540 1
5541 1
5542 1
5543 1
5544 1
5545 1
5546 2
5547 2
5548 2
5549 2
5550 2
5551 1
5552 1
5553 1
5554 1
5555 1
5556 1
5557 1
5558 1
5559 1
5560 1
5561 1
5562 1
5563 1
5564 1
5565 1
5566 1
5567 1
5568 1
5569 1
5570 1
5571 1
5572 0
5573 1
5574 1
5575 1
5576 1
5577 1
5578 1
5579 1
5580 1
5581 1
5582 1
5583 1
5584 1
5585 1
5586 1
5587 2
5588 2
5589 1
5590 1
5591 2
5592 1
5593 1
5594 2
5595 2
5596 1
5597 1
5598 1
5599 1
5600 1
5601 3
5602 3
5603 2
5604 2
5605 2
5606 2
5607 0
5608 1
5609 1
5610 1
5611 1
5612 1
5613 1
5614 1
5615 1
5616 1
5617 1
5618 1
5619 0
5620 1
5621 1
5622 1
5623 0
5624 1
5625 1
5626 1
5627 1
5628 1
5629 1
5630 1
5631 1
5632 2
5633 2
5634 1
5635 2
5636 1
5637 1
5638 1
5639 1
5640 2
5641 1
5642 1
5643 1
5644 1
5645 2
5646 1
5647 1
5648 1
5649 1
5650 2
5651 1
5652 1
5653 1
5654 1
5655 1
5656 0
5657 1
5658 1
5659 1
5660 1
5661 1
5662 1
5663 1
5664 0
5665 0
5666 1
5667 1
5668 1
5669 1
5670 1
5671 1
5672 1
5673 2
5674 2
5675 1
5676 1
5677 1
5678 1
5679 2
5680 1
5681 1
5682 1
5683 1
5684 0
5685 1
5686 1
5687 1
5688 1
5689 1
5690 1
5691 1
5692 1
5693 1
5694 1
5695 1
5696 1
5697 0
5698 1
5699 1
5700 1
5701 1
5702 1
5703 1
5704 1
5705 1
5706 1
5707 1
5708 1
5709 1
5710 1
5711 1
5712 2
5713 2
5714 2
5715 2
5716 1
5717 0
5718 1
5719 1
5720 1
5721 1
5722 2
5723 2
5724 2
5725 1
5726 1
5727 1
5728 2
5729 2
5730 2
5731 1
5732 1
5733 1
5734 1
5735 0
5736 4
5737 4
5738 3
5739 3
5740 3
5741 4
5742 4
5743 3
5744 3
5745 2
5746 2
5747 3
5748 3
5749 3
5750 2
5751 8
5752 8
5753 7
5754 6
5755 7
5756 1
5757 0
5758 1
5759 1
5760 1
5761 1
5762 1
5763 1
5764 1
5765 1
5766 1
5767 1
5768 1
5769 1
5770 1
5771 1
5772 1
5773 1
5774 1
5775 1
5776 1
5777 1
5778 2
5779 2
5780 2
5781 1
5782 1
5783 0
5784 1
5785 1
5786 6
5787 3
5788 3
5789 2
5790 2
5791 0
5792 1
5793 1
5794 1
5795 2
5796 1
5797 1
5798 1
5799 1
5800 0
5801 2
5802 2
5803 1
5804 1
5805 1
5806 1
5807 1
5808 1
5809 1
5810 1
5811 1
5812 1
5813 1
5814 1
5815 1
5816 1
5817 1
5818 1
5819 1
5820 1
5821 3
5822 1
5823 1
5824 1
5825 1
5826 0
5827 1
5828 1
5829 1
5830 1
5831 1
5832 1
5833 1
5834 1
5835 1
5836 1
5837 1
5838 1
5839 1
5840 1
5841 1
5842 1
5843 1
5844 1
5845 1
5846 2
5847 1
5848 1
5849 1
5850 1
5851 2
5852 2
5853 1
5854 1
5855 1
5856 1
5857 1
5858 1
5859 1
5860 1
5861 9
5862 7
5863 5
5864 4
5865 3
5866 2
5867 4
5868 4
5869 8
5870 7
5871 3
5872 3
5873 3
5874 2
5875 2
5876 1
5877 1
5878 1
5879 0
5880 0
5881 1
5882 1
5883 1
5884 1
5885 1
5886 4
5887 3
5888 2
5889 2
5890 2
5891 1
5892 1
5893 1
5894 1
5895 1
5896 2
5897 1
5898 1
5899 1
5900 1
5901 2
5902 2
5903 1
5904 1
5905 2
5906 5
5907 5
5908 5
5909 5
5910 2
5911 1
5912 1
5913 2
5914 2
5915 1
5916 2
5917 2
5918 3
5919 3
5920 3
5921 1
5922 1
5923 2
5924 1
5925 1
5926 2
5927 1
5928 2
5929 2
5930 1
5931 1
5932 2
5933 2
5934 2
5935 1
5936 1
5937 1
5938 1
5939 1
5940 1
5941 5
5942 4
5943 4
5944 4
5945 4
5946 1
5947 2
5948 1
5949 1
5950 1
5951 1
5952 1
5953 1
5954 1
5955 1
5956 1
5957 1
5958 2
5959 1
5960 1
5961 1
5962 1
5963 2
5964 2
5965 1
5966 4
5967 3
5968 4
5969 3
5970 3
5971 2
5972 3
5973 2
5974 2
5975 2
5976 3
5977 3
5978 3
5979 1
5980 1
5981 1
5982 2
5983 2
5984 2
5985 1
5986 4
5987 4
5988 3
5989 4
5990 3
5991 1
5992 1
5993 1
5994 2
5995 1
5996 1
5997 1
5998 1
5999 2
6000 1
6001 2
6002 1
6003 2
6004 2
6005 1
6006 1
6007 1
6008 1
6009 1
6010 2
6011 1
6012 1
6013 1
6014 1
6015 1
6016 1
6017 1
6018 1
6019 2
6020 2
6021 8
6022 7
6023 3
6024 2
6025 3
6026 2
6027 3
6028 3
6029 3
6030 5
6031 1
6032 2
6033 1
6034 1
6035 1
6036 2
6037 1
6038 1
6039 1
6040 2
6041 1
6042 1
6043 2
6044 1
6045 1
6046 1
6047 1
6048 1
6049 1
6050 2
6051 1
6052 1
6053 2
6054 1
6055 1
6056 7
6057 4
6058 2
6059 2
6060 2
6061 8
6062 7
6063 6
6064 6
6065 5
6066 4
6067 3
6068 4
6069 4
6070 6
6071 2
6072 1
6073 1
6074 2
6075 2
6076 1
6077 1
6078 1
6079 2
6080 2
6081 2
6082 2
6083 3
6084 3
6085 11
6086 5
6087 5
6088 4
6089 5
6090 5
6091 4
6092 5
6093 5
6094 5
6095 7
6096 2
6097 1
6098 1
6099 1
6100 2
6101 1
6102 0
6103 1
6104 2
6105 2
6106 1
6107 1
6108 1
6109 2
6110 2
6111 1
6112 1
6113 1
6114 2
6115 2
6116 1
6117 1
6118 2
6119 1
6120 2
6121 1
6122 2
6123 1
6124 1
6125 1
6126 16
6127 11
6128 11
6129 11
6130 11
6131 11
6132 11
6133 10
6134 9
6135 9
6136 2
6137 2
6138 2
6139 1
6140 2
6141 2
6142 2
6143 3
6144 3
6145 3
6146 1
6147 1
6148 2
6149 1
6150 2
6151 1
6152 1
6153 1
6154 2
6155 1
6156 1
6157 1
6158 1
6159 1
6160 1
6161 1
6162 1
6163 1
6164 1
6165 2
6166 1
6167 1
6168 0
6169 1
6170 1
6171 1
6172 1
6173 1
6174 1
6175 2
6176 5
6177 2
6178 4
6179 4
6180 5
6181 1
6182 2
6183 1
6184 1
6185 1
6186 8
6187 9
6188 10
6189 9
6190 9
6191 2
6192 3
6193 5
6194 3
6195 4
6196 10
6197 10
6198 9
6199 6
6200 6
6201 2
6202 1
6203 1
6204 2
6205 2
6206 1
6207 1
6208 1
6209 1
6210 1
6211 1
6212 0
6213 1
6214 1
6215 1
6216 9
6217 8
6218 5
6219 4
6220 4
6221 1
6222 2
6223 2
6224 2
6225 2
6226 2
6227 2
6228 2
6229 2
6230 4
6231 3
6232 2
6233 2
6234 2
6235 1
6236 10
6238 5
6237 6
6239 4
6240 3
6241 5
6242 5
6243 4
6244 5
6245 5
6246 2
6247 1
6248 1
6249 2
6250 2
6251 1
6252 1
6253 0
6254 1
6255 1
6256 0
6257 1
6258 1
6259 1
6260 3
6261 1
6262 1
6263 1
6264 1
6265 1
6266 1
6267 1
6268 1
6269 2
6270 2
6271 1
6272 1
6273 1
6275 1
6274 1
6276 1
6277 1
6278 1
6279 1
6280 1
6281 1
6282 2
6283 1
6284 7
6285 7
6286 4
6287 4
6288 4
6289 3
6290 3
6291 3
6292 3
6293 4
6294 4
6295 4
6296 3
6297 4
6298 4
6299 4
6300 4
6301 1
6302 1
6303 1
6304 2
6305 2
6306 1
6307 1
6308 0
6309 1
6310 1
6311 1
6312 1
6313 1
6314 2
6315 1
6316 1
6317 1
6318 0
6319 1
6320 1
6321 1
6322 1
6323 1
6324 1
6325 2
6326 2
6327 1
6328 1
6329 1
6330 2
6331 1
6332 1
6333 1
6334 1
6335 2
6336 1
6337 1
6338 1
6339 1
6340 1
6341 1
6342 1
6343 1
6344 1
6345 2
6346 1
6347 1
6348 0
6349 1
6350 1
6351 1
6352 1
6353 1
6354 1
6355 2
6356 1
6357 1
6358 1
6359 1
6360 1
6361 1
6362 1
6363 1
6364 1
6365 2
6366 1
6367 1
6368 1
6369 1
6370 2
6371 3
6372 4
6373 3
6374 2
6375 2
6376 1
6377 1
6378 1
6379 2
6380 2
6381 2
6382 2
6383 1
6384 1
6385 1
6386 1
6387 2
6388 1
6389 1
6390 2
6391 1
6392 1
6393 1
6394 1
6395 2
6396 1
6400 1
6397 1
6398 2
6399 1
6401 0
6402 1
6403 1
6404 1
6405 1
6406 1
6407 1
6408 1
6409 1
6410 1
6411 0
6412 1
6413 1
6414 2
6415 2
6416 1
6417 1
6418 0
6419 1
6420 1
6421 1
6422 0
6423 1
6424 1
6425 1
6426 1
6427 1
6428 1
6429 2
6430 1
6431 7
6432 6
6433 5
6434 2
6435 1
6436 1
6437 1
6438 1
6439 1
6440 2
6441 1
6442 0
6443 1
6444 1
6445 1
6446 1
6447 1
6448 1
6449 1
6450 2
6451 1
6452 1
6453 0
6454 1
6455 1
6456 1
6457 1
6458 1
6459 1
6460 1
6461 1
6462 1
6463 1
6464 1
6465 1
6466 0
6467 1
6468 1
6469 1
6470 1
6471 2
6472 2
6473 1
6474 1
6475 1
6476 2
6477 1
6478 1
6479 1
6480 1
6481 2
6482 2
6483 2
6484 2
6485 2
6486 11
6487 7
6488 8
6489 8
6490 9
6491 1
6492 2
6493 2
6494 1
6495 2
6496 1
6497 1
6498 1
6499 1
6500 2
6501 1
6502 1
6503 2
6504 2
6505 2
6506 2
6507 1
6508 1
6509 1
6510 1
6511 1
6512 1
6513 1
6514 2
6515 1
6516 1
6517 1
6518 1
6519 1
6520 1
6521 1
6522 1
6523 1
6524 1
6525 1
6526 4
6527 1
6528 1
6529 1
6530 1
6531 1
6532 1
6533 1
6534 1
6535 2
6536 9
6537 9
6538 3
6539 1
6540 1
6541 12
6542 10
6543 11
6544 11
6545 12
6546 6
6547 8
6548 8
6549 8
6550 12
6551 2
6552 2
6553 2
6554 3
6555 4
6556 3
6557 3
6558 4
6559 4
6560 4
6561 1
6562 1
6563 2
6564 2
6565 2
6566 2
6567 2
6568 1
6569 2
6570 2
6571 2
6572 1
6573 1
6574 2
6575 1
6576 1
6577 1
6578 1
6579 1
6580 1
6581 1
6582 1
6583 1
6584 1
6585 2
6586 2
6587 2
6588 2
6589 3
6590 3
6591 2
6592 1
6593 1
6594 2
6595 2
6596 2
6597 2
6598 3
6599 3
6600 3
6601 0
6602 1
6603 1
6604 1
6605 1
6606 4
6607 1
6608 2
6609 2
6610 2
6611 1
6612 1
6613 1
6614 1
6615 1
6616 4
6617 2
6618 1
6619 2
6620 5
6621 10
6622 11
6623 10
6624 9
6625 7
6626 11
6627 13
6628 13
6629 13
6630 13
6631 2
6632 2
6633 2
6634 2
6635 2
6636 2
6637 2
6638 2
6639 3
6640 3
6641 3
6642 3
6643 3
6644 3
6645 3
6646 0
6647 1
6648 1
6649 1
6650 1
6651 1
6652 1
6653 1
6654 1
6655 1
6656 1
6657 1
6658 1
6659 1
6660 1
6661 1
6662 0
6663 1
6664 1
6665 1
6666 1
6667 1
6668 1
6669 1
6670 1
6671 1
6672 1
6673 0
6674 1
6675 1
6676 0
6677 1
6678 1
6679 1
6680 1
6681 1
6682 1
6683 1
6684 1
6685 1
6686 1
6687 1
6688 1
6689 2
6690 2
6691 1
6692 1
6693 1
6694 1
6695 1
6696 1
6697 1
6698 1
6699 1
6700 1
6701 1
6702 0
6703 0
6704 1
6705 1
6706 1
6707 0
6708 0
6709 0
6710 1
6711 0
6712 1
6713 1
6714 1
6715 1
6716 0
6717 0
6718 1
6719 1
6720 1
6721 2
6722 4
6724 4
6723 3
6725 6
6726 6
6727 7
6728 7
6729 7
6730 7
6731 9
6732 7
6733 6
6734 6
6735 6
6736 6
6737 9
6738 9
6739 9
6740 10
6741 7
6742 6
6743 6
6744 3
6745 2
6746 2
6747 2
6748 3
6749 3
6750 4
6751 4
6752 3
6753 4
6754 4
6755 4
6756 1
6757 1
6758 1
6759 1
6760 1
6761 1
6762 1
6763 1
6764 1
6765 1
6766 1
6767 1
6768 1
6769 1
6770 1
6771 1
6772 1
6773 1
6774 1
6775 1
6776 1
6777 1
6778 0
6779 1
6780 1
6781 1
6782 1
6783 1
6784 1
6785 1
6786 1
6787 1
6788 1
6789 1
6790 1
6791 1
6792 1
6793 1
6794 1
6795 1
6796 1
6797 1
6798 2
6799 1
6800 1
6801 2
6802 1
6803 1
6804 2
6805 2
6806 1
6807 1
6808 1
6809 2
6810 1
6811 3
6812 3
6813 1
6814 1
6815 1
6816 1
6817 1
6818 1
6819 2
6820 2
6821 2
6822 1
6823 2
6824 2
6825 2
6826 1
6827 1
6828 2
6829 1
6830 1
6831 2
6832 1
6833 1
6834 2
6835 2
6836 1
6837 1
6838 1
6839 1
6840 1
6841 3
6842 3
6843 3
6844 3
6845 4
6846 4
6847 3
6848 3
6849 4
6850 4
6851 4
6852 5
6853 4
6854 4
6855 4
6856 2
6857 3
6858 3
6859 3
6860 2
6861 2
6862 2
6863 3
6864 3
6865 3
6866 1
6867 1
6868 1
6869 2
6870 1
6871 1
6872 2
6873 1
6874 1
6875 1
6876 4
6877 3
6878 3
6879 2
6880 3
6881 2
6882 1
6883 2
6884 2
6885 2
6886 8
6887 7
6888 6
6889 6
6890 6
6891 1
6892 1
6893 1
6894 1
6895 1
6896 3
6897 3
6898 4
6899 4
6900 6
6901 2
6902 3
6903 2
6904 7
6905 7
6906 1
6907 1
6908 1
6909 2
6910 2
6911 1
6912 3
6913 1
6914 1
6915 2
6916 1
6917 2
6918 1
6919 1
6920 1
6921 1
6922 1
6923 1
6924 1
6925 1
6926 1
6927 1
6928 1
6929 1
6930 1
6931 1
6932 1
6933 1
6934 0
6935 1
6936 1
6937 1
6938 1
6939 1
6940 1
6941 1
6942 1
6943 1
6944 0
6945 1
6946 1
6947 0
6948 1
6949 1
6950 1
6951 1
6952 1
6953 1
6954 1
6955 2
6956 2
6957 2
6958 2
6959 2
6960 3
6961 4
6962 2
6963 1
6964 2
6965 2
6966 2
6967 6
6968 9
6969 10
6970 11
6971 1
6972 1
6973 1
6974 1
6975 1
6976 0
6977 1
6978 1
6979 1
6980 1
6981 1
6982 2
6983 1
6984 1
6985 2
6986 1
6987 1
6988 1
6989 1
6990 1
6991 2
6992 1
6993 1
6994 2
6995 2
6996 1
6997 1
6998 1
6999 1
7000 2
7001 2
7002 2
7003 1
7004 2
7005 2
7006 5
7007 2
7008 2
7009 3
7010 4
7011 1
7012 1
7013 1
7014 1
7015 1
7016 1
7017 1
7018 1
7019 2
7020 2
7021 1
7022 1
7023 1
7024 2
7025 2
7026 1
7027 1
7028 1
7029 2
7030 1
7031 1
7032 1
7033 1
7034 1
7035 1
7036 1
7037 1
7038 1
7039 1
7040 1
7041 5
7042 2
7043 2
7044 4
7045 3
7046 1
7047 1
7048 1
7049 1
7050 2
7051 1
7052 1
7053 1
7054 1
7055 1
7056 5
7057 6
7058 5
7059 4
7060 5
7061 3
7062 3
7063 3
7064 4
7065 3
7066 4
7067 3
7068 4
7069 5
7070 4
7071 1
7072 2
7073 1
7074 1
7075 2
7076 1
7077 1
7078 1
7079 2
7080 2
7081 1
7082 1
7083 1
7084 1
7085 1
7086 1
7087 2
7088 1
7089 1
7090 1
7091 6
7092 6
7093 6
7094 6
7095 6
7096 2
7097 2
7098 2
7099 1
7100 1
7101 1
7102 1
7103 1
7104 1
7105 2
7106 1
7107 1
7108 1
7109 1
7110 1
7111 1
7112 1
7113 1
7114 1
7115 1
7116 1
7117 1
7118 1
7119 4
7120 4
7121 2
7122 3
7123 3
7124 4
7125 4
7126 1
7127 1
7128 1
7129 2
7130 1
7131 2
7132 2
7133 1
7134 2
7135 2
7136 1
7137 1
7138 1
7139 1
7140 1
7141 2
7142 6
7143 7
7144 5
7145 5
7146 1
7147 0
7148 1
7149 1
7150 1
7151 3
7152 3
7153 3
7154 3
7155 3
7156 1
7157 0
7158 1
7159 1
7160 1
7161 1
7162 1
7163 6
7164 6
7165 5
7166 2
7167 2
7168 1
7169 1
7170 1
7171 1
7172 2
7173 1
7174 1
7175 2
7176 5
7177 5
7178 5
7179 5
7180 1
7181 1
7182 1
7183 1
7184 2
7185 2
7186 1
7187 1
7188 1
7189 1
7190 1
7191 1
7192 1
7193 1
7194 2
7195 2
7196 1
7197 1
7198 1
7199 1
7200 1
7201 1
7202 1
7203 1
7204 1
7205 2
7206 1
7207 2
7208 2
7209 2
7210 2
7211 0
7212 1
7213 1
7214 1
7215 5
7216 1
7217 1
7218 2
7219 1
7220 1
7221 1
7222 1
7223 1
7224 2
7225 2
7226 2
7227 1
7228 2
7229 2
7230 2
7231 2
7232 3
7233 2
7234 2
7235 2
7236 1
7237 1
7238 1
7239 1
7240 1
7241 1
7242 1
7243 1
7244 1
7245 1
7246 1
7247 2
7248 1
7249 1
7250 1
7251 1
7252 1
7253 2
7254 2
7255 3
7256 1
7257 1
7258 1
7259 1
7260 1
7261 1
7262 0
7263 1
7264 1
7265 1
7266 1
7267 1
7268 0
7269 1
7270 1
7271 2
7272 1
7273 1
7274 1
7275 1
7276 1
7277 1
7278 1
7279 1
7280 1
7281 1
7282 1
7283 1
7284 1
7285 1
7286 0
7287 1
7288 1
7289 1
7290 1
7291 2
7292 3
7293 2
7294 2
7295 2
7296 1
7297 1
7298 1
7299 1
7300 1
7301 1
7302 1
7303 0
7304 1
7305 1
7306 1
7307 1
7308 1
7309 2
7310 2
7311 0
7312 1
7313 1
7314 1
7315 1
7316 0
7317 1
7318 1
7319 1
7320 2
7321 1
7322 1
7323 1
7324 1
7325 1
7326 1
7327 0
7328 1
7329 1
7330 1
7331 1
7332 1
7333 1
7334 1
7335 2
7336 15
7337 12
7338 6
7339 5
7340 6
7341 4
7342 5
7343 5
7344 5
7345 5
7346 2
7347 2
7348 1
7349 2
7350 2
7351 3
7352 3
7353 2
7354 2
7355 2
7356 1
7357 1
7358 1
7359 1
7360 2
7361 5
7362 5
7363 5
7364 5
7365 4
7366 6
7367 6
7368 6
7369 4
7370 3
7371 1
7372 1
7373 2
7374 2
7375 2
7376 13
7377 12
7378 9
7379 11
7380 10
7381 12
7382 9
7383 4
7384 5
7385 5
7386 5
7387 5
7388 5
7389 4
7390 5
7391 2
7392 2
7393 1
7394 2
7395 2
7396 1
7397 1
7398 2
7399 1
7400 1
7401 1
7402 1
7403 1
7404 2
7405 1
7406 2
7407 1
7408 1
7409 1
7410 1
7411 1
7412 1
7413 1
7414 1
7415 2
7416 2
7417 2
7418 2
7419 2
7420 2
7421 1
7422 1
7423 1
7424 1
7425 1
7426 1
7427 2
7428 1
7429 1
7430 2
7431 3
7432 3
7433 2
7434 2
7435 2
7436 1
7437 1
7438 1
7439 1
7440 1
7441 1
7442 1
7443 1
7444 1
7445 2
7446 2
7447 1
7448 1
7449 1
7450 1
7451 1
7452 1
7453 1
7454 1
7455 2
7456 0
7457 1
7458 1
7459 1
7460 2
7461 1
7462 4
7463 4
7464 6
7465 6
7466 1
7467 1
7468 1
7469 1
7470 1
7471 1
7472 1
7473 1
7474 1
7475 1
7476 1
7477 1
7478 1
7479 1
7480 1
7481 1
7482 1
7483 1
7484 1
7485 1
7486 1
7487 1
7488 1
7489 2
7490 2
7491 1
7492 1
7493 0
7494 1
7495 1
7496 1
7497 1
7498 1
7499 1
7500 1
7501 1
7502 1
7503 1
7504 1
7505 1
7506 3
7507 3
7508 3
7509 6
7510 4
7511 11
7512 12
7513 6
7514 5
7515 2
7516 1
7517 1
7518 1
7519 2
7520 2
7521 1
7522 1
7523 1
7524 2
7525 1
7526 1
7527 1
7528 1
7529 1
7530 2
7531 1
7532 1
7533 1
7534 2
7535 1
7536 2
7537 2
7538 2
7539 3
7540 3
7541 2
7542 1
7543 1
7544 2
7545 2
7546 1
7547 1
7548 1
7549 2
7550 2
7551 2
7552 1
7553 1
7554 2
7555 2
7556 12
7557 12
7558 8
7559 6
7560 3
7561 6
7562 5
7563 6
7564 6
7565 7
7566 4
7567 5
7568 5
7569 4
7570 5
7571 8
7572 9
7573 8
7574 8
7575 7
7576 2
7577 2
7578 3
7579 2
7580 2
7581 2
7582 2
7583 1
7584 1
7585 2
7586 2
7587 2
7588 1
7589 2
7590 2
7591 1
7592 1
7593 1
7594 1
7595 1
7596 1
7597 1
7598 1
7599 1
7600 1
7601 1
7602 1
7603 1
7604 1
7605 1
7606 2
7607 1
7608 1
7609 1
7610 1
7611 1
7612 1
7613 1
7614 2
7615 1
7616 1
7617 1
7618 1
7619 1
7620 1
7621 1
7622 1
7623 1
7624 1
7625 1
7626 1
7627 1
7628 1
7629 1
7630 1
7631 3
7632 4
7633 3
7634 3
7635 2
7636 1
7637 2
7638 2
7639 2
7640 2
7641 2
7642 1
7643 1
7644 2
7645 2
7646 2
7647 2
7648 1
7649 1
7650 1
7651 1
7652 1
7653 5
7654 5
7655 5
7656 2
7657 2
7658 1
7659 1
7660 1
7661 3
7662 2
7663 1
7664 5
7665 4
7666 1
7667 1
7668 1
7669 1
7670 1
7671 4
7672 2
7673 2
7674 2
7675 2
7676 6
7677 6
7678 3
7679 2
7680 5
7681 6
7682 6
7683 6
7684 5
7685 5
7686 5
7687 4
7688 5
7689 4
7690 4
7691 4
7692 3
7693 3
7694 5
7695 4
7696 0
7697 1
7698 1
7699 1
7700 1
7701 1
7702 1
7703 1
7704 1
7705 2
7706 1
7707 1
7708 1
7709 2
7710 2
7711 1
7712 1
7713 1
7714 1
7715 1
7716 0
7717 1
7718 1
7719 1
7720 1
7721 2
7722 2
7723 1
7724 2
7725 2
7726 3
7727 4
7728 4
7729 3
7730 3
7731 3
7732 2
7733 2
7734 2
7735 3
7736 1
7737 1
7738 1
7739 2
7740 1
7741 1
7742 1
7743 1
7744 2
7745 1
7746 2
7747 2
7748 3
7749 3
7750 4
7751 1
7752 1
7753 2
7754 2
7755 1
7756 1
7757 1
7758 2
7759 4
7760 4
7761 1
7762 1
7763 1
7764 1
7765 3
7766 2
7767 1
7768 1
7769 1
7770 2
7771 1
7772 1
7773 1
7774 2
7775 1
7776 1
7777 1
7778 1
7779 1
7780 2
7781 1
7782 1
7783 1
7784 1
7785 1
7786 1
7787 1
7788 1
7789 1
7790 1
7791 1
7792 1
7793 1
7794 1
7795 1
7796 1
7797 1
7798 1
7799 1
7800 1
7801 1
7802 1
7803 1
7804 1
7805 1
7806 1
7807 1
7808 1
7809 1
7810 1
7811 1
7812 2
7813 1
7814 1
7815 2
7816 1
7817 1
7818 0
7819 1
7820 1
7821 0
7822 1
7823 1
7824 1
7825 1
7826 1
7827 1
7828 2
7829 1
7830 1
7831 0
7832 1
7833 1
7834 1
7835 2
7836 1
7837 1
7838 1
7839 0
7840 0
7841 1
7842 1
7843 1
7844 1
7845 1
7846 1
7847 1
7848 1
7849 0
7850 0
7851 1
7852 1
7853 0
7854 1
7855 1
7856 1
7857 1
7858 1
7859 1
7860 1
7861 1
7862 1
7863 1
7864 1
7865 1
7866 1
7867 1
7868 0
7869 1
7870 1
7871 0
7872 1
7873 1
7874 1
7875 1
7876 1
7877 1
7878 0
7879 0
7880 1
7881 1
7882 1
7883 1
7884 1
7885 1
7886 1
7887 1
7888 1
7889 1
7890 1
7891 1
7892 1
7893 1
7894 1
7895 1
7896 1
7897 1
7898 2
7899 2
7900 1
7901 1
7902 1
7903 1
7904 1
7905 2
7906 11
7907 7
7908 7
7909 7
7910 7
7911 4
7912 1
7913 1
7914 1
7915 2
7916 3
7917 1
7918 1
7919 1
7920 1
7921 1
7922 1
7923 0
7924 1
7925 1
7926 1
7927 1
7928 2
7929 2
7930 1
7931 1
7932 1
7933 1
7934 1
7935 2
7936 1
7937 1
7938 1
7939 1
7940 2
7941 1
7942 1
7943 0
7944 1
7945 1
7946 1
7947 1
7948 1
7949 1
7950 1
7951 1
7952 0
7953 1
7954 1
7955 1
7956 1
7957 1
7958 1
7959 1
7960 2
7961 1
7962 1
7963 1
7964 1
7965 1
7966 1
7967 1
7968 1
7969 2
7970 1
7971 1
7972 1
7973 0
7974 1
7975 1
7976 0
7977 1
7978 1
7979 1
7980 1
7981 5
7982 6
7983 4
7984 3
7985 4
7986 4
7987 4
7988 2
7989 1
7990 1
7991 3
7992 6
7993 7
7994 8
7995 8
7996 1
7997 0
7998 1
7999 1
8000 1
8001 1
8002 1
8003 1
8004 1
8005 2
8006 1
8007 0
8008 1
8009 1
8010 1
8011 1
8012 1
8013 1
8014 1
8015 1
8016 1
8017 0
8018 1
8019 1
8020 1
8021 1
8022 1
8023 1
8024 2
8025 1
8026 1
8027 1
8028 0
8029 1
8030 1
8031 1
8032 1
8033 1
8034 1
8035 1
8036 1
8037 1
8038 0
8039 1
8040 1
8041 1
8042 1
8043 1
8044 1
8045 2
8046 1
8047 1
8048 0
8049 1
8050 1
8051 0
8052 1
8053 1
8054 1
8055 1
8056 1
8057 1
8058 1
8059 1
8060 1
8061 0
8062 1
8063 1
8064 1
8065 1
8066 1
8067 1
8068 1
8069 1
8070 1
8071 1
8072 1
8073 1
8074 1
8075 1
8076 1
8077 1
8078 1
8079 1
8080 1
8081 3
8082 2
8083 2
8084 2
8085 2
8086 1
8087 1
8088 0
8089 1
8090 1
8091 1
8092 1
8093 1
8094 1
8095 1
8096 1
8097 1
8098 1
8099 1
8100 1
8101 1
8102 1
8103 2
8104 2
8105 1
8106 1
8107 1
8108 1
8109 1
8110 1
8111 0
8112 1
8113 1
8114 1
8115 1
8116 1
8117 1
8118 1
8119 1
8120 1
8121 1
8122 1
8123 1
8124 1
8125 1
8126 1
8127 1
8128 1
8129 2
8130 1
8131 1
8132 1
8133 1
8134 1
8135 1
8136 1
8137 1
8138 1
8139 1
8140 2
8141 1
8142 0
8143 1
8144 1
8145 1
8146 1
8147 1
8148 1
8149 1
8150 2
8151 1
8152 0
8153 1
8154 1
8155 1
8156 1
8157 1
8158 1
8159 1
8160 1
8161 1
8162 1
8163 0
8164 1
8165 1
8166 1
8167 1
8168 1
8169 1
8170 1
8171 1
8172 2
8173 2
8174 3
8175 3
8176 3
8177 3
8178 3
8179 3
8180 3
8181 1
8182 1
8183 1
8184 2
8185 1
8186 1
8187 1
8188 1
8189 2
8190 2
8191 1
8192 1
8193 1
8194 1
8195 1
8196 2
8197 1
8198 1
8199 2
8200 2
8201 1
8202 1
8203 1
8204 1
8205 1
8206 1
8207 1
8208 1
8209 1
8210 0
8211 1
8212 1
8213 1
8214 1
8215 1
8216 1
8217 1
8218 1
8219 1
8220 1
8221 1
8222 1
8223 1
8224 1
8225 2
8226 2
8227 2
8228 2
8229 1
8230 2
8231 2
8232 2
8233 3
8234 3
8235 3
8236 1
8237 1
8238 1
8239 1
8240 2
8241 0
8242 1
8243 1
8244 1
8245 2
8246 1
8247 0
8248 1
8249 1
8250 1
8251 1
8252 1
8253 1
8254 2
8255 1
8256 1
8257 0
8258 1
8259 1
8260 1
8261 0
8262 1
8263 1
8264 1
8265 2
8266 1
8267 1
8268 0
8269 1
8270 1
8271 1
8272 1
8273 1
8274 1
8275 1
8276 1
8277 0
8278 1
8279 1
8280 1
8281 1
8282 1
8283 1
8284 1
8285 1
8286 1
8287 1
8288 0
8289 1
8290 1
8291 1
8292 1
8293 1
8294 1
8295 1
8296 1
8297 1
8298 0
8299 1
8300 1
8301 1
8302 0
8303 1
8304 1
8305 1
8306 1
8307 1
8308 1
8309 2
8310 1
8311 1
8312 0
8313 1
8314 1
8315 1
8316 1
8317 1
8318 1
8319 1
8320 1
8321 1
8322 1
8323 1
8324 1
8325 2
8326 1
8327 1
8328 1
8329 2
8330 1
8331 1
8332 1
8333 1
8334 1
8335 1
8336 1
8337 1
8338 1
8339 1
8340 1
8341 1
8342 1
8343 1
8344 1
8345 1
8346 1
8347 1
8348 1
8349 1
8350 1
8351 3
8352 2
8353 1
8354 1
8355 1
8356 1
8357 1
8358 0
8359 1
8360 1
8361 2
8362 1
8363 1
8364 1
8365 1
8366 1
8367 1
8368 1
8369 1
8370 0
8371 1
8372 0
8373 1
8374 1
8375 1
8376 1
8377 1
8378 1
8379 1
8380 1
8381 1
8382 0
8383 1
8384 1
8385 1
8386 1
8387 1
8388 0
8389 1
8390 1
8391 1
8392 1
8393 1
8394 1
8395 1
8396 1
8397 1
8398 1
8399 0
8400 1
8401 1
8402 0
8403 1
8404 1
8405 1
8406 2
8407 6
8408 7
8409 6
8410 5
8411 1
8412 1
8413 1
8414 1
8415 1
8416 0
8417 1
8418 1
8419 1
8420 2
8421 3
8422 3
8423 3
8424 3
8425 3
8426 1
8427 0
8428 1
8429 1
8430 2
8431 2
8432 2
8433 2
8434 1
8435 1
8436 1
8437 1
8438 1
8439 1
8440 1
8441 1
8442 1
8443 1
8444 1
8445 1
8446 1
8447 1
8448 1
8449 1
8450 0
8451 1
8452 1
8453 1
8454 1
8455 1
8456 1
8457 0
8458 1
8459 1
8460 1
8461 1
8462 1
8463 1
8464 2
8465 1
8466 1
8467 1
8468 1
8469 1
8470 1
8471 1
8472 1
8473 1
8474 1
8475 1
8476 2
8477 1
8478 1
8479 0
8480 0
8481 1
8482 1
8483 1
8484 1
8485 1
8486 1
8487 1
8488 1
8489 1
8490 1
8491 1
8492 1
8493 1
8494 1
8495 1
8496 1
8497 1
8498 1
8499 1
8500 1
8501 1
8502 1
8503 1
8504 1
8505 1
8506 1
8507 1
8508 1
8509 1
8510 1
8511 1
8512 1
8513 1
8514 1
8515 2
8516 1
8517 0
8518 1
8519 4
8520 4
8521 1
8522 1
8523 1
8524 1
8525 1
8526 1
8527 1
8528 1
8529 1
8530 1
8531 1
8532 1
8533 1
8534 1
8535 1
8536 1
8537 1
8538 2
8539 1
8540 1
8541 1
8542 1
8543 1
8544 2
8545 2
8546 1
8547 1
8548 1
8549 1
8550 1
8551 1
8552 1
8553 1
8554 1
8555 1
8556 1
8557 1
8558 1
8559 1
8560 1
8561 1
8562 1
8563 0
8564 1
8565 2
8566 1
8567 1
8568 1
8569 1
8570 2
8571 1
8572 2
8573 1
8574 1
8575 1
8576 1
8577 1
8578 1
8579 1
8580 0
8581 1
8582 1
8583 0
8584 1
8585 1
8586 1
8587 1
8588 1
8589 1
8590 1
8591 1
8592 1
8593 0
8594 1
8595 1
8596 1
8597 1
8598 1
8599 2
8600 2
8601 1
8602 2
8603 1
8604 1
8605 1
8606 1
8607 1
8608 1
8609 1
8610 1
8611 1
8612 1
8613 1
8614 1
8615 1
8616 1
8617 1
8618 1
8619 2
8620 1
8621 2
8622 1
8623 1
8624 1
8625 2
8626 1
8627 1
8628 2
8629 2
8630 1
8631 1
8632 2
8633 1
8634 1
8635 2
8636 1
8637 1
8638 1
8639 1
8640 1
8641 1
8642 2
8643 2
8644 1
8645 2
8646 1
8647 2
8648 2
8649 2
8650 1
8651 1
8652 1
8653 1
8654 1
8655 2
8656 1
8657 1
8658 1
8659 2
8660 2
8661 1
8662 1
8663 2
8664 1
8665 3
8666 1
8667 0
8668 1
8669 1
8670 1
8671 1
8672 7
8673 9
8674 10
8675 11
8676 1
8677 1
8678 2
8679 1
8680 2
8681 1
8682 1
8683 2
8684 2
8685 2
8686 1
8687 1
8688 1
8689 1
8690 2
8691 1
8692 2
8693 2
8694 1
8695 2
8696 2
8697 3
8698 3
8699 3
8700 3
8701 6
8702 5
8703 5
8704 5
8705 5
8706 5
8707 4
8708 5
8709 4
8710 5
8711 1
8712 2
8713 2
8714 2
8715 3
8716 1
8717 1
8718 1
8719 2
8720 1
8721 0
8722 1
8723 1
8724 1
8725 2
8726 1
8727 1
8728 1
8729 1
8730 1
8731 2
8732 2
8733 2
8734 2
8735 2
8736 2
8737 2
8738 3
8739 3
8740 3
8741 8
8742 9
8743 8
8744 8
8745 9
8746 6
8747 5
8748 5
8749 6
8750 11
8751 6
8752 5
8754 5
8753 4
8755 5
8756 3
8757 3
8758 2
8759 3
8760 3
8761 1
8762 2
8763 2
8764 2
8765 3
8766 2
8767 1
8768 1
8769 2
8770 2
8771 1
8772 1
8773 1
8774 1
8775 1
8776 1
8777 2
8778 2
8779 3
8780 2
8781 1
8782 1
8783 1
8784 2
8785 1
8786 10
8787 10
8788 8
8789 7
8790 6
8791 3
8792 4
8793 3
8794 3
8795 5
8796 6
8797 7
8798 6
8799 7
8800 6
8801 6
8802 5
8803 5
8804 4
8805 8
8806 5
8807 4
8808 3
8809 3
8810 4
8811 1
8812 1
8813 1
8814 1
8815 1
8816 0
8817 1
8818 1
8819 1
8820 1
8821 1
8822 1
8823 1
8824 2
8825 3
8826 1
8827 1
8828 1
8829 1
8830 1
8831 1
8832 1
8833 1
8834 1
8835 1
8836 1
8837 1
8838 1
8839 1
8840 1
8841 1
8842 1
8843 1
8844 1
8845 1
8846 1
8847 1
8848 1
8849 1
8850 1
8851 1
8852 1
8853 0
8854 1
8855 1
8856 1
8857 1
8858 1
8859 1
8860 1
8861 1
8862 1
8863 1
8864 0
8865 1
8866 0
8867 1
8869 1
8870 1
8868 1
8871 1
8872 1
8873 1
8874 1
8875 1
8876 1
8877 1
8878 1
8879 1
8880 2
8881 1
8882 1
8883 1
8884 1
8885 1
8886 1
8887 1
8888 1
8889 1
8890 1
8891 1
8892 1
8893 1
8894 2
8895 1
8896 1
8897 1
8898 1
8899 1
8900 1
8901 1
8902 1
8903 1
8904 2
8905 1
8906 1
8907 1
8908 1
8909 1
8910 1
8911 1
8912 1
8913 1
8914 2
8915 1
8916 1
8917 1
8918 1
8919 3
8920 3
8921 1
8922 1
8923 1
8924 1
8925 2
8926 1
8927 1
8928 1
8929 1
8930 1
8931 0
8932 1
8933 1
8934 1
8935 2
8936 1
8937 1
8938 0
8939 1
8940 1
8941 0
8942 1
8943 1
8944 1
8945 2
8946 1
8947 1
8948 0
8949 1
8950 2
8951 10
8952 8
8953 3
8954 11
8955 11
8956 6
8957 6
8958 5
8959 5
8960 2
8961 11
8962 12
8963 11
8964 11
8965 12
8966 2
8967 2
8968 2
8969 2
8970 2
8971 3
8972 3
8973 3
8974 4
8975 4
8976 1
8977 2
8978 2
8979 1
8980 2
8981 1
8982 1
8983 1
8984 1
8985 1
8986 1
8987 1
8988 1
8989 2
8990 1
8991 1
8992 0
8993 1
8994 1
8995 1
8996 1
8997 1
8998 1
8999 1
9000 1
9001 1
9002 1
9003 1
9004 1
9005 1
9006 1
9007 1
9008 1
9009 1
9010 2
9011 1
9012 2
9013 2
9014 2
9015 2
9016 1
9017 1
9018 1
9019 1
9020 1
9021 1
9022 1
9023 0
9024 1
9025 1
9026 1
9027 1
9028 1
9029 2
9030 2
9031 1
9032 1
9033 1
9034 1
9035 1
9036 1
9037 1
9038 1
9039 1
9040 1
9041 1
9042 1
9043 1
9044 1
9045 1
9046 0
9047 1
9048 1
9049 1
9050 2
9051 1
9052 1
9053 1
9054 0
9055 0
9056 1
9057 1
9058 1
9059 1
9060 2
9061 1
9062 1
9063 1
9064 2
9065 1
9066 1
9067 0
9068 1
9069 1
9070 1
9071 1
9072 1
9073 1
9074 2
9075 1
9076 1
9077 0
9078 1
9079 1
9080 1
9081 1
9082 1
9083 1
9084 2
9085 2
9086 1
9087 1
9088 1
9089 2
9090 2
9091 0
9092 1
9093 1
9094 1
9095 1
9096 1
9097 0
9098 1
9099 1
9100 1
9101 1
9102 4
9103 4
9104 3
9105 4
9106 6
9107 5
9108 3
9109 2
9110 2
9111 2
9112 1
9113 1
9114 2
9115 3
9116 1
9117 1
9118 1
9119 1
9120 2
9121 1
9122 1
9123 1
9124 2
9125 1
9126 2
9127 1
9128 1
9129 3
9130 3
9131 8
9132 6
9133 4
9134 4
9135 4
9136 7
9137 7
9138 7
9139 6
9140 7
9141 4
9142 3
9143 3
9144 4
9145 7
9146 10
9147 11
9148 11
9149 10
9150 11
9151 2
9152 2
9153 2
9154 3
9155 3
9156 1
9157 1
9158 2
9159 2
9160 2
9161 1
9162 0
9163 1
9164 1
9165 2
9166 1
9167 2
9168 1
9169 1
9170 2
9171 2
9172 1
9173 2
9174 2
9175 2
9176 4
9177 4
9178 3
9179 3
9180 3
9181 3
9182 2
9183 1
9184 2
9185 2
9186 1
9187 2
9188 2
9189 2
9190 2
9191 1
9192 1
9193 1
9194 1
9195 2
9196 5
9197 3
9198 3
9199 2
9200 1
9201 1
9202 1
9203 1
9204 2
9205 2
9206 1
9207 2
9208 2
9209 1
9210 2
9211 2
9212 1
9213 1
9214 1
9215 2
9216 1
9217 1
9218 2
9219 1
9220 1
9221 1
9222 1
9223 1
9224 1
9225 2
9226 1
9227 2
9228 1
9229 1
9230 1
9231 2
9232 2
9233 2
9234 2
9235 2
9236 2
9237 3
9238 3
9239 3
9240 3
9241 1
9242 1
9243 1
9244 1
9245 2
9246 1
9247 1
9248 2
9249 1
9250 2
9251 2
9252 2
9253 1
9254 2
9255 2
9256 1
9257 1
9258 1
9259 2
9260 2
9261 1
9262 1
9263 2
9264 1
9265 1
9266 1
9267 2
9268 1
9269 1
9270 1
9271 2
9272 1
9273 1
9274 2
9275 2
9276 0
9277 1
9278 1
9279 1
9280 2
9281 1
9282 1
9283 1
9284 1
9285 1
9286 1
9287 1
9288 1
9289 1
9290 2
9291 1
9292 2
9293 2
9294 1
9295 2
9296 2
9297 3
9298 3
9299 4
9300 4
9301 1
9302 2
9303 2
9304 2
9305 2
9306 1
9307 2
9308 3
9309 3
9310 3
9311 1
9312 1
9313 2
9314 2
9315 2
9316 1
9317 1
9318 1
9319 2
9320 3
9321 1
9322 2
9323 2
9324 3
9325 3
9326 1
9327 2
9328 1
9329 1
9330 2
9331 1
9332 1
9333 1
9334 2
9335 2
9336 2
9337 1
9338 1
9339 2
9340 2
9341 1
9342 1
9343 1
9344 2
9345 2
9346 1
9347 2
9348 1
9349 1
9350 1
9351 4
9352 5
9353 5
9354 4
9355 4
9356 1
9357 1
9358 2
9359 1
9360 1
9361 2
9362 2
9363 2
9364 2
9365 3
9366 1
9367 1
9368 1
9369 1
9370 2
9371 1
9372 1
9373 1
9374 2
9375 1
9376 3
9377 3
9378 2
9379 3
9380 2
9381 1
9382 1
9383 2
9384 1
9385 2
9386 1
9387 0
9388 1
9389 1
9390 1
9391 1
9392 1
9393 1
9394 2
9395 1
9396 2
9397 1
9398 1
9399 2
9400 2
9401 4
9402 2
9403 2
9404 2
9405 2
9406 10
9407 4
9408 3
9409 3
9410 3
9411 3
9412 3
9413 2
9414 3
9415 4
9416 7
9417 7
9418 6
9419 6
9420 9
9421 6
9422 9
9423 12
9424 13
9425 18
9426 7
9427 6
9428 5
9429 5
9430 5
9431 5
9432 4
9433 5
9434 4
9435 3
9436 1
9437 2
9438 2
9439 3
9440 3
9441 1
9442 1
9443 1
9444 1
9445 1
9446 2
9447 2
9448 1
9449 1
9450 2
9451 1
9452 1
9453 1
9454 1
9455 2
9456 1
9457 1
9458 1
9459 1
9460 1
9461 1
9462 1
9463 2
9464 1
9465 1
9466 1
9467 1
9468 1
9469 1
9470 1
9471 2
9472 1
9473 1
9474 2
9475 3
9476 1
9477 1
9478 1
9479 1
9480 2
9481 1
9482 1
9483 0
9484 1
9485 1
9486 1
9487 1
9488 1
9489 1
9490 1
9491 1
9492 1
9493 1
9494 2
9495 1
9496 1
9497 1
9498 1
9499 1
9500 2
9501 1
9502 1
9503 0
9504 1
9505 1
9506 1
9507 1
9508 1
9509 3
9510 3
9511 2
9512 1
9513 1
9514 2
9515 2
9516 1
9517 1
9518 1
9519 1
9520 2
9521 1
9522 1
9523 1
9524 1
9525 1
9526 1
9527 2
9528 1
9529 1
9530 1
9531 1
9532 1
9533 1
9534 2
9535 2
9536 1
9537 1
9538 1
9539 1
9540 1
9541 1
9542 1
9543 1
9544 1
9545 1
9546 1
9547 2
9548 1
9549 1
9550 1
9551 1
9552 1
9553 1
9554 1
9555 2
9556 1
9557 1
9558 1
9559 1
9560 2
9561 1
9562 1
9563 1
9564 1
9565 2
9566 3
9567 2
9568 2
9569 3
9570 2
9571 1
9572 1
9573 1
9574 1
9575 2
9576 1
9577 1
9578 1
9579 1
9580 1
9581 1
9582 1
9583 1
9584 2
9585 1
9586 1
9587 1
9588 2
9589 2
9590 2
9591 1
9592 1
9593 1
9594 2
9595 1
9596 2
9597 1
9598 1
9599 2
9600 3
9601 0
9602 1
9603 1
9604 1
9605 2
9606 1
9607 1
9608 1
9609 1
9610 1
9611 1
9612 1
9613 1
9614 1
9615 1
9616 1
9617 1
9618 1
9619 1
9620 1
9621 0
9622 1
9623 1
9624 1
9625 1
9626 1
9627 1
9628 1
9629 1
9630 1
9631 1
9632 1
9633 1
9634 1
9635 1
9636 1
9637 1
9638 0
9639 1
9640 1
9641 0
9642 1
9643 1
9644 1
9645 1
9646 14
9647 16
9648 17
9649 16
9650 19
9651 6
9652 7
9653 7
9654 10
9655 11
9656 12
9657 12
9658 10
9659 11
9660 10
9661 10
9662 11
9663 11
9664 11
9665 11
9666 2
9667 2
9668 2
9669 1
9670 2
9671 1
9672 2
9673 2
9674 1
9675 1
9676 1
9677 1
9678 2
9679 2
9680 2
9681 1
9682 1
9683 2
9684 1
9685 1
9686 1
9687 1
9688 1
9689 1
9690 1
9691 1
9692 1
9693 1
9694 1
9695 1
9696 1
9697 2
9698 2
9699 2
9700 2
9701 1
9702 1
9703 1
9704 1
9705 1
9706 1
9707 1
9708 2
9709 3
9710 3
9711 1
9712 1
9713 1
9714 1
9715 1
9716 2
9717 1
9718 2
9719 3
9720 3
9721 1
9722 1
9723 2
9724 1
9725 1
9726 1
9727 2
9728 2
9729 2
9730 1
9731 1
9732 2
9733 1
9734 3
9735 4
9736 2
9737 2
9738 2
9739 3
9740 2
9741 3
9742 3
9743 5
9744 5
9745 5
9746 1
9747 1
9748 1
9749 2
9750 2
9751 1
9752 1
9753 1
9754 1
9755 2
9756 2
9757 2
9758 3
9759 3
9760 3
9761 1
9762 1
9763 1
9764 2
9765 2
9766 1
9767 0
9768 1
9769 2
9770 3
9771 2
9772 2
9773 1
9774 1
9775 2
9776 2
9777 1
9778 1
9779 2
9780 2
9781 0
9782 1
9783 1
9784 2
9785 2
9786 5
9787 1
9788 1
9789 2
9790 2
9791 2
9792 2
9793 3
9794 3
9795 1
9796 1
9797 2
9798 2
9799 1
9800 2
9801 1
9802 1
9803 1
9804 1
9805 2
9806 1
9807 1
9808 1
9809 1
9810 1
9811 4
9812 1
9813 1
9814 2
9815 2
9816 1
9817 1
9818 0
9819 1
9820 1
9821 1
9822 1
9823 1
9824 1
9825 1
9826 1
9827 1
9828 1
9829 1
9830 1
9831 1
9832 0
9833 1
9834 1
9835 1
9836 1
9837 1
9838 1
9839 2
9840 1
9841 1
9842 1
9843 0
9844 1
9845 1
9846 1
9847 1
9848 1
9849 2
9850 1
9851 0
9852 1
9853 1
9854 1
9855 2
9856 1
9857 1
9858 1
9859 0
9860 1
9861 1
9862 0
9863 1
9864 1
9865 1
9866 1
9867 1
9868 1
9869 1
9870 2
9871 1
9872 1
9873 1
9874 1
9875 1
9876 3
9877 2
9878 1
9879 1
9880 4
9881 1
9882 1
9883 1
9884 1
9885 2
9886 1
9887 1
9888 1
9889 1
9890 0
9891 1
9892 0
9893 1
9894 1
9895 1
9896 1
9897 1
9898 2
9899 2
9900 1
9901 1
9902 1
9903 0
9904 1
9905 1
9906 1
9907 1
9908 1
9909 2
9910 2
9911 2
9912 2
9913 1
9914 2
9915 2
9916 1
9917 1
9918 1
9919 1
9920 2
9921 1
9922 2
9923 1
9924 1
9925 1
9926 0
9927 1
9928 1
9929 1
9930 2
9931 1
9932 1
9933 1
9934 1
9935 1
9936 0
9937 1
9938 1
9939 1
9940 1
9941 1
9942 1
9943 1
9944 2
9945 1
9946 1
9947 0
9948 1
9949 1
9950 1
9951 1
9952 1
9953 1
9954 2
9955 2
9956 1
9957 1
9958 1
9959 1
9960 1
9961 5
9962 4
9963 5
9964 5
9965 4
9966 1
9967 1
9968 2
9969 1
9970 1
9971 1
9972 1
9973 1
9974 1
9975 2
9976 1
9977 1
9978 1
9979 1
9980 1
9981 1
9982 1
9983 1
9984 2
9985 2
9986 1
9987 0
9988 1
9989 1
9990 1
9991 2
9992 2
9993 2
9994 2
9995 3
9996 2
9997 1
9998 1
9999 1
10000 1
