1 57
1 54
2 54
3 55
4 55
5 55
6 55
7 56
8 55
9 56
10 56
11 57
12 56
13 57
14 57
15 58
16 58
17 58
18 59
19 59
20 59
21 60
22 60
23 61
24 60
25 61
26 62
27 62
28 62
29 62
30 64
31 64
32 64
33 65
34 65
35 65
36 66
37 67
38 66
39 67
40 69
41 69
42 69
43 69
44 70
45 71
46 70
47 71
48 72
49 72
50 73
51 73
52 73
53 74
54 74
55 74
56 75
57 75
58 76
59 76
60 76
61 77
62 78
63 78
64 78
65 79
66 79
67 80
68 81
69 80
70 81
71 82
72 94
73 95
74 96
75 96
76 97
77 97
78 100
79 102
80 103
81 103
82 104
83 105
84 105
85 105
86 106
87 106
88 106
89 106
90 107
91 108
92 108
93 108
94 108
95 108
96 109
97 110
98 110
99 109
100 388
101 390
102 390
103 390
104 392
105 391
106 392
107 393
108 393
109 394
110 395
111 395
112 396
113 396
114 395
115 395
116 396
117 397
118 397
119 397
120 398
121 398
122 399
123 399
124 399
125 400
126 401
127 401
128 401
129 402
130 402
131 403
132 404
133 403
134 404
135 405
136 405
137 406
138 407
139 407
140 407
141 406
142 407
143 408
144 408
145 409
146 410
147 410
148 409
149 410
150 411
151 411
152 412
153 413
154 413
155 414
156 414
157 414
158 415
159 416
160 416
161 417
162 418
163 419
164 418
165 419
166 420
167 420
168 421
169 422
170 422
171 423
172 424
173 423
174 424
175 425
176 426
177 426
178 427
179 428
180 428
181 429
182 430
183 430
184 430
185 431
186 431
187 432
188 433
189 434
190 442
191 443
192 444
193 444
194 445
195 446
196 446
197 446
198 447
199 447
200 449
201 450
202 450
203 451
204 452
205 452
206 453
207 454
208 455
209 454
210 455
211 456
212 451
213 452
214 452
215 453
216 454
217 455
218 455
219 456
220 457
221 456
222 457
223 458
224 458
225 459
226 460
227 461
228 461
229 462
230 462
231 462
232 463
233 464
234 465
235 465
236 466
237 466
238 466
239 467
240 468
241 469
242 469
243 470
244 470
245 470
246 472
247 473
248 473
249 474
250 474
251 475
252 475
253 476
254 477
255 477
256 478
257 479
258 479
259 479
260 480
261 481
262 481
263 482
264 483
265 484
266 483
267 484
268 485
269 485
270 486
271 487
272 488
273 487
274 488
275 489
276 489
277 490
278 491
279 491
280 492
281 492
282 491
283 492
284 493
285 493
286 493
287 494
288 495
289 494
290 495
291 496
292 496
293 497
294 498
295 499
296 499
297 500
298 500
299 500
300 501
301 502
302 503
303 503
304 504
305 498
306 499
307 499
308 499
309 500
310 501
311 501
312 502
313 503
314 503
315 504
316 504
317 505
318 505
319 506
320 507
321 507
322 508
323 509
324 509
325 509
326 510
327 511
328 511
329 512
330 513
331 514
332 514
333 514
334 515
335 515
336 516
337 517
338 518
339 518
340 518
341 519
342 519
343 520
344 521
345 521
346 522
347 522
348 523
349 523
350 524
351 525
352 525
353 526
354 527
355 527
356 527
357 528
358 529
359 529
360 530
361 533
362 533
363 534
364 535
365 536
366 536
367 537
368 537
369 537
370 538
371 539
372 540
373 540
374 541
375 541
376 541
377 542
378 543
379 544
380 544
381 545
382 546
383 545
384 546
385 547
386 548
387 548
388 549
389 550
390 550
391 551
392 551
393 552
394 552
395 551
396 552
397 553
398 553
399 554
400 555
401 555
402 555
403 556
404 557
405 557
406 558
407 559
408 560
409 559
410 560
411 561
412 561
413 562
414 563
415 564
416 564
417 565
418 566
419 567
420 567
421 568
422 568
423 568
424 569
425 570
426 571
427 571
428 572
429 573
430 573
431 573
432 574
433 575
434 576
435 576
436 577
437 577
438 577
439 578
440 579
441 580
442 580
443 581
444 582
445 583
446 582
447 583
448 584
449 584
450 585
451 586
452 587
453 587
454 588
455 589
456 589
457 589
458 590
459 591
460 591
461 592
462 593
463 593
464 594
465 594
466 595
467 595
468 597
469 597
470 598
471 598
472 599
473 600
474 601
475 605
476 606
477 607
478 607
479 608
480 609
481 610
482 609
483 610
484 611
485 612
486 612
487 613
488 614
489 614
490 614
491 615
492 615
493 616
494 617
495 618
496 618
497 618
498 619
499 620
500 620
501 621
502 622
503 623
504 622
505 623
506 624
507 624
508 625
509 626
510 627
511 626
512 627
513 628
514 629
515 629
516 627
517 628
518 628
519 629
520 630
521 631
522 630
523 631
524 632
525 633
526 633
527 634
528 635
529 635
530 636
531 636
532 637
533 637
534 638
535 639
536 640
537 640
538 641
539 641
540 641
541 642
542 643
543 644
544 644
545 645
546 645
547 646
548 646
549 647
550 648
551 648
552 649
553 649
554 650
555 650
556 651
557 652
558 653
559 653
560 654
561 654
562 653
563 654
564 654
565 655
566 656
567 657
568 656
569 657
570 658
571 658
572 659
573 660
574 661
575 661
576 662
577 663
578 664
579 664
580 665
581 665
582 665
583 666
584 667
585 668
586 664
587 664
588 664
589 665
590 666
591 666
592 667
593 668
594 668
595 668
596 669
597 670
598 670
599 671
600 672
601 672
602 673
603 673
604 674
605 674
606 675
607 676
608 677
609 677
610 677
611 678
612 678
613 679
614 680
615 680
616 681
617 681
618 682
619 682
620 683
621 684
622 684
623 685
624 685
625 686
626 686
627 687
628 688
629 689
630 689
631 689
632 690
633 690
634 691
635 692
636 691
637 691
638 691
639 692
640 693
641 693
642 694
643 695
644 695
645 696
646 700
647 701
648 700
649 701
650 702
651 702
652 703
653 704
654 705
655 704
656 705
657 706
658 707
659 707
660 708
661 709
662 709
663 709
664 710
665 718
666 718
667 719
668 720
669 721
670 720
671 721
672 722
673 725
674 725
675 725
676 726
677 727
678 728
679 729
680 730
681 730
682 731
683 732
684 735
685 735
686 736
687 737
688 737
689 737
690 738
691 735
692 736
693 737
694 737
695 737
696 738
697 740
698 740
699 740
700 741
701 742
702 742
703 743
704 744
705 744
706 744
707 745
708 746
709 746
710 747
711 748
712 748
713 749
714 750
715 751
716 751
717 751
718 752
719 753
720 753
721 754
722 755
723 755
724 756
725 756
726 763
727 762
728 763
729 764
730 765
731 765
732 766
733 767
734 767
735 768
736 768
737 769
738 769
739 770
740 771
741 772
742 772
743 772
744 773
745 773
746 774
747 775
748 776
749 776
750 776
751 777
752 778
753 778
754 779
755 780
756 779
757 780
758 781
759 782
760 782
761 783
762 784
763 784
764 784
765 785
766 786
767 786
768 787
769 788
770 788
771 788
772 789
773 790
774 790
775 791
776 792
777 792
778 792
779 793
780 794
781 795
782 795
783 795
784 796
785 796
786 797
787 798
788 799
789 799
790 799
791 800
792 800
793 801
794 802
795 802
796 802
797 803
798 804
799 804
800 805
801 806
802 807
803 806
804 807
805 808
806 809
807 809
808 810
809 811
810 810
811 811
812 812
813 813
814 813
815 814
816 815
817 815
818 816
819 816
820 817
821 817
822 818
823 819
824 819
825 820
826 821
827 821
828 821
829 822
830 823
831 823
832 824
833 825
834 825
835 825
836 826
837 824
838 825
839 825
840 826
841 827
842 826
843 827
844 828
845 828
846 829
847 830
848 831
849 831
850 831
851 832
852 832
853 833
854 834
855 835
856 835
857 835
858 836
859 836
860 837
861 838
862 839
863 839
864 839
865 840
866 840
867 841
868 842
869 843
870 843
871 843
872 844
873 845
874 845
875 846
876 847
877 847
878 847
879 848
880 848
881 850
882 851
883 851
884 851
885 852
886 853
887 854
888 854
889 854
890 855
891 855
892 856
893 857
894 858
895 858
896 858
897 859
898 859
899 860
900 861
901 862
902 862
903 863
904 862
905 863
906 864
907 864
908 864
909 865
910 866
911 866
912 867
913 868
914 868
915 868
916 869
917 870
918 870
919 871
920 872
921 868
922 869
923 870
924 871
925 871
926 872
927 873
928 872
929 873
930 874
931 878
932 878
933 879
934 879
935 879
936 880
937 881
938 882
939 882
940 882
941 883
942 884
943 884
944 885
945 886
946 886
947 887
948 887
949 888
950 888
951 889
952 890
953 891
954 890
955 891
956 892
957 893
958 893
959 894
960 895
961 895
962 895
963 896
964 897
965 897
966 898
967 899
968 899
969 900
970 901
971 902
972 901
973 902
974 905
975 906
976 906
977 907
978 908
979 908
980 908
981 909
982 910
983 910
984 910
985 911
986 912
987 911
988 912
989 913
990 913
991 914
992 915
993 924
994 923
995 924
996 920
997 921
998 922
999 922
1000 893
1001 894
1002 893
1003 894
1004 895
1005 896
1006 897
1007 897
1008 898
1009 898
1010 898
1011 899
1012 900
1013 900
1014 900
1015 900
1016 900
1017 902
1018 902
1019 903
1020 903
1021 904
1022 904
1023 905
1024 906
1025 906
1026 906
1027 907
1028 907
1029 908
1030 908
1031 909
1032 909
1033 909
1034 910
1035 911
1036 912
1037 912
1038 913
1039 913
1040 913
1041 914
1042 915
1043 916
1044 916
1045 917
1046 917
1047 917
1048 918
1049 919
1050 920
1051 920
1052 921
1053 918
1054 919
1055 919
1056 920
1057 920
1058 921
1059 921
1060 922
1061 921
1062 922
1063 922
1064 922
1065 923
1066 924
1067 924
1068 925
1069 924
1070 924
1071 924
1072 925
1073 926
1074 927
1075 927
1076 928
1077 927
1078 928
1079 929
1080 929
1081 930
1082 931
1083 930
1084 931
1085 932
1086 932
1087 933
1088 934
1089 935
1090 934
1091 935
1092 936
1093 936
1094 937
1095 938
1096 939
1097 938
1098 939
1099 940
