1 96
2 10
3 10
4 9
5 10
6 9
7 9
8 8
9 9
10 7
11 903
12 99
13 99
14 95
15 96
16 96
17 96
18 96
19 95
20 96
21 94
22 93
23 94
24 94
25 93
26 94
27 93
28 92
29 92
30 91
31 91
32 90
33 90
34 89
35 89
36 88
37 89
38 90
39 89
40 89
41 89
42 89
43 89
44 87
45 87
46 87
47 84
48 85
49 84
50 84
51 84
52 83
53 83
54 82
55 82
56 82
57 81
58 81
59 81
60 79
61 79
62 79
63 78
64 79
65 78
66 79
67 78
68 78
69 78
70 77
71 77
72 77
73 76
74 77
75 76
76 76
77 76
78 76
79 76
80 76
81 75
82 75
83 74
84 73
85 74
86 74
87 73
88 73
89 73
90 73
91 73
92 72
93 73
94 72
95 71
96 72
97 71
98 72
99 71
100 71
101 71
102 71
103 71
104 70
105 71
106 71
107 71
108 70
109 67
110 66
111 67
112 66
113 65
114 65
115 65
118 67
119 66
120 66
121 66
122 66
123 65
124 66
125 65
126 64
127 63
128 64
129 63
130 63
131 63
132 64
133 64
134 65
135 64
136 63
137 64
117 63
116 64
138 28
139 6
140 5
141 7
142 7
143 8
144 9
145 8
146 9
147 10
148 8
149 8
150 28
151 28
152 28
153 29
154 29
155 29
156 29
157 29
158 29
159 29
160 29
161 30
162 29
163 29
164 28
165 17
166 13
167 12
168 11
169 11
170 11
171 11
172 49
173 49
174 50
175 50
176 50
177 50
178 51
179 50
180 51
181 51
182 52
183 51
184 52
185 52
186 52
187 52
188 53
189 53
190 53
191 53
192 54
193 53
194 54
195 54
196 55
197 54
198 53
199 54
200 54
201 54
202 54
203 55
204 54
205 55
206 54
207 54
208 54
209 54
210 55
211 55
212 54
213 55
214 55
215 56
216 55
217 49
218 49
219 51
220 49
221 50
222 48
223 49
224 47
225 48
226 47
227 47
228 48
229 48
230 48
231 48
232 48
233 48
234 49
235 48
236 49
237 49
238 48
239 49
240 50
241 49
242 49
243 50
244 49
245 50
246 50
247 50
248 50
249 51
250 50
251 51
252 51
253 51
254 51
255 52
256 51
257 52
258 52
259 53
260 52
261 53
262 53
263 53
264 53
265 53
266 53
267 53
268 53
269 53
270 53
271 52
272 53
273 53
274 53
275 53
276 54
277 53
278 10
279 9
280 10
281 9
282 10
283 10
284 10
285 10
286 10
287 10
288 10
289 10
290 10
291 11
292 11
293 11
294 11
295 12
296 11
297 11
298 11
299 11
300 0
301 5
302 5
303 6
304 6
305 6
306 6
307 7
308 7
309 8
310 7
311 8
312 8
313 8
314 8
315 11
316 31
317 30
318 32
319 32
320 32
321 32
322 33
323 33
324 33
325 33
326 33
327 34
328 33
329 34
330 33
331 33
332 33
333 33
334 32
335 33
336 32
337 33
338 33
339 33
340 34
341 34
342 37
343 38
344 38
345 40
346 39
347 40
348 40
349 40
350 40
351 41
352 42
353 41
354 42
355 42
356 42
357 42
358 43
359 43
360 44
361 44
362 44
363 45
364 44
365 45
366 45
367 46
368 45
369 46
370 46
371 47
372 46
373 47
374 47
375 48
376 48
377 48
378 48
379 49
380 48
381 49
382 49
383 50
384 49
385 50
386 50
387 50
388 50
389 51
390 50
391 51
392 51
393 50
394 51
395 52
396 52
397 51
398 52
399 53
400 52
401 52
402 53
403 53
404 54
405 53
406 18
407 17
408 18
409 18
410 19
411 18
412 19
413 20
414 20
415 19
416 20
417 20
418 21
419 21
420 21
421 21
422 22
423 21
424 21
425 22
426 22
427 21
428 9
429 9
430 10
431 10
432 10
433 11
434 19
435 18
436 19
437 21
438 23
439 24
440 25
441 35
442 36
443 37
444 37
445 36
446 37
447 37
448 37
449 38
450 38
451 38
452 38
453 38
454 39
455 39
456 39
457 39
458 39
459 40
460 39
461 39
462 40
463 39
464 40
465 40
466 41
467 40
468 41
469 41
470 40
471 41
472 41
473 42
474 42
475 43
476 44
477 44
478 43
479 44
480 44
481 45
482 44
483 45
484 46
485 46
486 45
487 46
488 46
489 47
490 47
491 48
492 48
493 48
494 48
495 48
496 49
497 49
498 49
499 49
500 50
501 50
502 50
503 50
504 51
505 51
506 52
507 51
508 53
509 53
510 54
511 54
512 54
513 55
514 55
515 54
516 55
517 55
518 56
519 55
520 56
521 56
522 56
523 56
524 57
525 58
526 58
527 57
528 58
529 58
530 58
531 54
532 53
533 54
534 17
535 17
536 17
537 17
538 17
539 17
540 17
541 18
542 17
543 17
544 18
545 18
546 17
547 18
548 18
549 19
550 19
551 18
552 18
553 18
554 19
555 18
556 9
557 9
558 10
559 9
560 10
561 10
562 10
563 11
564 11
565 12
566 11
567 12
568 12
569 13
570 13
571 13
572 9
573 8
574 9
575 8
576 8
577 8
578 8
579 9
580 9
581 9
582 9
583 8
584 8
585 9
586 8
587 8
588 8
589 8
590 9
591 12
592 20
593 21
594 20
595 21
596 22
597 21
598 21
599 22
600 22
601 22
602 22
603 23
604 22
605 22
606 23
607 23
608 23
609 23
610 24
611 23
612 23
613 24
614 23
615 24
616 24
617 24
618 24
619 25
620 25
621 25
622 25
623 25
624 26
625 27
626 26
627 26
628 26
629 27
630 27
631 26
632 26
633 27
634 27
635 26
636 26
637 27
638 27
639 27
640 26
641 26
642 29
643 30
644 29
645 30
646 35
647 35
648 36
649 36
650 37
651 37
652 37
653 37
654 37
655 38
656 38
657 37
658 38
659 38
660 38
661 38
662 27
663 28
664 28
665 28
666 28
667 29
668 29
669 29
670 29
671 30
672 30
673 29
674 30
675 31
676 32
677 40
678 40
679 44
680 48
681 49
682 49
683 49
684 50
685 50
686 50
687 50
688 51
689 51
690 52
691 52
692 53
693 53
694 54
695 53
696 54
697 55
698 55
699 56
700 16
701 16
702 15
703 16
704 15
705 16
706 16
707 16
708 17
709 18
710 18
711 18
712 19
713 19
714 18
715 19
716 19
717 19
718 21
719 36
720 37
721 39
722 39
723 39
724 43
725 43
726 47
727 48
728 48
729 49
730 48
731 49
732 50
733 49
734 49
735 50
736 50
737 50
738 49
739 50
740 50
741 51
742 50
743 51
744 52
745 52
746 53
747 53
748 53
749 54
750 55
751 55
752 55
753 55
754 56
755 55
756 56
757 56
758 56
759 56
760 57
761 57
762 57
763 58
764 58
765 57
766 57
767 57
768 57
769 57
770 57
771 58
772 57
773 59
774 59
775 59
776 59
777 60
778 61
779 62
780 62
781 62
782 62
783 62
784 63
785 62
786 61
787 62
788 70
789 70
790 18
791 18
792 22
793 21
794 29
795 29
796 30
797 29
798 29
799 29
800 29
801 30
802 30
803 30
804 30
805 31
806 31
807 31
808 31
809 32
810 32
811 31
812 31
813 31
814 32
815 32
816 32
817 32
818 33
819 33
820 33
821 33
822 33
823 34
824 33
825 34
826 33
827 33
828 34
829 34
830 33
831 34
832 34
833 33
834 34
835 34
836 35
837 35
838 35
839 35
840 36
841 35
842 36
843 36
844 37
845 37
846 36
847 20
848 19
849 20
850 20
851 20
852 20
853 20
854 21
855 20
856 21
857 21
858 21
859 22
860 21
861 22
862 22
863 22
864 22
865 22
866 23
867 23
868 23
869 23
870 23
871 24
872 23
873 24
874 24
875 24
876 25
877 24
878 25
879 25
880 25
881 25
882 25
883 26
884 26
885 25
886 26
887 26
888 25
889 26
890 26
891 26
892 25
893 26
894 26
895 27
896 26
897 26
898 27
899 27
900 26
901 26
902 26
903 27
904 27
905 26
906 26
907 27
908 29
909 28
910 28
911 29
912 29
913 29
914 30
915 30
916 31
917 32
918 15
919 14
920 15
921 15
922 16
923 15
924 15
925 15
926 16
927 15
928 18
929 19
930 19
931 18
932 18
933 18
934 19
935 18
936 18
937 18
938 18
939 19
940 18
941 18
942 18
943 18
944 18
945 18
946 18
947 18
948 18
949 18
950 18
951 18
952 18
953 17
954 18
955 18
956 18
957 18
958 17
959 18
960 18
961 18
962 18
963 19
964 19
965 19
966 20
967 19
968 20
969 20
970 21
971 21
972 21
973 21
974 22
975 6
976 6
977 6
978 7
979 7
980 7
981 7
982 7
983 8
984 7
985 8
986 8
987 9
988 8
989 8
990 8
991 9
992 10
993 10
994 10
995 10
996 30
997 30
998 31
999 30
1000 31
1001 31
1002 32
1003 32
1004 32
1005 32
1006 32
1007 33
1008 32
1009 33
1010 33
1011 34
1012 34
1013 34
1014 34
1015 35
1016 35
1017 34
1018 34
1019 35
1020 35
1021 38
1022 43
1023 44
1024 44
1025 44
1026 44
1027 50
1028 50
1029 51
1030 52
1031 52
1032 52
1033 52
1034 53
1035 52
1036 52
1037 52
1038 53
1039 52
1040 53
1041 55
1042 54
1043 55
1044 55
1045 56
1046 24
1047 24
1048 25
1049 24
1050 25
1051 25
1052 24
1053 25
1054 25
1055 26
1056 26
1057 25
1058 26
1059 26
1060 27
1061 26
1062 26
1063 27
1064 27
1065 28
1066 27
1067 27
1068 28
1069 28
1070 28
1071 28
1072 28
1073 28
1074 29
1075 28
1076 29
1077 29
1078 30
1079 29
1080 29
1081 30
1082 30
1083 31
1084 30
1085 30
1086 31
1087 31
1088 31
1089 30
1090 30
1091 31
1092 31
1093 31
1094 31
1095 31
1096 32
1097 31
1098 31
1099 32
1100 31
1101 32
1102 32
1103 31
1104 32
1105 32
1106 32
1107 32
1108 32
1109 32
1110 32
1111 33
1112 32
1113 32
1114 33
1115 33
1116 33
1117 34
1118 34
1119 34
1120 34
1121 34
1122 35
1123 35
1124 15
1125 15
1126 16
1127 15
1128 15
1129 15
1130 16
1131 15
1132 15
1133 15
1134 16
1135 15
1136 15
1137 15
1138 15
1139 15
1140 15
1141 16
1142 16
1143 17
1144 16
1145 16
1146 17
1147 21
1148 21
1149 20
1150 21
1151 21
1152 21
1153 20
1154 21
1155 21
1156 21
1157 21
1158 21
1159 21
1160 21
1161 21
1162 22
1163 20
1164 20
1165 19
1166 20
1167 21
1168 21
1169 20
1170 22
1171 22
1172 23
1173 22
1174 14
1175 12
1176 13
1177 14
1178 13
1179 14
1180 14
1181 13
1182 14
1183 14
1184 15
1185 14
1186 15
1187 15
1188 16
1189 15
1190 16
1191 16
1192 16
1193 16
1194 16
1195 17
1196 17
1197 17
1198 17
1199 18
1200 17
1201 18
1202 18
1203 18
1204 18
1205 18
1206 19
1207 19
1208 20
1209 19
1210 19
1211 20
1212 20
1213 19
1214 20
1215 19
1216 19
1217 22
1218 31
1219 8
1220 8
1221 8
1222 8
1223 8
1224 13
1225 14
1226 14
1227 15
1228 15
1229 16
1230 15
1231 16
1232 16
1233 16
1234 16
1235 17
1236 17
1237 18
1238 18
1239 19
1240 19
1241 20
1242 19
1243 20
1244 20
1245 20
1246 21
1247 19
1248 19
1249 20
1250 19
1251 20
1252 19
1253 20
1254 20
1255 21
1256 20
1257 21
1258 21
1259 16
1260 16
1261 17
1262 18
1263 17
1264 18
1265 18
1266 19
1267 18
1268 19
1269 19
1270 19
1271 20
1272 19
1273 20
1274 20
1275 21
1276 20
1277 21
1278 21
1279 20
1280 21
1281 21
1282 22
1283 21
1284 22
1285 22
1286 22
1287 22
1288 23
1289 23
1290 24
1291 23
1292 24
1293 24
1294 25
1295 24
1296 25
1297 25
1298 25
1299 26
1300 25
1301 26
1302 18
1303 19
1304 19
1305 20
1306 19
1307 19
1308 19
1309 19
1310 19
1311 19
1312 19
1313 19
1314 19
1315 19
1316 20
1317 21
1318 21
1319 22
1320 23
1321 23
1322 23
1323 24
1324 24
1325 25
1326 25
1327 25
1328 25
1329 26
1330 27
1331 27
1332 26
1333 27
1334 27
1335 28
1336 27
1337 27
1338 28
1339 29
1340 29
1341 29
1342 29
1343 29
1344 30
1345 29
1346 10
1347 11
1348 11
1349 11
1350 13
1351 13
1352 12
1353 11
1354 11
1355 12
1356 12
1357 12
1358 12
1359 12
1360 13
1361 13
1362 14
1363 13
1364 14
1365 14
1366 13
1367 14
1368 14
1369 14
1370 14
1371 14
1372 15
1373 14
1374 15
1375 15
1376 15
1377 16
1378 15
1379 15
1380 16
1381 16
1382 15
1383 16
1384 16
1385 17
1386 16
1387 15
1388 15
1389 15
1390 15
1391 15
1392 15
1393 16
1394 15
1395 15
1396 16
1397 16
1398 15
1399 15
1400 16
1401 16
1402 16
1403 16
1404 16
1405 16
1406 17
1407 17
1408 16
1409 16
1410 17
1411 16
1412 17
1413 17
1414 17
1415 18
1416 21
1417 21
1418 22
1419 22
1420 21
1421 22
1422 26
1423 26
1424 28
1425 31
1426 29
1427 30
1428 21
1429 17
1430 13
1431 13
1432 13
1433 14
1434 14
1435 13
1436 14
1437 14
1438 15
1439 15
1440 15
1441 15
1442 15
1443 16
1444 16
1445 15
1446 16
1447 16
1448 17
1449 16
1450 17
1451 17
1452 17
1453 18
1454 17
1455 18
1456 18
1457 17
1458 18
1459 18
1460 19
1461 19
1462 18
1463 19
1464 19
1465 20
1466 19
1467 19
1468 20
1469 20
1470 21
1471 20
1472 20
1473 21
1474 21
1475 22
1476 21
1477 21
1478 22
1479 22
1480 18
1481 17
1482 18
1483 18
1484 18
1485 18
1486 18
1487 18
1488 18
1489 19
1490 19
1491 18
1492 19
1493 19
1494 19
1495 20
1496 20
1497 20
1498 22
1499 24
1500 24
1501 24
1502 24
1503 24
1504 24
1505 24
1506 24
1507 24
1508 24
1509 24
1510 24
1511 24
1512 24
1513 24
1514 24
1515 16
1516 15
1517 16
1518 16
1519 16
1520 16
1521 17
1522 17
1523 17
1524 18
1525 18
1526 17
1527 18
1528 18
1529 18
1530 18
1531 18
1532 19
1533 18
1534 19
1535 19
1536 19
1537 20
1538 19
1539 20
1540 20
1541 20
1542 21
1543 20
1544 21
1545 21
1546 22
1547 21
1548 21
1549 22
1550 22
1551 23
1552 22
1553 23
1554 23
1555 24
1556 6
1557 5
1558 19
1559 20
1560 20
1561 19
1562 20
1563 20
1564 20
1565 20
1566 20
1567 20
1568 21
1569 21
1570 21
1571 21
1572 22
1573 22
1574 22
1575 22
1576 22
1577 22
1578 22
1579 25
1580 26
1581 26
1582 26
1583 25
1584 25
1585 25
1586 24
1587 24
1588 24
1589 24
1590 24
1591 24
1592 25
1593 24
1594 24
1595 24
1596 24
1597 24
1598 24
1599 24
1600 23
1601 24
1602 24
1603 21
1604 21
1605 21
1606 20
1607 21
1608 14
1609 13
1610 14
1611 13
1612 13
1613 14
1614 13
1615 13
1616 14
1617 13
1618 13
1619 13
1620 14
1621 13
1622 13
1623 14
1624 14
1625 13
1626 15
1627 16
1628 16
1629 17
1630 16
1631 17
1632 17
1633 17
1634 17
1635 18
1636 18
1637 19
1638 18
1639 18
1640 17
1641 18
1642 18
1643 17
1644 18
1645 18
1646 18
1647 18
1648 19
1649 20
1650 19
1651 20
1652 20
1653 20
1654 21
1655 20
1656 21
1657 21
1658 23
1659 23
1660 23
1661 23
1662 24
1663 24
1664 25
1665 24
1666 24
1667 25
1668 24
1669 25
1670 26
1671 27
1672 32
1673 34
1674 36
1675 36
1676 37
1677 37
1678 37
1679 37
1680 38
1681 38
1682 38
1683 39
1684 7
1685 6
1686 13
1687 13
1688 13
1689 14
1690 14
1691 14
1692 14
1693 15
1694 15
1695 16
1696 15
1697 16
1698 16
1699 17
1700 17
1701 17
1702 17
1703 18
1704 18
1705 19
1706 18
1707 19
1708 19
1709 20
1710 19
1711 19
1712 20
1713 20
1714 21
1715 20
1716 21
1717 21
1718 22
1719 21
1720 22
1721 22
1722 23
1723 23
1724 23
1725 23
1726 24
1727 24
1728 24
1729 24
1730 25
1731 25
1732 26
1733 25
1734 25
1735 26
1736 16
1737 17
1738 16
1739 17
1740 17
1741 17
1742 17
1743 18
1744 18
1745 18
1746 18
1747 19
1748 19
1749 19
1750 19
1751 19
1752 20
1753 19
1754 20
1755 20
1756 20
1757 20
1758 21
1759 21
1760 21
1761 21
1762 21
1763 21
1764 21
1765 22
1766 22
1767 23
1768 22
1769 23
1770 23
1771 14
1772 13
1773 14
1774 15
1775 15
1776 15
1777 15
1778 16
1779 16
1780 17
1781 17
1782 16
1783 17
1784 17
1785 18
1786 18
1787 17
1788 18
1789 18
1790 19
1791 19
1792 18
1793 19
1794 19
1795 19
1796 20
1797 19
1798 20
1799 20
1800 20
1801 21
1802 20
1803 20
1804 21
1805 22
1806 22
1807 23
1808 22
1809 22
1810 22
1811 23
1812 7
1813 7
1814 15
1815 14
1816 13
1817 14
1818 14
1819 13
1820 13
1821 14
1822 14
1823 13
1824 14
1825 14
1826 14
1827 14
1828 14
1829 14
1830 14
1831 14
1832 14
1833 14
1834 14
1835 14
1836 14
1837 15
1838 14
1839 14
1840 15
1841 15
1842 16
1843 15
1844 15
1845 15
1846 16
1847 15
1848 15
1849 16
1850 16
1851 16
1852 16
1853 16
1854 16
1855 17
1856 16
1857 16
1858 16
1859 17
1860 17
1861 17
1862 17
1863 17
1864 9
1865 9
1866 9
1867 9
1868 9
1869 9
1870 9
1871 9
1872 9
1873 9
1874 10
1875 10
1876 11
1877 16
1878 16
1879 17
1880 17
1881 16
1882 17
1883 17
1884 17
1885 18
1886 17
1887 17
1888 17
1889 18
1890 17
1891 17
1892 17
1893 18
1894 18
1895 18
1896 18
1897 18
1898 18
1899 15
1900 14
1901 15
1902 15
1903 15
1904 14
1905 15
1906 15
1907 15
1908 16
1909 15
1910 16
1911 16
1912 16
1913 17
1914 16
1915 16
1916 17
1917 17
1918 18
1919 17
1920 16
1921 17
1922 16
1923 15
1924 20
1925 27
1926 34
1927 34
1928 34
1929 34
1930 35
1931 34
1932 34
1933 35
1934 34
1935 34
1936 35
1937 34
1938 34
1939 35
1940 33
1941 33
1942 21
1943 21
1944 21
1945 21
1946 21
1947 22
1948 21
1949 22
1950 22
1951 22
1952 22
1953 21
1954 22
1955 22
1956 22
1957 22
1958 21
1959 22
1960 22
1961 22
1962 23
1963 22
1964 22
1965 22
1966 23
1967 23
1968 22
1969 22
1970 22
1971 23
1972 22
1973 22
1974 22
1975 22
1976 23
1977 23
1978 22
1979 22
1980 22
1981 22
1982 23
1983 22
1984 22
1985 22
1986 22
1987 23
1988 22
1989 22
1990 22
1991 22
1992 19
1993 20
1994 20
1995 19
1996 19
1997 20
1998 20
1999 20
2000 20
2001 21
2002 21
2003 21
2004 21
2005 22
2006 23
2007 24
2008 23
2009 24
2010 24
2011 24
2012 24
2013 24
2014 25
2015 25
2016 26
2017 26
2018 26
2019 26
2020 26
2021 27
2022 26
2023 27
2024 27
2025 27
2026 57
2027 24
2028 24
2029 24
2030 25
2031 25
2032 26
2033 25
2034 26
2035 26
2036 21
2037 21
2038 18
2039 15
2040 15
2041 16
2042 16
2043 16
2044 16
2045 17
2046 17
2047 18
2048 17
2049 17
2050 18
2051 18
2052 19
2053 18
2054 19
2055 19
2056 20
2057 20
2058 19
2059 20
2060 20
2061 20
2062 21
2063 20
2064 21
2065 21
2066 22
2067 22
2068 22
2069 22
2070 20
2071 21
2072 21
2073 22
2074 21
2075 21
2076 22
2077 22
2078 22
2079 22
2080 22
2081 23
2082 23
2083 22
2084 23
2085 23
2086 24
2087 23
2088 23
2089 24
2090 24
2091 24
2092 25
2093 25
2094 25
2095 26
2096 26
2097 26
2098 26
2099 26
2100 26
2101 27
2102 27
2103 26
2104 27
2105 27
2106 27
2107 27
2108 27
2109 28
2110 27
2111 27
2112 28
2113 27
2114 27
2115 28
2116 28
2117 28
2118 28
2119 29
2120 29
2121 28
2122 29
2123 29
2124 29
2125 29
2126 29
2127 30
2128 30
2129 30
2130 30
2131 30
2132 31
2133 31
2134 30
2135 31
2136 31
2137 31
2138 32
2139 32
2140 31
2141 31
2142 32
2143 32
2144 33
2145 32
2146 33
2147 34
2148 34
2149 34
2150 34
2151 34
2152 34
2153 35
2154 12
2155 13
2156 13
2157 14
2158 13
2159 14
2160 14
2161 14
2162 14
2163 14
2164 14
2165 15
2166 15
2167 15
2168 15
2169 16
2170 16
2171 17
2172 17
2173 16
2174 17
2175 17
2176 18
2177 18
2178 17
2179 18
2180 18
2181 19
2182 19
2183 19
2184 19
2185 19
2186 20
2187 20
2188 21
2189 20
2190 20
2191 21
2192 20
2193 21
2194 21
2195 21
2196 21
2197 21
2198 5
2199 6
2200 6
2201 6
2202 6
2203 7
2204 6
2205 6
2206 7
2207 7
2208 7
2209 7
2210 8
2211 8
2212 8
2213 8
2214 8
2215 8
2216 9
2217 9
2218 9
2219 9
2220 22
2221 22
2222 22
2223 23
2224 23
2225 23
2226 23
2227 24
2228 23
2229 24
2230 24
2231 25
2232 24
2233 25
2234 25
2235 25
2236 25
2237 25
2238 26
2239 25
2240 25
2241 25
2242 25
2243 26
2244 25
2245 26
2246 26
2247 25
2248 26
2249 26
2250 26
2251 26
2252 26
2253 27
2254 26
2255 26
2256 27
2257 27
2258 27
2259 27
2260 27
2261 27
2262 27
2263 26
2264 26
2265 27
2266 26
2267 26
2268 27
2269 27
2270 27
2271 26
2272 27
2273 27
2274 27
2275 27
2276 27
2277 28
2278 27
2279 28
2280 28
2281 28
2282 15
2283 15
2284 15
2285 14
2286 13
2287 14
2288 13
2289 13
2290 14
2291 14
2292 14
2293 14
2294 15
2295 15
2296 15
2297 15
2298 16
2299 15
2300 16
2301 16
2302 16
2303 17
2304 16
2305 17
2306 17
2307 17
2308 18
2309 17
2310 18
2311 18
2312 18
2313 20
2314 21
2315 20
2316 20
2317 21
2318 21
2319 20
2320 21
2321 21
2322 22
2323 22
2324 21
2325 22
2326 9
2327 9
2328 10
2329 9
2330 9
2331 9
2332 9
2333 8
2334 9
2335 9
2336 9
2337 9
2338 9
2339 9
2340 7
2341 7
2342 8
2343 7
2344 7
2345 7
2346 7
2347 7
2348 6
2349 6
2350 6
2351 6
2352 6
2353 7
2354 6
2355 7
2356 7
2357 8
2358 8
2359 7
2360 8
2361 8
2362 8
2363 9
2364 8
2365 8
2366 9
2367 9
2368 9
2369 9
2370 9
2371 6
2372 5
2373 19
2374 20
2375 19
2376 25
2377 27
2378 30
2379 30
2380 35
2381 35
2382 36
2383 37
2384 37
2385 40
2386 40
2387 40
2388 41
2389 41
2390 42
2391 41
2392 41
2393 42
2394 43
2395 42
2396 43
2397 44
2398 44
2399 45
2400 44
2401 45
2402 45
2403 45
2404 45
2405 45
2406 45
2407 46
2408 46
2409 39
2410 22
2411 23
2412 24
2413 24
2414 24
2415 24
2416 25
2417 26
2418 26
2419 27
2420 26
2421 27
2422 27
2423 28
2424 28
2425 28
2426 28
2427 29
2428 29
2429 30
2430 29
2431 30
2432 30
2433 31
2434 32
2435 31
2436 31
2437 32
2438 32
2439 33
2440 32
2441 33
2442 33
2443 32
2444 33
2445 33
2446 33
2447 33
2448 34
2449 34
2450 34
2451 34
2452 35
2453 35
2454 16
2455 16
2456 17
2457 17
2458 18
2459 18
2460 18
2461 18
2462 18
2463 18
2464 17
2465 18
2466 18
2467 19
2468 19
2469 19
2470 19
2471 19
2472 20
2473 20
2474 20
2475 20
2476 21
2477 21
2478 22
2479 21
2480 22
2481 22
2482 22
2483 23
2484 22
2485 23
2486 23
2487 24
2488 24
2489 24
2490 24
2491 24
2492 25
2493 25
2494 25
2495 25
2496 26
2497 26
2498 27
2499 26
2500 27
2501 20
2502 19
2503 19
2504 20
2505 19
2506 20
2507 20
2508 21
2509 19
2510 19
2511 19
2512 14
2513 14
2514 15
2515 15
2516 15
2517 16
2518 16
2519 15
2520 16
2521 16
2522 17
2523 16
2524 17
2525 17
2526 18
2527 18
2528 17
2529 18
2530 18
2531 19
2532 18
2533 19
2534 19
2535 19
2536 20
2537 19
2538 10
2539 11
2540 11
2541 12
2542 11
2543 12
2544 12
2545 13
2546 13
2547 12
2548 13
2549 13
2550 14
2551 14
2552 14
2553 14
2554 15
2555 15
2556 15
2557 15
2558 15
2559 20
2560 21
2561 21
2562 21
2563 22
2564 22
2565 22
2566 23
2567 23
2568 23
2569 24
2570 24
2571 24
2572 24
2573 24
2574 25
2575 26
2576 25
2577 26
2578 26
2579 26
2580 26
2581 26
2582 17
2583 16
2584 17
2585 17
2586 17
2587 17
2588 16
2589 16
2590 17
2591 17
2592 17
2593 16
2594 18
2595 18
2596 18
2597 19
2598 18
2599 19
2600 19
2601 20
2602 20
2603 20
2604 20
2605 21
2606 21
2607 22
2608 21
2609 22
2610 22
2611 22
2612 23
2613 22
2614 23
2615 22
2616 22
2617 22
2618 22
2619 22
2620 23
2621 23
2622 23
2623 23
2624 23
2625 24
2626 23
2627 24
2628 24
2629 5
2630 9
2631 8
2632 8
2633 9
2634 9
2635 10
2636 9
2637 9
2638 10
2639 10
2640 10
2641 10
2642 10
2643 11
2644 11
2645 10
2646 11
2647 11
2648 12
2649 12
2650 12
2651 12
2652 12
2653 12
2654 13
2655 13
2656 13
2657 13
2658 13
2659 14
2660 14
2661 14
2662 14
2663 14
2664 14
2665 15
2666 11
2667 10
2668 11
2669 11
2670 11
2671 11
2672 11
2673 12
2674 11
2675 11
2676 12
2677 12
2678 12
2679 11
2680 11
2681 12
2682 12
2683 15
2684 14
2685 14
2686 13
2687 13
2688 13
2689 14
2690 14
2691 13
2692 13
2693 13
2694 15
2695 15
2696 15
2697 15
2698 15
2699 16
2700 16
2701 15
2702 16
2703 16
2704 16
2705 16
2706 16
2707 25
2708 8
2709 7
2710 12
2711 12
2712 13
2713 13
2714 13
2715 14
2716 14
2717 14
2718 14
2719 14
2720 15
2721 15
2722 16
2723 15
2724 16
2725 16
2726 17
2727 23
2728 25
2729 25
2730 26
2731 26
2732 27
2733 27
2734 27
2735 28
2736 29
2737 29
2738 30
2739 29
2740 30
2741 30
2742 31
2743 31
2744 31
2745 31
2746 31
2747 32
2748 32
2749 33
2750 32
2751 32
2752 33
2753 32
2754 33
2755 32
2756 33
2757 6
2758 18
2759 20
2760 21
2761 20
2762 21
2763 21
2764 22
2765 22
2766 22
2767 22
2768 23
2769 23
2770 24
2771 23
2772 23
2773 24
2774 24
2775 26
2776 26
2777 26
2778 27
2779 27
2780 27
2781 27
2782 28
2783 28
2784 29
2785 29
2786 29
2787 30
2788 30
2789 31
2790 30
2791 31
2792 32
2793 32
2794 32
2795 33
2796 32
2797 33
2798 34
2799 34
2800 34
2801 34
2802 34
2803 35
2804 35
2805 36
2806 36
2807 36
2808 37
2809 38
2810 38
2811 39
2812 38
2813 39
2814 39
2815 40
2816 40
2817 40
2818 40
2819 40
2820 41
2821 41
2822 42
2823 41
2824 42
2825 42
2826 44
2827 43
2828 44
2829 44
2830 44
2831 44
2832 44
2833 45
2834 44
2835 10
2836 9
2837 10
2838 32
2839 37
2840 38
2841 39
2842 40
2843 40
2844 40
2845 40
2846 41
2847 40
2848 41
2849 42
2850 41
2851 42
2852 41
2853 41
2854 42
2855 43
2856 42
2857 43
2858 43
2859 42
2860 43
2861 43
2862 40
2863 40
2864 40
2865 40
2866 40
2867 40
2868 39
2869 39
2870 39
2871 38
2872 39
2873 38
2874 38
2875 39
2876 39
2877 39
2878 39
2879 39
2880 39
2881 39
2882 39
2883 39
2884 38
2885 15
2886 41
2887 42
2888 43
2889 42
2890 43
2891 43
2892 44
2893 43
2894 44
2895 44
2896 30
2897 31
2898 30
2899 30
2900 31
2901 31
2902 31
2903 31
2904 31
2905 32
2906 33
2907 33
2908 33
2909 33
2910 33
2911 34
2912 35
2913 34
2914 34
2915 35
2916 35
2917 36
2918 35
2919 35
2920 36
2921 36
2922 37
2923 37
2924 37
2925 38
2926 38
2927 39
2928 38
2929 39
2930 39
2931 40
2932 35
2933 36
2934 36
2935 35
2936 36
2937 36
2938 36
2939 36
2940 36
2941 37
2942 36
2943 37
2944 37
2945 36
2946 37
2947 37
2948 37
2949 37
2950 37
2951 38
2952 37
2953 37
2954 38
2955 38
2956 38
2957 38
2958 39
2959 38
2960 38
2961 44
2962 45
2963 13
2964 12
2965 13
2966 13
2967 14
2968 13
2969 14
2970 14
2971 15
2972 15
2973 15
2974 15
2975 11
2976 10
2977 11
2978 11
2979 11
2980 11
2981 11
2982 11
2983 12
2984 12
2985 11
2986 12
2987 12
2988 13
2989 13
2990 12
2991 13
2992 13
2993 14
2994 14
2995 13
2996 14
2997 14
2998 15
2999 15
3000 14
3001 15
3002 15
3003 16
3004 16
3005 15
3006 16
3007 16
3008 17
3009 17
3010 16
3011 17
3012 17
3013 18
3014 6
3015 6
3016 6
3017 6
3018 7
3019 7
3020 6
3021 7
3022 7
3023 8
3024 7
3025 7
3026 8
3027 8
3028 7
3029 8
3030 7
3031 10
3032 2
3033 2
3034 13
3035 12
3036 12
3037 13
3038 13
3039 14
3040 13
3041 13
3042 14
3043 14
3044 14
3045 14
3046 14
3047 15
3048 15
3049 16
3050 16
3051 15
3052 16
3053 16
3054 17
3055 17
3056 16
3057 17
3058 17
3059 17
3060 18
3061 17
3062 18
3063 18
3064 18
3065 19
3066 18
3067 20
3068 21
3069 22
3070 23
3071 23
3072 23
3073 23
3074 24
3075 24
3076 24
3077 25
3078 24
3079 25
3080 25
3081 28
3082 28
3083 28
3084 28
3085 29
3086 29
3087 29
3088 29
3089 29
3090 30
3091 9
3092 9
3093 10
3094 9
3095 10
3096 11
3097 11
3098 11
3099 11
3100 11
3101 12
3102 12
3103 12
3104 13
3105 12
3106 13
3107 11
3108 11
3109 11
3110 11
3111 12
3112 12
3113 11
3114 12
3115 12
3116 13
3117 14
3118 13
3119 13
3120 14
3121 14
3122 14
3123 14
3124 15
3125 15
3126 14
3127 15
3128 15
3129 16
3130 16
3131 15
3132 16
3133 16
3134 16
3135 17
3136 17
3137 17
3138 18
3139 18
3140 18
3141 19
3142 12
3143 12
3144 12
3145 12
3146 12
3147 12
3148 14
3149 15
3150 15
3151 16
3152 15
3153 16
3154 16
3155 16
3156 17
3157 17
3158 17
3159 18
3160 19
3161 19
3162 12
3163 13
3164 12
3165 13
3166 13
3167 13
3168 13
3169 13
3170 14
3171 14
3172 15
3173 15
3174 15
3175 15
3176 15
3177 16
3178 16
3179 15
3180 16
3181 16
3182 17
3183 17
3184 17
3185 17
3186 18
3187 18
3188 18
3189 17
3190 18
3191 19
3192 19
3193 19
3194 19
3195 19
3196 19
3197 20
3198 20
3199 20
3200 20
3201 20
3202 21
3203 21
3204 20
3205 21
3206 21
3207 22
3208 22
3209 22
3210 22
3211 22
3212 22
3213 23
3214 23
3215 24
3216 23
3217 24
3218 24
3219 3
3220 4
3221 4
3222 5
3223 5
3224 5
3225 5
3226 5
3227 6
3228 6
3229 5
3230 6
3231 6
3232 7
3233 7
3234 8
3235 20
3236 22
3237 22
3238 22
3239 22
3240 23
3241 23
3242 23
3243 23
3244 23
3245 23
3246 23
3247 24
3248 24
3249 24
3250 24
3251 24
3252 24
3253 25
3254 24
3255 24
3256 25
3257 25
3258 25
3259 25
3260 25
3261 25
3262 25
3263 25
3264 25
3265 25
3266 25
3267 25
3268 25
3269 26
3270 26
3271 26
3272 27
3273 27
3274 27
3275 21
3276 21
3277 22
3278 23
3279 23
3280 24
3281 23
3282 24
3283 24
3284 24
3285 25
3286 25
3287 26
3288 26
3289 27
3290 23
3291 23
3292 25
3293 31
3294 31
3295 32
3296 32
3297 32
3298 32
3299 33
3300 33
3301 33
3302 33
3303 33
3304 34
3305 34
3306 35
3307 34
3308 33
3309 34
3310 34
3311 34
3312 34
3313 34
3314 34
3315 34
3316 34
3317 34
3318 34
3319 34
3320 34
3321 34
3322 34
3323 34
3324 34
3325 34
3326 33
3327 33
3328 33
3329 34
3330 34
3331 34
3332 33
3333 33
3334 33
3335 33
3336 33
3337 34
3338 33
3339 33
3340 33
3341 33
3342 33
3343 33
3344 32
3345 36
3346 36
3347 36
3348 35
3349 35
3350 35
3351 35
3352 36
3353 35
3354 35
3355 35
3356 35
3357 35
3358 35
3359 36
3360 33
3361 32
3362 32
3363 9
3364 10
3365 10
3366 10
3367 10
3368 10
3369 11
3370 11
3371 11
3372 11
3373 11
3374 11
3375 11
3376 12
3377 12
3378 12
3379 13
3380 12
3381 12
3382 13
3383 13
3384 13
3385 14
3386 14
3387 13
3388 13
3389 14
3390 14
3391 14
3392 14
3393 13
3394 14
3395 14
3396 14
3397 14
3398 15
3399 15
3400 14
3401 14
3402 15
3403 15
3404 15
3405 15
3406 16
3407 16
3408 15
3409 15
3410 15
3411 15
3412 16
3413 16
3414 16
3415 15
3416 15
3417 15
3418 3
3419 4
3420 4
3421 4
3422 4
3423 4
3424 5
3425 5
3426 6
3427 5
3428 5
3429 6
3430 6
3431 7
3432 6
3433 6
3434 10
3435 10
3436 11
3437 11
3438 11
3439 11
3440 11
3441 12
3442 12
3443 12
3444 13
3445 12
3446 12
3447 12
3448 13
3449 13
3450 13
3451 13
3452 14
3453 13
3454 13
3455 13
3456 14
3457 14
3458 13
3459 14
3460 14
3461 14
3462 14
3463 14
3464 13
3465 13
3466 14
3467 14
3468 14
3469 14
3470 13
3471 13
3472 13
3473 14
3474 14
3475 15
3476 15
3477 15
3478 15
3479 15
3480 15
3481 15
3482 15
3483 16
3484 15
3485 15
3486 24
3487 10
3488 10
3489 9
3490 9
3491 11
3492 11
3493 11
3494 11
3495 12
3496 12
3497 11
3498 12
3499 12
3500 12
3501 13
3502 13
3503 12
3504 13
3505 13
3506 14
3507 14
3508 14
3509 14
3510 14
3511 15
3512 15
3513 15
3514 15
3515 14
3516 15
3517 16
3518 16
3519 16
3520 16
3521 15
3522 16
3523 16
3524 16
3525 16
3526 15
3527 15
3528 16
3529 16
3530 16
3531 15
3532 16
3533 16
3534 16
3535 16
3536 17
3537 17
3538 16
3539 16
3540 16
3541 16
3542 16
3543 16
3544 16
3545 16
3546 3
3547 3
3548 3
3549 4
3550 3
3551 3
3552 4
3553 5
3554 5
3555 6
3556 6
3557 6
3558 5
3560 8
3559 6
3561 8
3562 3
3563 4
3564 4
3565 3
3566 4
3567 4
3568 7
3569 7
3570 7
3571 7
3572 7
3573 7
3574 8
3575 8
3576 8
3577 7
3578 8
3579 8
3580 21
3581 15
3582 11
3583 12
3584 11
3585 11
3586 11
3587 12
3588 12
3589 13
3590 12
3591 12
3592 13
3593 13
3594 13
3595 14
3596 14
3597 14
3598 14
3599 14
3600 13
3601 14
3602 14
3603 13
3604 14
3605 14
3606 14
3607 14
3608 15
3609 15
3610 14
3611 14
3612 15
3613 15
3614 5
3615 5
3616 5
3617 11
3618 12
3619 29
3620 28
3621 25
3622 25
3623 24
3624 24
3625 24
3626 24
3627 23
3628 23
3629 23
3630 23
3631 23
3632 23
3633 22
3634 21
3635 21
3636 21
3637 22
3638 21
3639 22
3640 22
3641 22
3642 21
3643 19
3644 19
3645 20
3646 20
3647 20
3648 20
3649 20
3650 20
3651 20
3652 21
3653 21
3654 20
3655 21
3656 21
3657 21
3658 22
3659 21
3660 21
3661 22
3662 22
3663 22
3664 22
3665 22
3666 22
3667 22
3668 24
3669 24
3670 28
3671 29
3672 30
3673 30
3674 30
3675 31
3676 30
3677 30
3678 31
3679 31
3680 32
3681 32
3682 31
3683 32
3684 32
3685 32
3686 33
3687 33
3688 33
3689 33
3690 13
3691 14
3692 13
3693 14
3694 14
3695 14
3696 14
3697 14
3698 14
3699 14
3700 14
3701 14
3702 14
3703 13
3704 14
3705 14
3706 14
3707 14
3708 42
3709 42
3710 41
3711 41
3712 42
3713 42
3714 42
3715 42
3716 42
3717 43
3718 42
3719 42
3720 33
3721 32
3722 30
3723 29
3724 27
3725 27
3726 27
3727 27
3728 25
3729 24
3730 24
3731 23
3732 23
3733 24
3734 24
3735 23
3736 23
3737 22
3738 21
3739 21
3740 21
3741 21
3742 7
3743 7
3744 7
3745 7
3746 6
3747 5
3748 5
3749 5
3750 7
3751 7
3752 8
3753 7
3754 7
3755 8
3756 8
3757 8
3758 6
3759 6
3760 6
3761 6
3762 12
3763 13
3764 13
3765 13
3766 15
3767 16
3768 16
3769 20
3770 20
3771 22
3772 22
3773 24
3774 27
3775 26
3776 26
3777 27
3778 27
3779 27
3780 28
3781 27
3782 27
3783 28
3784 30
3785 29
3786 29
3787 47
3788 17
3789 16
3790 17
3791 17
3792 17
3793 17
3794 18
3795 17
3796 17
3797 17
3798 18
3799 18
3800 24
3801 23
3802 24
3803 24
3804 27
3805 27
3806 26
3807 26
3808 27
3809 27
3810 27
3811 27
3812 28
3813 27
3814 27
3815 28
3816 28
3817 28
3818 29
3819 29
3820 28
3821 28
3822 29
3823 29
3824 29
3825 30
3826 30
3827 30
3828 30
3829 30
3830 31
3831 31
3832 30
3833 30
3834 31
3835 31
3836 14
3837 14
3838 14
3839 15
3840 15
3841 15
3842 16
3843 15
3844 15
3845 16
3846 16
3847 16
3848 17
3849 17
3850 16
3851 16
3852 17
3853 17
3854 17
3855 17
3856 18
3857 17
3858 17
3859 17
3860 18
3861 18
3862 18
3863 18
3864 18
3865 18
3866 18
3867 18
3868 18
3869 18
3870 19
3871 19
3872 19
3873 19
3874 19
3875 19
3876 20
3877 20
3878 20
3879 19
3880 20
3881 20
3882 20
3883 20
3884 20
3885 20
3886 7
3887 7
3888 6
3889 6
3890 7
3891 7
3892 7
3893 8
3894 7
3895 7
3896 7
3897 8
3898 8
3899 8
3900 9
3901 9
3902 8
3903 9
3904 9
3905 9
3906 10
3907 10
3908 10
3909 10
3910 10
3911 10
3912 10
3913 11
3914 11
3915 4
3916 3
3917 4
3918 4
3919 4
3920 5
3921 4
3922 4
3923 3
3924 3
3925 4
3926 4
3927 4
3928 4
3929 3
3930 4
3931 11
3932 7
3933 7
3934 7
3935 7
3936 7
3937 7
3938 8
3939 8
3940 8
3941 8
3942 8
3943 8
3944 9
3945 10
3946 10
3947 11
3948 11
3949 10
3950 10
3951 11
3952 11
3953 12
3954 12
3955 12
3956 12
3957 12
3958 12
3959 12
3960 13
3961 13
3962 14
3963 14
3964 9
3965 10
3966 9
3967 9
3968 9
3969 9
3970 10
3971 10
3972 10
3973 10
3974 10
3975 10
3976 10
3977 11
3978 11
3979 11
3980 10
3981 10
3982 11
3983 11
3984 11
3985 11
3986 11
3987 11
3988 11
3989 11
3990 11
3991 12
3992 12
3993 11
3994 11
3995 11
3996 12
3997 12
3998 12
3999 13
4000 12
4001 12
4002 13
4003 13
4004 13
4005 14
4006 13
4007 13
4008 13
4009 14
4010 14
4011 14
4012 14
4013 14
4014 5
4015 5
4016 6
4017 6
4018 6
4019 8
4020 7
4021 7
4022 8
4023 8
4024 8
4025 9
4026 9
4027 8
4028 9
4029 9
4030 9
4031 10
4032 10
4033 10
4034 11
4035 10
4036 10
4037 11
4038 11
4039 11
4040 11
4041 12
4042 11
4043 4
4044 4
4045 4
4046 5
4047 4
4048 5
4049 5
4050 5
4051 5
4052 6
4053 6
4054 6
4055 6
4056 6
4057 7
4058 7
4059 5
4060 5
4061 5
4062 5
4063 6
4064 6
4065 6
4066 8
4067 8
4068 9
4069 9
4070 9
4071 9
4072 9
4073 9
4074 10
4075 10
4076 10
4077 10
4078 10
4079 10
4080 10
4081 10
4082 10
4083 11
4084 11
4085 11
4086 11
4087 11
4088 12
4089 12
4090 12
4091 13
4092 12
4093 12
4094 12
4095 13
4096 14
4097 13
4098 13
4099 13
4100 14
4101 14
4102 14
4103 14
4104 13
4105 13
4106 14
4107 15
4108 16
4109 16
4110 16
4111 17
4112 16
4113 16
4114 17
4115 17
4116 18
4117 18
4118 18
4119 19
4120 18
4121 18
4122 19
4123 19
4124 19
4125 20
4126 19
4127 19
4128 20
4129 20
4130 20
4131 20
4132 21
4133 20
4134 21
4135 21
4136 21
4137 21
4138 21
4139 22
4140 21
4141 17
4142 8
4143 7
4144 7
4145 7
4146 7
4147 7
4148 8
4149 7
4150 7
4151 7
4152 8
4153 8
4154 8
4155 8
4156 8
4157 8
4158 8
4159 8
4160 8
4161 8
4162 8
4163 9
4164 8
4165 8
4166 8
4167 8
4168 9
4169 9
4170 9
4171 8
4172 7
4173 8
4174 8
4175 8
4176 8
4177 9
4178 9
4179 8
4180 8
4181 8
4182 9
4183 9
4184 9
4185 9
4186 33
4187 4
4188 4
4189 4
4190 3
4191 4
4192 4
4193 4
4194 4
4195 4
4196 4
4197 8
4198 6
4199 6
4200 6
4201 6
4202 5
4203 5
4204 5
4205 6
4206 6
4207 6
4208 6
4209 6
4210 5
4211 5
4212 6
4213 6
4214 6
4215 6
4216 5
4217 5
4218 5
4219 6
4220 9
4221 9
4222 9
4223 9
4224 9
4225 9
4226 9
4227 9
4228 8
4229 9
4230 9
4231 10
4232 10
4233 10
4234 11
4235 10
4236 10
4237 11
4238 10
4239 10
4240 10
4241 11
4242 11
4243 11
4244 11
4245 11
4246 11
4247 11
4248 12
4249 12
4250 12
4251 11
4252 12
4253 12
4254 12
4255 13
4256 13
4257 13
4258 12
4259 13
4260 13
4261 13
4262 13
4263 13
4264 14
4265 14
4266 13
4267 14
4268 14
4269 14
4270 7
4271 7
4272 7
4273 7
4274 6
4275 7
4276 7
4277 7
4278 8
4279 8
4280 8
4281 7
4282 7
4283 8
4284 8
4285 8
4286 9
4287 9
4288 8
4289 8
4290 9
4291 9
4292 9
4293 10
4294 10
4295 10
4296 9
4297 9
4298 10
4299 10
4300 10
4301 10
4302 10
4303 10
4304 10
4305 10
4306 10
4307 11
4308 11
4309 11
4310 4
4311 4
4312 5
4313 5
4314 2
4315 2
4316 2
4317 3
4318 3
4319 3
4320 2
4321 2
4322 3
4323 3
4324 3
4325 5
4326 4
4327 4
4328 5
4329 5
4330 5
4331 5
4332 5
4333 5
4334 5
4335 5
4336 5
4337 6
4338 6
4339 5
4340 5
4341 6
4342 6
4343 6
4344 6
4345 7
4346 7
4347 6
4348 3
4349 2
4350 2
4351 3
4352 3
4353 3
4354 3
4355 3
4356 2
4357 2
4358 3
4359 3
4360 3
4361 3
4362 2
4363 5
4364 4
4365 4
4366 4
4367 4
4368 4
4369 5
4370 5
4371 5
4372 6
4373 5
4374 5
4375 6
4376 6
4377 7
4378 7
4379 7
4380 8
4381 7
4382 7
4383 8
4384 8
4385 9
4386 9
4387 9
4388 10
4389 10
4390 10
4391 10
4392 10
4393 11
4394 11
4395 12
4396 12
4397 13
4398 7
4399 7
4400 7
4401 8
4402 8
4403 8
4404 9
4405 9
4406 10
4407 10
4408 11
4409 11
4410 11
4411 12
4412 12
4413 13
4414 13
4415 14
4416 14
4417 15
4418 15
4419 16
4420 16
4421 16
4422 16
4423 17
4424 18
4425 18
4426 18
4427 19
4428 19
4429 18
4430 19
4431 19
4432 19
4433 20
4434 20
4435 20
4436 21
4437 20
4438 19
4439 24
4440 5
4441 5
4442 7
4443 7
4444 6
4445 6
4446 7
4447 7
4448 7
4449 7
4450 7
4451 7
4452 7
4453 7
4454 7
4455 8
4456 8
4457 8
4458 7
4459 8
4460 8
4461 8
4462 8
4463 9
4464 8
4465 8
4466 8
4467 8
4468 10
4469 10
4470 10
4471 9
4472 10
4473 10
4474 10
4475 10
4476 7
4477 7
4478 7
4479 6
4480 7
4481 7
4482 7
4483 7
4484 8
4485 8
4486 7
4487 7
4488 7
4489 8
4490 8
4491 8
4492 8
4493 8
4494 8
4495 8
4496 8
4497 9
4498 2
4499 2
4500 2
4501 2
4502 2
4503 2
4504 2
4505 3
4506 3
4507 4
4508 3
4509 3
4510 23
4511 20
4512 18
4513 19
4514 19
4515 19
4516 19
4517 15
4518 16
4519 16
4520 15
4521 15
4522 14
4523 15
4524 15
4525 10
4526 15
4527 14
4528 14
4529 15
4530 15
4531 15
4532 15
4533 15
4534 15
4535 15
4536 15
4537 15
4538 15
4539 15
4540 16
4541 15
4542 15
4543 15
4544 16
4545 15
4546 15
4547 14
4548 14
4549 15
4550 15
4551 14
4552 14
4553 16
4554 16
4555 15
4556 15
4557 16
4558 16
4559 16
4560 15
4561 16
4562 16
4563 16
4564 15
4565 16
4566 16
4567 16
4568 15
4569 16
4570 14
4571 14
4572 13
4573 13
4574 14
4575 15
4576 15
4577 15
4578 15
4579 14
4580 14
4581 14
4582 14
4583 16
4584 17
4585 18
4586 18
4587 18
4588 18
4589 18
4590 18
4591 19
4592 19
4593 20
4594 20
4595 20
4596 20
4597 20
4598 21
4599 21
4600 21
4601 20
4602 21
4603 21
4604 21
4605 22
4606 22
4607 22
4608 22
4609 22
4610 22
4611 22
4612 23
4613 23
4614 23
4615 23
4616 23
4617 23
4618 23
4619 23
4620 24
4621 23
4622 24
4623 24
4624 24
4625 24
4626 6
4627 7
4628 7
4629 7
4630 7
4631 7
4632 7
4633 8
4634 8
4635 8
4636 8
4637 8
4638 6
4639 6
4640 7
4641 7
4642 6
4643 6
4644 6
4645 7
4646 7
4647 7
4648 7
4649 7
4650 7
4651 7
4652 7
4653 10
4654 3
4655 2
4656 2
4657 2
4658 3
4659 3
4660 3
4661 2
4662 3
4663 3
4664 3
4665 3
4666 4
4667 5
4668 6
4669 5
4670 6
4671 6
4672 5
4673 5
4674 6
4675 6
4676 6
4677 7
4678 7
4679 6
4680 6
4681 4
4682 5
4683 5
4684 5
4685 5
4686 6
4687 6
4688 7
4689 7
4690 8
4691 7
4692 7
4693 8
4694 8
4695 9
4696 9
4697 9
4698 11
4699 12
4700 13
4701 13
4702 14
4703 12
4704 13
4705 13
4706 13
4707 14
4708 14
4709 14
4710 14
4711 14
4712 15
4713 15
4714 16
4715 16
4716 15
4717 16
4718 16
4719 17
4720 17
4721 17
4722 18
4723 17
4724 17
4725 17
4726 17
4727 17
4728 17
4729 17
4730 18
4731 17
4732 17
4733 18
4734 18
4735 18
4736 18
4737 17
4738 18
4739 18
4740 18
4741 19
4742 19
4743 18
4744 17
4745 18
4746 18
4747 18
4748 18
4749 19
4750 18
4751 18
4752 19
4753 25
4754 7
4755 8
4756 8
4757 9
4758 9
4759 9
4760 9
4761 9
4762 9
4763 9
4764 10
4765 10
4766 10
4767 10
4768 10
4769 10
4770 10
4771 10
4772 11
4773 11
4774 11
4775 11
4776 11
4777 11
4778 11
4779 11
4780 12
4781 12
4782 12
4783 12
4784 12
4785 12
4786 13
4787 13
4788 12
4789 12
4790 13
4791 13
4792 12
4793 12
4794 13
4795 7
4796 6
4797 7
4798 7
4799 7
4800 8
4801 8
4802 7
4803 7
4804 8
4805 8
4806 8
4807 8
4808 8
4809 5
4810 4
4811 5
4812 5
4813 5
4814 6
4815 5
4816 5
4817 5
4818 6
4819 6
4820 6
4821 7
4822 6
4823 6
4824 6
4825 7
4826 3
4827 3
4828 3
4829 3
4830 3
4831 3
4832 3
4833 3
4834 3
4835 3
4836 3
4837 3
4838 3
4839 1
4840 9
4841 9
4842 9
4843 10
4844 10
4845 9
4846 9
4847 9
4848 9
4849 9
4850 10
4851 10
4852 9
4853 10
4854 10
4855 10
4856 11
4857 11
4858 13
4859 13
4860 13
4861 13
4862 13
4863 14
4864 13
4865 14
4866 14
4867 14
4868 15
4869 15
4870 14
4871 15
4872 15
4873 15
4874 15
4875 15
4876 15
4877 15
4878 16
4879 15
4880 15
4881 6
4882 14
4883 14
4884 14
4885 15
4886 14
4887 10
4888 10
4889 10
4890 11
4891 11
4892 10
4893 10
4894 10
4895 11
4896 10
4897 10
4898 10
4899 11
4900 11
4901 11
4902 10
4903 11
4904 11
4905 11
4906 11
4907 11
4908 11
4909 11
4910 10
4911 10
4912 11
4913 11
4914 11
4915 11
4916 11
4917 10
4918 11
4919 11
4920 11
4921 11
4922 11
4923 16
4924 17
4925 17
4926 17
4927 17
4928 17
4929 16
4930 17
4931 17
4932 18
4933 17
4934 16
4935 16
4936 16
4937 16
4938 17
4939 15
4940 16
4941 16
4942 15
4943 15
4944 15
4945 16
4946 19
4947 19
4948 19
4949 19
4950 19
4951 19
4952 19
4953 19
4954 5
4955 5
4956 6
4957 6
4958 5
4959 5
4960 5
4961 6
4962 6
4963 6
4964 6
4965 6
4966 6
4967 5
4968 9
4969 9
4970 9
4971 9
4972 9
4973 8
4974 9
4975 9
4976 9
4977 9
4978 9
4979 9
4980 8
4981 9
4982 9
4983 9
4984 9
4985 10
4986 10
4987 10
4988 9
4989 9
4990 9
4991 10
4992 10
4993 10
4994 10
4995 10
4996 9
4997 10
4998 10
4999 10
5000 11
5001 11
5002 10
5003 10
5004 11
5005 11
5006 11
5007 11
5008 11
5009 4
5010 8
5011 10
5012 10
5013 9
5014 7
5015 7
5016 8
5017 8
5018 7
5019 7
5020 7
5021 6
5022 7
5023 5
5024 5
5025 31
5026 26
5027 27
5028 27
5029 26
5030 26
5031 26
5032 26
5033 20
5034 19
5035 17
5036 17
5037 17
5038 17
5039 9
5040 9
5041 8
5042 8
5043 8
5044 9
5045 8
5046 8
5047 8
5048 8
5049 9
5050 9
5051 12
5052 12
5053 12
5054 14
5055 15
5056 14
5057 14
5058 11
5059 11
5060 11
5061 11
5062 10
5063 11
5064 11
5065 11
5066 11
5067 11
5068 11
5069 10
5070 11
5071 11
5072 11
5073 11
5074 11
5075 11
5076 10
5077 10
5078 11
5079 11
5080 11
5081 10
5082 13
5083 12
5084 12
5085 13
5086 13
5087 13
5088 12
5089 12
5090 12
5091 12
5092 12
5093 12
5094 12
5095 12
5096 12
5097 12
5098 12
5099 11
5100 11
5101 12
5102 12
5103 12
5104 12
5105 12
5106 11
5107 11
5108 11
5109 12
5110 12
5111 12
5112 12
5113 11
5114 11
5115 11
5116 12
5117 12
5118 12
5119 11
5120 11
5121 11
5122 11
5123 11
5124 12
5125 12
5126 12
5127 11
5128 11
5129 11
5130 11
5131 11
5132 12
5133 12
5134 12
5135 11
5136 11
5137 11
5138 3
5139 3
5140 3
5141 3
5142 4
5143 3
5144 3
5145 3
5146 3
5147 3
5148 3
5149 3
5150 3
5151 2
5152 2
5153 3
5154 2
5155 2
5156 3
5157 3
5158 3
5159 3
5160 2
5161 2
5162 2
5163 3
5164 3
5165 3
5166 3
5167 2
5168 5
5169 2
5170 2
5171 2
5172 2
5173 2
5174 3
5175 3
5176 3
5177 3
5178 3
5179 0
5180 2
5181 2
5182 2
5183 2
5184 2
5185 3
5186 3
5187 3
5188 6
5189 3
5190 3
5191 4
5192 4
5193 4
5194 4
5195 4
5196 4
5197 5
5198 5
5199 5
5200 6
5201 6
5202 5
5203 6
5204 6
5205 6
5206 7
5207 2
5208 2
5209 1
5210 9
5211 9
5212 9
5213 10
5214 10
5215 10
5216 11
5217 11
5218 11
5219 11
5220 11
5221 12
5222 12
5223 12
5224 13
5225 12
5226 12
5227 13
5228 14
5229 14
5230 14
5231 15
5232 15
5233 14
5234 14
5235 14
5236 15
5237 15
5238 16
5239 16
5240 15
5241 16
5242 16
5243 16
5244 17
5245 17
5246 17
5247 17
5248 17
5249 17
5250 17
5251 18
5252 18
5253 18
5254 18
5255 18
5256 19
5257 19
5258 19
5259 20
5260 19
5261 19
5262 19
5263 20
5264 20
5265 20
5266 5
5267 5
5268 6
5269 6
5270 5
5271 6
5272 6
5273 6
5274 7
5275 8
5276 7
5277 7
5278 8
5279 8
5280 8
5281 8
5282 9
5283 9
5284 10
5285 10
5286 12
5287 11
5288 12
5289 12
5290 12
5291 13
5292 13
5293 11
5294 12
5295 11
5296 11
5297 11
5298 11
5299 11
5300 11
5301 11
5302 12
5303 11
5304 11
5305 12
5306 13
5307 12
5308 5
5309 5
5310 6
5311 6
5312 7
5313 7
5314 6
5315 7
5316 7
5317 7
5318 8
5319 7
5320 7
5321 8
5322 8
5323 8
5324 9
5325 9
5326 8
5327 9
5328 9
5329 9
5330 9
5331 10
5332 9
5333 10
5334 10
5335 2
5336 1
5337 2
5338 7
5339 6
5340 7
5341 7
5342 7
5343 8
5344 7
5345 8
5346 8
5347 8
5348 8
5349 9
5350 8
5351 8
5352 9
5353 9
5354 9
5355 10
5356 9
5357 9
5358 10
5359 10
5360 10
5361 11
5362 11
5363 10
5364 11
5365 11
5366 11
5367 12
5368 12
5369 12
5370 12
5371 13
5372 13
5373 12
5374 22
5375 10
5376 10
5377 10
5378 11
5379 10
5380 10
5381 11
5382 11
5383 11
5384 12
5385 12
5386 11
5387 12
5388 12
5389 12
5390 13
5391 13
5392 12
5393 12
5394 28
5395 28
5396 27
5397 28
5398 28
5399 28
5400 29
5401 28
5402 29
5403 29
5404 24
5405 24
5406 24
5407 23
5408 22
5409 6
5410 6
5411 6
5412 5
5413 6
5414 6
5415 6
5416 7
5417 7
5418 7
5419 6
5420 7
5421 7
5422 7
5423 8
5424 8
5425 8
5426 7
5427 7
5428 7
5429 8
5430 8
5431 8
5432 8
5433 8
5434 7
5435 8
5436 8
5437 8
5438 7
5439 7
5440 8
5441 8
5442 8
5443 8
5444 8
5445 7
5446 8
5447 8
5448 8
5449 8
5450 8
5451 7
5452 7
5453 7
5454 7
5455 7
5456 8
5457 7
5458 7
5459 7
5460 7
5461 7
5462 7
5463 7
5464 6
5465 7
5466 25
5467 21
5468 20
5469 21
5470 20
5471 20
5472 20
5473 20
5474 19
5475 19
5476 20
5477 20
5478 20
5479 20
5480 21
5481 21
5482 20
5483 20
5484 21
5485 21
5486 21
5487 22
5488 22
5489 22
5490 23
5491 23
5492 23
5493 23
5494 23
5495 24
5496 23
5497 23
5498 23
5499 24
5500 24
5501 24
5502 7
5503 8
5504 8
5505 8
5506 9
5507 8
5508 8
5509 8
5510 9
5511 9
5512 9
5513 8
5514 9
5515 9
5516 9
5517 9
5518 9
5519 9
5520 9
5521 9
5522 12
5523 12
5524 12
5525 12
5526 13
5527 12
5528 12
5529 12
5530 12
5531 12
5532 12
5533 12
5534 12
5535 12
5536 12
5537 12
5538 12
5539 11
5540 12
5541 12
5542 12
5543 12
5544 12
5545 12
5546 12
5547 12
5548 12
5549 12
5550 12
5551 12
5552 12
5553 13
5554 12
5555 12
5556 12
5557 12
5558 12
5559 12
5560 12
5561 12
5562 12
5563 12
5564 5
5565 5
5566 6
5567 6
5568 6
5569 6
5570 5
5571 5
5572 5
5573 6
5574 6
5575 6
5576 6
5577 5
5578 5
5579 5
5580 5
5581 5
5582 5
5583 5
5584 5
5585 5
5586 5
5587 5
5588 5
5589 5
5590 5
5591 6
5592 6
5593 6
5594 3
5595 3
5596 3
5597 3
5598 3
5599 2
5600 2
5601 2
5602 3
5603 3
5604 2
5605 2
5606 2
5607 5
5608 4
5609 4
5610 5
5611 4
5612 4
5613 5
5614 5
5615 5
5616 4
5617 5
5618 5
5619 5
5620 4
5621 5
5622 5
5623 3
5624 3
5625 4
5626 4
5627 4
5628 4
5629 5
5630 2
5631 2
5632 3
5633 4
5634 4
5635 5
5636 4
5637 4
5638 4
5639 4
5640 4
5641 4
5642 4
5643 5
5644 5
5645 5
5646 5
5647 5
5648 5
5649 6
5650 8
5651 7
5652 8
5653 8
5654 8
5655 13
5656 13
5657 12
5658 12
5659 13
5660 13
5661 13
5662 13
5663 13
5664 13
5665 13
5666 14
5667 15
5668 15
5669 14
5670 14
5671 16
5672 16
5673 16
5674 16
5675 17
5676 16
5677 17
5678 17
5679 17
5680 17
5681 18
5682 18
5683 18
5684 17
5685 18
5686 18
5687 18
5688 18
5689 18
5690 18
5691 18
5692 9
5693 9
5694 9
5695 10
5696 10
5697 10
5698 11
5699 10
5700 10
5701 10
5702 11
5703 11
5704 11
5705 10
5706 11
5707 11
5708 10
5709 11
5710 11
5711 11
5712 11
5713 11
5714 11
5715 11
5716 12
5717 12
5718 13
5719 13
5720 13
5721 13
5722 13
5723 14
5724 14
5725 14
5726 14
5727 14
5728 14
5729 14
5730 14
5731 15
5732 15
5733 14
5734 15
5735 8
5736 7
5737 7
5738 7
5739 7
5740 7
5741 8
5742 8
5743 8
5744 7
5745 7
5746 7
5747 7
5748 8
5749 8
5750 8
5751 8
5752 7
5753 7
5754 7
5755 7
5756 7
5757 7
5758 6
5759 6
5760 7
5761 7
5762 6
5763 6
5764 6
5765 10
5766 10
5767 11
5768 10
5769 10
5770 11
5771 11
5772 11
5773 11
5774 11
5775 12
5776 11
5777 11
5778 9
5779 10
5780 10
5781 9
5782 9
5783 9
5784 9
5785 9
5786 10
5787 10
5788 9
5789 9
5790 10
5791 10
5792 10
5793 10
5794 11
5795 10
5796 10
5797 10
5798 10
5799 10
5800 10
5801 10
5802 10
5803 10
5804 10
5805 11
5806 11
5807 11
5808 10
5809 10
5810 11
5811 11
5812 11
5813 10
5814 11
5815 9
5816 8
5817 8
5818 9
5819 14
5820 1
5821 1
5822 1
5823 1
5824 1
5825 1
5826 3
5827 1
5828 1
5829 2
5830 1
5831 1
5832 1
5833 1
5834 1
5835 3
5836 3
5837 3
5838 4
5839 4
5840 4
5841 4
5842 4
5843 4
5844 4
5845 4
5846 4
5847 4
5848 4
5849 4
5850 5
5851 5
5852 5
5853 4
5854 4
5855 4
5856 4
5857 5
5858 5
5859 5
5860 5
5861 5
5862 5
5863 2
5864 3
5865 3
5866 3
5867 3
5868 3
5869 3
5870 3
5871 3
5872 3
5873 3
5874 3
5875 3
5876 3
5877 4
5878 4
5879 4
5880 4
5881 3
5882 1
5883 2
5884 1
5885 1
5886 1
5887 1
5888 2
5889 2
5890 2
5891 1
5892 1
5893 2
5894 3
5895 3
5896 3
5897 3
5898 4
5899 4
5900 4
5901 4
5902 5
5903 4
5904 4
5905 4
5906 1
5907 1
5908 1
5909 2
5910 2
5911 0
5912 1
5913 1
5914 2
5915 2
5916 3
5917 2
5918 3
5919 3
5920 3
5921 3
5922 3
5923 3
5924 6
5925 7
5926 7
5927 7
5928 7
5929 7
5930 7
5931 6
5932 7
5933 7
5934 7
5935 7
5936 7
5937 7
5938 7
5939 7
5940 7
5941 7
5942 7
5943 8
5944 8
5945 8
5946 8
5947 8
5948 8
5949 8
5950 9
5951 9
5952 9
5953 9
5954 10
5955 10
5956 9
5957 9
5958 10
5959 10
5960 10
5961 10
5962 10
5963 11
5964 10
5965 10
5966 8
5967 9
5968 9
5969 9
5970 10
5971 10
5972 9
5973 9
5974 9
5975 10
5976 10
5977 10
5978 10
5979 10
5980 10
5981 10
5982 10
5983 10
5984 11
5985 11
5986 11
5987 11
5988 11
5989 11
5990 11
5991 11
5992 11
5993 12
5994 12
5995 12
5996 12
5997 12
5998 12
5999 12
6000 12
6001 12
6002 2
6003 3
6004 3
6005 2
6006 2
6007 3
6008 3
6009 3
6010 3
6011 3
6012 3
6013 3
6014 3
6015 3
6016 3
6017 4
6018 4
6019 4
6020 4
6021 5
6022 5
6023 5
6024 4
6025 4
6026 5
6027 5
6028 5
6029 5
6030 5
6031 6
6032 5
6033 5
6034 5
6035 6
6036 6
6037 6
6038 6
6039 6
6040 7
6041 6
6042 2
6043 3
6044 3
6045 2
6046 2
6047 2
6048 2
6049 3
6050 3
6051 3
6052 1
6053 0
6054 2
6055 2
6056 2
6057 3
6058 3
6059 2
6060 2
6061 3
6062 3
6063 3
6064 4
6065 9
6066 9
6067 9
6068 10
6069 9
6070 9
6071 10
6072 10
6073 10
6074 10
6075 10
6076 11
6077 10
6078 10
6079 10
6080 11
6081 11
6082 11
6083 11
6084 11
6085 11
6086 11
6087 11
6088 11
6089 12
6090 12
6091 12
6092 12
6093 12
6094 12
6095 12
6096 12
6097 12
6098 12
6099 12
6100 12
6101 12
6102 12
6103 12
6104 12
6105 12
6106 12
6107 12
6108 12
6109 12
6110 12
6111 11
6112 12
6113 12
6114 12
6115 13
6116 13
6117 13
6118 14
6119 14
6120 13
6121 13
6122 14
6123 14
6124 14
6125 14
6126 14
6127 15
6128 14
6129 14
6130 9
6131 9
6132 8
6133 9
6134 9
6135 9
6136 9
6137 10
6138 10
6139 9
6140 9
6141 10
6142 10
6143 10
6144 8
6145 9
6146 9
6147 9
6148 10
6149 10
6150 9
6151 9
6152 9
6153 9
6154 8
6155 8
6156 8
6157 9
6158 9
6159 8
6160 8
6161 8
6162 8
6163 8
6164 8
6165 7
6166 8
6167 8
6168 8
6169 8
6170 16
6171 8
6172 7
6173 7
6174 2
6175 2
6176 2
6177 2
6178 2
6179 2
6180 2
6181 2
6182 3
6183 2
6184 2
6185 2
6186 2
6187 3
6188 3
6189 3
6190 2
6191 2
6192 0
6193 4
6194 3
6195 3
6196 4
6197 4
6198 4
6199 3
6200 4
6201 4
6202 4
6203 4
6204 4
6205 4
6206 4
6207 4
6208 4
6209 8
6210 9
6211 9
6212 9
6213 9
6214 8
6215 8
6216 8
6217 9
6218 9
6219 9
6220 9
6221 9
6222 8
6223 8
6224 8
6225 8
6226 9
6227 9
6228 9
6229 8
6230 8
6231 8
6232 8
6233 9
6234 9
6235 9
6236 9
6237 8
6238 8
6239 8
6240 9
6241 9
6242 9
6243 9
6244 9
6245 8
6246 8
6247 8
6248 9
6249 9
6250 9
6251 9
6252 9
6253 8
6254 9
6255 9
6256 9
6257 9
6258 7
6259 6
6260 6
6261 6
6262 6
6263 7
6264 7
6265 6
6266 6
6267 6
6268 6
6269 6
6270 6
6271 6
6272 7
6273 6
6274 6
6275 6
6276 7
6277 7
6278 7
6279 7
6280 7
6281 7
6282 7
6283 7
6284 7
6285 7
6286 8
6287 8
6288 8
6289 7
6290 7
6291 8
6292 8
6293 8
6294 8
6295 8
6296 9
6297 8
6298 4
6299 4
6300 4
6301 4
6302 4
6303 4
6304 3
6305 4
6306 4
6307 4
6308 4
6309 4
6310 4
6311 4
6312 4
6313 4
6314 4
6315 5
6316 5
6317 5
6318 4
6319 4
6320 4
6321 2
6322 2
6323 3
6324 3
6325 2
6326 2
6327 2
6328 2
6329 3
6330 3
6331 4
6332 3
6333 8
6334 11
6335 1
6336 1
6337 2
6338 1
6339 1
6340 2
6341 2
6342 2
6343 2
6344 3
6345 3
6346 2
6347 8
6348 6
6349 5
6350 6
6351 7
6352 7
6353 7
6354 8
6355 8
6356 8
6357 8
6358 8
6359 8
6360 9
6361 9
6362 9
6363 10
6364 10
6365 9
6366 10
6367 10
6368 10
6369 10
6370 11
6371 11
6372 11
6373 11
6374 11
6375 11
6376 11
6377 12
6378 12
6379 12
6380 12
6381 13
6382 12
6383 12
6384 13
6385 13
6386 8
6387 8
6388 9
6389 9
6390 8
6391 9
6392 9
6393 9
6394 9
6395 10
6396 10
6397 10
6398 11
6399 10
6400 10
6401 10
6402 11
6403 11
6404 11
6405 12
6406 12
6407 12
6408 11
6409 12
6410 12
6411 12
6412 13
6413 13
6414 13
6415 13
6416 13
6417 13
6418 13
6419 13
6420 14
6421 14
6422 14
6423 14
6424 15
6425 14
6426 14
6427 14
6428 14
6429 14
6430 14
6431 14
6432 14
6433 14
6434 14
6435 15
6436 15
6437 15
6438 15
6439 16
6440 16
6441 16
6442 15
6443 16
6444 16
6445 16
6446 3
6447 3
6448 3
6449 3
6450 3
6451 3
6452 2
6453 3
6454 3
6455 3
6456 3
6457 4
6458 4
6459 4
6460 3
6461 6
6462 5
6463 5
6464 6
6465 2
6466 1
6467 2
6468 2
6469 2
6470 3
6471 3
6472 2
6473 2
6474 3
6475 1
6476 2
6477 2
6478 2
6479 3
6480 2
6481 2
6482 2
6483 5
6484 4
6485 5
6486 5
6487 5
6488 6
6489 6
6490 6
6491 5
6492 6
6493 6
6494 7
6495 7
6496 8
6497 9
6498 10
6499 9
6500 10
6501 10
6502 11
6503 11
6504 11
6505 12
6506 11
6507 12
6508 12
6509 13
6510 14
6511 15
6512 14
6513 15
6514 11
6515 11
6516 11
6517 15
6518 15
6519 16
6520 16
6521 17
6522 17
6523 16
6524 17
6525 17
6526 17
6527 17
6528 17
6529 17
6530 18
6531 18
6532 19
6533 18
6534 18
6535 19
6536 19
6537 19
6538 20
6539 19
6540 19
6541 19
6542 20
6543 20
6544 20
6545 20
6546 20
6547 20
6548 21
6549 21
6550 22
6551 21
6552 22
6553 22
6554 22
6555 23
6556 23
6557 24
6558 24
6559 23
6560 24
6561 24
6562 25
6563 25
6564 25
6565 25
6566 26
6567 26
6568 26
6569 27
6570 27
6571 27
6572 28
6573 28
6574 13
6575 13
6576 12
6577 13
6578 13
6579 13
6580 13
6581 12
6582 13
6583 13
6584 13
6585 13
6586 13
6587 14
6588 14
6589 13
6590 9
6591 9
6592 9
6593 9
6594 10
6595 10
6596 10
6597 9
6598 9
6599 10
6600 10
6601 9
6602 9
6603 9
6604 10
6605 10
6606 10
6607 10
6608 10
6609 10
6610 10
6611 10
6612 12
6613 13
6614 14
6615 15
6616 14
6617 15
6618 15
6619 16
6620 16
6621 16
6622 16
6623 16
6624 16
6625 17
6626 17
6627 16
6628 16
6629 17
6630 17
6631 18
6632 18
6633 17
6634 17
6635 18
6636 18
6637 18
6638 18
6639 18
6640 19
6641 20
6642 12
6643 10
6644 10
6645 11
6646 11
6647 12
6648 11
6649 12
6650 12
6651 12
6652 12
6653 12
6654 12
6655 12
6656 13
6657 13
6658 13
6659 13
6660 13
6661 14
6662 14
6663 14
6664 15
6665 15
6666 14
6667 14
6668 15
6669 15
6670 16
6671 16
6672 16
6673 15
6674 16
6675 16
6676 16
6677 17
6678 17
6679 18
6680 18
6681 17
6682 17
6683 18
6684 18
6685 18
6686 18
6687 19
6688 18
6689 18
6690 19
6691 19
6692 20
6693 21
6694 21
6695 21
6696 20
6697 21
6698 21
6699 21
6700 22
6701 22
6702 9
6703 9
6704 9
6705 9
6706 10
6707 10
6708 10
6709 11
6710 10
6711 10
6712 10
6713 11
6714 11
6715 11
6716 11
6717 11
6718 11
6719 11
6720 11
6721 11
6722 12
6723 11
6724 11
6725 11
6726 12
6727 12
6728 11
6729 11
6730 11
6731 12
6732 12
6733 12
6734 12
6735 12
6736 12
6737 13
6738 13
6739 13
6740 7
6741 8
6742 8
6743 8
6744 9
6745 8
6746 8
6747 8
6748 10
6749 10
6750 15
6751 15
6752 15
6753 14
6754 14
6755 14
6756 15
6757 15
6758 15
6759 14
6760 14
6761 14
6762 14
6763 15
6764 15
6765 15
6766 15
6767 21
6768 21
6769 22
6770 16
6771 15
6772 16
6773 16
6774 15
6775 12
6776 11
6777 11
6778 11
6779 11
6780 12
6781 12
6782 12
6783 12
6784 12
6785 12
6786 12
6787 12
6788 13
6789 13
6790 12
6791 13
6792 13
6793 13
6794 14
6795 14
6796 14
6797 13
6798 14
6799 14
6800 14
6801 14
6802 14
6803 15
6804 15
6805 15
6806 14
6807 15
6808 15
6809 15
6810 16
6811 16
6812 16
6813 16
6814 16
6815 16
6816 16
6817 17
6818 17
6819 17
6820 17
6821 17
6822 16
6823 17
6824 17
6825 17
6826 17
6827 17
6828 17
6829 17
6830 6
6831 6
6832 6
6833 6
6834 7
6835 7
6836 6
6837 7
6838 7
6839 8
6840 8
6841 8
6842 8
6843 8
6844 9
6845 9
6846 9
6847 10
6848 10
6849 10
6850 11
6851 10
6852 10
6853 10
6854 11
6855 11
6856 11
6857 11
6858 11
6859 11
6860 11
6861 11
6862 11
6863 12
6864 12
6865 12
6866 12
6867 12
6868 6
6869 5
6870 5
6871 5
6872 6
6873 6
6874 6
6875 7
6876 6
6877 6
6878 6
6879 7
6880 7
6881 7
6882 8
6883 8
6884 7
6885 7
6886 8
6887 8
6888 8
6889 9
6890 9
6891 8
6892 9
6893 9
6894 9
6895 9
6896 10
6897 9
6898 32
6899 26
6900 25
6901 22
6902 23
6903 22
6904 11
6905 8
6906 8
6907 7
6908 5
6909 5
6910 5
6911 4
6912 4
6913 19
6914 14
6915 14
6916 14
6917 14
6918 14
6919 14
6920 15
6921 15
6922 15
6923 16
6924 15
6925 15
6926 15
6927 15
6928 16
6929 16
6930 16
6931 17
6932 16
6933 16
6934 16
6935 17
6936 17
6937 17
6938 18
6939 18
6940 17
6941 17
6942 18
6943 18
6944 18
6945 19
6946 19
6947 18
6948 18
6949 19
6950 19
6951 19
6952 19
6953 20
6954 20
6955 19
6956 20
6957 20
6958 20
6959 20
6960 20
6961 19
6962 19
6963 20
6964 20
6965 20
6966 20
6967 20
6968 19
6969 19
6970 19
6971 19
6972 20
6973 20
6974 20
6975 20
6976 19
6977 19
6978 19
6979 20
6980 21
6981 21
6982 21
6983 21
6984 21
6985 20
6986 20
6987 20
6988 20
6989 21
6990 21
6991 21
6992 21
6993 20
6994 20
6995 20
6996 16
6997 16
6998 16
6999 17
7000 17
7001 16
7002 16
7003 17
7004 17
7005 16
7006 16
7007 17
7008 17
7009 17
7010 18
7011 17
7012 17
7013 17
7014 18
7015 18
7016 17
7017 17
7018 17
7019 18
7020 18
7021 18
7022 18
7023 18
7024 18
7025 18
7026 2
7027 2
7028 3
7029 2
7030 2
7031 2
7032 2
7033 3
7034 3
7035 3
7036 2
7037 3
7038 3
7039 9
7040 9
7041 1
7042 2
7043 2
7044 1
7045 1
7046 1
7047 1
7048 5
7049 5
7050 5
7051 5
7052 6
7053 6
7054 6
7055 5
7056 5
7057 5
7058 5
7059 6
7060 5
7061 5
7062 5
7063 6
7064 6
7065 6
7066 7
7067 6
7068 6
7069 7
7070 7
7071 2
7072 3
7073 2
7074 2
7075 3
7076 3
7077 3
7078 3
7079 3
7080 3
7081 4
7082 8
7083 8
7084 7
7085 8
7086 8
7087 8
7088 8
7089 9
7090 9
7091 9
7092 8
7093 9
7094 9
7095 9
7096 10
7097 10
7098 10
7099 11
7100 10
7101 10
7102 10
7103 10
7104 11
7105 11
7106 11
7107 11
7108 11
7109 11
7110 11
7111 12
7112 12
7113 12
7114 13
7115 12
7116 12
7117 12
7118 13
7119 13
7120 13
7121 13
7122 13
7123 13
7124 13
7125 14
7127 14
7126 14
7128 14
7129 14
7130 25
7131 9
7132 8
7133 8
7134 8
7135 9
7136 9
7137 9
7138 8
7139 8
7140 9
7141 9
7142 9
7143 9
7144 9
7145 10
7146 9
7147 9
7148 9
7149 9
7150 10
7151 10
7152 10
7153 9
7154 9
7155 9
7156 9
7157 10
7158 10
7159 10
7160 10
7161 10
7162 10
7163 10
7164 10
7165 10
7166 11
7167 11
7168 11
7169 11
7170 10
7171 10
7172 11
7173 11
7174 11
7175 11
7176 5
7177 6
7178 5
7179 5
7180 5
7181 5
7182 5
7183 5
7184 6
7185 5
7186 5
7187 5
7188 5
7189 5
7190 5
7191 5
7192 6
7193 5
7194 5
7195 5
7196 5
7197 5
7198 5
7199 2
7200 2
7201 2
7202 2
7203 3
7204 3
7205 2
7206 2
7207 3
7208 3
7209 4
7210 3
7211 3
7212 2
7213 3
7214 3
7215 3
7216 3
7217 4
7218 4
7219 4
7220 3
7221 4
7222 3
7223 7
7224 6
7225 6
7226 7
7227 7
7228 7
7229 7
7230 7
7231 6
7232 6
7233 6
7234 6
7235 6
7236 6
7237 6
7238 6
7239 7
7240 6
7241 6
7242 6
7243 6
7244 6
7245 6
7246 6
7247 5
7248 5
7249 5
7250 5
7251 6
7252 6
7253 6
7254 6
7255 5
7256 6
7257 6
7258 4
7259 3
7260 3
7261 3
7262 4
7263 4
7264 3
7265 3
7266 3
7267 3
7268 3
7269 3
7270 2
7271 2
7272 2
7273 3
7274 3
7275 3
7276 2
7277 2
7278 2
7279 3
7280 3
7281 2
7282 2
7283 2
7284 2
7285 2
7286 3
7287 2
7288 2
7289 2
7290 2
7291 2
7292 2
7293 5
7294 5
7295 5
7296 4
7297 4
7298 7
7299 7
7300 7
7301 7
7302 7
7303 7
7304 8
7305 8
7306 8
7307 8
7308 7
7309 8
7310 8
7311 8
7312 8
7313 9
7314 9
7315 9
7316 8
7317 9
7318 9
7319 9
7320 9
7321 9
7322 10
7323 9
7324 9
7325 9
7326 10
7327 10
7328 10
7329 10
7330 10
7331 10
7332 10
7333 10
7334 10
7335 11
7336 11
7337 11
7338 4
7339 4
7340 4
7341 2
7342 11
7343 10
7344 10
7345 11
7346 11
7347 11
7348 10
7349 10
7350 11
7351 11
7352 10
7353 10
7354 11
7355 11
7356 10
7357 10
7358 11
7359 11
7360 11
7361 11
7362 11
7363 11
7364 11
7365 10
7366 11
7367 11
7368 11
7369 12
7370 11
7371 11
7372 11
7373 12
7374 12
7375 12
7376 12
7377 12
7378 12
7379 12
7380 13
7381 13
7382 13
7383 12
7384 13
7385 13
7386 11
7387 11
7388 12
7389 12
7390 12
7391 12
7392 11
7393 11
7394 12
7395 12
7396 12
7397 12
7398 13
7399 12
7400 12
7401 12
7402 13
7403 13
7404 13
7405 13
7406 13
7407 13
7408 13
7409 13
7410 13
7411 13
7412 14
7413 13
7414 12
7415 12
7416 12
7417 12
7418 13
7419 13
7420 13
7421 12
7422 12
7423 13
7424 13
7425 13
7426 7
7427 6
7428 7
7429 7
7430 7
7431 8
7432 4
7433 3
7434 4
7435 4
7436 4
7437 6
7438 2
7439 1
7440 5
7441 5
7442 5
7443 5
7444 5
7445 5
7446 5
7447 5
7448 4
7449 4
7450 5
7451 5
7452 5
7453 5
7454 5
7455 4
7456 5
7457 5
7458 5
7459 5
7460 5
7461 6
7462 5
7463 5
7464 5
7465 5
7466 5
7467 3
7468 3
7469 3
7470 3
7471 2
7472 2
7473 3
7474 3
7475 3
7476 3
7477 3
7478 3
7479 4
7480 4
7481 3
7482 1
7483 5
7484 4
7485 4
7486 5
7487 5
7488 5
7489 6
7490 6
7491 6
7492 6
7493 6
7494 6
7495 6
7496 7
7497 7
7498 7
7499 8
7500 7
7501 7
7502 7
7503 7
7504 8
7505 8
7506 8
7507 9
7508 9
7509 8
7510 8
7511 8
7512 9
7513 9
7514 7
7515 7
7516 6
7517 7
7518 7
7519 8
7520 8
7521 8
7522 9
7523 9
7524 9
7525 9
7526 9
7527 10
7528 10
7529 10
7530 11
7531 10
7532 11
7533 11
7534 11
7535 12
7536 12
7537 13
7538 13
7539 13
7540 13
7541 13
7542 14
7543 14
7544 14
7545 15
7546 14
7547 14
7548 15
7549 15
7550 15
7551 16
7552 16
7553 17
7554 7
7555 8
7556 7
7557 8
7558 8
7559 8
7560 9
7561 9
7562 9
7563 9
7564 9
7565 9
7566 10
7567 10
7568 10
7569 10
7570 10
7571 10
7572 10
7573 10
7574 10
7575 10
7576 10
7577 10
7578 10
7579 10
7580 10
7581 10
7582 10
7583 9
7584 9
7585 10
7586 10
7587 10
7588 10
7589 9
7590 9
7591 9
7592 7
7593 7
7594 6
7595 7
7596 6
7597 7
7598 4
7599 5
7600 5
7601 5
7602 6
7603 6
7604 7
7605 7
7606 8
7607 7
7608 7
7609 8
7610 8
7611 3
7612 4
7613 4
7614 4
7615 4
7616 4
7617 5
7618 5
7619 6
7620 5
7621 5
7622 5
7623 5
7624 5
7625 4
7626 5
7627 5
7628 5
7629 6
7630 6
7631 5
7632 6
7633 6
7634 6
7635 6
7636 7
7637 7
7638 6
7639 6
7640 7
7641 2
7642 2
7643 3
7644 3
7645 2
7646 2
7647 2
7648 3
7649 3
7650 2
7651 3
7652 3
7653 3
7654 4
7655 4
7656 3
7657 3
7658 3
7659 4
7660 4
7661 3
7662 3
7663 1
7664 1
7665 2
7666 2
7667 2
7668 4
7669 4
7670 4
7671 3
7672 2
7673 3
7674 3
7675 3
7676 3
7677 3
7678 3
7679 3
7680 4
7681 4
7682 4
7683 3
7684 7
7685 3
7686 4
7687 3
7688 3
7689 3
7690 4
7691 4
7692 4
7693 4
7694 4
7695 4
7696 4
7697 4
7698 4
7699 5
7700 5
7701 5
7702 2
7703 2
7704 3
7705 2
7706 2
7707 3
7708 3
7709 3
7710 3
7711 2
7712 2
7713 2
7714 2
7715 3
7716 2
7717 2
7718 2
7719 3
7720 3
7721 2
7722 2
7723 2
7724 2
7725 3
7726 3
7727 2
7728 2
7729 3
7730 3
7731 1
7732 2
7733 2
7734 2
7735 3
7736 2
7737 2
7738 2
7739 2
7740 3
7741 1
7742 1
7743 2
7744 2
7745 1
7746 1
7747 2
7748 2
7749 2
7750 2
7751 1
7752 2
7753 2
7754 2
7755 3
7756 2
7757 2
7758 2
7759 3
7760 3
7761 7
7762 6
7763 6
7764 6
7765 6
7766 6
7767 4
7768 5
7769 5
7770 4
7771 2
7772 2
7773 2
7774 2
7775 2
7776 2
7777 3
7778 3
7779 3
7780 4
7781 2
7782 1
7783 1
7784 2
7785 2
7786 2
7787 3
7788 2
7789 2
7790 3
7791 1
7792 1
7793 2
7794 2
7795 2
7796 2
7797 3
7798 3
7799 3
7800 3
7801 2
7802 2
7803 2
7804 2
7805 2
7806 2
7807 2
7808 2
7809 3
7810 3
7811 3
7812 3
7813 3
7814 4
7815 4
7816 4
7817 4
7818 3
7819 4
7820 4
7821 2
7822 2
7823 2
7824 2
7825 1
7826 2
7827 2
7828 2
7829 3
7830 3
7831 2
7832 3
7833 3
7834 4
7835 4
7836 5
7837 5
7838 5
7839 4
7840 4
7841 4
7842 1
7843 2
7844 2
7845 1
7846 1
7847 2
7848 2
7849 2
7850 4
7851 2
7852 1
7853 1
7854 2
7855 2
7856 2
7857 3
7858 3
7859 2
7860 2
7861 2
7862 2
7863 2
7864 1
7865 2
7866 2
7867 2
7868 2
7869 3
7870 3
7871 2
7872 2
7873 1
7874 1
7875 2
7876 2
7877 2
7878 2
7879 3
7880 3
7881 1
7882 2
7883 2
7884 2
7885 3
7886 2
7887 2
7888 2
7889 3
7890 3
7891 1
7892 2
7893 2
7894 2
7895 2
7896 2
7897 2
7898 2
7899 2
7900 2
7901 2
7902 1
7903 1
7904 1
7905 2
7906 2
7907 2
7908 3
7909 2
7910 2
7911 3
7912 2
7913 2
7914 2
7915 1
7916 2
7917 2
7918 2
7919 2
7920 2
7921 1
7922 2
7923 2
7924 2
7925 2
7926 1
7927 1
7928 1
7929 1
7930 2
7931 2
7932 1
7933 1
7934 2
7935 2
7936 2
7937 2
7938 2
7939 2
7940 2
7941 1
7942 1
7943 2
7944 2
7945 2
7946 2
7947 3
7948 2
7949 3
7950 3
7951 2
7952 2
7953 1
7954 2
7955 2
7956 2
7957 2
7958 2
7959 3
7960 2
7961 1
7962 1
7963 2
7964 2
7965 2
7966 2
7967 1
7968 1
7969 1
7970 1
7971 2
7972 2
7973 2
7974 2
7975 2
7976 2
7977 2
7978 2
7979 3
7980 3
7981 2
7982 1
7983 1
7984 1
7985 2
7986 2
7987 2
7988 1
7989 2
7990 2
7991 2
7992 2
7993 2
7994 1
7995 1
7996 2
7997 2
7998 2
7999 2
8000 3
8001 2
8002 2
8003 2
8004 3
8005 3
8006 3
8007 3
8008 4
8009 4
8010 4
8011 3
8012 4
8013 4
8014 4
8015 4
8016 5
8017 5
8018 5
8019 4
8020 4
8021 3
8022 3
8023 2
8024 2
8025 3
8026 3
8027 3
8028 3
8029 3
8030 3
8031 3
8032 2
8033 2
8034 2
8035 2
8036 1
8037 1
8038 1
8039 2
8040 2
8041 2
8042 1
8043 1
8044 2
8045 2
8046 2
8047 3
8048 3
8049 2
8050 2
8051 2
8052 2
8053 2
8054 1
8055 2
8056 2
8057 2
8058 3
8059 3
8060 3
8061 3
8062 2
8063 2
8064 1
8065 1
8066 2
8067 3
8068 3
8069 3
8070 4
8071 1
8072 1
8073 2
8074 2
8075 3
8076 2
8077 2
8078 3
8079 3
8080 3
8081 4
8082 3
8083 3
8084 4
8085 4
8086 4
8087 4
8088 4
8089 5
8090 4
8091 4
8092 2
8093 2
8094 1
8095 1
8096 1
8097 2
8098 2
8099 2
8100 2
8101 2
8102 2
8103 2
8104 2
8105 2
8106 2
8107 3
8108 3
8109 3
8110 3
8111 3
8112 1
8113 1
8114 1
8115 2
8116 3
8117 3
8118 2
8119 3
8120 3
8121 2
8122 2
8123 2
8124 2
8125 3
8126 3
8127 4
8128 4
8129 3
8130 4
8131 2
8132 2
8133 2
8134 3
8135 3
8136 3
8137 3
8138 3
8139 3
8140 3
8141 2
8142 2
8143 2
8144 2
8145 2
8146 3
8147 3
8148 3
8149 4
8150 3
8151 2
8152 1
8153 1
8154 2
8155 2
8156 2
8157 3
8158 3
8159 2
8160 3
8161 2
8162 2
8163 2
8164 3
8165 2
8166 2
8167 2
8168 3
8169 3
8170 3
8171 3
8172 2
8173 2
8174 3
8175 3
8176 3
8177 4
8178 4
8179 3
8180 3
8181 2
8182 7
8183 7
8184 7
8185 7
8186 7
8187 7
8188 8
8189 8
8190 8
8191 9
8192 11
8193 10
8194 10
8195 10
8196 18
8197 21
8198 25
8199 20
8200 18
8201 2
8202 3
8203 3
8204 4
8205 4
8206 5
8207 4
8208 4
8209 4
8210 4
8211 5
8212 5
8213 5
8214 6
8215 5
8216 5
8217 5
8218 5
8219 6
8220 6
8221 6
8222 5
8223 6
8224 6
8225 6
8226 6
8227 7
8228 7
8229 8
8230 8
8231 2
8232 2
8233 3
8234 3
8235 4
8236 3
8237 3
8238 4
8239 4
8240 4
8241 3
8242 3
8243 4
8244 4
8245 3
8246 4
8247 5
8248 5
8249 6
8250 6
8251 2
8252 2
8253 3
8254 3
8255 3
8256 3
8257 3
8258 3
8259 4
8260 4
8261 5
8262 3
8263 3
8264 4
8265 4
8266 4
8267 4
8268 4
8269 5
8270 5
8271 2
8272 2
8273 3
8274 2
8275 2
8276 3
8277 3
8278 3
8279 4
8280 3
8281 4
8282 4
8283 4
8284 4
8285 5
8286 6
8287 6
8288 9
8289 9
8290 10
8291 2
8292 2
8293 2
8294 3
8295 3
8296 3
8297 4
8298 3
8299 3
8300 4
8301 3
8302 3
8303 4
8304 3
8305 3
8306 4
8307 4
8308 4
8309 5
8310 5
8311 2
8312 2
8313 3
8314 4
8315 3
8316 3
8317 4
8318 4
8319 4
8320 5
8321 5
8322 2
8323 2
8324 3
8325 3
8326 3
8327 6
8328 6
8329 6
8330 7
8331 2
8332 3
8333 2
8334 3
8335 3
8336 4
8337 4
8338 4
8339 4
8340 4
8341 3
8342 2
8343 3
8344 3
8345 4
8346 4
8347 4
8348 4
8349 5
8350 5
8351 8
8352 2
8353 2
8354 2
8355 3
8356 3
8357 3
8358 4
8359 4
8360 3
8361 1
8362 2
8363 2
8364 3
8365 3
8366 3
8367 4
8368 3
8369 4
8370 4
8371 2
8372 2
8373 2
8374 3
8375 3
8376 4
8377 4
8378 4
8379 5
8380 5
8381 6
8382 2
8383 1
8384 2
8385 2
8386 2
8387 3
8388 3
8389 3
8390 3
8391 2
8392 2
8393 3
8394 3
8395 3
8396 3
8397 3
8398 4
8399 4
8400 3
8401 2
8402 2
8403 2
8404 2
8405 2
8406 3
8407 3
8408 3
8409 3
8410 3
8411 6
8412 1
8413 2
8414 2
8415 2
8416 2
8417 2
8418 2
8419 3
8420 5
8421 4
8422 4
8423 4
8424 4
8425 3
8426 4
8427 4
8428 3
8429 3
8430 3
8431 4
8432 3
8433 4
8434 10
8435 10
8436 11
8437 11
8438 10
8439 10
8440 14
8441 14
8442 14
8443 14
8444 12
8445 15
8446 6
8447 6
8448 6
8449 7
8450 6
8451 6
8452 7
8453 7
8454 6
8455 6
8456 7
8457 7
8458 7
8459 8
8460 7
8461 7
8462 8
8463 7
8464 8
8465 8
8466 8
8467 9
8468 9
8469 8
8470 8
8471 4
8472 4
8473 4
8474 5
8475 5
8476 5
8477 6
8478 5
8479 5
8480 5
8481 2
8482 2
8483 2
8484 2
8485 3
8486 3
8487 3
8488 3
8489 3
8490 3
8491 2
8492 2
8493 3
8494 3
8495 3
8496 4
8497 4
8498 4
8499 5
8500 5
8501 2
8502 2
8503 1
8504 2
8505 2
8506 2
8507 3
8508 3
8509 3
8510 4
8511 3
8512 2
8513 2
8514 3
8515 3
8516 2
8517 3
8518 3
8519 4
8520 4
8521 3
8522 3
8523 3
8524 2
8525 3
8526 3
8527 3
8528 4
8529 3
8530 3
8531 4
8532 8
8533 9
8534 9
8535 10
8536 10
8537 10
8538 10
8539 10
8540 10
8541 11
8542 2
8543 2
8544 2
8545 2
8546 3
8547 2
8548 2
8549 10
8550 11
8551 2
8552 4
8553 7
8554 8
8555 8
8556 8
8557 8
8558 9
8559 9
8560 9
8561 4
8562 4
8563 4
8564 4
8565 4
8566 4
8567 5
8568 5
8569 6
8570 5
8571 5
8572 5
8573 6
8574 5
8575 5
8576 5
8577 6
8578 5
8579 6
8580 6
8581 6
8582 2
8583 2
8584 1
8585 2
8586 2
8587 2
8588 2
8589 3
8590 2
8591 2
8592 2
8593 3
8594 2
8595 2
8596 3
8597 3
8598 3
8599 4
8600 4
8601 3
8602 3
8603 2
8604 3
8605 4
8606 5
8607 8
8608 9
8609 10
8610 8
8611 2
8612 3
8613 3
8614 3
8615 3
8616 4
8617 4
8618 5
8619 5
8620 5
8621 2
8622 4
8623 5
8624 6
8625 7
8626 8
8627 7
8628 7
8629 8
8630 8
8631 9
8632 3
8633 3
8634 3
8635 4
8636 4
8637 5
8638 5
8639 6
8640 5
8641 2
8642 2
8643 2
8644 3
8645 3
8646 2
8647 3
8648 3
8649 4
8650 4
8651 4
8652 2
8653 1
8654 2
8655 2
8656 3
8657 3
8658 3
8659 3
8660 3
8661 3
8662 3
8663 2
8664 3
8665 3
8666 3
8667 3
8668 4
8669 4
8670 5
8671 5
8672 2
8673 2
8674 1
8675 2
8676 3
8677 3
8678 3
8679 2
8680 3
8681 2
8682 3
8683 3
8684 4
8685 3
8686 3
8687 4
8688 4
8689 4
8690 5
8691 4
8692 5
8693 4
8694 2
8695 3
8696 2
8697 2
8698 3
8699 4
8700 5
8701 3
8702 4
8703 5
8704 5
8705 4
8706 5
8707 5
8708 5
8709 4
8710 4
8711 2
8712 2
8713 2
8714 2
8715 2
8716 3
8717 3
8718 3
8719 3
8720 4
8721 6
8722 6
8723 7
8724 7
8725 6
8726 6
8727 7
8728 7
8729 7
8730 8
8731 2
8732 2
8733 3
8734 2
8735 2
8736 2
8737 3
8738 3
8739 3
8740 4
8741 2
8742 2
8743 2
8744 2
8745 3
8746 3
8747 4
8748 4
8749 4
8750 4
8751 2
8752 2
8753 2
8754 3
8755 3
8756 4
8757 4
8758 5
8759 4
8760 4
8761 5
8762 2
8763 2
8764 2
8765 3
8766 3
8767 3
8768 3
8769 4
8770 4
8771 2
8772 2
8773 1
8774 2
8775 3
8776 3
8777 4
8778 4
8779 5
8780 4
8781 6
8782 2
8783 2
8784 2
8785 2
8786 2
8787 2
8788 3
8789 2
8790 4
8791 3
8792 2
8793 2
8794 2
8795 3
8796 2
8797 3
8798 3
8799 3
8800 3
8801 2
8802 2
8803 1
8804 2
8805 2
8806 2
8807 2
8808 3
8809 2
8810 3
8811 3
8812 3
8813 2
8814 3
8815 3
8816 4
8817 3
8818 1
8819 1
8820 1
8821 3
8822 3
8823 2
8824 3
8825 3
8826 3
8827 3
8828 3
8829 4
8830 4
8831 2
8832 2
8833 5
8834 5
8835 6
8836 6
8837 7
8838 7
8839 8
8840 7
8841 3
8842 2
8843 2
8844 2
8845 3
8846 3
8847 4
8848 4
8849 4
8850 5
8851 2
8852 1
8853 2
8854 2
8855 3
8856 3
8857 3
8858 4
8859 3
8860 4
8861 2
8862 2
8863 2
8864 3
8865 4
8866 4
8867 3
8868 4
8869 4
8870 4
8871 2
8872 2
8873 2
8874 2
8875 2
8876 2
8877 2
8878 3
8879 3
8880 3
8881 1
8882 1
8883 2
8884 3
8885 3
8886 4
8887 4
8888 3
8889 4
8890 4
8891 2
8892 3
8893 3
8894 2
8895 3
8896 3
8897 3
8898 3
8899 3
8900 4
8901 3
8902 2
8903 2
8904 2
8905 3
8906 2
8907 3
8908 3
8909 3
8910 3
8911 4
8912 2
8913 2
8914 3
8915 3
8916 3
8917 3
8918 3
8919 3
8920 3
8921 2
8922 1
8923 2
8924 5
8925 5
8926 6
8927 6
8928 6
8929 6
8930 6
8931 6
8932 1
8933 2
8934 2
8935 3
8936 3
8937 3
8938 3
8939 3
8940 4
8941 2
8942 2
8943 2
8944 3
8945 3
8946 2
8947 3
8948 3
8949 3
8950 4
8951 1
8952 2
8953 2
8954 3
8955 3
8956 4
8957 3
8958 3
8959 5
8960 2
8961 1
8962 1
8963 1
8964 2
8965 2
8966 2
8967 2
8968 1
8969 1
8970 1
8971 2
8972 2
8973 1
8974 2
8975 2
8976 2
8977 2
8978 1
8979 2
8980 2
8981 2
8982 1
8983 1
8984 1
8985 2
8986 2
8987 2
8988 2
8989 1
8990 1
8991 1
8992 1
8993 1
8994 2
8995 3
8996 3
8997 3
8998 3
8999 3
9000 4
9001 3
9002 2
9003 2
9004 2
9005 3
9006 2
9007 3
9008 3
9009 4
9010 4
9011 3
9012 3
9013 2
9014 3
9015 3
9016 3
9017 3
9018 3
9019 3
9020 3
9021 2
9022 1
9023 2
9024 2
9025 3
9026 3
9027 3
9028 2
9029 3
9030 3
9031 2
9032 2
9033 2
9034 2
9035 2
9036 3
9037 2
9038 3
9039 3
9040 3
9041 13
9042 14
9043 12
9044 12
9045 10
9046 10
9047 10
9048 9
9049 9
9050 13
9051 13
9052 20
9053 18
9054 16
9055 15
9056 15
9057 15
9058 14
9059 14
9060 12
9061 6
9062 6
9063 5
9064 6
9065 6
9066 7
9067 14
9068 14
9069 14
9070 14
9071 16
9072 16
9073 17
9074 17
9075 17
9076 17
9077 18
9078 20
9079 19
9080 19
9081 20
9082 20
9083 21
9084 21
9085 21
9086 22
9087 21
9088 22
9089 22
9090 22
9091 5
9092 5
9093 5
9094 5
9095 5
9096 5
9097 6
9098 6
9099 7
9100 6
9101 6
9102 6
9103 6
9104 6
9105 7
9106 6
9107 6
9108 7
9109 7
9110 7
9111 8
9112 7
9113 7
9114 8
9115 8
9116 8
9117 7
9118 7
9119 8
9120 8
9121 6
9122 6
9123 6
9124 7
9125 7
9126 8
9127 7
9128 7
9129 7
9130 8
9131 8
9132 3
9133 3
9134 3
9135 4
9136 3
9137 3
9138 4
9139 4
9140 4
9141 3
9142 3
9143 4
9144 4
9145 4
9146 3
9147 4
9148 4
9149 4
9150 5
9151 5
9152 3
9153 4
9154 4
9155 3
9156 4
9157 4
9158 4
9159 5
9160 4
9161 4
9162 3
9163 3
9164 3
9165 4
9166 4
9167 3
9168 3
9169 4
9170 4
9171 3
9172 4
9173 3
9174 3
9175 3
9176 4
9177 4
9178 5
9179 4
9180 4
9181 2
9182 3
9183 3
9184 3
9185 2
9186 3
9187 3
9188 3
9189 4
9190 3
9191 5
9192 3
9193 1
9194 2
9195 2
9196 2
9197 3
9198 3
9199 4
9200 3
9201 2
9202 3
9203 3
9204 3
9205 3
9206 3
9207 3
9208 4
9209 4
9210 4
9211 2
9212 2
9213 2
9214 2
9215 2
9216 2
9217 2
9218 3
9219 2
9220 4
9221 2
9222 2
9223 2
9224 1
9225 2
9226 2
9227 2
9228 3
9229 3
9230 4
9231 2
9232 2
9233 2
9234 2
9235 3
9236 3
9237 3
9238 4
9239 4
9240 4
9241 6
9242 2
9243 2
9244 3
9245 3
9246 2
9247 3
9248 3
9249 3
9250 3
9251 2
9252 2
9253 2
9254 2
9255 2
9256 3
9257 3
9258 3
9259 2
9260 4
9261 1
9262 1
9263 2
9264 2
9265 2
9266 2
9267 2
9268 2
9269 2
9270 3
9271 2
9272 2
9273 1
9274 2
9275 2
9276 2
9277 3
9278 3
9279 2
9280 3
9281 2
9282 1
9283 2
9284 2
9285 3
9286 3
9287 4
9288 3
9289 3
9290 2
9291 3
9292 3
9293 3
9294 3
9295 3
9296 3
9297 3
9298 4
9299 3
9300 3
9301 5
9302 2
9303 1
9304 1
9305 2
9306 2
9307 3
9308 2
9309 2
9310 3
9311 2
9312 2
9313 2
9314 3
9315 2
9316 2
9317 3
9318 3
9319 3
9320 4
9321 2
9322 2
9323 2
9324 3
9325 3
9326 3
9327 3
9328 3
9329 4
9330 4
9331 2
9332 3
9333 2
9334 2
9335 3
9336 3
9337 3
9338 3
9339 3
9340 3
9341 2
9342 2
9343 1
9344 2
9345 2
9346 3
9347 3
9348 3
9349 3
9350 2
9351 1
9352 1
9353 2
9354 2
9355 2
9356 3
9357 2
9358 2
9359 3
9360 3
9361 2
9362 2
9363 2
9364 2
9365 3
9366 3
9367 3
9368 3
9369 3
9370 3
9371 1
9372 1
9373 2
9374 2
9375 2
9376 3
9377 2
9378 2
9379 2
9380 3
9381 2
9382 2
9383 1
9384 2
9385 2
9386 3
9387 3
9388 4
9389 4
9390 4
9391 1
9392 2
9393 4
9394 4
9395 4
9396 5
9397 4
9398 4
9399 4
9400 5
9401 2
9402 3
9403 2
9404 3
9405 3
9406 4
9407 4
9408 4
9409 4
9410 5
9411 2
9412 2
9413 2
9414 1
9415 2
9416 2
9417 2
9418 3
9419 3
9420 3
9421 11
9422 11
9423 11
9424 11
9425 12
9426 13
9427 13
9428 13
9429 14
9430 13
9431 3
9432 4
9433 4
9434 4
9435 5
9436 5
9437 5
9438 5
9439 6
9440 6
9441 6
9442 6
9443 6
9444 6
9445 7
9446 7
9447 7
9448 8
9449 8
9450 9
9451 8
9452 4
9453 3
9454 3
9455 4
9456 4
9457 5
9458 8
9459 8
9460 9
9461 8
9462 8
9463 9
9464 9
9465 9
9466 9
9467 10
9468 10
9469 10
9470 9
9471 10
9472 4
9473 3
9474 4
9475 4
9476 5
9477 5
9478 5
9479 6
9480 5
9481 5
9482 5
9483 5
9484 5
9485 5
9486 6
9487 6
9488 7
9489 7
9490 7
9491 9
9492 2
9493 2
9494 2
9495 2
9496 2
9497 2
9498 2
9499 3
9500 3
9501 1
9502 1
9503 2
9504 2
9505 2
9506 3
9507 3
9508 3
9509 2
9510 3
9511 1
9512 2
9513 2
9514 2
9515 2
9516 2
9517 3
9518 3
9519 6
9520 1
9521 1
9522 1
9523 2
9524 2
9525 3
9526 3
9527 3
9528 4
9529 6
9530 1
9531 1
9532 1
9533 2
9534 2
9535 2
9536 3
9537 7
9538 2
9539 2
9540 2
9541 3
9542 1
9543 2
9544 2
9545 2
9546 2
9547 2
9548 5
9549 3
9550 4
9551 4
9552 2
9553 2
9554 2
9555 2
9556 1
9557 2
9558 2
9559 2
9560 3
9561 2
9562 3
9563 3
9564 2
9565 2
9566 2
9567 3
9568 3
9569 3
9570 3
9571 2
9572 5
9573 5
9574 4
9575 4
9576 5
9577 5
9578 5
9579 6
9580 2
9581 3
9582 3
9583 3
9584 3
9585 3
9586 3
9587 2
9588 3
9589 3
9590 3
9591 2
9592 2
9593 2
9594 2
9595 3
9596 3
9597 3
9598 3
9599 3
9600 3
9601 3
9602 2
9603 1
9604 1
9605 2
9606 2
9607 2
9608 2
9609 3
9610 3
9611 2
9612 2
9613 2
9614 2
9615 3
9616 3
9617 3
9618 3
9619 4
9620 3
9621 1
9622 2
9623 2
9624 2
9625 2
9626 2
9627 2
9628 2
9629 2
9630 2
9631 3
9632 3
9633 2
9634 2
9635 2
9636 2
9637 2
9638 2
9639 2
9640 2
9641 4
9642 3
9643 3
9644 3
9645 4
9646 4
9647 4
9648 2
9649 2
9650 1
9651 2
9652 2
9653 2
9654 1
9655 1
9656 1
9657 2
9658 2
9659 2
9660 2
9661 2
9662 2
9663 2
9664 3
9665 3
9666 3
9667 3
9668 2
9669 2
9670 2
9671 2
9672 2
9673 3
9674 3
9675 2
9676 2
9677 2
9678 2
9679 2
9680 2
9681 2
9682 1
9683 2
9684 2
9685 2
9686 2
9687 2
9688 1
9689 2
9690 2
9691 2
9692 2
9693 2
9694 2
9695 1
9696 2
9697 2
9698 2
9699 2
9700 3
9701 3
9702 2
9703 2
9704 1
9705 2
9706 2
9707 2
9708 1
9709 1
9710 1
9711 2
9712 2
9713 2
9714 1
9715 1
9716 1
9717 2
9718 2
9719 2
9720 2
9721 2
9722 3
9723 3
9724 3
9725 2
9726 2
9727 2
9728 2
9729 2
9730 2
9731 1
9732 2
9733 2
9734 1
9735 1
9736 1
9737 1
9738 2
9739 2
9740 2
9741 3
9742 2
9743 3
9744 2
9745 2
9746 2
9747 2
9748 2
9749 2
9750 3
9751 3
9752 2
9753 2
9754 2
9755 2
9756 2
9757 1
9758 2
9759 2
9760 2
9761 1
9762 1
9763 1
9764 2
9765 2
9766 2
9767 2
9768 1
9769 1
9770 1
9771 2
9772 2
9773 2
9774 2
9775 1
9776 2
9777 2
9778 2
9779 2
9780 2
9781 2
9782 2
9783 1
9784 2
9785 2
9786 2
9787 2
9788 3
9789 3
9790 2
9791 3
9792 3
9793 3
9794 2
9795 2
9796 3
9797 3
9798 3
9799 3
9800 2
9801 3
9802 2
9803 2
9804 3
9805 3
9806 2
9807 2
9808 2
9809 3
9810 3
9811 2
9812 2
9813 2
9814 2
9815 2
9816 1
9817 2
9818 2
9819 2
9820 2
9821 3
9822 2
9823 3
9824 3
9825 4
9826 3
9827 3
9828 3
9829 3
9830 4
9831 2
9832 7
9833 9
9834 8
9835 9
9836 9
9837 9
9838 9
9839 9
9840 9
9841 3
9842 3
9843 3
9844 3
9845 3
9846 3
9847 3
9848 4
9849 4
9850 3
9851 3
9852 3
9853 3
9854 3
9855 3
9856 4
9857 3
9858 3
9859 3
9860 3
9861 2
9862 2
9863 2
9864 2
9865 3
9866 2
9867 2
9868 2
9869 3
9870 3
9871 1
9872 2
9873 2
9874 1
9875 1
9876 1
9877 2
9878 2
9879 2
9880 1
9881 2
9882 2
9883 2
9884 1
9885 2
9886 2
9887 2
9888 2
9889 3
9890 3
9891 1
9892 2
9893 2
9894 2
9895 2
9896 2
9897 3
9898 4
9899 4
9900 4
9901 2
9902 2
9903 2
9904 1
9905 2
9906 2
9907 2
9908 3
9909 3
9910 3
9911 2
9912 2
9913 2
9914 2
9915 3
9916 2
9917 2
9918 2
9919 2
9920 2
9921 2
9922 2
9923 2
9924 2
9925 2
9926 2
9927 2
9928 2
9929 2
9930 2
9931 3
9932 2
9933 2
9934 3
9935 3
9936 4
9937 4
9938 5
9939 5
9940 5
9941 3
9942 2
9943 2
9944 3
9945 4
9946 3
9947 3
9948 3
9949 4
9950 4
9951 4
9952 4
9953 3
9954 4
9955 4
9956 5
9957 5
9958 5
9959 4
9960 5
9961 2
9962 2
9963 3
9964 3
9965 3
9966 3
9967 3
9968 3
9969 3
9970 5
9971 3
9972 3
9973 2
9974 3
9975 3
9976 3
9977 3
9978 3
9979 3
9980 2
9981 1
9982 1
9983 2
9984 2
9985 2
9986 2
9987 2
9988 2
9989 3
9990 3
9991 2
9992 2
9993 2
9994 2
9995 3
9996 3
9997 3
9998 3
9999 4
10000 4
