1 704
2 78
3 78
4 76
5 76
8 74
9 75
10 75
11 74
12 74
13 72
14 71
15 71
16 69
17 68
18 68
19 68
20 67
21 67
22 66
23 65
24 65
25 64
26 64
27 64
28 63
29 63
30 62
31 61
32 62
33 61
34 60
35 61
36 60
37 59
38 60
39 59
40 59
41 59
42 59
7 75
6 75
43 58
44 59
45 58
46 58
47 58
48 57
49 58
50 57
51 56
52 57
53 55
54 55
55 55
56 55
57 54
58 55
59 54
60 54
61 54
62 53
63 53
64 53
65 53
66 53
67 53
68 52
69 53
70 52
71 52
72 52
73 51
74 52
75 51
76 52
77 51
78 51
79 51
80 51
81 51
82 51
83 50
84 50
85 50
86 49
87 49
88 48
89 49
90 48
91 47
92 48
93 47
94 47
95 47
96 47
97 47
98 47
99 46
100 46
101 55
103 54
102 54
104 54
105 53
106 53
107 54
108 53
109 54
110 54
111 53
112 54
113 54
114 54
115 54
116 54
117 54
118 54
119 54
120 54
121 55
122 54
123 55
124 55
125 55
126 55
127 55
128 55
129 55
130 55
131 55
132 56
133 55
134 55
135 56
136 55
137 55
138 56
139 56
140 55
141 56
142 56
143 55
144 56
145 56
146 56
147 56
148 56
149 56
150 56
151 56
152 56
153 56
154 56
155 56
156 56
157 57
158 56
159 56
160 57
161 56
162 57
163 57
164 58
165 56
166 56
167 56
168 56
169 56
170 56
171 56
172 56
173 57
174 56
175 57
176 57
177 56
178 57
179 57
180 56
181 57
182 57
183 56
184 57
185 56
186 58
187 58
188 58
189 58
190 58
191 58
192 59
193 58
194 58
195 59
196 59
197 58
198 59
199 58
200 55
201 55
202 55
203 52
204 51
205 51
206 51
208 51
209 51
210 50
207 50
212 50
213 50
214 50
215 50
216 49
217 50
219 48
220 49
221 48
222 48
223 47
211 51
225 47
226 46
227 47
228 45
218 49
224 48
229 1
230 10
231 10
232 10
233 11
234 10
235 11
236 11
237 11
238 11
239 11
240 10
241 11
242 11
243 10
244 11
245 14
246 14
247 13
248 14
249 16
250 17
251 18
252 18
253 18
254 18
255 17
256 18
257 18
258 19
259 18
260 20
261 18
262 18
263 22
264 22
265 21
266 31
267 30
268 31
269 32
270 34
271 37
272 38
273 36
274 37
275 36
276 35
277 36
278 36
279 36
280 34
281 34
282 69
283 68
284 69
285 69
286 68
287 69
288 69
289 71
290 39
291 39
292 39
293 47
294 47
295 48
296 47
297 47
298 48
299 48
300 47
301 48
302 47
303 47
304 48
305 47
306 47
307 46
308 47
309 48
310 47
311 47
312 47
313 47
314 47
315 48
316 47
317 47
318 48
319 49
320 48
321 48
322 48
323 48
324 49
325 48
326 48
327 49
328 48
329 48
330 49
331 49
332 49
333 49
334 49
335 50
336 49
337 49
338 50
339 50
340 50
341 50
342 50
343 48
344 21
345 21
346 21
347 22
348 21
349 21
350 21
351 21
352 20
353 21
354 21
355 20
356 21
357 22
358 21
359 22
360 22
361 22
362 22
363 22
364 22
365 22
366 22
367 23
368 23
369 23
370 23
371 24
372 24
373 24
374 24
375 24
376 25
377 24
378 25
379 25
380 25
381 26
382 25
383 25
384 26
385 26
386 26
387 26
388 12
389 12
390 13
391 12
392 12
393 13
394 12
395 12
396 13
397 13
398 12
399 13
400 13
401 13
402 13
403 13
404 13
405 14
406 13
407 13
408 14
409 15
410 21
411 21
412 21
413 21
414 21
415 21
416 21
417 21
418 21
419 21
420 21
421 22
422 21
423 21
424 22
425 22
426 21
427 22
428 22
429 22
430 21
431 22
432 22
433 22
434 22
435 22
436 23
437 23
438 23
439 23
440 23
441 22
442 21
443 21
444 22
445 22
446 21
447 22
448 22
449 22
450 22
451 22
452 22
453 22
454 22
455 22
456 22
457 23
458 22
459 22
460 23
461 23
462 22
463 22
464 23
465 23
466 23
467 23
468 23
469 23
470 22
471 22
472 22
473 22
474 22
475 23
476 22
477 22
478 22
479 23
480 22
481 22
482 22
483 23
484 22
485 22
486 23
487 23
488 22
489 23
490 23
491 23
492 23
493 23
494 23
495 22
496 23
497 23
498 23
499 24
500 23
501 24
502 24
503 24
504 23
505 24
506 24
507 24
508 24
509 24
510 24
511 24
512 24
513 24
514 25
515 24
516 22
517 23
518 23
519 23
520 22
521 23
522 23
523 23
524 24
525 24
526 25
527 25
528 25
529 25
530 25
531 23
532 24
533 24
534 24
535 21
536 22
537 22
539 22
538 23
540 22
541 22
542 22
543 22
544 22
545 22
546 22
547 21
548 22
549 22
550 21
551 22
552 22
553 22
554 21
555 22
556 22
557 23
558 22
559 22
560 23
561 23
562 20
563 20
564 20
565 19
566 19
567 20
568 20
569 19
570 20
571 20
572 19
573 20
574 21
575 21
576 21
577 21
578 21
579 21
580 22
581 21
582 21
583 21
584 22
585 20
586 20
587 21
588 20
589 20
590 21
591 20
592 20
593 21
594 20
595 20
596 20
597 21
598 20
599 20
600 17
601 18
602 18
603 17
604 18
605 19
606 18
607 18
608 18
609 18
610 19
611 19
612 18
613 19
614 19
615 20
616 19
617 19
618 20
619 20
620 20
621 20
622 21
623 21
624 21
625 21
626 21
627 22
628 22
629 22
630 22
631 22
632 23
633 22
634 23
635 23
636 24
637 23
638 23
639 24
640 24
641 24
642 24
643 24
644 25
645 24
646 25
647 25
648 25
649 26
650 25
651 26
652 26
653 27
654 27
655 27
656 28
657 28
658 27
659 28
660 28
661 29
662 28
663 29
664 29
665 38
666 17
667 16
668 17
669 17
670 17
671 16
672 17
673 17
674 17
675 17
676 17
677 17
678 17
679 18
680 17
681 18
682 18
683 19
684 18
685 19
686 18
687 18
688 19
689 19
690 20
691 20
692 20
693 21
694 20
695 21
696 21
697 21
698 22
699 21
700 22
701 22
702 22
703 22
704 23
705 22
706 22
707 23
708 23
709 22
710 23
711 23
712 24
713 23
714 24
715 24
716 25
717 24
718 23
719 13
720 12
721 13
722 14
723 13
724 19
725 20
726 20
727 21
728 4
729 4
730 4
731 4
732 5
733 4
734 20
735 20
736 20
737 20
738 20
739 21
740 20
741 21
742 21
743 21
744 21
745 21
746 22
747 22
748 21
749 22
750 23
751 23
752 22
753 23
754 23
755 23
756 24
757 23
758 23
759 23
760 23
761 22
762 23
763 23
764 22
765 23
766 23
767 24
768 23
769 23
770 24
771 24
772 23
773 24
774 24
775 25
776 24
777 24
778 25
779 24
780 25
781 25
782 26
783 25
784 25
785 25
786 25
787 28
788 28
789 28
790 28
791 28
792 28
793 28
794 33
795 33
796 34
797 35
798 35
799 35
800 35
801 35
802 35
803 36
804 35
805 36
806 36
807 36
808 36
809 36
810 36
811 37
812 36
813 37
814 37
815 37
816 37
817 37
818 38
819 37
820 38
821 38
822 38
823 39
824 39
825 38
826 39
827 38
828 39
829 39
830 40
831 39
832 39
833 40
834 39
835 40
836 41
837 40
838 40
839 41
840 41
841 41
842 39
843 40
844 40
845 32
846 32
847 32
848 32
849 32
850 33
851 32
852 33
853 32
854 33
855 33
856 11
857 10
858 10
859 11
860 11
861 10
862 17
863 19
864 19
865 19
866 20
867 20
868 22
869 22
870 22
871 23
872 24
873 25
874 24
875 25
876 26
877 27
878 26
879 27
880 27
881 28
882 28
883 28
884 29
885 29
886 33
887 34
888 40
889 41
890 42
891 43
892 43
893 42
894 43
895 43
896 44
897 45
898 44
899 45
900 45
901 45
902 45
903 46
904 46
905 45
906 45
907 46
908 46
909 46
910 46
911 47
912 46
913 46
914 47
915 47
916 46
917 47
918 48
919 48
920 48
921 48
922 25
923 26
924 26
925 26
926 26
927 25
928 25
929 25
930 25
931 26
932 26
933 26
934 26
935 26
936 26
937 27
938 26
939 27
940 26
941 26
942 27
943 28
944 28
945 28
946 28
947 28
948 27
949 27
950 28
951 27
952 27
953 28
954 28
955 28
956 28
957 28
958 38
959 41
960 41
961 45
962 45
963 46
964 48
965 50
966 51
967 51
968 53
969 52
970 53
971 52
972 52
973 54
974 55
975 55
976 55
977 54
978 54
979 55
980 54
981 54
982 55
983 54
984 55
985 55
986 56
987 55
988 55
989 56
990 20
991 20
992 21
993 21
994 20
995 21
996 21
997 21
998 22
999 22
1000 23
1001 22
1002 23
1003 23
1004 24
1005 23
1006 24
1007 27
1008 28
1009 28
1010 28
1011 28
1012 28
1013 28
1014 28
1015 29
1016 29
1017 30
1018 29
1019 29
1020 28
1021 28
1022 29
1023 29
1024 29
1025 29
1026 30
1027 29
1028 30
1029 30
1030 30
1031 30
1032 31
1033 30
1034 30
1035 31
1036 31
1037 31
1038 32
1039 32
1040 31
1041 32
1042 32
1043 32
1044 32
1046 33
1047 34
1045 33
1048 33
1049 34
1050 24
1051 25
1052 25
1053 25
1054 25
1055 26
1056 26
1057 25
1058 26
1059 26
1060 27
1061 26
1062 27
1063 27
1064 27
1065 27
1066 27
1067 28
1068 27
1069 28
1070 28
1071 29
1072 27
1073 28
1074 28
1075 29
1076 28
1077 29
1078 29
1079 29
1080 29
1081 29
1082 29
1083 29
1084 30
1085 30
1086 31
1087 30
1088 30
1089 30
1090 30
1091 30
1092 29
1093 30
1094 30
1095 30
1096 30
1097 31
1098 30
1099 31
1100 31
1101 32
1102 31
1103 32
1104 32
1105 32
1106 32
1107 33
1108 32
1109 33
1110 33
1111 33
1112 33
1113 33
1114 33
1115 33
1116 33
1117 33
1118 27
1119 27
1120 28
1121 28
1122 28
1123 29
1124 29
1125 29
1126 30
1127 30
1128 31
1129 30
1130 31
1131 31
1132 32
1133 31
1134 32
1135 32
1136 33
1137 32
1138 33
1139 34
1140 34
1141 34
1142 34
1143 35
1144 34
1145 35
1146 35
1147 35
1148 36
1149 36
1150 37
1151 36
1152 37
1153 37
1154 37
1155 37
1156 38
1157 38
1158 38
1159 38
1160 39
1161 39
1162 39
1163 39
1164 39
1165 40
1166 40
1167 40
1168 40
1169 41
1170 41
1171 41
1172 41
1173 35
1174 35
1175 35
1176 36
1177 36
1178 33
1179 33
1180 34
1181 34
1182 35
1183 35
1184 35
1185 36
1186 36
1187 36
1188 36
1189 37
1190 37
1191 38
1192 37
1193 38
1194 38
1195 39
1196 39
1197 39
1198 39
1199 39
1200 39
1201 40
1202 40
1203 40
1204 40
1205 41
1206 41
1207 41
1208 42
1209 42
1210 42
1211 42
1212 43
1213 44
1214 44
1215 45
1216 44
1217 45
1218 45
1219 45
1220 46
1221 45
1222 46
1223 46
1224 46
1225 46
1226 46
1227 47
1228 49
1229 48
1230 56
1231 57
1232 57
1233 57
1234 57
1235 58
1236 58
1237 58
1238 59
1239 58
1240 59
1241 59
1242 59
1243 59
1244 59
1245 60
1246 23
1247 23
1248 24
1249 24
1250 24
1251 24
1252 25
1253 24
1254 25
1255 25
1256 24
1257 25
1258 26
1259 26
1260 26
1261 27
1262 27
1263 28
1264 29
1265 29
1266 32
1267 33
1268 32
1269 33
1270 33
1271 34
1272 33
1273 33
1274 34
1275 33
1276 34
1277 34
1278 34
1279 33
1280 33
1281 34
1282 33
1283 34
1284 34
1285 34
1286 34
1287 35
1288 35
1289 36
1290 36
1291 36
1292 36
1293 36
1294 36
1295 36
1296 37
1297 37
1298 38
1299 38
1300 37
1301 38
1302 38
1303 44
1304 43
1305 44
1306 21
1307 21
1308 21
1309 21
1310 22
1311 21
1312 22
1313 22
1314 22
1315 22
1316 23
1317 23
1318 22
1319 23
1320 22
1321 23
1322 23
1323 23
1324 23
1325 24
1326 24
1327 24
1328 24
1329 24
1330 24
1331 24
1332 25
1333 25
1334 25
1335 25
1336 25
1337 25
1338 25
1339 26
1340 26
1341 26
1342 26
1343 26
1344 26
1345 26
1346 27
1347 26
1348 26
1349 27
1350 27
1351 27
1352 27
1353 28
1354 28
1355 29
1356 28
1357 29
1358 29
1359 29
1360 30
1361 29
1362 30
1363 30
1364 30
1365 30
1366 30
1367 31
1368 31
1369 31
1370 31
1371 32
1372 32
1373 32
1374 20
1375 20
1376 20
1377 20
1378 20
1379 20
1380 21
1381 21
1382 21
1383 21
1384 21
1385 21
1386 21
1387 22
1388 22
1389 22
1390 22
1391 23
1392 24
1393 24
1394 23
1395 24
1396 25
1397 25
1398 24
1399 25
1400 26
1401 26
1402 25
1403 26
1404 26
1405 27
1406 27
1407 27
1408 27
1409 27
1410 27
1411 27
1412 28
1413 27
1414 28
1415 28
1416 27
1417 27
1418 27
1419 27
1420 27
1421 27
1422 28
1423 28
1424 28
1425 28
1426 29
1427 29
1428 28
1429 29
1430 29
1431 30
1432 30
1433 30
1434 17
1435 17
1436 17
1437 17
1438 17
1439 18
1440 18
1441 19
1442 18
1443 17
1444 18
1445 18
1446 18
1447 18
1448 17
1449 18
1450 18
1451 18
1452 18
1453 19
1454 19
1455 19
1456 20
1457 20
1458 20
1459 21
1460 21
1461 20
1462 21
1463 21
1464 21
1465 21
1466 21
1467 21
1468 21
1469 23
1470 23
1471 23
1472 23
1473 24
1474 24
1475 24
1476 23
1477 24
1478 24
1479 24
1480 24
1481 23
1482 24
1483 24
1484 24
1485 23
1486 11
1487 10
1488 10
1489 11
1490 10
1491 11
1492 11
1493 12
1494 12
1495 11
1496 12
1497 12
1498 14
1499 14
1500 14
1501 15
1502 14
1503 14
1504 14
1505 14
1506 14
1507 14
1508 13
1509 14
1510 14
1511 13
1512 14
1513 13
1514 12
1515 12
1516 13
1517 25
1518 7
1519 7
1520 6
1521 7
1522 7
1523 7
1524 7
1525 7
1526 8
1527 7
1528 8
1529 8
1530 8
1531 8
1532 8
1533 9
1534 9
1535 8
1536 9
1537 9
1538 11
1539 10
1540 11
1541 24
1542 24
1543 24
1544 25
1545 24
1546 24
1547 24
1548 25
1549 24
1550 24
1551 25
1552 25
1553 25
1554 25
1555 25
1556 25
1557 26
1558 26
1559 25
1560 26
1561 26
1562 26
1563 26
1564 26
1565 26
1566 27
1567 27
1568 27
1569 27
1570 27
1571 28
1572 28
1573 27
1574 27
1575 28
1576 28
1577 28
1578 28
1579 28
1580 28
1581 29
1582 28
1583 29
1584 29
1585 29
1586 30
1587 29
1588 30
1589 31
1590 31
1591 30
1592 31
1593 31
1594 31
1595 31
1596 31
1597 32
1598 32
1599 32
1600 32
1601 32
1602 32
1603 31
1604 31
1605 31
1606 32
1607 31
1608 32
1609 32
1610 31
1611 32
1612 32
1613 30
1614 19
1615 18
1616 19
1617 19
1618 20
1619 20
1620 19
1621 20
1622 20
1623 21
1624 20
1625 21
1626 21
1627 21
1628 22
1629 22
1630 21
1631 22
1632 22
1633 22
1634 23
1635 22
1636 22
1637 23
1638 23
1639 21
1640 21
1641 21
1642 21
1643 21
1644 21
1645 5
1646 6
1647 6
1648 6
1649 8
1650 8
1651 7
1652 8
1653 8
1654 9
1655 8
1656 8
1657 9
1658 9
1659 9
1660 9
1661 9
1662 9
1663 10
1664 10
1665 10
1666 10
1667 10
1668 11
1669 7
1670 7
1671 7
1672 7
1673 7
1674 7
1675 7
1676 7
1677 7
1678 7
1679 7
1680 7
1681 7
1682 7
1683 8
1684 7
1685 7
1686 7
1687 8
1688 7
1689 8
1690 8
1691 9
1692 9
1693 9
1694 9
1695 12
1696 12
1697 13
1698 12
1699 13
1700 13
1701 13
1702 13
1703 13
1704 13
1705 14
1706 14
1707 14
1708 14
1709 15
1710 15
1711 14
1712 21
1713 22
1714 22
1715 21
1716 21
1717 21
1718 21
1719 21
1720 20
1721 21
1722 21
1723 21
1724 20
1725 20
1726 20
1727 26
1728 27
1729 29
1730 30
1731 29
1732 29
1733 30
1734 30
1735 30
1736 30
1737 30
1738 30
1739 31
1740 31
1741 30
1742 33
1743 27
1744 24
1745 24
1746 24
1747 23
1748 23
1749 23
1750 21
1751 20
1752 17
1753 18
1754 16
1755 15
1756 14
1757 14
1758 15
1759 15
1760 15
1761 16
1762 16
1763 15
1764 15
1765 16
1766 16
1767 16
1768 17
1769 17
1770 17
1771 17
1772 17
1773 17
1774 22
1775 23
1776 22
1777 22
1778 23
1779 23
1780 23
1781 23
1782 24
1783 24
1784 24
1785 24
1786 24
1787 24
1788 25
1789 25
1790 24
1791 24
1792 25
1793 24
1794 24
1795 24
1796 24
1797 24
1798 25
1799 25
1800 24
1801 25
1802 24
1803 24
1804 25
1805 25
1806 25
1807 25
1808 25
1809 25
1810 25
1811 24
1812 25
1813 25
1814 25
1815 23
1816 24
1817 24
1818 24
1819 24
1820 30
1821 31
1822 31
1823 16
1824 17
1825 17
1826 18
1827 18
1828 18
1829 19
1830 19
1831 19
1832 19
1833 20
1834 21
1835 20
1836 21
1837 21
1838 21
1839 22
1840 23
1841 22
1842 23
1843 23
1844 24
1845 23
1846 24
1847 24
1848 24
1849 25
1850 25
1851 25
1852 26
1853 27
1854 28
1855 27
1856 29
1857 29
1858 30
1859 30
1860 29
1861 30
1862 30
1863 31
1864 31
1865 31
1866 31
1867 32
1868 31
1869 32
1870 32
1871 32
1872 33
1873 33
1874 33
1875 34
1876 36
1877 35
1878 35
1879 35
1880 35
1881 35
1882 23
1883 23
1884 23
1885 23
1886 23
1887 24
1888 24
1889 24
1890 24
1891 25
1892 25
1893 24
1894 25
1895 25
1896 26
1897 26
1898 26
1899 26
1900 26
1901 27
1902 26
1903 27
1904 27
1905 27
1906 28
1907 27
1908 28
1909 28
1910 28
1911 28
1912 28
1913 29
1914 28
1915 28
1916 29
1917 28
1918 29
1919 29
1920 28
1921 28
1922 28
1923 28
1924 28
1925 29
1926 29
1927 29
1928 29
1929 29
1930 30
1931 29
1932 30
1933 30
1934 30
1935 30
1936 29
1937 30
1938 30
1939 30
1940 30
1941 31
1942 31
1943 31
1944 31
1945 32
1946 31
1947 31
1948 32
1949 32
1950 33
1951 25
1952 25
1953 26
1954 25
1955 26
1956 26
1957 27
1958 26
1959 27
1960 27
1961 27
1962 28
1963 27
1964 28
1965 28
1966 29
1967 29
1968 28
1969 29
1970 29
1971 30
1972 30
1973 30
1974 30
1975 31
1976 31
1977 32
1978 31
1979 32
1980 32
1981 33
1982 33
1983 32
1984 33
1985 33
1986 34
1987 34
1988 34
1989 30
1990 30
1991 29
1992 28
1993 28
1994 27
1995 28
1996 27
1997 28
1998 28
1999 29
2000 28
2001 29
2002 29
2003 30
2004 29
2005 29
2006 30
2007 30
2008 31
2009 30
2010 18
2011 19
2012 18
2013 18
2014 19
2015 19
2016 20
2017 19
2018 20
2019 20
2020 20
2021 21
2022 20
2023 21
2024 21
2025 21
2026 22
2027 21
2028 22
2029 22
2030 23
2031 22
2032 23
2033 23
2034 23
2035 24
2036 23
2037 24
2038 24
2039 24
2040 25
2041 24
2042 25
2043 25
2044 26
2045 26
2046 27
2047 26
2048 26
2049 27
2050 27
2051 27
2052 27
2053 28
2054 28
2055 28
2056 28
2057 29
2058 29
2059 29
2060 29
2061 29
2062 29
2063 30
2064 30
2065 30
2066 30
2067 31
2068 31
2069 31
2070 31
2071 31
2072 32
2073 32
2074 33
2075 33
2076 33
2077 33
2078 34
2079 17
2080 18
2081 17
2082 18
2083 18
2084 18
2085 19
2086 18
2087 19
2088 19
2089 20
2090 20
2091 19
2092 20
2093 20
2094 21
2095 21
2096 20
2097 21
2098 21
2099 22
2100 21
2101 21
2102 22
2103 22
2104 23
2105 22
2106 22
2107 23
2108 23
2109 23
2110 23
2111 23
2112 23
2113 23
2114 23
2115 24
2116 23
2117 24
2118 24
2119 24
2120 24
2121 24
2122 25
2123 24
2124 24
2125 24
2126 25
2127 24
2128 25
2129 25
2130 25
2131 25
2132 25
2133 26
2134 26
2135 25
2136 26
2137 26
2138 24
2139 25
2140 25
2141 25
2142 26
2143 26
2144 27
2145 27
2146 26
2147 27
2148 27
2149 27
2150 28
2151 27
2152 28
2153 28
2154 28
2155 28
2156 28
2157 28
2158 29
2159 29
2160 29
2161 29
2162 29
2163 30
2164 30
2165 30
2166 31
2167 32
2168 32
2169 33
2170 32
2171 32
2172 33
2173 33
2174 34
2175 33
2176 33
2177 34
2178 34
2179 35
2180 34
2181 35
2182 35
2183 36
2184 36
2185 35
2186 36
2187 36
2188 37
2189 37
2190 37
2191 37
2192 37
2193 38
2194 33
2195 33
2196 33
2197 33
2198 34
2199 34
2200 31
2201 31
2202 31
2203 32
2204 32
2205 31
2206 32
2207 57
2208 57
2209 58
2210 57
2211 57
2212 57
2213 58
2214 57
2215 57
2216 57
2217 57
2218 58
2219 57
2220 57
2221 56
2222 57
2223 57
2224 54
2225 54
2226 55
2227 55
2228 53
2229 53
2230 54
2231 54
2232 52
2233 52
2234 52
2235 51
2236 51
2237 50
2238 49
2239 48
2240 48
2241 47
2242 46
2243 46
2244 45
2245 45
2246 44
2247 44
2248 44
2249 43
2250 44
2251 43
2252 42
2253 36
2254 35
2255 31
2256 30
2257 29
2258 27
2259 28
2260 27
2261 25
2262 24
2263 20
2264 21
2265 20
2266 27
2267 27
2268 28
2269 28
2270 27
2271 27
2272 28
2273 28
2274 27
2275 27
2276 28
2277 27
2278 27
2280 28
2281 27
2279 27
2282 27
2283 27
2284 28
2285 27
2286 27
2287 27
2288 28
2289 32
2290 33
2291 33
2292 37
2293 38
2294 37
2295 38
2296 38
2297 39
2298 39
2299 38
2300 39
2301 39
2302 40
2303 39
2304 39
2305 40
2306 39
2307 40
2308 40
2309 41
2310 41
2311 40
2312 41
2313 41
2314 41
2315 41
2316 41
2317 41
2318 41
2319 41
2320 42
2321 42
2322 41
2323 42
2324 42
2325 43
2326 42
2327 43
2328 43
2329 43
2330 44
2331 43
2332 44
2333 44
2334 44
2335 20
2336 23
2337 23
2338 23
2339 24
2340 22
2341 23
2342 22
2343 23
2344 23
2345 23
2346 23
2347 24
2348 24
2349 24
2350 24
2351 24
2352 24
2353 25
2354 24
2355 25
2356 24
2357 24
2358 24
2359 25
2360 25
2361 24
2362 25
2363 25
2364 26
2365 25
2366 25
2367 26
2368 26
2369 31
2370 33
2371 33
2372 34
2373 33
2374 34
2375 34
2376 35
2377 34
2378 34
2379 34
2380 34
2381 34
2382 35
2383 35
2384 36
2385 35
2386 36
2387 36
2388 36
2389 45
2390 9
2391 7
2392 8
2393 9
2394 29
2395 29
2396 29
2397 30
2398 30
2399 30
2400 30
2401 30
2402 30
2403 30
2404 30
2405 31
2406 31
2407 31
2408 31
2409 31
2410 34
2411 34
2412 34
2413 35
2414 35
2415 36
2416 35
2417 37
2418 38
2419 39
2420 39
2421 39
2422 39
2423 39
2424 40
2425 39
2426 40
2427 40
2428 40
2429 40
2430 41
2431 41
2432 42
2433 41
2434 42
2435 42
2436 43
2437 43
2438 43
2439 43
2440 44
2441 44
2442 45
2443 43
2444 44
2445 45
2446 47
2447 47
2448 41
2449 42
2450 42
2451 41
2452 42
2453 42
2454 43
2455 42
2456 43
2457 43
2458 44
2459 43
2460 44
2461 44
2462 45
2463 18
2464 18
2465 18
2466 19
2467 35
2468 34
2469 35
2470 35
2471 35
2472 35
2473 36
2474 36
2475 36
2476 36
2477 36
2478 37
2479 36
2480 37
2481 37
2482 38
2483 38
2484 38
2485 38
2486 39
2487 40
2488 40
2489 40
2490 40
2491 41
2492 41
2493 41
2494 41
2495 41
2496 41
2497 42
2498 42
2499 42
2500 42
2501 43
2502 43
2503 43
2504 43
2505 43
2506 44
2507 44
2508 44
2509 44
2510 44
2511 45
2512 44
2513 44
2514 44
2515 44
2516 44
2517 41
2518 41
2519 41
2520 42
2521 49
2522 25
2523 26
2524 26
2525 29
2526 30
2527 32
2528 32
2529 34
2530 35
2531 38
2532 38
2533 39
2534 42
2535 42
2536 42
2537 45
2538 45
2539 45
2540 45
2541 46
2542 46
2543 46
2544 46
2545 47
2546 47
2547 46
2548 47
2549 47
2550 47
2551 47
2552 47
2553 47
2554 47
2555 47
2556 49
2557 49
2558 50
2559 50
2560 50
2561 51
2562 51
2563 52
2564 51
2565 51
2566 51
2567 53
2568 53
2569 53
2570 53
2571 54
2572 54
2573 53
2574 54
2575 54
2576 55
2577 55
2578 56
2579 55
2580 55
2581 56
2582 56
2583 56
2584 56
2585 56
2586 57
2587 57
2588 58
2589 57
2590 57
2591 23
2592 23
2593 23
2594 23
2595 23
2596 23
2597 23
2598 23
2599 23
2600 24
2601 24
2602 23
2603 25
2604 25
2605 26
2606 26
2607 25
2608 26
2609 26
2610 25
2611 26
2612 25
2613 25
2614 26
2615 26
2616 25
2617 26
2618 26
2619 27
2620 26
2621 26
2622 26
2623 26
2624 25
2625 26
2626 26
2627 26
2628 26
2629 26
2630 27
2631 27
2632 26
2633 26
2634 27
2635 27
2636 27
2637 26
2638 26
2639 26
2640 26
2641 26
2642 26
2643 26
2644 26
2645 26
2646 27
2647 26
2648 27
2649 27
2650 34
2651 33
2652 34
2653 35
2654 36
2655 36
2656 36
2657 39
2658 40
2659 41
2660 40
2661 40
2662 41
2663 46
2664 48
2665 47
2666 48
2667 48
2668 49
2669 48
2670 49
2671 49
2672 50
2673 51
2674 52
2675 51
2676 51
2677 52
2678 52
2679 51
2680 52
2681 52
2682 52
2683 53
2684 52
2685 53
2686 54
2687 54
2688 54
2689 54
2690 55
2691 55
2692 55
2693 55
2694 55
2695 56
2696 58
2697 57
2698 52
2699 52
2700 52
2701 52
2702 50
2703 50
2704 49
2705 42
2706 43
2707 46
2708 46
2709 47
2710 46
2711 46
2712 47
2713 47
2714 46
2715 47
2716 47
2717 46
2718 55
2719 13
2720 14
2721 13
2722 14
2723 14
2724 15
2725 14
2726 14
2727 15
2728 15
2729 15
2730 15
2731 15
2732 16
2733 16
2734 16
2735 16
2736 16
2737 16
2738 17
2739 17
2740 17
2741 17
2742 17
2743 18
2744 18
2745 17
2746 17
2747 18
2748 18
2749 19
2750 19
2751 18
2752 19
2753 19
2754 19
2755 20
2756 20
2757 19
2758 20
2759 20
2760 20
2761 21
2762 20
2763 20
2764 21
2765 21
2766 22
2767 22
2768 21
2769 22
2770 22
2771 22
2772 23
2773 22
2774 22
2775 23
2776 23
2777 23
2778 4
2779 4
2780 4
2781 4
2782 4
2783 4
2784 5
2785 5
2786 5
2787 5
2788 5
2789 6
2790 5
2791 5
2792 6
2793 13
2794 13
2795 13
2796 14
2797 14
2798 14
2799 14
2800 14
2801 14
2802 15
2803 15
2804 14
2805 15
2806 15
2807 15
2808 16
2809 15
2810 15
2811 16
2812 16
2813 16
2814 17
2815 15
2816 15
2817 16
2818 16
2819 15
2820 16
2821 16
2822 16
2823 16
2824 16
2825 16
2826 8
2827 8
2828 8
2829 14
2830 18
2831 24
2832 25
2833 27
2834 27
2835 29
2836 30
2837 30
2838 32
2839 32
2840 35
2841 35
2842 35
2843 36
2844 37
2845 39
2846 6
2847 17
2848 17
2849 18
2850 18
2851 18
2852 18
2853 18
2854 19
2855 19
2856 18
2857 19
2858 19
2859 20
2860 20
2861 20
2862 20
2863 21
2864 21
2865 22
2866 21
2867 22
2868 22
2869 22
2870 23
2871 22
2872 22
2873 22
2874 23
2875 22
2876 23
2877 23
2878 24
2879 23
2880 24
2881 24
2882 24
2883 25
2884 24
2885 24
2886 25
2887 25
2888 25
2889 26
2890 25
2891 25
2892 26
2893 26
2894 26
2895 26
2896 26
2897 27
2898 27
2899 27
2900 26
2901 27
2902 27
2903 27
2904 28
2905 28
2906 27
2907 28
2908 28
2909 28
2910 29
2911 28
2912 28
2913 29
2914 29
2915 29
2916 29
2917 29
2918 29
2919 30
2920 29
2921 22
2922 22
2923 23
2924 24
2925 24
2926 25
2927 24
2928 25
2929 25
2930 26
2931 26
2932 24
2933 26
2934 26
2935 26
2936 26
2937 27
2938 27
2939 26
2940 27
2941 27
2942 27
2943 28
2944 27
2945 27
2946 28
2947 28
2948 28
2949 28
2950 27
2951 27
2952 28
2953 27
2954 13
2955 13
2956 12
2957 13
2958 13
2959 14
2960 14
2961 14
2962 14
2963 14
2964 15
2965 14
2966 15
2967 15
2968 15
2969 15
2970 15
2971 16
2972 16
2973 15
2974 3
2975 17
2976 18
2977 17
2978 17
2979 18
2980 18
2981 17
2982 18
2983 18
2984 19
2985 19
2986 18
2987 19
2988 19
2989 20
2990 7
2991 6
2992 7
2993 9
2994 12
2995 13
2996 13
2997 13
2998 13
2999 13
3000 14
3001 14
3002 14
3003 14
3004 14
3005 15
3006 15
3007 15
3008 15
3009 15
3010 15
3011 16
3012 16
3013 15
3014 16
3015 16
3016 16
3017 17
3018 17
3019 16
3020 17
3021 17
3022 17
3023 18
3024 17
3025 17
3026 18
3027 18
3028 17
3029 17
3030 18
3031 18
3032 18
3033 18
3034 19
3035 19
3036 18
3037 19
3038 19
3039 19
3040 20
3041 20
3042 20
3043 20
3044 20
3045 21
3046 21
3047 20
3048 21
3049 13
3050 14
3051 14
3052 14
3053 15
3054 14
3055 15
3056 15
3057 15
3058 15
3059 16
3060 16
3061 17
3062 16
3063 17
3064 17
3065 17
3066 18
3067 18
3068 17
3069 18
3070 18
3071 19
3072 19
3073 19
3074 19
3075 20
3076 20
3077 20
3078 20
3079 20
3080 20
3081 21
3082 8
3083 8
3084 9
3085 9
3086 9
3087 9
3088 9
3089 10
3090 10
3091 11
3092 10
3093 11
3094 11
3095 12
3096 12
3097 12
3098 12
3099 13
3100 13
3101 13
3102 13
3103 8
3104 7
3105 8
3106 8
3107 9
3108 9
3109 8
3110 9
3111 9
3112 10
3113 10
3114 9
3115 10
3116 10
3117 10
3118 10
3119 10
3120 14
3121 13
3122 17
3123 17
3124 17
3125 17
3126 17
3127 17
3128 17
3129 18
3130 17
3131 18
3132 18
3133 19
3134 19
3135 18
3136 19
3137 19
3138 20
3139 20
3140 19
3141 20
3142 20
3143 21
3144 20
3145 20
3146 21
3147 21
3148 21
3149 21
3150 21
3151 22
3152 21
3153 22
3154 22
3155 22
3156 23
3157 22
3158 22
3159 23
3160 23
3161 24
3162 23
3163 24
3164 24
3165 23
3166 24
3167 22
3168 23
3169 23
3170 29
3171 30
3172 33
3173 33
3174 34
3175 33
3176 33
3177 34
3178 35
3179 35
3180 36
3181 36
3182 36
3183 36
3184 37
3185 37
3186 38
3187 37
3188 38
3189 37
3190 37
3191 38
3192 38
3193 39
3194 38
3195 39
3196 39
3197 39
3198 40
3199 39
3200 39
3201 40
3202 40
3203 40
3204 41
3205 40
3206 41
3207 40
3208 40
3209 40
3210 40
3211 40
3212 41
3213 41
3214 41
3215 41
3216 41
3217 42
3218 42
3219 42
3221 42
3222 43
3220 42
3223 43
3224 43
3225 43
3226 43
3227 43
3228 43
3229 43
3230 43
3231 40
3232 39
3233 39
3234 35
3235 34
3236 34
3237 34
3238 34
3239 34
3240 33
3241 32
3242 33
3243 33
3244 33
3245 33
3246 33
3247 33
3248 34
3249 34
3250 15
3251 15
3252 16
3253 16
3254 16
3255 15
3256 16
3257 16
3258 16
3259 16
3260 16
3261 16
3262 16
3263 17
3264 17
3265 17
3266 18
3267 17
3268 18
3269 18
3270 18
3271 18
3272 18
3273 18
3274 19
3275 19
3276 19
3277 19
3278 20
3279 20
3280 20
3281 20
3282 20
3283 20
3284 21
3285 21
3286 21
3287 21
3288 22
3289 22
3290 23
3291 22
3292 22
3293 23
3294 23
3295 24
3296 23
3297 24
3298 24
3299 24
3300 25
3301 24
3302 25
3303 25
3304 25
3305 14
3306 14
3307 14
3308 14
3309 14
3310 15
3311 15
3312 15
3313 15
3314 15
3315 16
3316 16
3317 16
3318 16
3319 16
3320 16
3321 17
3322 17
3323 17
3324 16
3325 17
3326 15
3327 15
3328 15
3329 16
3330 16
3331 15
3332 16
3333 16
3334 16
3335 15
3336 15
3337 16
3338 15
3339 15
3340 15
3341 16
3342 16
3343 15
3344 15
3345 16
3346 16
3347 16
3348 15
3349 16
3350 16
3351 16
3352 16
3353 16
3354 16
3355 16
3356 16
3357 18
3358 18
3359 17
3360 18
3361 18
3362 27
3363 9
3364 9
3365 9
3366 10
3367 10
3368 10
3369 9
3370 9
3371 10
3372 10
3373 11
3374 11
3375 11
3376 10
3377 11
3378 7
3379 8
3380 8
3381 8
3382 8
3383 8
3384 9
3385 9
3386 10
3387 10
3388 10
3389 10
3390 10
3391 10
3392 10
3393 11
3394 10
3395 10
3396 10
3397 10
3398 10
3399 10
3400 10
3401 11
3402 11
3403 11
3404 10
3405 11
3406 11
3407 11
3408 11
3409 12
3410 12
3411 11
3412 11
3413 12
3414 12
3415 12
3416 13
3417 13
3418 13
3419 14
3420 13
3421 13
3422 13
3423 14
3424 14
3425 21
3426 6
3427 6
3428 7
3429 7
3430 7
3431 8
3432 8
3433 13
3434 13
3435 13
3436 11
3437 13
3438 13
3439 12
3440 13
3442 13
3441 13
3443 13
3444 14
3445 13
3446 14
3447 14
3448 13
3449 12
3450 13
3451 13
3452 13
3453 13
3454 13
3455 14
3456 13
3457 13
3458 14
3459 14
3460 14
3461 14
3462 15
3463 14
3464 14
3465 14
3466 15
3467 15
3468 15
3469 16
3470 16
3471 15
3472 16
3473 16
3474 16
3475 16
3476 17
3477 17
3478 16
3479 16
3480 17
3481 17
3482 17
3483 18
3484 18
3485 18
3486 18
3487 18
3488 20
3489 20
3490 8
3491 8
3492 8
3493 8
3494 8
3495 9
3496 9
3497 9
3498 10
3499 9
3500 9
3501 9
3502 10
3503 10
3504 10
3505 11
3506 7
3507 7
3508 8
3509 8
3510 8
3511 8
3512 8
3513 8
3514 8
3515 9
3516 9
3517 9
3518 9
3519 9
3520 9
3521 9
3522 9
3523 9
3524 8
3525 9
3526 9
3527 9
3528 9
3529 9
3530 10
3531 9
3532 9
3533 9
3534 9
3535 10
3536 10
3537 28
3538 28
3539 24
3540 23
3541 24
3542 23
3543 23
3544 21
3545 21
3546 21
3547 22
3548 21
3549 21
3550 21
3551 22
3552 22
3553 22
3554 22
3555 20
3556 19
3557 19
3558 17
3559 17
3560 17
3561 9
3562 10
3563 10
3564 11
3565 11
3566 11
3567 12
3568 14
3569 14
3570 15
3571 15
3572 15
3573 15
3574 15
3575 16
3576 16
3577 16
3578 16
3579 16
3580 16
3581 16
3582 17
3583 17
3584 17
3585 18
3586 17
3587 17
3588 17
3589 18
3590 18
3591 18
3592 18
3593 19
3594 18
3595 18
3596 19
3597 19
3598 19
3599 19
3600 20
3601 20
3602 19
3603 20
3604 20
3605 20
3606 20
3607 21
3608 21
3609 21
3610 20
3611 21
3612 21
3613 21
3614 21
3615 22
3616 22
3617 21
3618 9
3619 9
3620 9
3621 10
3622 10
3623 10
3624 9
3625 10
3626 9
3627 9
3628 9
3629 10
3630 10
3631 9
3632 10
3633 10
3634 7
3635 8
3636 8
3637 8
3638 8
3639 8
3640 8
3641 9
3642 9
3643 10
3644 10
3645 10
3646 10
3647 10
3648 10
3649 10
3650 10
3651 10
3652 10
3653 11
3654 11
3655 11
3656 11
3657 11
3658 11
3659 12
3660 12
3661 12
3662 12
3663 12
3664 12
3665 9
3666 9
3667 9
3668 9
3669 9
3670 9
3671 10
3672 10
3673 10
3674 11
3675 11
3676 10
3677 11
3678 11
3679 11
3680 12
3681 12
3682 12
3683 13
3684 12
3685 12
3686 12
3687 13
3688 13
3689 0
3690 1
3691 2
3692 2
3693 4
3694 4
3695 4
3696 5
3697 5
3698 5
3699 4
3700 4
3701 5
3702 5
3703 5
3704 5
3705 5
3706 5
3707 6
3708 6
3709 6
3710 6
3711 6
3712 6
3713 6
3714 6
3715 7
3716 7
3717 7
3718 7
3719 6
3720 6
3721 6
3722 6
3723 6
3724 7
3725 7
3726 7
3727 8
3728 8
3729 8
3730 8
3731 8
3732 9
3733 9
3734 9
3735 10
3736 10
3737 9
3738 10
3739 10
3740 10
3741 10
3742 11
3743 11
3744 11
3745 11
3746 6
3747 5
3748 5
3749 6
3750 6
3751 7
3752 6
3753 6
3754 6
3755 6
3756 6
3757 7
3758 6
3759 6
3760 6
3761 7
3762 6
3763 7
3764 7
3765 6
3766 7
3767 7
3768 7
3769 7
3770 8
3771 7
3772 7
3773 7
3774 8
3775 8
3776 8
3777 9
3778 9
3779 8
3780 8
3781 9
3782 9
3783 10
3784 10
3785 11
3786 10
3787 5
3788 5
3789 6
3790 6
3791 5
3792 6
3793 6
3794 6
3795 7
3796 7
3797 7
3798 7
3799 7
3800 7
3801 8
3802 8
3803 8
3804 9
3805 8
3806 8
3807 9
3808 9
3809 9
3810 10
3811 9
3812 9
3813 10
3814 10
3815 10
3816 10
3817 11
3818 4
3819 4
3820 4
3821 5
3822 5
3823 5
3824 5
3825 23
3826 23
3827 24
3828 24
3829 27
3830 28
3831 28
3832 28
3833 29
3834 30
3835 31
3836 31
3837 33
3838 33
3839 34
3840 34
3841 35
3842 35
3843 36
3844 37
3845 37
3846 36
3847 13
3848 13
3849 14
3850 13
3851 14
3852 14
3853 15
3854 15
3855 15
3856 15
3857 15
3858 15
3859 16
3860 15
3861 15
3862 16
3863 16
3864 14
3865 14
3866 15
3867 15
3868 15
3869 16
3870 16
3871 15
3872 16
3873 17
3874 17
3875 17
3876 18
3877 18
3878 17
3879 18
3880 18
3881 18
3882 18
3883 19
3884 19
3885 19
3886 19
3887 19
3888 19
3889 20
3890 20
3891 20
3892 20
3893 21
3894 21
3895 20
3896 20
3897 21
3898 21
3899 22
3900 21
3901 21
3902 22
3903 22
3904 22
3905 23
3906 22
3907 22
3908 23
3909 23
3910 24
3911 24
3912 24
3913 24
3914 24
3915 15
3916 15
3917 15
3918 15
3919 15
3920 15
3921 15
3922 14
3923 14
3924 15
3925 15
3926 15
3927 15
3928 15
3929 14
3930 14
3931 14
3932 15
3933 15
3934 15
3935 15
3936 18
3937 17
3938 17
3939 18
3940 18
3941 18
3942 19
3943 19
3944 19
3945 19
3946 19
3947 19
3948 20
3949 20
3950 20
3951 20
3952 14
3953 4
3954 5
3955 5
3956 4
3957 5
3958 5
3959 5
3960 6
3961 6
3962 6
3963 7
3964 6
3965 6
3966 7
3967 7
3968 7
3969 7
3970 7
3971 7
3972 7
3973 8
3974 8
3975 1
3976 2
3977 2
3978 2
3979 3
3980 2
3981 2
3982 3
3983 10
3984 9
3985 9
3986 10
3987 10
3988 10
3989 11
3990 10
3991 10
3992 11
3993 11
3994 11
3995 11
3996 11
3997 11
3998 11
3999 11
4000 12
4001 12
4002 12
4003 12
4004 12
4005 12
4006 12
4007 12
4008 13
4009 13
4010 14
4011 15
4012 14
4013 15
4014 15
4015 15
4016 16
4017 16
4018 16
4019 16
4020 16
4021 16
4022 16
4023 16
4024 16
4025 16
4026 15
4027 15
4028 16
4029 15
4030 15
4031 15
4032 16
4033 16
4034 16
4035 15
4036 16
4037 16
4038 16
4039 16
4040 16
4041 17
4042 26
4043 12
4044 11
4045 11
4046 11
4047 12
4048 12
4049 12
4050 11
4051 11
4052 12
4053 12
4054 12
4055 12
4056 12
4057 12
4058 12
4059 12
4060 12
4061 12
4062 13
4063 13
4064 12
4065 13
4066 13
4067 13
4068 13
4069 13
4070 13
4071 13
4072 14
4073 14
4074 15
4075 16
4076 16
4077 16
4078 16
4079 16
4080 17
4081 17
4082 18
4083 18
4084 17
4085 18
4086 18
4087 19
4088 19
4089 19
4090 20
4091 19
4092 20
4093 4
4094 4
4095 4
4096 4
4097 5
4098 5
4099 5
4100 7
4101 6
4102 7
4103 7
4104 7
4105 8
4106 8
4107 9
4108 8
4109 8
4110 9
4111 11
4112 10
4113 11
4114 11
4115 11
4116 12
4117 12
4118 12
4119 12
4120 12
4121 13
4122 13
4123 13
4124 13
4125 13
4126 13
4127 14
4128 14
4129 15
4130 14
4131 14
4132 15
4133 15
4134 15
4135 16
4136 16
4137 15
4138 16
4139 16
4140 17
4141 17
4142 17
4143 18
4144 18
4145 18
4146 18
4147 19
4148 19
4149 19
4150 20
4151 20
4152 19
4153 21
4154 21
4155 20
4156 20
4157 20
4158 21
4159 21
4160 21
4161 21
4162 21
4163 20
4164 21
4165 21
4166 21
4167 21
4168 21
4169 28
4170 2
4171 4
4172 3
4173 4
4174 5
4175 5
4176 5
4177 5
4178 6
4179 6
4180 5
4181 9
4182 10
4183 10
4184 10
4185 10
4186 10
4187 26
4188 16
4189 14
4190 12
4191 9
4192 9
4193 7
4194 12
4195 13
4196 12
4197 12
4198 13
4199 13
4200 13
4201 13
4202 13
4203 13
4204 13
4205 13
4206 14
4207 14
4208 13
4209 14
4210 14
4211 13
4212 13
4213 13
4214 13
4215 13
4216 13
4217 14
4218 14
4219 15
4220 14
4221 14
4222 14
4223 15
4224 15
4225 15
4226 13
4227 13
4228 13
4229 13
4230 12
4231 13
4232 13
4233 13
4234 14
4235 13
4236 13
4237 15
4238 16
4239 9
4240 10
4241 9
4242 9
4243 10
4244 10
4245 11
4246 11
4247 11
4248 11
4249 10
4250 11
4251 11
4252 11
4253 12
4254 12
4255 11
4256 12
4257 12
4258 12
4259 12
4260 13
4261 13
4262 14
4263 13
4264 13
4265 13
4266 13
4267 14
4268 14
4269 14
4270 14
4271 13
4272 8
4273 9
4274 9
4275 8
4276 9
4277 9
4278 9
4279 10
4280 9
4281 9
4282 10
4283 10
4284 10
4285 10
4286 11
4287 11
4288 11
4289 11
4290 11
4291 11
4292 12
4293 12
4294 11
4295 12
4296 12
4297 12
4298 12
4299 6
4300 6
4301 5
4302 5
4303 6
4304 6
4305 6
4306 6
4307 6
4308 6
4309 7
4310 7
4311 7
4312 7
4313 8
4314 7
4315 4
4316 4
4317 4
4318 5
4319 5
4320 5
4321 4
4322 17
4326 8
4323 8
4327 9
4324 8
4328 9
4329 9
4330 9
4331 9
4332 9
4333 10
4334 10
4335 11
4336 11
4337 11
4325 8
4340 11
4341 11
4342 12
4343 12
4338 10
4344 12
4345 11
4346 12
4347 12
4348 12
4339 11
4349 12
4350 13
4351 19
4352 18
4353 18
4354 22
4355 23
4356 23
4357 24
4358 24
4360 36
4359 30
4361 36
4362 40
4363 41
4364 41
4365 41
4366 41
4367 14
4368 14
4369 14
4370 14
4371 14
4372 15
4373 15
4374 15
4375 16
4376 16
4377 15
4378 15
4379 16
4380 16
4381 16
4382 16
4383 16
4384 16
4385 16
4386 17
4387 17
4388 17
4389 17
4390 17
4391 17
4392 17
4393 18
4394 18
4395 18
4396 18
4397 17
4398 18
4399 18
4400 18
4401 19
4402 19
4403 19
4404 18
4405 19
4406 19
4407 19
4408 20
4409 20
4410 20
4411 19
4412 20
4413 24
4414 25
4415 25
4416 26
4417 26
4418 26
4419 25
4420 26
4421 26
4422 26
4423 27
4424 27
4425 28
4426 27
4427 28
4428 28
4429 28
4430 29
4431 29
4432 28
4433 29
4434 29
4435 29
4436 29
4437 30
4438 30
4439 29
4440 30
4441 30
4442 30
4443 31
4444 31
4445 31
4446 32
4447 31
4448 31
4449 31
4450 26
4451 25
4452 24
4453 24
4454 23
4455 22
4456 20
4457 19
4458 19
4459 19
4460 18
4461 18
4462 17
4463 17
4464 15
4465 15
4466 15
4467 15
4468 16
4469 15
4470 14
4471 13
4472 12
4473 12
4474 11
4475 11
4476 11
4477 12
4478 11
4479 11
4480 11
4481 11
4482 11
4483 20
4484 22
4485 22
4486 22
4487 22
4489 22
4488 22
4490 21
4491 22
4492 22
4493 22
4494 23
4495 17
4496 22
4497 22
4498 25
4499 26
4500 26
4501 25
4502 25
4503 26
4504 26
4505 26
4506 27
4507 26
4508 26
4509 26
4510 26
4511 26
4512 27
4513 27
4514 26
4515 27
4516 27
4517 28
4518 28
4519 28
4520 28
4521 28
4522 28
4523 29
4524 29
4525 29
4526 29
4527 28
4528 28
4529 28
4530 28
4531 27
4532 27
4533 28
4534 28
4536 28
4535 28
4537 27
4538 27
4539 27
4540 27
4541 27
4542 27
4543 27
4544 26
4545 26
4546 26
4547 27
4548 26
4549 26
4550 26
4551 26
4552 26
4553 26
4554 25
4555 25
4556 25
4557 25
4558 29
4559 29
4560 30
4561 30
4562 29
4563 30
4564 30
4565 30
4566 31
4567 30
4568 30
4569 30
4570 31
4571 31
4572 31
4573 32
4574 31
4575 31
4576 31
4577 32
4578 8
4579 9
4580 9
4581 10
4582 9
4583 9
4584 10
4585 10
4586 11
4587 11
4588 10
4589 10
4590 11
4591 11
4592 11
4593 12
4594 12
4595 12
4596 13
4597 13
4598 13
4599 14
4600 14
4601 14
4602 14
4603 14
4604 14
4605 14
4606 15
4607 15
4608 15
4609 15
4610 15
4611 15
4612 16
4613 16
4614 16
4615 16
4616 16
4617 16
4618 17
4619 17
4620 17
4621 18
4622 18
4623 5
4624 4
4625 5
4626 5
4627 5
4628 5
4629 5
4630 6
4631 6
4632 6
4633 7
4634 6
4635 6
4636 7
4637 7
4638 8
4639 7
4640 7
4641 20
4642 12
4643 12
4644 13
4645 12
4646 13
4647 13
4648 13
4649 13
4650 13
4651 14
4652 13
4653 13
4654 13
4655 14
4656 14
4657 14
4658 15
4659 14
4660 14
4661 14
4662 15
4663 15
4664 15
4665 15
4666 16
4667 15
4668 15
4669 15
4670 15
4671 16
4672 15
4673 15
4674 15
4675 16
4676 15
4677 15
4678 15
4679 15
4680 16
4681 16
4682 15
4683 16
4684 16
4685 16
4686 16
4687 17
4688 17
4689 16
4690 16
4691 17
4692 17
4693 17
4694 17
4695 16
4696 17
4697 17
4698 17
4699 17
4700 17
4701 17
4702 17
4703 17
4704 17
4705 17
4706 10
4707 9
4708 10
4709 10
4710 10
4711 10
4712 11
4713 11
4714 10
4715 10
4716 10
4717 11
4718 11
4719 11
4720 11
4721 11
4722 11
4723 11
4724 11
4725 11
4726 11
4727 12
4728 12
4729 11
4730 11
4731 11
4732 12
4733 12
4734 12
4735 12
4736 11
4737 12
4738 12
4739 12
4740 12
4741 12
4742 12
4743 12
4744 12
4745 12
4746 12
4747 9
4748 8
4749 9
4750 13
4751 1
4752 3
4753 2
4754 3
4755 3
4756 3
4757 3
4758 2
4759 3
4760 3
4761 3
4762 3
4763 3
4764 3
4765 4
4766 3
4767 3
4768 3
4769 14
4770 12
4771 10
4772 11
4773 10
4774 10
4775 10
4776 11
4777 11
4778 11
4779 11
4780 11
4781 10
4782 10
4783 10
4784 10
4785 11
4786 7
4787 7
4788 6
4789 6
4790 6
4791 6
4792 6
4793 7
4794 7
4795 6
4796 6
4797 6
4798 6
4799 6
4800 6
4801 6
4802 7
4803 6
4804 6
4805 6
4806 6
4807 6
4808 6
4809 6
4810 5
4811 6
4812 14
4813 4
4814 5
4815 5
4816 6
4817 6
4818 6
4819 7
4820 6
4821 6
4822 6
4823 7
4824 7
4825 7
4826 7
4827 6
4828 7
4829 7
4830 7
4831 7
4832 7
4833 7
4834 7
4836 7
4835 7
4837 8
4838 8
4839 9
4840 9
4841 8
4842 8
4843 9
4844 9
4845 9
4846 9
4847 11
4848 10
4849 10
4850 11
4851 11
4852 11
4853 12
4854 12
4855 12
4856 11
4857 12
4858 12
4859 12
4860 13
4861 13
4862 13
4863 13
4864 14
4865 13
4866 13
4867 13
4868 14
4869 14
4870 14
4871 14
4872 14
4873 14
4874 14
4875 14
4876 14
4877 15
4878 15
4879 15
4880 15
4881 15
4882 15
4883 16
4884 16
4885 16
4886 16
4887 16
4888 16
4889 16
4890 15
4891 15
4892 16
4893 16
4894 16
4895 15
4896 12
4897 7
4898 7
4899 8
4900 7
4901 8
4902 8
4903 9
4904 9
4905 8
4906 8
4907 10
4908 11
4909 11
4910 12
4911 13
4912 12
4913 13
4914 13
4915 13
4916 14
4917 15
4918 15
4919 15
4920 14
4921 15
4922 15
4923 15
4924 15
4925 16
4926 16
4927 15
4928 16
4929 16
4930 16
4931 17
4932 17
4933 18
4934 17
4935 17
4936 18
4937 18
4938 19
4939 19
4940 6
4941 6
4942 6
4943 6
4944 6
4945 7
4946 8
4947 9
4948 9
4949 9
4950 10
4951 10
4952 9
4953 10
4954 10
4955 10
4956 11
4957 11
4958 10
4959 11
4960 11
4961 11
4962 8
4963 7
4964 7
4965 8
4966 8
4967 8
4968 9
4969 9
4970 8
4971 8
4972 9
4973 9
4974 9
4975 9
4976 9
4977 9
4978 10
4979 10
4980 10
4981 11
4982 10
4983 10
4984 11
4985 11
4986 11
4987 11
4988 12
4989 11
4990 11
4991 11
4992 11
4993 12
4994 12
4995 12
4996 11
4997 12
4998 12
4999 12
5000 12
5001 13
5002 13
5003 14
5004 13
5005 13
5006 13
5007 14
5008 4
5009 3
5010 3
5011 4
5012 4
5013 4
5014 4
5015 4
5016 4
5017 5
5018 5
5019 5
5020 5
5021 6
5022 5
5023 6
5024 6
5025 2
5026 2
5027 2
5028 3
5029 2
5030 2
5031 2
5032 2
5033 6
5034 6
5035 5
5036 6
5037 6
5038 6
5039 7
5040 7
5041 6
5042 7
5043 7
5044 7
5045 7
5046 8
5047 7
5048 7
5049 7
5050 8
5051 8
5052 8
5053 8
5054 8
5055 7
5056 7
5057 8
5058 8
5059 7
5060 4
5061 6
5062 7
5063 7
5064 7
5065 6
5066 6
5067 6
5068 7
5069 7
5070 6
5071 7
5072 8
5073 9
5074 9
5075 9
5076 9
5077 9
5078 10
5079 9
5080 9
5081 10
5082 10
5083 10
5084 11
5085 11
5086 11
5087 11
5088 10
5089 11
5090 9
5091 9
5092 10
5093 10
5094 11
5095 10
5096 10
5097 10
5098 11
5099 11
5100 11
5101 10
5102 11
5103 11
5104 11
5105 11
5106 11
5107 11
5108 11
5109 11
5110 12
5111 12
5112 11
5113 11
5114 13
5115 14
5116 13
5117 13
5118 13
5119 14
5120 14
5121 14
5122 14
5123 14
5124 14
5125 15
5126 15
5127 14
5128 15
5129 15
5130 15
5131 15
5132 15
5133 15
5134 15
5135 15
5136 16
5137 17
5138 16
5139 16
5140 16
5141 17
5142 17
5143 18
5144 17
5145 17
5146 17
5147 18
5148 18
5149 17
5150 18
5151 18
5152 18
5153 10
5154 10
5155 11
5156 11
5157 11
5158 10
5159 11
5160 11
5161 11
5162 12
5163 12
5164 12
5165 12
5166 12
5167 12
5168 12
5169 12
5170 12
5171 13
5172 13
5173 13
5174 14
5175 14
5176 13
5177 13
5178 14
5179 14
5180 14
5181 15
5182 19
5183 22
5184 22
5185 22
5186 22
5187 23
5188 22
5189 22
5190 26
5191 26
5192 27
5193 28
5194 28
5195 29
5196 10
5197 10
5198 10
5199 10
5200 10
5201 11
5202 10
5203 10
5204 10
5205 11
5206 11
5207 11
5208 12
5209 11
5210 11
5211 12
5212 12
5213 12
5214 13
5215 13
5216 12
5217 13
5218 7
5219 8
5220 17
5221 17
5222 17
5223 17
5224 17
5225 17
5226 18
5227 17
5228 17
5229 18
5230 18
5231 19
5232 19
5233 19
5234 19
5235 19
5236 19
5237 20
5238 20
5239 21
5240 21
5241 20
5242 21
5243 39
5244 38
5245 38
5246 39
5247 38
5248 39
5249 39
5250 39
5251 40
5252 39
5253 39
5254 40
5255 40
5256 40
5257 41
5258 41
5259 41
5260 41
5261 42
5262 42
5263 42
5264 5
5265 6
5266 5
5267 5
5268 5
5269 6
5270 6
5271 6
5272 6
5273 6
5274 6
5275 6
5276 6
5277 6
5278 6
5279 6
5280 6
5281 14
5282 14
5283 14
5284 15
5285 14
5286 14
5287 15
5288 15
5289 15
5290 16
5291 16
5292 16
5293 16
5294 17
5295 17
5296 16
5297 16
5298 17
5299 17
5300 17
5301 18
5302 18
5303 18
5304 17
5305 18
5306 18
5307 18
5308 19
5309 19
5310 19
5311 19
5312 19
5313 19
5314 19
5315 19
5316 20
5317 20
5318 20
5319 21
5320 21
5321 21
5322 21
5323 22
5324 22
5325 22
5326 23
5327 22
5328 22
5329 22
5330 23
5331 23
5332 23
5333 23
5334 23
5335 23
5336 22
5337 23
5338 23
5339 23
5340 23
5341 23
5342 23
5343 23
5344 24
5345 24
5346 10
5347 10
5348 10
5349 10
5350 10
5351 10
5352 10
5353 10
5354 11
5355 11
5356 11
5357 10
5358 10
5359 10
5360 10
5361 11
5362 11
5363 11
5364 11
5365 11
5366 11
5367 11
5368 11
5369 11
5370 11
5371 4
5372 4
5373 5
5374 5
5375 5
5376 5
5377 5
5378 5
5379 6
5380 6
5381 6
5382 7
5383 6
5384 6
5385 7
5386 7
5387 7
5388 8
5389 8
5390 7
5391 7
5392 3
5393 4
5394 4
5395 4
5396 4
5397 4
5398 4
5399 5
5400 5
5401 5
5402 4
5403 5
5404 5
5405 4
5406 5
5407 2
5408 1
5409 1
5410 1
5411 2
5412 2
5413 2
5414 2
5415 2
5416 11
5417 11
5418 10
5419 11
5420 11
5421 11
5422 12
5423 12
5424 12
5425 12
5426 12
5427 13
5428 13
5429 12
5430 13
5431 13
5432 14
5433 14
5434 15
5435 14
5436 14
5437 15
5438 14
5439 14
5440 15
5441 15
5442 15
5443 16
5444 15
5445 15
5446 15
5447 15
5448 15
5449 15
5450 15
5451 15
5452 15
5453 15
5454 15
5455 15
5456 15
5457 15
5458 14
5459 15
5460 15
5461 15
5462 15
5463 15
5464 14
5465 14
5466 15
5467 23
5468 25
5469 25
5470 24
5471 24
5472 24
5473 25
5474 8
5475 7
5476 7
5477 8
5478 8
5479 8
5480 7
5481 8
5482 8
5483 8
5484 9
5485 9
5486 9
5487 9
5488 9
5489 10
5490 10
5491 10
5492 10
5493 10
5494 10
5495 10
5496 9
5497 9
5498 10
5499 9
5500 10
5501 10
5502 11
5503 11
5504 12
5505 12
5506 12
5507 13
5508 13
5509 14
5510 13
5511 13
5512 14
5513 14
5514 14
5515 15
5516 15
5517 15
5518 15
5519 15
5520 15
5521 15
5522 15
5523 14
5524 14
5525 15
5526 15
5527 15
5528 14
5529 15
5530 15
5531 16
5532 16
5533 16
5534 16
5535 17
5536 16
5537 4
5538 4
5539 4
5540 5
5541 6
5542 6
5543 6
5544 0
5545 3
5546 4
5547 4
5548 5
5549 4
5550 4
5551 5
5552 5
5553 6
5554 6
5555 6
5556 6
5557 7
5558 7
5559 7
5560 8
5561 7
5562 8
5563 2
5564 3
5565 8
5566 8
5567 9
5568 9
5569 9
5570 10
5571 9
5572 10
5573 10
5574 10
5575 11
5576 11
5577 12
5578 11
5579 11
5580 12
5581 12
5582 13
5583 13
5584 13
5585 13
5586 14
5587 14
5588 14
5589 14
5590 14
5591 14
5592 15
5593 14
5594 14
5595 15
5596 15
5597 16
5598 15
5599 15
5600 15
5601 16
5602 30
5603 30
5604 30
5605 30
5606 31
5607 31
5608 30
5609 30
5610 31
5611 31
5612 31
5613 31
5614 31
5615 31
5616 32
5617 32
5618 33
5619 32
5620 32
5621 32
5622 33
5623 33
5624 32
5625 32
5626 32
5627 29
5628 28
5629 29
5630 28
5631 28
5632 29
5633 29
5634 28
5635 28
5636 28
5637 29
5638 29
5639 28
5640 28
5641 28
5642 28
5643 29
5644 29
5645 28
5646 28
5647 29
5648 29
5649 29
5650 29
5651 28
5652 28
5653 29
5654 29
5655 22
5656 23
5657 23
5658 22
5659 22
5660 23
5661 23
5662 22
5663 22
5664 21
5665 19
5666 18
5667 19
5668 19
5669 18
5670 18
5671 17
5672 16
5673 14
5674 14
5675 14
5676 14
5677 14
5678 14
5679 13
5680 14
5681 14
5682 14
5683 13
5684 13
5685 13
5686 13
5687 13
5688 13
5689 13
5690 13
5691 12
5692 12
5693 12
5694 12
5695 12
5696 12
5697 12
5698 12
5699 12
5700 13
5701 12
5702 12
5703 13
5704 13
5705 13
5706 13
5707 13
5708 12
5709 12
5710 13
5711 13
5712 13
5713 13
5714 7
5715 7
5716 8
5717 8
5718 7
5719 7
5720 7
5721 7
5722 7
5723 6
5724 7
5725 7
5726 7
5727 7
5728 6
5729 6
5730 2
5731 1
5732 1
5733 1
5734 1
5735 4
5736 4
5737 4
5738 4
5739 4
5740 4
5741 4
5742 3
5743 4
5744 4
5745 4
5746 4
5747 4
5748 3
5749 4
5750 4
5751 4
5752 3
5753 3
5754 3
5755 4
5756 4
5757 3
5758 4
5759 5
5760 5
5761 5
5762 6
5763 6
5764 5
5765 6
5766 6
5767 6
5768 6
5769 6
5770 7
5771 7
5772 6
5773 6
5774 7
5775 7
5776 7
5777 6
5778 6
5779 13
5780 7
5781 6
5782 6
5783 7
5784 7
5785 7
5786 7
5787 7
5788 7
5789 8
5790 8
5791 8
5792 8
5793 9
5794 8
5795 8
5796 9
5797 9
5798 9
5799 9
5800 10
5801 4
5802 4
5803 4
5804 4
5805 5
5806 5
5807 5
5808 4
5809 4
5810 4
5811 4
5812 8
5813 8
5814 8
5815 9
5816 8
5817 8
5818 8
5819 8
5820 8
5821 8
5822 9
5823 9
5824 9
5825 8
5826 8
5827 8
5828 9
5829 9
5830 9
5831 9
5832 10
5833 9
5834 9
5835 9
5836 9
5837 9
5838 10
5839 10
5840 10
5841 9
5842 9
5843 10
5844 10
5845 10
5846 10
5847 10
5848 10
5849 10
5850 10
5851 10
5852 10
5853 10
5854 11
5855 11
5856 11
5857 10
5858 6
5859 6
5860 7
5861 6
5862 6
5863 6
5864 6
5865 7
5866 7
5867 7
5868 7
5869 8
5870 7
5871 5
5872 4
5873 3
5874 3
5875 3
5876 4
5877 4
5878 4
5879 4
5880 3
5881 3
5882 4
5883 0
5884 1
5885 1
5886 1
5887 1
5888 1
5889 1
5890 1
5891 1
5892 2
5893 2
5894 2
5895 2
5896 2
5897 3
5898 3
5899 2
5900 2
5901 2
5902 3
5903 3
5904 3
5905 3
5906 3
5907 2
5908 2
5909 2
5910 1
5911 1
5912 2
5913 2
5914 2
5915 2
5916 4
5917 3
5918 3
5919 3
5920 3
5921 3
5922 3
5923 2
5924 3
5925 3
5926 3
5927 3
5928 3
5929 2
5930 1
5931 1
5932 1
5933 2
5934 2
5935 1
5936 1
5937 2
5938 0
5939 1
5940 3
5941 3
5942 4
5943 4
5944 3
5945 4
5946 4
5947 4
5948 4
5949 4
5950 3
5951 4
5952 4
5953 5
5954 4
5955 4
5956 5
5957 5
5958 5
5959 5
5960 6
5961 5
5962 5
5963 5
5964 5
5965 6
5966 6
5967 6
5968 6
5969 6
5970 6
5971 6
5972 6
5973 6
5974 8
5975 7
5976 7
5977 7
5978 7
5979 8
5980 8
5981 8
5982 7
5983 8
5984 8
5985 8
5986 9
5987 9
5988 9
5989 11
5990 10
5991 10
5992 11
5993 11
5994 11
5995 12
5996 12
5997 12
5998 12
5999 12
6000 6
6001 6
6002 7
6003 7
6004 7
6005 8
6006 8
6007 7
6008 8
6009 8
6010 8
6011 8
6012 9
6013 9
6014 9
6015 9
6016 9
6017 9
6018 9
6019 10
6020 14
6021 13
6022 13
6023 14
6024 14
6025 14
6026 15
6027 15
6028 15
6029 15
6030 10
6031 9
6032 9
6033 7
6034 7
6035 6
6036 6
6037 6
6038 7
6039 7
6040 7
6041 8
6042 7
6043 7
6044 8
6045 8
6046 8
6047 9
6048 9
6049 8
6050 9
6051 9
6052 9
6053 9
6054 10
6055 10
6056 10
6057 9
6058 10
6059 10
6060 10
6061 11
6062 11
6063 12
6064 13
6065 12
6066 12
6067 13
6068 5
6069 4
6070 5
6071 5
6072 5
6073 6
6074 6
6075 6
6076 5
6077 5
6078 6
6079 6
6080 6
6081 5
6082 5
6083 5
6084 5
6085 5
6086 5
6087 5
6088 5
6089 7
6090 8
6091 8
6092 8
6093 8
6094 8
6095 8
6096 8
6097 9
6098 9
6099 9
6100 10
6101 9
6102 5
6103 5
6104 5
6105 6
6106 6
6107 7
6108 7
6109 6
6110 6
6111 7
6112 7
6113 7
6114 8
6115 8
6116 8
6117 8
6118 8
6119 8
6120 8
6121 9
6122 9
6123 9
6124 9
6125 10
6126 9
6127 9
6128 3
6129 4
6130 3
6131 3
6132 4
6133 4
6134 4
6135 4
6136 5
6137 5
6138 4
6139 5
6140 5
6141 5
6142 6
6143 6
6144 7
6145 7
6146 7
6147 7
6148 2
6149 2
6150 2
6151 3
6152 3
6153 3
6154 3
6155 3
6156 4
6157 4
6158 4
6159 5
6160 5
6161 4
6162 4
6163 6
6164 7
6165 7
6166 6
6167 7
6168 7
6169 7
6170 8
6171 8
6172 8
6173 7
6174 8
6175 8
6176 8
6177 9
6178 9
6179 8
6180 9
6181 9
6182 9
6183 10
6184 10
6185 9
6186 10
6187 10
6188 10
6189 11
6190 11
6191 11
6192 11
6193 10
6194 11
6195 11
6196 5
6197 5
6198 5
6199 6
6200 5
6201 5
6202 6
6203 6
6204 6
6205 6
6206 7
6207 7
6208 6
6209 6
6210 7
6211 6
6212 6
6213 7
6214 7
6215 7
6216 7
6217 8
6218 8
6219 7
6220 8
6221 8
6222 8
6223 8
6224 9
6225 9
6226 9
6227 10
6228 9
6229 12
6230 4
6231 5
6232 5
6233 5
6234 6
6235 6
6236 6
6237 5
6238 6
6239 6
6240 6
6241 7
6242 7
6243 7
6244 7
6245 7
6246 7
6247 7
6248 8
6249 8
6250 7
6251 8
6252 8
6253 8
6254 8
6255 9
6256 3
6257 3
6258 3
6259 3
6260 3
6261 4
6262 4
6263 5
6264 5
6265 5
6266 6
6267 6
6268 6
6269 6
6270 6
6271 7
6272 7
6273 7
6274 8
6275 8
6276 7
6277 8
6278 8
6279 8
6280 9
6281 9
6282 9
6283 10
6284 9
6285 9
6286 9
6287 10
6288 10
6289 10
6290 10
6291 5
6292 5
6293 5
6294 5
6295 5
6296 6
6297 6
6298 6
6299 5
6300 6
6301 6
6302 6
6303 14
6304 14
6305 15
6306 15
6307 15
6308 15
6309 15
6310 15
6311 16
6312 16
6313 16
6314 16
6315 17
6316 16
6317 16
6318 17
6319 17
6320 17
6321 17
6322 18
6323 20
6324 6
6325 6
6326 5
6327 6
6328 6
6329 6
6330 7
6331 7
6332 7
6333 6
6334 7
6335 7
6336 7
6337 7
6338 8
6339 8
6340 8
6341 8
6342 8
6343 8
6344 8
6345 9
6346 9
6347 9
6348 9
6349 9
6350 9
6351 9
6352 10
6353 10
6354 10
6355 11
6356 11
6357 10
6358 7
6359 7
6360 8
6361 7
6362 7
6363 8
6364 8
6365 9
6366 9
6367 9
6368 8
6369 9
6370 9
6371 10
6372 10
6373 10
6374 10
6375 10
6376 10
6377 10
6378 11
6379 11
6380 12
6381 12
6382 11
6383 11
6384 12
6385 12
6386 13
6387 13
6388 13
6389 13
6390 13
6391 6
6392 7
6393 7
6394 7
6395 7
6396 8
6397 8
6398 8
6399 10
6400 11
6401 11
6402 11
6403 11
6404 12
6405 12
6406 13
6407 13
6408 12
6409 12
6410 12
6411 13
6412 13
6413 12
6414 13
6415 13
6416 13
6417 14
6418 14
6419 6
6420 6
6421 6
6422 6
6423 6
6424 7
6425 7
6426 7
6427 7
6428 8
6429 7
6430 8
6431 8
6432 9
6433 9
6434 9
6435 9
6436 10
6437 9
6438 9
6439 10
6440 10
6441 10
6442 11
6443 10
6444 10
6445 11
6446 11
6447 12
6448 12
6449 12
6450 12
6451 12
6452 7
6453 8
6454 7
6455 7
6456 8
6457 8
6458 9
6459 9
6460 9
6461 9
6462 10
6463 10
6464 10
6465 11
6466 11
6467 11
6468 11
6469 12
6470 12
6471 12
6472 13
6473 13
6474 13
6475 13
6476 13
6477 13
6478 14
6479 14
6480 15
6481 15
6482 14
6483 14
6484 15
6485 15
6486 5
6487 5
6488 6
6489 8
6490 7
6491 7
6492 8
6493 8
6494 9
6495 9
6496 10
6497 10
6498 9
6499 10
6500 10
6501 11
6502 11
6503 11
6504 12
6505 11
6506 11
6507 11
6508 12
6509 13
6510 13
6511 13
6512 13
6513 13
6514 13
6515 14
6516 14
6517 14
6518 14
6519 5
6520 5
6521 5
6522 5
6523 6
6524 6
6525 6
6526 7
6527 6
6528 6
6529 6
6530 7
6531 8
6532 9
6533 9
6534 8
6535 8
6536 9
6537 9
6538 9
6539 10
6540 10
6541 10
6542 10
6543 10
6544 10
6545 11
6546 11
6547 3
6548 3
6549 5
6550 6
6551 6
6552 6
6553 6
6554 7
6555 7
6556 7
6557 8
6558 8
6559 8
6560 8
6561 8
6562 8
6563 8
6564 9
6565 9
6566 10
6567 9
6568 9
6569 10
6570 10
6571 10
6572 10
6573 10
6574 10
6575 9
6576 10
6577 10
6578 10
6579 11
6580 6
6581 5
6582 5
6583 11
6584 12
6585 13
6586 13
6587 12
6588 12
6589 12
6590 13
6591 13
6592 13
6593 13
6594 15
6595 14
6596 14
6597 14
6598 14
6599 15
6600 15
6601 15
6602 15
6603 14
6604 14
6605 14
6606 15
6607 15
6608 15
6609 15
6610 14
6611 14
6612 14
6613 14
6614 5
6615 6
6616 6
6617 7
6618 7
6619 7
6620 7
6621 7
6622 8
6623 8
6624 8
6625 8
6626 8
6627 8
6628 9
6629 9
6630 9
6631 10
6632 11
6633 11
6634 10
6635 11
6636 11
6637 11
6638 12
6639 12
6640 12
6641 12
6642 12
6643 12
6644 13
6645 13
6646 13
6647 8
6648 8
6649 7
6650 8
6651 9
6652 9
6653 9
6654 10
6655 9
6656 9
6657 10
6658 10
6659 10
6660 11
6661 10
6662 11
6663 11
6664 11
6665 11
6666 12
6667 12
6668 12
6669 12
6670 13
6671 13
6672 13
6673 14
6674 13
6675 8
6676 8
6677 9
6678 9
6679 10
6680 10
6681 9
6682 10
6683 10
6684 10
6685 11
6686 11
6687 11
6688 11
6689 11
6690 12
6691 12
6692 13
6693 13
6694 13
6695 13
6696 13
6697 13
6698 14
6699 13
6700 13
6701 14
6702 14
6703 14
6704 14
6705 14
6706 14
6707 15
6708 6
6709 6
6710 6
6711 7
6712 6
6713 7
6714 7
6715 7
6716 8
6717 8
6718 8
6719 8
6720 8
6721 9
6722 9
6723 9
6724 10
6725 10
6726 9
6727 10
6728 10
6729 11
6730 11
6731 11
6732 12
6733 11
6734 12
6735 12
6736 12
6737 13
6738 13
6739 13
6740 13
6741 13
6742 7
6743 7
6744 8
6745 8
6746 9
6747 8
6748 10
6749 10
6750 10
6751 11
6752 11
6753 12
6754 11
6755 12
6756 12
6757 12
6758 14
6759 13
6760 13
6761 13
6762 13
6763 14
6764 14
6765 13
6766 14
6767 14
6768 15
6769 15
6770 15
6771 16
6772 15
6773 15
6774 16
6775 5
6776 5
6777 5
6778 6
6779 6
6780 6
6781 7
6782 6
6783 6
6784 7
6785 7
6786 7
6787 7
6788 7
6789 7
6790 8
6791 8
6792 8
6793 9
6794 9
6795 9
6796 9
6797 9
6798 9
6799 10
6800 10
6801 11
6802 10
6803 7
6804 7
6805 7
6806 8
6807 9
6808 9
6809 9
6810 9
6811 9
6812 10
6813 10
6814 10
6815 10
6816 11
6817 10
6818 11
6819 11
6820 11
6821 11
6822 12
6823 12
6824 12
6825 12
6826 12
6827 12
6828 13
6829 13
6830 14
6831 13
6832 13
6833 13
6834 14
6835 14
6836 7
6837 6
6838 6
6839 7
6840 8
6841 8
6842 8
6843 9
6844 8
6845 8
6846 8
6847 9
6848 9
6849 10
6850 10
6851 11
6852 10
6853 10
6854 11
6855 11
6856 11
6857 11
6858 11
6859 11
6860 12
6861 12
6862 11
6863 12
6864 12
6865 12
6866 12
6867 12
6868 12
6869 12
6870 3
6871 3
6872 2
6873 2
6874 2
6875 3
6876 2
6877 2
6878 3
6879 3
6880 3
6881 4
6882 4
6883 8
6884 9
6885 9
6886 8
6887 9
6888 11
6889 11
6890 11
6891 12
6892 12
6893 11
6894 12
6895 12
6896 12
6897 12
6898 13
6899 13
6900 12
6901 13
6902 13
6903 13
6904 14
6905 14
6906 14
6907 13
6908 14
6909 14
6910 14
6911 14
6912 15
6913 15
6914 14
6915 14
6916 15
6917 15
6918 15
6919 15
6920 16
6921 15
6922 15
6923 15
6924 15
6925 16
6926 16
6927 16
6928 15
6929 16
6930 16
6931 5
6932 5
6933 6
6934 5
6935 5
6936 5
6937 6
6938 6
6939 6
6940 6
6941 6
6942 6
6943 6
6944 6
6945 6
6946 7
6947 7
6948 7
6949 7
6950 6
6951 7
6952 7
6953 7
6954 7
6955 7
6956 7
6957 8
6958 8
6959 7
6960 7
6961 7
6962 7
6963 7
6964 5
6965 5
6966 5
6967 6
6968 6
6969 6
6970 6
6971 6
6972 6
6973 6
6974 6
6975 7
6976 7
6977 7
6978 7
6979 4
6980 4
6981 5
6982 5
6983 6
6984 6
6985 5
6986 5
6987 6
6988 6
6989 5
6990 6
6991 6
6992 6
6993 5
6994 6
6995 6
6996 6
6997 7
6998 5
6999 5
7000 4
7001 5
7002 5
7003 5
7004 6
7005 6
7006 5
7007 5
7008 6
7009 6
7010 6
7011 0
7012 0
7013 5
7014 4
7015 4
7016 4
7017 5
7018 12
7019 12
7020 14
7021 14
7022 14
7023 14
7024 15
7025 19
7026 20
7027 22
7028 23
7029 23
7030 23
7031 24
7032 24
7033 23
7034 23
7035 24
7036 24
7037 24
7038 24
7039 25
7040 25
7041 27
7042 4
7043 4
7044 4
7045 4
7046 4
7047 5
7048 11
7049 12
7050 12
7051 12
7052 12
7053 13
7054 13
7055 13
7056 14
7057 14
7058 13
7059 14
7060 14
7061 15
7062 15
7063 15
7064 16
7065 16
7066 16
7067 16
7068 16
7069 16
7070 17
7071 17
7072 18
7073 17
7074 17
7075 17
7076 18
7077 18
7078 19
7079 19
7080 19
7081 18
7082 19
7083 19
7084 20
7085 20
7086 20
7087 21
7088 21
7089 22
7090 21
7091 21
7092 21
7093 22
7094 22
7095 23
7096 22
7097 22
7098 23
7099 23
7100 23
7101 24
7102 24
7103 25
7104 24
7105 24
7106 25
7107 11
7108 11
7109 11
7110 12
7111 12
7112 13
7113 13
7114 12
7115 13
7116 14
7117 14
7118 14
7119 15
7120 15
7121 16
7122 16
7123 15
7124 16
7125 21
7126 22
7127 31
7128 31
7129 32
7130 32
7131 31
7133 31
7134 31
7132 31
7135 31
7136 31
7138 31
7137 31
7139 27
7140 18
7141 57
7142 59
7143 59
7144 59
7145 62
7146 51
7147 51
7148 51
7149 42
7150 42
7151 40
7152 40
7153 39
7154 39
7155 40
7156 40
7157 39
7158 39
7159 38
7160 42
7161 43
7162 42
7163 43
7164 44
7165 44
7166 42
7167 41
7168 42
7169 45
7170 40
7171 34
7172 34
7173 32
7174 32
7175 32
7176 28
7177 28
7178 24
7179 24
7180 24
7181 22
7182 23
7183 22
7184 22
7185 22
7186 22
7187 22
7188 22
7189 22
7190 22
7191 22
7192 21
7193 20
7194 20
7195 20
7196 19
7197 19
7198 18
7199 18
7200 19
7201 18
7202 18
7203 18
7204 18
7205 18
7206 20
7207 20
7208 20
7209 20
7210 20
7211 20
7212 21
7213 21
7214 22
7215 22
7216 21
7217 22
7218 22
7219 22
7220 23
7221 23
7222 23
7223 23
7224 23
7225 23
7226 24
7227 24
7228 25
7229 24
7230 25
7231 25
7232 25
7233 26
7234 26
7235 26
7236 26
7237 26
7238 27
7239 27
7240 27
7241 28
7242 28
7243 27
7244 28
7245 28
7246 29
7247 29
7248 29
7249 30
7250 30
7251 29
7252 31
7253 32
7254 32
7255 32
7256 32
7257 33
7258 33
7259 34
7260 34
7261 34
7262 34
7263 35
7264 35
7265 35
7266 35
7267 8
7268 8
7269 2
7270 2
7271 2
7272 3
7273 2
7274 3
7275 3
7276 3
7277 4
7278 6
7279 2
7280 2
7281 2
7282 2
7283 4
7284 4
7285 4
7286 4
7287 5
7288 4
7289 5
7290 5
7291 6
7292 6
7293 6
7294 7
7295 6
7296 6
7297 6
7298 7
7299 7
7300 8
7301 8
7302 8
7303 7
7304 0
7305 1
7306 1
7307 2
7308 2
7309 12
7310 13
7311 13
7312 13
7313 13
7314 14
7315 13
7316 13
7317 14
7318 14
7319 14
7320 14
7321 14
7322 14
7323 13
7324 13
7325 13
7326 14
7327 14
7328 14
7329 14
7330 14
7331 14
7332 14
7333 14
7334 14
7335 14
7336 14
7337 14
7338 14
7339 14
7340 14
7341 14
7342 14
7343 14
7344 12
7345 12
7346 12
7347 12
7348 13
7349 13
7350 13
7351 12
7352 12
7353 12
7354 12
7355 12
7356 12
7357 13
7358 13
7359 13
7360 13
7361 12
7362 12
7363 13
7364 13
7365 13
7366 12
7367 13
7368 13
7369 13
7370 14
7371 14
7372 14
7373 15
7374 14
7375 14
7376 14
7377 15
7378 24
7379 9
7380 9
7381 9
7382 9
7383 9
7384 9
7385 10
7387 9
7386 9
7388 9
7389 7
7390 8
7391 8
7392 8
7393 8
7394 8
7395 8
7396 8
7397 9
7398 8
7399 8
7400 8
7401 8
7402 9
7403 8
7404 8
7405 8
7406 8
7407 8
7408 8
7409 8
7410 9
7411 9
7412 9
7413 9
7414 10
7415 9
7416 9
7417 9
7418 4
7419 5
7420 5
7421 5
7422 5
7423 4
7424 5
7425 5
7426 3
7427 4
7428 4
7429 3
7430 3
7431 3
7432 3
7433 4
7434 4
7435 3
7436 3
7437 5
7438 4
7439 4
7440 4
7441 4
7442 4
7443 4
7444 5
7445 5
7446 4
7447 4
7448 4
7449 4
7450 4
7451 5
7452 5
7453 4
7454 4
7455 4
7456 4
7457 4
7458 4
7459 7
7460 14
7461 13
7462 14
7463 14
7464 15
7465 13
7466 13
7467 12
7468 13
7469 12
7470 12
7471 11
7472 11
7473 12
7474 12
7475 12
7476 12
7477 12
7478 12
7479 12
7480 13
7481 13
7482 13
7483 14
7484 13
7485 13
7486 13
7487 13
7488 14
7489 14
7490 14
7491 14
7492 14
7493 14
7494 14
7495 14
7496 14
7497 15
7498 15
7499 14
7500 14
7501 14
7502 15
7503 15
7504 14
7505 14
7506 7
7507 7
7508 5
7509 6
7510 6
7511 6
7512 6
7513 7
7514 7
7515 8
7516 7
7517 8
7518 9
7519 9
7520 9
7521 9
7522 9
7523 9
7524 9
7525 9
7526 10
7527 10
7528 10
7529 10
7530 9
7531 10
7532 10
7533 10
7534 10
7535 11
7536 10
7537 10
7538 10
7539 10
7540 11
7541 11
7542 12
7543 12
7544 11
7545 12
7546 12
7547 12
7548 12
7549 12
7550 13
7551 13
7552 12
7553 12
7554 12
7555 13
7556 13
7557 13
7558 13
7559 14
7560 13
7561 13
7562 13
7563 13
7564 13
7565 3
7566 3
7567 4
7568 4
7569 4
7570 4
7571 5
7572 4
7573 5
7574 5
7575 5
7576 5
7577 6
7578 6
7579 6
7580 6
7581 5
7582 6
7583 6
7584 6
7585 6
7586 6
7587 8
7588 6
7589 7
7590 7
7591 7
7592 8
7593 8
7594 7
7595 7
7596 7
7597 8
7598 8
7599 8
7600 9
7601 9
7602 8
7603 8
7604 8
7605 10
7606 10
7607 10
7608 11
7609 10
7610 10
7611 11
7612 11
7613 11
7614 12
7615 12
7616 13
7617 12
7618 12
7619 12
7620 13
7621 13
7622 14
7623 14
7624 14
7625 14
7626 14
7627 14
7628 14
7629 15
7630 16
7631 16
7632 16
7633 16
7634 11
7635 12
7636 11
7637 12
7638 12
7639 13
7640 13
7641 13
7642 13
7643 13
7644 9
7645 11
7646 11
7647 10
7648 11
7649 11
7650 11
7651 11
7652 11
7653 11
7654 11
7655 11
7656 12
7657 12
7658 13
7659 13
7660 14
7661 14
7662 14
7663 13
7664 13
7665 13
7666 13
7667 13
7668 22
7669 21
7670 22
7671 22
7672 22
7673 22
7674 22
7675 22
7676 23
7677 22
7678 22
7679 23
7680 23
7681 23
7682 23
7683 23
7684 24
7685 24
7686 24
7687 24
7688 24
7689 24
7690 24
7691 25
7692 25
7693 10
7694 11
7695 10
7696 11
7697 11
7698 11
7699 12
7700 12
7701 11
7702 12
7703 12
7704 13
7705 13
7706 13
7707 13
7708 13
7709 13
7710 14
7711 15
7712 16
7713 16
7714 16
7715 16
7716 10
7717 9
7718 10
7719 10
7720 10
7721 11
7722 11
7723 12
7724 11
7725 11
7726 12
7727 12
7728 12
7729 13
7730 13
7731 14
7732 13
7733 13
7734 13
7735 13
7736 14
7737 14
7738 15
7739 14
7740 14
7741 15
7742 15
7743 15
7744 15
7745 16
7746 15
7747 15
7748 16
7749 16
7750 16
7751 17
7752 17
7753 17
7754 17
7755 17
7756 17
7757 18
7758 18
7759 18
7760 19
7761 19
7762 2
7763 2
7764 2
7765 3
7766 3
7767 4
7768 4
7769 4
7770 4
7771 5
7772 5
7773 8
7774 8
7775 8
7776 8
7777 9
7778 9
7779 9
7780 10
7781 11
7782 10
7783 10
7784 11
7785 11
7786 11
7787 12
7788 12
7789 13
7790 12
7791 13
7792 13
7793 14
7794 14
7795 14
7796 15
7797 14
7798 15
7799 15
7800 16
7801 16
7802 16
7803 17
7804 16
7805 17
7806 17
7807 17
7808 18
7809 19
7810 19
7811 20
7812 20
7813 19
7814 20
7815 20
7816 20
7817 21
7818 21
7819 22
7820 22
7821 4
7822 4
7823 4
7824 5
7825 5
7826 5
7827 6
7828 5
7829 6
7830 6
7831 6
7832 7
7833 7
7834 7
7835 7
7836 8
7837 8
7838 8
7839 8
7840 9
7841 9
7842 8
7843 9
7844 9
7845 8
7846 8
7847 15
7848 16
7849 17
7850 19
7851 19
7852 22
7853 25
7854 26
7855 26
7856 28
7857 28
7858 28
7859 29
7860 29
7861 30
7862 31
7863 31
7864 32
7865 35
7866 34
7867 35
7868 36
7869 36
7870 36
7871 36
7872 37
7873 37
7874 36
7875 36
7876 36
7877 37
7878 37
7879 38
7880 38
7881 38
7882 38
7883 37
7884 38
7885 38
7886 38
7887 38
7888 38
7889 38
7890 7
7891 7
7892 8
7893 8
7894 8
7895 8
7896 7
7897 7
7898 7
7899 8
7900 8
7901 10
7902 9
7903 9
7904 9
7905 10
7906 10
7907 10
7908 10
7909 10
7910 10
7911 10
7912 11
7913 10
7914 10
7915 11
7916 11
7917 11
7918 11
7919 11
7920 12
7921 11
7922 11
7923 11
7924 12
7925 12
7926 12
7927 13
7928 13
7929 13
7930 13
7931 13
7932 14
7933 14
7934 14
7935 13
7936 13
7937 14
7938 14
7939 15
7940 15
7941 15
7942 15
7943 15
7944 15
7945 15
7946 15
7947 16
7948 16
7949 10
7950 9
7951 10
7952 10
7953 10
7954 11
7955 11
7956 10
7957 10
7958 10
7959 10
7960 10
7961 9
7962 10
7963 10
7964 10
7965 9
7966 9
7967 9
7968 9
7969 9
7970 10
7971 10
7972 3
7973 3
7974 3
7975 3
7976 4
7977 4
7978 4
7979 5
7980 4
7981 5
7982 6
7983 7
7984 8
7985 7
7986 20
7987 12
7988 12
7989 10
7990 10
7991 11
7992 11
7993 6
7994 6
7995 6
7996 6
7997 6
7998 6
7999 7
8000 6
8001 6
8002 7
8003 7
8004 7
8005 8
8006 8
8007 8
8008 8
8009 8
8010 8
8011 8
8012 9
8013 9
8014 9
8015 9
8016 9
8017 9
8018 10
8019 10
8020 10
8021 10
8022 11
8023 10
8024 10
8025 11
8026 11
8027 11
8028 12
8029 11
8030 11
8031 11
8032 12
8033 11
8034 11
8035 11
8036 12
8037 12
8038 12
8039 13
8040 13
8041 13
8042 13
8043 13
8044 13
8045 13
8046 14
8047 14
8048 14
8049 15
8050 14
8051 14
8052 15
8053 15
8054 15
8055 16
8056 16
8057 16
8058 16
8059 16
8060 17
8061 17
8062 17
8063 17
8064 17
8065 16
8066 16
8067 16
8068 16
8069 17
8070 17
8071 17
8072 17
8073 16
8074 16
8075 16
8076 16
8077 16
8078 17
8079 17
8080 16
8081 16
8082 16
8083 16
8084 16
8085 16
8086 16
8087 16
8088 16
8089 16
8090 16
8091 16
8092 16
8093 16
8094 16
8095 15
8096 15
8097 16
8098 16
8099 16
8100 3
8101 3
8102 4
8103 4
8104 3
8105 3
8106 4
8107 4
8108 4
8109 5
8110 5
8111 4
8112 5
8113 5
8114 2
8115 2
8116 2
8117 3
8118 3
8119 3
8120 3
8121 3
8122 2
8123 3
8124 3
8125 2
8126 3
8127 3
8128 3
8129 3
8130 4
8131 3
8132 3
8133 3
8134 4
8135 11
8136 2
8137 3
8138 3
8139 4
8140 4
8141 4
8142 3
8143 4
8144 4
8145 4
8146 4
8147 5
8148 5
8149 5
8150 4
8151 5
8152 5
8153 5
8154 6
8155 5
8156 5
8157 9
8158 10
8159 10
8160 9
8161 10
8162 10
8163 10
8164 11
8165 11
8166 11
8167 12
8168 12
8169 12
8170 12
8171 13
8172 13
8173 13
8174 14
8175 14
8176 13
8177 13
8178 13
8179 13
8180 14
8181 14
8182 15
8183 15
8184 16
8185 15
8186 16
8187 16
8188 16
8189 16
8190 16
8191 16
8192 16
8193 16
8194 16
8195 16
8196 15
8197 15
8198 15
8199 15
8200 15
8201 16
8202 15
8203 15
8204 15
8205 15
8206 15
8207 16
8208 16
8209 15
8210 16
8211 16
8212 16
8213 16
8214 17
8215 18
8216 18
8217 7
8218 8
8219 8
8220 8
8221 9
8222 9
8223 8
8224 8
8225 8
8226 9
8227 9
8228 9
8229 9
8230 9
8231 8
8232 8
8233 8
8234 7
8235 7
8236 8
8237 8
8238 8
8239 7
8240 7
8241 7
8242 4
8243 3
8244 4
8245 3
8246 3
8247 3
8248 4
8249 2
8250 4
8251 3
8252 3
8253 3
8254 4
8255 4
8256 4
8257 4
8258 4
8259 4
8260 4
8261 4
8262 4
8263 4
8264 4
8265 4
8266 4
8267 4
8268 4
8269 4
8270 4
8271 4
8272 3
8273 4
8274 4
8275 4
8276 4
8277 4
8278 3
8279 4
8280 4
8281 4
8282 5
8283 4
8284 5
8285 1
8286 1
8287 1
8288 2
8289 2
8290 1
8291 2
8292 4
8293 4
8294 5
8295 5
8296 5
8297 5
8298 5
8299 5
8300 6
8301 5
8302 5
8303 6
8304 6
8305 6
8306 7
8307 6
8308 6
8309 6
8310 7
8311 8
8312 8
8313 7
8314 20
8315 21
8316 20
8317 17
8318 18
8319 18
8320 19
8321 18
8322 18
8323 18
8324 18
8325 19
8326 19
8327 19
8328 18
8329 18
8330 19
8331 14
8332 13
8333 12
8334 13
8335 11
8336 11
8337 11
8338 11
8339 11
8340 11
8341 12
8342 12
8343 12
8344 12
8345 10
8346 11
8347 11
8348 11
8349 11
8350 11
8351 11
8352 11
8353 11
8354 12
8355 12
8356 11
8357 11
8358 11
8359 12
8360 12
8361 12
8362 12
8363 13
8364 12
8365 12
8366 12
8367 12
8368 13
8369 13
8370 13
8371 13
8372 13
8373 13
8374 13
8375 13
8376 13
8377 13
8378 14
8379 14
8380 14
8381 14
8382 13
8383 14
8384 14
8385 14
8386 13
8387 13
8388 13
8389 14
8390 14
8391 14
8392 14
8393 5
8394 6
8395 6
8396 6
8397 5
8398 5
8399 6
8400 4
8401 4
8402 5
8403 4
8404 4
8405 5
8406 5
8407 5
8408 6
8409 6
8410 5
8411 5
8412 5
8413 6
8414 6
8415 6
8416 6
8417 6
8418 7
8419 6
8420 0
8421 1
8422 1
8423 1
8424 2
8425 2
8426 2
8427 2
8428 2
8429 3
8430 3
8431 3
8432 2
8433 2
8434 3
8435 3
8436 2
8437 2
8438 2
8439 2
8440 4
8441 4
8442 3
8443 3
8444 2
8445 2
8446 2
8447 3
8448 3
8449 3
8450 3
8451 3
8452 3
8453 3
8454 3
8455 3
8456 3
8457 3
8458 3
8459 3
8460 4
8461 4
8462 4
8463 4
8464 4
8465 4
8466 5
8467 5
8468 6
8469 6
8470 6
8471 6
8472 6
8473 8
8474 8
8475 9
8476 9
8477 8
8478 9
8479 9
8480 9
8481 10
8482 9
8483 10
8484 10
8485 10
8486 11
8487 11
8488 12
8489 12
8490 12
8491 12
8492 12
8493 12
8494 13
8495 13
8496 13
8497 13
8498 14
8499 13
8500 13
8501 14
8502 14
8503 14
8504 15
8505 15
8506 14
8507 15
8508 15
8509 15
8510 16
8511 16
8512 16
8513 16
8514 16
8515 16
8516 17
8517 17
8518 17
8519 18
8520 18
8521 5
8522 5
8523 6
8524 6
8525 5
8526 6
8527 6
8528 7
8529 8
8530 8
8531 9
8532 9
8533 8
8534 9
8535 9
8536 10
8537 10
8538 11
8539 10
8540 10
8541 11
8542 11
8543 12
8544 13
8545 13
8546 12
8547 13
8548 13
8549 13
8550 14
8551 14
8552 14
8553 15
8554 15
8555 14
8556 15
8557 15
8558 15
8559 15
8560 16
8561 16
8562 16
8563 16
8564 16
8565 16
8566 17
8567 17
8568 17
8569 18
8570 6
8571 6
8572 5
8573 6
8574 6
8575 6
8576 7
8577 7
8578 7
8579 7
8580 7
8581 8
8582 8
8583 8
8584 8
8585 9
8586 9
8587 8
8588 9
8589 9
8590 9
8591 9
8592 10
8593 11
8594 11
8595 11
8596 10
8597 11
8598 11
8599 11
8600 12
8601 2
8602 2
8603 2
8604 3
8605 3
8606 2
8607 3
8608 3
8609 3
8610 4
8611 3
8612 8
8613 7
8614 7
8615 8
8616 8
8617 9
8618 9
8619 9
8620 9
8621 9
8622 9
8623 10
8624 10
8625 10
8626 11
8627 11
8628 11
8629 10
8630 11
8631 11
8632 12
8633 12
8634 12
8635 12
8636 13
8637 13
8638 12
8639 13
8640 13
8641 13
8642 14
8643 14
8644 14
8645 15
8646 15
8647 15
8648 15
8649 4
8650 4
8651 4
8652 5
8653 5
8654 4
8655 5
8656 4
8657 4
8658 5
8659 5
8660 5
8661 6
8662 6
8663 6
8664 7
8665 7
8666 7
8667 8
8668 8
8669 8
8670 15
8671 7
8672 7
8673 8
8674 8
8675 8
8676 7
8677 7
8678 8
8679 8
8680 9
8681 9
8682 10
8683 9
8684 9
8685 10
8686 11
8687 11
8688 11
8689 12
8690 11
8691 12
8692 12
8693 12
8694 13
8695 13
8696 14
8697 14
8698 7
8699 6
8700 6
8701 7
8702 7
8703 7
8704 8
8705 7
8706 7
8707 7
8708 7
8709 8
8710 8
8711 8
8712 7
8713 7
8714 8
8715 8
8716 8
8717 8
8718 9
8719 9
8720 8
8721 8
8722 8
8723 9
8724 9
8725 9
8726 9
8727 10
8728 10
8729 9
8730 9
8731 9
8732 9
8733 9
8734 9
8735 10
8736 10
8737 10
8738 9
8739 14
8740 6
8741 6
8742 6
8743 7
8744 7
8745 8
8746 8
8747 7
8748 7
8749 8
8750 8
8751 8
8752 8
8753 8
8754 8
8755 8
8756 8
8757 8
8758 8
8759 8
8760 8
8761 8
8762 8
8763 8
8764 8
8765 8
8766 8
8767 8
8768 7
8769 7
8770 8
8771 8
8772 8
8773 8
8774 8
8775 8
8776 8
8777 3
8778 3
8779 3
8780 4
8781 3
8782 3
8783 3
8784 3
8785 4
8786 3
8787 3
8788 3
8789 3
8790 4
8791 4
8792 4
8793 4
8794 3
8795 4
8796 4
8797 6
8798 1
8799 1
8800 2
8801 2
8802 2
8803 1
8804 1
8805 2
8806 2
8807 4
8808 4
8809 3
8810 4
8811 4
8812 4
8813 4
8814 3
8815 3
8816 3
8817 4
8818 4
8819 4
8820 4
8821 4
8822 4
8823 4
8824 4
8825 4
8826 2
8827 2
8828 2
8829 2
8830 2
8831 3
8832 2
8833 3
8834 3
8835 3
8836 3
8837 3
8838 5
8839 3
8840 3
8841 2
8842 3
8843 3
8844 3
8845 3
8846 3
8847 5
8848 4
8849 4
8850 4
8851 4
8852 4
8853 4
8854 4
8855 4
8856 5
8857 5
8858 5
8859 5
8860 5
8861 5
8862 5
8863 5
8864 5
8865 5
8866 5
8867 2
8868 1
8869 1
8870 1
8871 1
8872 2
8873 2
8874 17
8875 18
8876 17
8877 18
8878 18
8879 21
8880 23
8881 25
8882 25
8883 26
8884 21
8885 19
8886 20
8887 19
8888 19
8889 20
8890 20
8891 20
8892 21
8893 21
8894 20
8895 21
8896 20
8897 21
8898 21
8899 20
8900 19
8901 20
8902 20
8903 20
8904 20
8905 6
8906 6
8907 6
8908 6
8909 7
8910 7
8911 7
8912 7
8913 7
8914 7
8915 7
8916 8
8917 8
8918 8
8919 8
8920 9
8921 9
8922 8
8923 9
8924 9
8925 9
8926 9
8927 10
8928 9
8929 9
8930 10
8931 10
8932 10
8933 9
8934 10
8935 10
8936 10
8937 10
8938 11
8939 11
8940 10
8941 10
8942 10
8943 11
8944 11
8945 10
8946 10
8947 10
8948 11
8949 11
8950 11
8951 11
8952 10
8953 11
8954 11
8955 11
8956 11
8957 11
8958 12
8959 12
8960 11
8961 11
8962 12
8963 14
8964 15
8965 15
8966 14
8967 14
8968 14
8969 14
8970 15
8971 15
8972 15
8973 15
8974 15
8975 15
8976 15
8977 16
8978 16
8979 16
8980 16
8981 16
8982 16
8983 16
8984 17
8985 17
8986 17
8987 18
8988 18
8989 18
8990 17
8991 17
8992 13
8993 13
8994 13
8995 13
8996 13
8997 14
8998 13
8999 13
9000 13
9001 14
9002 7
9003 7
9004 7
9005 8
9006 7
9007 8
9008 8
9009 8
9010 9
9011 9
9012 10
9013 9
9014 9
9015 10
9016 10
9017 10
9018 11
9019 11
9020 11
9021 11
9022 12
9023 12
9024 11
9025 11
9026 11
9027 12
9028 12
9029 12
9030 12
9031 12
9032 12
9033 4
9034 3
9035 4
9036 4
9037 4
9038 4
9039 5
9040 4
9041 4
9042 4
9043 5
9044 5
9045 5
9046 5
9047 4
9048 5
9049 5
9050 5
9051 6
9052 6
9053 6
9054 2
9055 2
9056 2
9057 2
9058 2
9059 2
9060 3
9061 3
9062 2
9063 3
9064 3
9065 8
9066 6
9067 5
9068 5
9069 5
9070 6
9071 6
9072 6
9073 6
9074 7
9075 6
9076 6
9077 6
9078 6
9079 7
9080 7
9081 7
9082 8
9083 8
9084 7
9085 7
9086 8
9087 8
9088 8
9089 8
9090 7
9091 8
9092 8
9093 8
9094 6
9095 5
9096 5
9097 5
9098 6
9099 6
9100 6
9101 6
9102 6
9103 7
9104 6
9105 6
9106 6
9107 7
9108 7
9109 7
9110 7
9111 8
9112 7
9113 7
9114 7
9115 7
9116 8
9117 8
9118 8
9119 8
9120 8
9121 7
9122 8
9123 8
9124 8
9125 8
9126 9
9127 9
9128 9
9129 8
9130 6
9131 5
9132 6
9133 6
9134 6
9135 6
9136 7
9137 7
9138 6
9139 6
9140 6
9141 7
9142 7
9143 7
9144 8
9145 8
9146 7
9147 7
9148 7
9149 8
9150 8
9151 9
9152 9
9153 9
9154 8
9155 8
9156 9
9157 8
9158 7
9159 7
9160 12
9161 5
9162 4
9163 4
9164 4
9165 4
9166 4
9167 5
9168 5
9169 4
9170 4
9171 5
9172 5
9173 5
9174 5
9175 5
9176 6
9177 5
9178 5
9179 5
9180 5
9181 6
9182 3
9183 3
9184 2
9185 3
9186 3
9187 2
9188 3
9189 3
9190 3
9191 3
9192 4
9193 7
9194 6
9195 7
9196 7
9197 8
9198 8
9199 9
9200 9
9201 9
9202 8
9203 9
9204 9
9205 9
9206 9
9207 10
9208 10
9209 10
9210 11
9211 10
9212 10
9213 10
9214 11
9215 11
9216 11
9217 11
9218 11
9219 11
9220 11
9221 11
9222 9
9223 9
9224 9
9225 10
9226 9
9227 9
9228 9
9229 8
9230 8
9231 8
9232 9
9233 8
9234 8
9235 8
9236 8
9237 9
9238 9
9239 8
9240 8
9241 8
9242 8
9243 8
9244 8
9245 8
9246 8
9247 7
9248 7
9249 7
9250 8
9251 7
9252 7
9253 7
9254 7
9255 6
9256 6
9257 6
9258 6
9259 6
9260 7
9261 7
9262 7
9263 8
9264 8
9265 9
9266 8
9267 8
9268 9
9269 9
9270 10
9271 10
9272 10
9273 10
9274 11
9275 10
9276 10
9277 11
9278 11
9279 11
9280 11
9281 12
9282 12
9283 11
9284 12
9285 12
9286 12
9287 12
9288 16
9289 5
9290 4
9291 4
9292 5
9293 5
9294 5
9295 5
9296 6
9297 6
9298 5
9299 6
9300 6
9301 7
9302 7
9303 7
9304 8
9305 8
9306 7
9307 7
9308 7
9309 8
9310 8
9311 8
9312 8
9313 8
9314 8
9315 8
9316 8
9317 4
9318 3
9319 3
9320 6
9321 6
9322 6
9323 6
9324 7
9325 6
9326 6
9327 6
9328 7
9329 7
9330 7
9331 6
9332 7
9333 7
9334 7
9335 8
9336 8
9337 8
9338 8
9339 8
9340 8
9341 8
9342 8
9343 9
9344 8
9345 8
9346 9
9347 9
9348 9
9349 9
9350 7
9351 7
9352 7
9353 7
9354 7
9355 8
9356 8
9357 8
9358 9
9359 9
9360 9
9361 8
9362 9
9363 9
9364 10
9365 10
9366 10
9367 9
9368 9
9369 10
9370 10
9371 4
9372 5
9373 5
9374 5
9375 6
9376 5
9377 5
9378 5
9379 5
9380 6
9381 6
9382 5
9383 5
9384 5
9385 6
9386 13
9387 13
9388 13
9389 13
9390 14
9391 14
9392 14
9393 15
9394 14
9395 14
9396 14
9397 14
9398 14
9399 14
9400 14
9401 13
9402 14
9403 13
9404 13
9405 13
9406 14
9407 14
9408 14
9409 14
9410 14
9411 14
9412 14
9413 14
9414 15
9415 14
9416 4
9417 3
9418 6
9419 5
9420 6
9421 6
9422 6
9423 7
9424 7
9425 7
9426 6
9427 7
9428 7
9429 7
9430 8
9431 8
9432 8
9433 8
9434 8
9435 8
9436 8
9437 9
9438 10
9439 9
9440 9
9441 9
9442 10
9443 10
9444 10
9445 10
9446 10
9447 10
9448 10
9449 5
9450 5
9451 5
9452 6
9453 6
9454 5
9455 6
9456 6
9457 7
9458 7
9459 8
9460 8
9461 7
9462 9
9463 10
9464 10
9465 10
9466 11
9467 11
9468 12
9469 11
9470 11
9471 11
9472 12
9473 12
9474 13
9475 14
9476 14
9477 15
9478 12
9479 12
9480 11
9481 12
9482 12
9483 12
9484 12
9485 11
9486 12
9487 13
9488 12
9489 13
9490 15
9491 15
9492 15
9493 15
9494 16
9495 15
9496 15
9497 15
9498 16
9499 8
9500 8
9501 8
9502 9
9503 9
9504 9
9505 10
9506 9
9507 11
9508 12
9509 12
9510 13
9511 13
9512 13
9513 13
9514 8
9515 8
9516 8
9517 8
9518 9
9519 9
9520 10
9521 10
9522 10
9523 9
9524 10
9525 10
9526 12
9527 12
9528 15
9529 15
9530 16
9531 16
9532 16
9533 17
9534 17
9535 17
9536 18
9537 19
9538 18
9539 19
9540 19
9541 19
9542 19
9543 27
9544 30
9545 32
9546 22
9547 16
9548 15
9549 16
9550 15
9551 14
9552 14
9553 15
9554 14
9555 14
9556 14
9557 14
9558 15
9559 14
9560 14
9561 14
9562 14
9563 14
9564 14
9565 14
9566 14
9567 14
9568 14
9569 14
9570 14
9571 13
9572 14
9573 14
9574 13
9575 13
9576 14
9577 14
9578 13
9579 13
9580 14
9581 14
9582 14
9583 15
9584 14
9585 14
9586 14
9587 15
9588 15
9589 15
9590 16
9591 16
9592 15
9593 16
9594 17
9595 17
9596 17
9597 18
9598 18
9599 17
9600 18
9601 18
9602 19
9603 19
9604 18
9605 19
9606 19
9607 20
9608 19
9609 19
9610 20
9611 20
9612 20
9613 21
9614 21
9615 22
9616 21
9617 21
9618 22
9619 22
9620 22
9621 23
9622 22
9623 23
9624 23
9625 23
9626 24
9627 24
9628 24
9629 10
9630 10
9631 10
9632 10
9633 10
9634 10
9635 10
9636 10
9637 10
9638 10
9639 10
9640 11
9641 10
9642 5
9643 5
9644 6
9645 6
9646 6
9647 6
9648 6
9649 7
9650 7
9651 7
9652 8
9653 7
9654 7
9655 8
9656 8
9657 8
9658 9
9659 9
9660 8
9661 9
9662 9
9663 9
9664 10
9665 10
9666 11
9667 11
9668 10
9669 10
9670 11
9671 11
9672 12
9673 12
9674 5
9675 5
9676 6
9677 5
9678 5
9679 5
9680 6
9681 6
9682 6
9683 6
9684 5
9685 6
9686 6
9687 6
9688 6
9689 6
9690 6
9691 6
9692 6
9693 6
9694 6
9695 6
9696 6
9697 7
9698 7
9699 6
9700 6
9701 7
9702 7
9703 7
9704 7
9705 2
9706 3
9707 3
9708 2
9709 2
9710 3
9711 3
9712 3
9713 3
9714 4
9715 3
9716 3
9717 3
9718 3
9719 7
9720 6
9721 6
9722 6
9723 6
9724 6
9725 6
9726 6
9727 7
9728 7
9729 7
9730 6
9731 6
9732 6
9733 6
9734 7
9735 7
9736 7
9737 7
9738 7
9739 6
9740 6
9741 6
9742 6
9743 6
9744 7
9745 7
9746 7
9747 6
9748 6
9749 6
9750 6
9751 6
9752 6
9753 8
9754 8
9755 8
9756 8
9757 4
9758 4
9759 4
9760 5
9761 5
9762 4
9763 5
9764 5
9765 5
9766 6
9767 6
9768 6
9769 6
9770 7
9771 7
9772 7
9773 7
9774 8
9775 8
9776 8
9777 8
9778 8
9779 8
9780 8
9781 8
9782 8
9783 8
9784 8
9785 8
9786 8
9787 8
9788 9
9789 8
9790 8
9791 14
9792 16
9793 17
9794 18
9795 18
9796 17
9797 17
9798 17
9799 17
9800 16
9801 16
9802 18
9803 21
9804 23
9805 28
9806 30
9807 29
9808 27
9809 33
9810 35
9811 35
9812 36
9813 36
9814 27
9815 20
9816 20
9817 20
9818 15
9819 11
9820 10
9821 10
9822 8
9823 9
9824 9
9825 9
9826 8
9827 9
9828 9
9829 9
9830 9
9831 9
9832 10
9833 10
9834 10
9835 10
9836 11
9837 10
9838 11
9839 11
9840 11
9841 11
9842 11
9843 11
9844 11
9845 12
9846 11
9847 15
9848 15
9849 16
9850 16
9851 15
9852 16
9853 16
9854 17
9855 17
9856 17
9857 16
9858 16
9859 17
9860 17
9861 17
9862 17
9863 17
9864 17
9865 17
9866 17
9867 18
9868 18
9869 17
9870 17
9871 17
9872 17
9873 17
9874 18
9875 17
9876 17
9877 17
9878 17
9879 17
9880 17
9881 16
9882 17
9883 17
9884 17
9885 17
9886 18
9887 18
9888 17
9889 18
9890 18
9891 18
9892 18
9893 18
9894 18
9895 18
9896 18
9897 19
9898 19
9899 19
9900 19
9901 18
9902 19
9903 19
9904 19
9905 19
9906 19
9907 19
9908 19
9909 19
9910 19
9911 19
9912 20
9913 20
9914 21
9915 21
9916 20
9917 21
9918 21
9919 21
9920 21
9921 22
9922 22
9923 21
9924 21
9925 22
9926 21
9927 21
9928 21
9929 21
9930 6
9931 6
9932 6
9933 6
9934 4
9935 5
9936 5
9937 4
9938 5
9939 5
9940 4
9941 4
9942 4
9943 0
9944 10
9945 10
9946 9
9947 9
9948 9
9949 9
9950 8
9951 9
9952 9
9953 8
9954 8
9955 8
9956 7
9957 7
9958 7
9959 8
9960 8
9961 8
9962 7
9963 7
9964 7
9965 7
9966 8
9967 8
9968 7
9969 7
9970 7
9971 7
9972 7
9973 6
9974 6
9975 12
9976 11
9977 10
9978 6
9979 6
9980 6
9981 7
9982 6
9983 6
9984 7
9985 7
9986 8
9987 7
9988 8
9989 8
9990 9
9991 8
9992 8
9993 9
9994 9
9995 10
9996 10
9997 10
9998 11
9999 11
10000 11
