1 8
2 485
3 485
4 482
5 482
6 481
7 481
8 479
9 478
10 480
11 480
12 480
13 478
14 478
15 477
16 477
17 476
18 476
19 475
20 474
21 474
22 474
23 474
24 473
25 474
26 473
27 472
28 471
29 471
30 471
31 67
32 68
33 67
34 64
35 63
36 62
37 63
38 62
39 63
40 62
41 62
42 62
43 61
44 62
45 61
46 61
47 61
48 60
49 60
50 60
51 60
52 59
53 59
54 59
55 59
56 59
57 58
58 58
59 58
60 58
61 58
62 57
63 57
64 57
65 56
66 57
67 56
68 56
69 56
70 55
71 55
72 54
73 54
74 54
75 52
76 53
77 52
78 52
79 52
80 51
81 52
82 52
83 52
84 52
85 51
86 51
87 51
88 51
89 51
90 50
91 50
92 50
93 49
94 50
95 49
96 50
97 49
98 48
99 49
100 48
101 18
102 17
103 17
104 17
105 17
106 16
107 15
108 15
109 15
110 15
111 14
112 14
113 13
114 14
115 14
116 13
117 13
118 12
119 13
120 12
121 11
122 11
123 10
124 11
125 11
126 11
127 10
128 10
129 10
130 2
131 1
132 2
133 2
134 2
135 9
136 8
137 8
138 8
139 9
140 9
141 9
142 9
143 9
144 9
145 9
146 9
147 9
148 9
149 9
150 10
151 11
152 10
153 9
154 59
155 60
156 61
157 52
158 53
159 53
160 52
161 53
162 53
163 54
164 53
165 54
166 54
167 54
168 55
169 54
170 55
171 55
172 56
173 55
174 56
175 56
176 57
177 56
178 57
179 57
180 57
181 57
182 57
183 58
184 58
185 58
186 58
187 59
188 59
189 60
190 59
191 60
192 60
193 61
194 61
195 60
196 61
197 61
198 62
199 61
200 62
201 64
202 64
203 64
204 65
205 64
206 65
207 63
208 62
209 63
210 61
211 61
212 69
213 70
214 70
215 68
216 68
217 68
218 68
219 72
220 73
221 75
222 77
223 78
224 79
225 83
226 85
227 88
228 87
229 88
230 88
231 88
232 88
233 89
234 86
235 87
236 87
237 87
238 87
239 88
242 88
243 87
244 88
245 88
246 87
247 88
248 88
249 87
250 88
251 88
252 88
253 88
254 88
255 88
256 88
257 89
258 89
241 87
240 88
259 10
260 10
261 11
262 10
263 7
264 6
265 7
266 7
267 7
268 7
269 8
270 7
271 8
272 8
273 8
274 8
275 9
276 8
277 9
278 9
279 9
280 9
281 9
282 11
283 11
284 11
285 11
286 12
287 12
288 12
289 12
290 13
291 12
292 12
293 12
294 10
295 10
296 10
297 10
298 10
299 11
300 10
301 11
302 11
303 10
304 3
305 3
306 8
307 9
308 6
309 7
310 6
311 9
312 9
313 9
314 9
315 7
316 12
317 12
318 12
319 13
320 14
321 14
322 15
323 15
324 13
325 13
326 14
327 13
328 13
329 14
330 14
331 14
332 14
333 14
334 14
335 14
336 13
337 12
338 13
339 13
340 12
341 12
342 8
343 8
344 9
345 10
346 10
347 9
348 10
349 10
350 10
351 9
352 26
353 25
354 26
355 26
356 26
357 27
358 27
359 27
360 27
361 27
362 28
363 27
364 26
365 27
366 27
367 27
368 27
369 28
370 28
371 28
372 28
373 29
374 29
375 28
376 29
377 29
378 30
379 29
380 30
381 30
382 31
383 30
384 31
385 31
386 31
387 31
388 31
389 32
390 31
391 32
392 32
393 33
394 32
395 33
396 33
397 33
398 33
399 34
400 34
401 34
402 34
403 35
404 35
405 35
406 35
407 35
408 36
409 35
410 36
411 36
412 37
413 36
414 37
415 37
416 37
417 37
418 37
419 38
420 38
421 37
422 38
423 38
424 39
425 38
426 39
427 39
428 40
429 40
430 40
431 41
432 11
433 12
434 12
435 13
436 12
437 13
438 13
439 13
440 13
441 13
442 14
443 14
444 10
445 9
446 10
447 10
448 11
449 10
450 11
451 11
452 11
453 11
454 11
455 12
456 12
457 12
458 12
459 13
460 13
461 13
462 13
463 13
464 14
465 14
466 14
467 15
468 15
469 15
470 6
471 6
472 6
473 6
474 7
475 7
476 7
477 8
478 8
479 9
480 4
481 5
482 4
483 5
484 5
485 5
486 5
487 6
488 6
489 6
490 6
491 7
492 6
493 6
494 9
495 9
496 10
497 9
498 10
499 10
500 11
501 10
502 11
503 11
504 11
505 11
506 11
507 12
508 12
509 12
510 12
511 12
512 13
513 13
514 13
515 13
516 13
517 14
518 13
519 14
520 13
521 18
522 17
523 18
524 19
525 19
526 19
527 20
528 20
529 21
530 20
531 21
532 20
533 20
534 20
535 21
536 20
537 20
538 21
539 20
540 20
541 21
542 21
543 20
544 20
545 19
546 20
547 20
548 20
549 19
550 20
551 20
552 20
553 22
554 22
555 22
556 23
557 23
558 22
559 23
560 23
561 24
562 24
563 24
564 24
565 24
566 25
567 25
568 25
569 25
570 26
571 26
572 15
573 16
574 15
575 16
576 16
577 17
578 16
579 17
580 17
581 17
582 17
583 17
584 18
585 18
586 17
587 18
588 18
589 19
590 19
591 19
592 19
593 20
594 20
595 20
596 20
597 21
598 22
599 22
600 22
601 22
602 23
603 23
604 23
605 23
606 24
607 24
608 10
609 10
610 10
611 9
612 10
613 10
614 11
615 10
616 11
617 11
618 12
619 11
620 12
621 12
622 10
623 10
624 11
625 11
626 11
627 11
628 11
629 11
630 12
631 12
632 12
633 12
634 13
635 13
636 13
637 13
638 13
639 14
640 14
641 14
642 14
643 15
644 15
645 14
646 15
647 15
648 16
649 15
650 15
651 31
652 32
653 37
654 37
655 37
656 38
657 39
658 39
659 46
660 49
661 50
662 49
663 50
664 50
665 51
666 51
667 52
668 52
669 53
670 53
671 53
672 54
673 54
674 55
675 55
676 61
677 62
678 63
679 62
680 63
681 63
682 64
683 63
684 64
685 65
686 65
687 66
688 65
689 66
690 66
691 67
692 68
693 67
694 68
695 68
696 69
697 69
698 69
699 70
700 30
701 30
702 31
703 30
704 31
705 31
706 31
707 31
708 33
709 33
710 33
711 34
712 34
713 35
714 34
715 34
716 34
717 34
718 34
719 33
720 34
721 34
722 33
723 33
724 34
725 33
726 35
727 35
728 36
729 36
730 38
731 39
732 40
733 40
734 39
735 40
736 39
737 40
738 40
739 40
740 40
741 40
742 41
743 40
744 41
745 41
746 42
747 41
748 42
749 43
750 43
751 43
752 43
753 44
754 43
755 44
756 44
757 45
758 44
759 45
760 45
761 45
762 45
763 46
764 45
765 46
766 46
767 46
768 46
769 47
770 46
771 47
772 47
773 48
774 47
775 48
776 48
777 28
778 27
779 28
780 29
781 28
782 29
783 30
784 29
785 30
786 30
787 31
788 30
789 31
790 32
791 30
792 31
793 31
794 27
795 27
796 28
797 28
798 28
799 29
800 28
801 29
802 31
803 32
804 32
805 33
806 35
807 36
808 38
809 39
810 38
811 45
812 46
813 48
814 48
815 49
816 48
817 49
818 49
819 50
820 50
821 50
822 51
823 50
824 49
825 48
826 49
827 48
828 26
829 26
830 29
831 30
832 29
833 29
834 29
835 28
836 31
837 32
838 32
839 32
840 32
841 33
842 32
843 33
844 33
845 32
846 33
847 34
848 34
849 34
850 34
851 35
852 34
853 35
854 35
855 36
856 36
857 36
858 36
859 37
860 36
861 36
862 37
863 37
864 36
865 38
866 38
867 38
868 38
869 38
870 38
871 38
872 39
873 38
874 39
875 39
876 39
877 39
878 39
879 40
880 40
881 40
882 40
883 40
884 41
885 40
886 41
887 44
888 45
889 44
890 45
891 45
892 45
893 45
894 45
895 46
896 46
897 45
898 46
899 46
900 45
901 46
902 48
903 49
904 48
905 15
906 14
907 15
908 16
909 15
910 15
911 16
912 16
913 16
914 16
915 16
916 17
917 16
918 17
919 17
920 17
921 17
922 17
923 18
924 17
925 17
926 18
927 18
928 18
929 18
930 19
931 19
932 19
933 19
934 19
935 19
936 20
937 19
938 19
939 20
940 20
941 19
942 20
943 20
944 21
945 21
946 22
947 22
948 22
949 23
950 22
951 23
952 23
953 23
954 23
955 23
956 4
957 4
958 5
959 4
960 4
961 5
962 5
963 4
964 5
965 5
966 5
967 6
968 5
969 6
970 6
971 6
972 104
973 103
974 103
975 103
976 102
977 101
978 100
979 101
980 100
981 99
982 98
983 96
984 94
985 93
986 92
987 92
988 84
989 83
990 78
991 75
992 72
993 72
994 71
995 70
996 68
997 66
998 61
999 60
1000 61
1001 59
1002 59
1003 61
1004 60
1005 61
1006 59
1007 52
1008 49
1009 47
1010 48
1011 49
1012 49
1013 50
1014 50
1015 51
1016 50
1017 51
1018 51
1019 53
1020 53
1021 54
1022 54
1023 55
1024 55
1025 55
1026 56
1027 56
1028 57
1029 56
1030 55
1031 55
1032 57
1033 58
1034 58
1035 58
1036 58
1037 59
1038 58
1039 58
1040 58
1041 59
1042 59
1043 58
1044 58
1045 57
1046 58
1047 57
1048 58
1049 58
1050 57
1051 58
1052 57
1053 58
1054 58
1055 57
1056 58
1057 58
1058 58
1059 58
1060 58
1061 58
1062 59
1063 58
1064 58
1065 59
1066 59
1067 58
1068 59
1069 59
1070 59
1071 59
1072 59
1073 59
1074 59
1075 59
1076 59
1077 60
1078 59
1079 58
1080 59
1081 59
1082 58
1083 59
1084 8
1085 9
1086 9
1087 9
1088 10
1089 10
1090 10
1091 11
1092 10
1093 11
1094 11
1095 10
1096 11
1097 11
1098 12
1099 11
1100 6
1101 5
1102 7
1103 10
1104 9
1105 9
1106 10
1107 10
1108 10
1109 10
1110 10
1111 11
1112 11
1113 10
1114 11
1115 11
1116 12
1117 30
1118 31
1119 32
1120 31
1121 32
1122 32
1123 33
1124 33
1125 32
1126 33
1127 33
1128 34
1129 34
1130 34
1131 35
1132 35
1133 35
1134 35
1135 35
1136 36
1137 36
1138 35
1139 36
1140 36
1141 36
1142 36
1143 36
1144 37
1145 37
1146 36
1147 37
1148 37
1149 38
1150 38
1151 38
1152 39
1153 39
1154 39
1155 39
1156 39
1157 40
1158 40
1159 40
1160 40
1161 40
1162 40
1163 41
1164 40
1165 41
1166 41
1167 42
1168 42
1169 43
1170 43
1171 44
1172 45
1173 44
1174 44
1175 45
1176 43
1177 43
1178 43
1179 43
1180 44
1181 44
1182 44
1183 45
1184 44
1185 45
1186 45
1187 46
1188 45
1189 46
1190 46
1191 46
1192 46
1193 45
1194 45
1195 44
1196 45
1197 46
1198 45
1199 46
1200 46
1201 46
1202 46
1203 47
1204 47
1205 47
1206 47
1207 48
1208 47
1209 47
1210 49
1211 50
1212 16
1213 15
1214 15
1215 15
1216 15
1217 16
1218 16
1219 17
1220 16
1221 16
1222 17
1223 17
1224 17
1225 17
1226 17
1227 18
1228 10
1229 9
1230 10
1231 11
1232 11
1233 9
1234 10
1235 10
1236 11
1237 10
1238 10
1239 11
1240 10
1241 11
1242 11
1243 11
1244 12
1245 8
1246 8
1247 8
1248 8
1249 8
1250 8
1251 8
1252 8
1253 8
1254 8
1255 9
1256 9
1257 10
1258 11
1259 11
1260 11
1261 12
1262 11
1263 11
1264 11
1265 10
1266 33
1267 23
1268 22
1269 23
1270 30
1271 31
1272 30
1273 31
1274 31
1275 32
1276 32
1277 31
1278 32
1279 32
1280 32
1281 32
1282 32
1283 33
1284 33
1285 34
1286 33
1287 34
1288 34
1289 34
1290 35
1291 34
1292 35
1293 35
1294 36
1295 36
1296 36
1297 36
1298 37
1299 36
1300 36
1301 43
1302 44
1303 45
1304 46
1305 46
1306 47
1307 46
1308 47
1309 47
1310 48
1311 48
1312 47
1313 48
1314 48
1315 49
1316 49
1317 49
1318 49
1319 50
1320 50
1321 50
1322 51
1323 51
1324 52
1325 52
1326 53
1327 52
1328 52
1329 53
1330 53
1331 53
1332 55
1333 55
1334 56
1335 55
1336 56
1337 56
1338 57
1339 58
1340 17
1341 16
1342 17
1343 17
1344 18
1345 18
1346 18
1347 20
1348 20
1349 19
1350 20
1351 20
1352 21
1353 21
1354 21
1355 21
1356 21
1357 21
1358 21
1359 22
1360 22
1361 22
1362 22
1363 23
1364 23
1365 23
1366 23
1367 23
1368 25
1369 25
1370 26
1371 26
1372 27
1373 9
1374 9
1375 10
1376 9
1377 10
1378 15
1379 17
1380 20
1381 20
1382 20
1383 21
1384 21
1385 22
1386 21
1387 21
1388 22
1389 27
1390 28
1391 30
1392 32
1393 33
1394 25
1395 25
1396 26
1397 27
1398 28
1399 27
1400 27
1401 28
1402 27
1403 31
1404 31
1405 31
1406 31
1407 32
1408 31
1409 32
1410 32
1411 31
1412 32
1413 31
1414 32
1415 32
1416 31
1417 37
1418 38
1419 39
1420 38
1421 39
1422 38
1423 39
1424 39
1425 40
1426 40
1427 40
1428 41
1429 41
1430 42
1431 41
1432 41
1433 42
1434 42
1435 43
1436 42
1437 42
1438 43
1439 43
1440 43
1441 43
1442 44
1443 44
1444 44
1445 44
1446 44
1447 45
1448 44
1449 44
1450 45
1451 45
1452 45
1453 45
1454 46
1455 46
1456 46
1457 46
1458 46
1459 45
1460 46
1461 46
1462 46
1463 46
1464 47
1465 47
1466 46
1467 47
1468 15
1469 14
1470 15
1471 16
1472 16
1473 16
1474 16
1475 16
1476 17
1477 17
1478 17
1479 17
1480 18
1481 18
1482 19
1483 18
1484 18
1485 19
1486 19
1487 20
1488 19
1489 19
1490 20
1491 20
1492 20
1493 20
1494 20
1495 21
1496 21
1497 21
1498 23
1499 25
1500 25
1501 9
1502 10
1503 9
1504 10
1505 10
1506 10
1507 10
1508 10
1509 11
1510 10
1511 11
1512 11
1513 11
1514 12
1515 11
1516 11
1517 12
1518 12
1519 12
1520 12
1521 12
1522 10
1523 9
1524 10
1525 10
1526 10
1527 10
1528 10
1529 11
1530 11
1531 11
1532 11
1533 6
1534 6
1535 6
1536 17
1537 17
1538 17
1539 16
1540 17
1541 17
1542 17
1543 19
1544 19
1545 19
1546 19
1547 19
1548 19
1549 20
1550 19
1551 20
1552 20
1553 21
1554 21
1555 20
1556 21
1557 21
1558 22
1559 21
1560 21
1561 22
1562 22
1563 23
1564 22
1565 23
1566 23
1567 23
1568 24
1569 23
1570 25
1571 25
1572 26
1573 26
1574 26
1575 26
1576 26
1577 27
1578 27
1579 27
1580 27
1581 28
1582 28
1583 28
1584 28
1585 28
1586 29
1587 29
1588 29
1589 29
1590 29
1591 30
1592 30
1593 29
1594 29
1595 29
1596 24
1597 27
1598 27
1599 27
1600 29
1601 29
1602 30
1603 31
1604 31
1605 35
1606 36
1607 36
1608 35
1609 36
1610 37
1611 37
1612 36
1613 36
1614 36
1615 35
1616 35
1617 35
1618 35
1619 35
1620 34
1621 35
1622 34
1623 34
1624 33
1625 33
1626 34
1627 34
1628 33
1629 34
1630 35
1631 35
1632 35
1633 35
1634 36
1635 36
1636 37
1637 37
1638 38
1639 38
1640 37
1641 37
1642 38
1643 39
1644 41
1645 38
1646 39
1647 39
1648 39
1649 39
1650 21
1651 22
1652 21
1653 22
1654 22
1655 22
1656 23
1657 22
1658 22
1659 23
1660 23
1661 22
1662 23
1663 23
1664 19
1665 19
1666 19
1667 19
1668 20
1669 19
1670 20
1671 19
1672 19
1673 20
1674 19
1675 19
1676 20
1677 20
1678 20
1679 20
1680 20
1681 21
1682 21
1683 22
1684 21
1685 21
1686 22
1687 22
1688 21
1689 22
1690 22
1691 22
1692 22
1693 22
1694 22
1695 23
1696 23
1697 22
1698 22
1699 23
1700 23
1701 23
1702 23
1703 23
1704 23
1705 23
1706 23
1707 23
1708 24
1709 24
1710 23
1711 24
1712 24
1713 24
1714 23
1715 24
1716 24
1717 23
1718 23
1719 24
1720 24
1721 24
1722 23
1723 24
1724 14
1725 14
1726 14
1727 14
1728 14
1729 15
1730 14
1731 15
1732 15
1733 16
1734 16
1735 15
1736 16
1737 16
1738 17
1739 16
1740 16
1741 17
1742 17
1743 17
1744 17
1745 17
1746 18
1747 18
1748 18
1749 18
1750 25
1751 27
1752 29
1753 30
1754 33
1755 34
1756 36
1757 43
1758 43
1759 45
1760 46
1761 47
1762 49
1763 48
1764 49
1765 51
1766 52
1767 56
1768 56
1769 58
1770 58
1771 58
1772 59
1773 58
1774 58
1775 59
1776 61
1777 61
1778 19
1779 19
1780 18
1781 19
1782 19
1783 19
1784 19
1785 19
1786 20
1787 20
1788 20
1789 20
1790 20
1791 21
1792 21
1793 21
1794 21
1795 21
1796 21
1797 22
1798 21
1799 22
1800 22
1801 23
1802 23
1803 22
1804 23
1805 23
1806 23
1807 24
1808 23
1809 23
1810 24
1811 24
1812 24
1813 24
1814 24
1815 25
1816 25
1817 24
1818 25
1819 25
1820 25
1821 24
1822 24
1823 24
1824 24
1825 25
1826 25
1827 24
1828 25
1829 26
1830 26
1831 26
1832 26
1833 26
1834 26
1835 27
1836 27
1837 26
1838 27
1839 27
1840 27
1841 28
1842 27
1843 27
1844 28
1845 28
1846 29
1847 28
1848 28
1849 29
1850 29
1851 29
1852 17
1853 16
1854 16
1855 17
1856 16
1857 17
1858 17
1859 17
1860 18
1861 18
1862 18
1863 18
1864 19
1865 18
1866 18
1867 19
1868 19
1869 19
1870 19
1871 19
1872 19
1873 20
1874 19
1875 20
1876 21
1877 21
1878 22
1879 22
1880 21
1881 21
1882 21
1883 22
1884 20
1885 20
1886 20
1887 21
1888 20
1889 20
1890 20
1891 21
1892 21
1893 20
1894 20
1895 21
1896 20
1897 20
1898 20
1899 20
1900 20
1901 20
1902 21
1903 20
1904 20
1905 20
1906 0
1907 9
1908 9
1909 9
1910 9
1911 9
1912 9
1913 9
1914 10
1915 9
1916 9
1917 9
1918 9
1919 9
1920 10
1921 10
1922 9
1923 10
1924 10
1925 10
1926 10
1927 10
1928 10
1929 11
1930 11
1931 11
1932 11
1933 11
1934 11
1935 11
1936 11
1937 12
1938 12
1939 11
1940 12
1941 22
1942 11
1943 10
1944 10
1945 11
1946 11
1947 11
1948 11
1949 10
1950 11
1951 11
1952 11
1953 12
1954 11
1955 11
1956 12
1957 12
1958 11
1959 12
1960 12
1961 12
1962 13
1963 6
1964 7
1965 7
1966 7
1967 7
1968 7
1969 7
1970 7
1971 7
1972 7
1973 8
1974 8
1975 9
1976 8
1977 8
1978 9
1979 9
1980 37
1981 41
1982 41
1983 42
1984 43
1985 43
1986 43
1987 43
1988 44
1989 44
1990 39
1991 39
1992 38
1993 38
1994 38
1995 37
1996 37
1997 13
1998 12
1999 13
2000 13
2001 13
2002 13
2003 13
2004 14
2005 13
2006 13
2007 14
2008 14
2009 14
2010 14
2011 14
2012 14
2013 15
2014 14
2015 15
2016 15
2017 15
2018 21
2019 22
2020 23
2021 23
2022 24
2023 24
2024 24
2025 24
2026 25
2027 25
2028 25
2029 25
2030 25
2031 26
2032 26
2033 26
2034 26
2035 27
2036 17
2037 18
2038 18
2039 18
2040 18
2041 19
2042 19
2043 19
2044 19
2045 20
2046 20
2047 21
2048 20
2049 21
2050 21
2051 21
2052 22
2053 22
2054 22
2055 23
2056 23
2057 23
2059 23
2058 23
2060 24
2061 24
2062 24
2063 24
2064 25
2065 25
2066 26
2067 25
2068 26
2069 26
2070 26
2071 26
2072 26
2073 27
2074 27
2075 28
2076 27
2077 28
2078 28
2079 29
2080 29
2081 28
2082 29
2083 30
2084 30
2085 30
2086 30
2087 30
2088 31
2089 31
2090 31
2091 14
2092 14
2093 14
2094 15
2095 16
2096 18
2097 19
2098 18
2099 19
2100 19
2101 20
2102 20
2103 20
2104 20
2105 21
2106 21
2107 22
2108 11
2109 11
2110 11
2111 12
2112 11
2113 11
2114 10
2115 11
2116 11
2117 11
2118 12
2119 11
2120 11
2121 12
2122 11
2123 12
2124 12
2125 18
2126 17
2127 17
2128 18
2129 17
2130 18
2131 18
2132 19
2133 18
2134 19
2135 19
2136 18
2137 19
2138 19
2139 20
2140 19
2141 20
2142 20
2143 21
2144 20
2145 21
2146 20
2147 21
2148 20
2149 21
2150 21
2151 21
2152 21
2153 21
2154 22
2155 22
2156 22
2157 23
2158 22
2159 23
2160 23
2161 23
2162 23
2163 23
2164 17
2165 17
2166 17
2167 18
2168 18
2169 18
2170 19
2171 19
2172 20
2173 19
2174 20
2175 20
2176 20
2177 20
2178 20
2179 21
2180 21
2181 21
2182 21
2183 21
2184 22
2185 22
2186 22
2187 22
2188 23
2189 23
2190 23
2191 23
2192 24
2193 24
2194 23
2195 24
2196 24
2197 25
2198 25
2199 25
2200 25
2201 26
2202 26
2203 26
2204 26
2205 26
2206 27
2207 27
2208 28
2209 27
2210 27
2211 28
2212 28
2213 29
2214 29
2215 28
2216 29
2217 29
2218 30
2219 10
2220 10
2221 10
2222 11
2223 11
2224 11
2225 11
2226 12
2227 12
2228 12
2229 12
2230 12
2231 13
2232 13
2233 14
2234 13
2235 13
2236 6
2237 7
2238 6
2239 7
2240 7
2241 8
2242 8
2243 8
2244 8
2245 9
2246 9
2247 10
2248 9
2249 9
2250 10
2251 10
2252 11
2253 11
2254 12
2255 11
2256 11
2257 11
2258 12
2259 12
2260 12
2261 12
2262 13
2263 13
2264 14
2265 13
2266 14
2267 14
2268 14
2269 15
2270 14
2271 14
2272 15
2273 15
2274 14
2275 14
2276 15
2277 15
2278 15
2279 15
2280 15
2281 15
2282 16
2283 16
2284 15
2285 15
2286 16
2287 16
2288 17
2289 17
2290 17
2291 17
2292 19
2293 20
2294 22
2295 23
2296 35
2297 38
2298 38
2299 39
2300 39
2301 40
2302 41
2303 40
2304 41
2305 41
2306 43
2307 42
2308 43
2309 43
2310 43
2311 44
2312 43
2313 43
2314 44
2315 44
2316 45
2317 44
2318 45
2319 45
2320 46
2321 45
2322 45
2323 46
2324 45
2325 46
2326 46
2327 46
2328 46
2329 46
2330 46
2331 47
2332 47
2333 47
2334 47
2335 47
2336 48
2337 47
2338 47
2339 48
2340 48
2341 48
2342 48
2343 48
2344 49
2345 49
2346 50
2347 12
2348 12
2349 11
2350 12
2351 11
2352 11
2353 12
2354 12
2355 11
2356 12
2357 12
2358 13
2359 12
2360 13
2361 13
2362 13
2363 14
2364 17
2365 16
2366 16
2367 17
2368 17
2369 17
2370 17
2371 18
2372 18
2373 17
2374 18
2375 18
2376 18
2377 18
2378 18
2379 19
2380 19
2381 18
2382 19
2383 19
2384 18
2385 19
2386 19
2387 20
2388 20
2389 19
2390 20
2391 20
2392 20
2393 21
2394 20
2395 20
2396 21
2397 21
2398 21
2399 21
2400 21
2401 21
2402 22
2403 22
2404 23
2405 22
2406 23
2407 23
2408 23
2409 24
2410 23
2411 23
2412 24
2413 24
2414 25
2415 24
2416 24
2417 25
2418 25
2419 25
2420 6
2421 7
2422 6
2423 6
2424 7
2425 6
2426 7
2427 7
2428 7
2429 7
2430 7
2431 8
2432 8
2433 8
2434 7
2435 8
2436 8
2437 9
2438 8
2439 9
2440 9
2441 31
2442 22
2443 23
2444 24
2445 23
2446 24
2447 24
2448 24
2449 24
2450 24
2451 25
2452 23
2453 23
2454 24
2455 23
2456 23
2457 24
2458 24
2459 23
2460 24
2461 23
2462 24
2463 24
2464 24
2465 24
2466 24
2467 24
2468 25
2469 24
2470 25
2471 25
2472 25
2473 25
2474 25
2475 7
2476 8
2477 7
2478 8
2479 8
2480 9
2481 9
2482 8
2483 9
2484 9
2485 10
2486 10
2487 9
2488 10
2489 10
2490 10
2491 11
2492 21
2493 20
2494 21
2495 21
2496 22
2497 22
2498 22
2499 22
2500 22
2501 23
2502 23
2503 22
2504 23
2505 23
2506 24
2507 24
2508 24
2509 25
2510 25
2511 26
2512 26
2513 26
2514 25
2515 26
2516 26
2517 26
2518 25
2519 24
2520 25
2521 25
2522 25
2523 25
2524 25
2525 26
2526 26
2527 26
2528 26
2529 26
2530 26
2531 27
2532 26
2533 27
2534 27
2535 28
2536 27
2537 27
2538 28
2539 28
2540 27
2541 28
2542 28
2543 29
2544 29
2545 28
2546 29
2547 29
2548 17
2549 17
2550 17
2551 17
2552 18
2553 18
2554 18
2555 18
2556 18
2557 19
2558 20
2559 15
2560 16
2561 15
2562 14
2563 15
2564 15
2565 15
2566 15
2567 15
2568 15
2569 13
2570 13
2571 14
2572 14
2573 13
2574 14
2575 13
2576 13
2577 14
2578 13
2579 13
2580 14
2581 14
2582 13
2583 14
2584 14
2585 13
2586 14
2587 13
2588 13
2589 14
2590 14
2591 13
2592 14
2593 14
2594 15
2595 15
2596 14
2597 15
2598 15
2599 14
2600 14
2601 15
2602 15
2603 9
2604 10
2605 10
2606 9
2607 10
2608 10
2609 10
2610 10
2611 10
2612 10
2613 11
2614 11
2615 11
2616 10
2617 11
2618 11
2619 12
2620 15
2621 14
2622 14
2623 15
2624 14
2625 15
2626 15
2627 15
2628 15
2629 15
2630 15
2631 16
2632 16
2633 15
2634 16
2635 16
2636 16
2637 17
2638 16
2639 16
2640 17
2641 17
2642 18
2643 17
2644 17
2645 18
2646 18
2647 18
2648 18
2649 18
2650 18
2651 19
2652 18
2653 18
2654 19
2655 19
2656 18
2657 19
2658 19
2659 19
2660 20
2661 19
2662 19
2663 20
2664 20
2665 20
2666 20
2667 20
2668 20
2669 21
2670 21
2671 20
2672 21
2673 19
2674 19
2675 19
2676 5
2677 6
2678 6
2679 5
2680 6
2681 6
2682 6
2683 6
2684 6
2685 6
2686 7
2687 7
2688 6
2689 7
2690 8
2691 8
2692 8
2693 8
2694 8
2695 8
2696 9
2697 10
2698 10
2699 10
2700 11
2701 11
2702 10
2703 11
2704 11
2705 11
2706 11
2707 11
2708 11
2709 12
2710 12
2711 11
2712 12
2713 12
2714 12
2715 13
2716 12
2717 12
2718 13
2719 13
2720 13
2721 13
2722 13
2723 13
2724 14
2725 13
2726 13
2727 14
2728 14
2729 13
2730 14
2731 7
2732 7
2733 7
2734 8
2735 8
2736 7
2737 8
2738 8
2739 8
2740 8
2741 8
2742 8
2743 9
2744 9
2745 8
2746 9
2747 9
2748 13
2749 13
2750 13
2751 14
2752 13
2753 13
2754 14
2755 14
2756 14
2757 14
2758 14
2759 15
2760 15
2761 15
2762 16
2763 15
2764 15
2765 16
2766 16
2767 15
2768 16
2769 16
2770 16
2771 17
2772 16
2773 16
2774 17
2775 17
2776 18
2777 18
2778 17
2779 18
2780 18
2781 18
2782 19
2783 18
2784 18
2785 19
2786 19
2787 19
2788 19
2789 19
2790 19
2791 20
2792 20
2793 20
2794 20
2795 20
2796 20
2797 21
2798 21
2799 20
2800 21
2801 21
2802 19
2803 26
2804 12
2805 12
2806 12
2807 12
2808 13
2809 14
2810 14
2811 14
2812 15
2813 15
2814 16
2815 11
2816 11
2817 12
2818 12
2819 13
2820 13
2821 14
2822 13
2823 14
2824 15
2825 9
2826 10
2827 11
2828 12
2829 13
2830 12
2831 12
2832 13
2833 13
2834 14
2835 13
2836 13
2837 14
2838 13
2839 14
2840 15
2841 16
2842 16
2843 16
2844 16
2845 17
2846 17
2847 18
2848 19
2849 20
2850 21
2851 21
2852 21
2853 21
2854 22
2855 23
2856 23
2857 23
2858 24
2859 8
2860 7
2861 8
2862 8
2863 8
2864 8
2865 8
2866 9
2867 9
2868 9
2869 9
2870 10
2871 9
2872 9
2873 10
2874 10
2875 11
2876 21
2877 21
2878 21
2879 22
2880 22
2881 22
2882 22
2883 22
2884 22
2885 23
2886 23
2887 24
2888 23
2889 23
2890 24
2891 24
2892 25
2893 25
2894 26
2895 26
2896 27
2897 29
2898 28
2899 29
2900 29
2901 30
2902 30
2903 31
2904 31
2905 31
2906 32
2907 32
2908 32
2909 32
2910 31
2911 32
2912 32
2913 32
2914 33
2915 32
2916 32
2917 33
2918 33
2919 34
2920 34
2921 34
2922 34
2923 35
2924 36
2925 36
2926 36
2927 37
2928 37
2929 37
2930 37
2931 37
2932 10
2933 10
2934 10
2935 10
2936 10
2937 11
2938 11
2939 10
2940 11
2941 11
2942 12
2943 12
2944 16
2945 16
2946 17
2947 17
2948 17
2949 17
2950 17
2951 18
2952 18
2953 14
2954 14
2955 15
2956 15
2957 14
2958 15
2959 15
2960 15
2961 16
2962 15
2963 16
2964 16
2965 16
2966 17
2967 15
2968 15
2969 16
2970 16
2971 16
2972 16
2973 17
2974 17
2975 17
2976 17
2977 18
2978 18
2979 19
2980 18
2981 18
2982 19
2983 19
2984 20
2985 19
2986 20
2987 8
2988 8
2989 8
2990 9
2991 9
2992 8
2993 9
2994 9
2995 10
2996 10
2997 9
2998 10
2999 10
3000 11
3001 11
3002 10
3003 11
3004 8
3005 7
3006 6
3007 7
3008 7
3009 7
3010 8
3011 7
3012 8
3013 8
3014 9
3015 9
3016 8
3017 9
3018 9
3019 9
3020 14
3021 14
3022 13
3023 14
3024 13
3025 13
3026 14
3027 13
3028 13
3029 14
3030 14
3031 14
3032 14
3033 14
3034 15
3035 15
3036 14
3037 15
3038 15
3039 16
3040 15
3041 15
3042 15
3043 15
3044 14
3045 15
3046 15
3047 15
3048 15
3049 15
3050 15
3051 16
3052 15
3053 15
3054 16
3055 16
3056 16
3057 16
3058 16
3059 17
3060 9
3061 10
3062 10
3063 9
3064 10
3065 10
3066 10
3067 10
3068 10
3069 10
3070 11
3071 11
3072 12
3073 11
3074 11
3075 12
3076 12
3077 12
3078 12
3079 12
3080 13
3081 31
3082 31
3083 32
3084 32
3085 32
3086 32
3087 32
3088 28
3089 28
3090 24
3091 25
3092 24
3093 22
3094 23
3095 23
3096 23
3097 23
3098 23
3099 24
3100 20
3101 19
3102 20
3103 20
3104 20
3105 21
3106 20
3107 21
3108 22
3109 22
3110 23
3111 21
3112 20
3113 21
3114 19
3115 11
3116 11
3117 12
3118 11
3119 11
3120 12
3121 12
3122 12
3123 12
3124 12
3125 13
3126 13
3127 13
3128 14
3129 13
3130 13
3131 14
3132 15
3133 15
3134 14
3135 15
3136 15
3137 15
3138 16
3139 15
3140 15
3141 16
3142 16
3143 16
3144 16
3145 16
3146 16
3147 17
3148 19
3149 20
3150 20
3151 21
3152 22
3153 22
3154 23
3155 23
3156 23
3157 23
3158 23
3159 24
3160 24
3161 24
3162 25
3163 24
3164 25
3165 28
3166 27
3167 28
3168 28
3169 28
3170 29
3171 28
3172 29
3173 29
3174 30
3175 29
3176 30
3177 31
3178 32
3179 33
3180 33
3181 34
3182 35
3183 36
3184 36
3185 36
3186 36
3187 36
3188 13
3189 14
3190 13
3191 8
3192 8
3193 22
3194 21
3195 22
3196 22
3197 22
3198 22
3199 22
3200 22
3201 22
3202 22
3203 22
3204 21
3205 22
3206 22
3207 23
3208 22
3209 22
3210 23
3211 24
3212 25
3213 25
3214 25
3215 25
3216 26
3217 25
3218 26
3219 26
3220 26
3221 27
3223 27
3222 26
3224 27
3225 27
3226 27
3227 26
3228 26
3229 27
3230 29
3231 29
3232 29
3233 29
3234 29
3235 28
3236 28
3237 28
3238 27
3239 28
3240 28
3241 29
3242 29
3243 20
3244 21
3245 22
3246 23
3247 23
3248 23
3249 23
3250 24
3251 25
3252 24
3253 25
3254 25
3255 27
3256 27
3257 28
3258 27
3259 28
3260 28
3261 28
3262 28
3263 27
3264 28
3265 28
3266 29
3267 29
3268 28
3269 28
3270 28
3271 28
3272 29
3273 29
3274 28
3275 28
3276 13
3277 13
3278 13
3279 14
3280 13
3281 14
3282 14
3283 15
3284 15
3285 15
3286 15
3287 14
3288 15
3289 15
3290 15
3291 15
3292 15
3293 15
3294 16
3295 16
3296 15
3297 16
3298 16
3299 16
3300 17
3301 16
3302 16
3303 17
3304 17
3305 17
3306 16
3307 17
3308 17
3309 18
3310 18
3311 17
3312 18
3313 18
3314 19
3315 19
3316 7
3317 7
3318 7
3319 8
3320 8
3321 29
3322 29
3323 29
3324 29
3325 29
3326 29
3327 29
3328 31
3329 31
3330 33
3331 33
3332 33
3333 34
3334 35
3335 37
3336 38
3337 37
3338 37
3339 37
3340 36
3341 36
3342 36
3343 37
3344 36
3345 36
3346 37
3347 37
3348 37
3349 33
3350 32
3351 32
3352 30
3353 30
3354 31
3355 30
3356 29
3357 28
3358 28
3359 27
3360 28
3361 27
3362 27
3363 26
3364 26
3365 26
3366 27
3367 27
3368 27
3369 26
3370 26
3371 18
3372 17
3373 17
3374 18
3375 18
3376 17
3377 18
3378 17
3379 17
3380 18
3381 18
3382 19
3383 19
3384 18
3385 18
3386 19
3387 19
3388 19
3389 19
3390 19
3391 19
3392 20
3393 29
3394 32
3395 33
3396 32
3397 32
3398 32
3399 33
3400 33
3401 34
3402 34
3403 33
3404 34
3405 30
3406 30
3407 30
3408 31
3409 31
3410 31
3411 31
3412 31
3413 31
3414 31
3415 32
3416 32
3417 33
3418 32
3419 32
3420 33
3421 33
3422 33
3423 33
3424 34
3425 33
3426 33
3427 34
3428 34
3429 34
3430 35
3431 35
3432 34
3433 35
3434 36
3435 36
3436 36
3437 36
3438 36
3439 36
3440 36
3441 37
3442 37
3443 45
3444 9
3445 10
3446 10
3447 10
3448 10
3449 11
3450 12
3451 12
3452 12
3453 12
3454 12
3455 12
3456 12
3457 13
3458 13
3459 13
3460 13
3461 13
3462 13
3463 13
3464 13
3465 14
3466 14
3467 14
3468 14
3469 15
3470 14
3471 14
3472 14
3473 15
3474 15
3475 15
3476 15
3477 15
3478 15
3479 15
3480 15
3481 15
3482 16
3483 16
3484 16
3485 16
3486 16
3487 17
3488 17
3489 17
3490 17
3491 18
3492 18
3493 17
3494 17
3495 18
3496 18
3497 18
3498 18
3499 4
3500 4
3501 4
3502 4
3503 5
3504 5
3505 4
3506 4
3507 5
3508 5
3509 5
3510 5
3511 6
3512 5
3513 5
3514 5
3515 6
3516 6
3517 6
3518 6
3519 5
3520 6
3521 6
3522 6
3523 11
3524 3
3525 2
3526 3
3527 3
3528 3
3529 3
3530 11
3531 9
3532 9
3533 9
3534 9
3535 8
3536 8
3537 9
3538 8
3539 8
3540 7
3541 7
3542 7
3543 7
3544 8
3545 8
3546 7
3547 7
3548 7
3549 7
3550 7
3551 7
3552 7
3553 7
3554 7
3555 7
3556 7
3557 7
3558 7
3559 6
3560 7
3561 7
3562 7
3563 7
3564 7
3565 6
3566 7
3567 7
3568 8
3569 8
3570 8
3571 7
3572 8
3573 8
3574 8
3575 9
3576 9
3577 9
3578 8
3579 8
3580 8
3581 8
3582 8
3583 9
3584 9
3585 9
3586 9
3587 8
3588 8
3589 8
3590 8
3591 8
3592 8
3593 8
3594 9
3595 9
3596 9
3597 9
3598 10
3599 10
3600 10
3601 11
3602 11
3603 10
3604 11
3605 11
3606 11
3607 12
3608 12
3609 12
3610 13
3611 12
3612 12
3613 13
3614 13
3615 13
3616 14
3617 14
3618 14
3619 14
3620 14
3621 14
3622 15
3623 15
3624 16
3625 16
3626 16
3627 5
3628 5
3629 5
3630 5
3631 6
3632 6
3633 6
3634 7
3635 6
3636 6
3637 7
3638 7
3639 7
3640 8
3641 8
3642 7
3643 8
3644 8
3645 8
3646 9
3647 9
3648 8
3649 9
3650 9
3651 1
3652 2
3653 2
3654 2
3655 3
3656 3
3657 3
3658 7
3659 7
3660 8
3661 7
3662 8
3663 8
3664 8
3665 9
3666 9
3667 8
3668 9
3669 9
3670 9
3671 10
3672 10
3673 11
3674 10
3675 10
3676 10
3677 11
3678 11
3679 11
3680 12
3681 11
3682 11
3683 12
3684 12
3685 12
3686 13
3687 13
3688 12
3689 13
3690 13
3691 13
3692 14
3693 16
3694 16
3695 15
3696 16
3697 16
3698 17
3699 21
3700 3
3701 3
3702 3
3703 3
3704 3
3705 4
3706 3
3707 3
3708 4
3709 4
3710 4
3711 4
3712 8
3713 8
3714 8
3715 8
3716 8
3717 8
3718 9
3719 9
3720 8
3721 9
3722 9
3723 9
3724 10
3725 10
3726 10
3727 10
3728 10
3729 11
3730 11
3731 11
3732 12
3733 11
3734 11
3735 12
3736 12
3737 12
3738 13
3739 13
3740 12
3741 13
3742 13
3743 13
3744 14
3745 14
3746 13
3747 14
3748 14
3749 15
3750 15
3751 15
3752 16
3753 15
3754 15
3755 7
3756 8
3757 7
3758 7
3759 8
3760 8
3761 8
3762 8
3763 8
3764 9
3765 9
3766 9
3767 10
3768 10
3769 9
3770 10
3771 10
3772 10
3773 11
3774 11
3775 11
3776 11
3777 11
3778 11
3779 8
3780 9
3781 11
3782 13
3783 13
3784 12
3785 13
3786 8
3787 8
3788 7
3789 7
3790 7
3791 7
3792 8
3793 7
3794 7
3795 7
3796 7
3797 7
3798 8
3799 7
3800 7
3801 8
3802 8
3803 8
3804 9
3805 9
3806 8
3807 8
3808 8
3809 9
3810 9
3811 9
3812 10
3813 9
3814 9
3815 9
3816 10
3817 10
3818 9
3819 9
3820 9
3821 9
3822 9
3823 9
3824 9
3825 9
3826 9
3827 9
3828 3
3829 4
3830 4
3831 5
3832 5
3833 4
3834 5
3835 5
3836 5
3837 6
3838 6
3839 6
3840 8
3841 8
3842 9
3843 8
3844 8
3845 9
3846 9
3847 9
3848 9
3849 9
3850 9
3851 10
3852 10
3853 10
3854 10
3855 10
3856 10
3857 10
3858 10
3859 10
3860 10
3861 10
3862 11
3863 11
3864 10
3865 11
3866 11
3867 11
3868 11
3869 12
3870 11
3871 11
3872 12
3873 12
3874 13
3875 13
3876 12
3877 12
3878 13
3879 13
3880 13
3881 14
3882 14
3883 9
3884 10
3885 10
3886 11
3887 10
3888 11
3889 11
3890 12
3891 16
3892 16
3893 16
3894 17
3895 17
3896 18
3897 18
3898 17
3899 18
3900 20
3901 21
3902 21
3903 20
3904 21
3905 21
3906 21
3907 5
3908 3
3909 3
3910 4
3911 4
3912 3
3913 2
3914 9
3915 9
3916 9
3917 9
3918 9
3919 9
3920 9
3921 10
3922 9
3923 9
3924 10
3925 10
3926 10
3927 10
3928 11
3929 10
3930 10
3931 10
3932 10
3933 11
3934 11
3935 10
3936 10
3937 10
3938 11
3939 11
3940 11
3941 10
3942 11
3943 11
3944 11
3945 11
3946 11
3947 11
3948 12
3949 11
3950 11
3951 14
3952 14
3953 14
3954 14
3955 15
3956 14
3957 14
3958 14
3959 14
3960 15
3961 15
3962 14
3963 14
3964 14
3965 15
3966 15
3967 15
3968 9
3969 9
3970 8
3971 9
3972 9
3973 9
3974 9
3975 9
3976 8
3977 9
3978 9
3979 9
3980 10
3981 10
3982 10
3983 9
3984 9
3985 10
3986 10
3987 10
3988 10
3989 9
3990 10
3991 10
3992 10
3993 10
3994 10
3995 11
3996 10
3997 10
3998 10
3999 11
4000 11
4001 11
4002 11
4003 10
4004 11
4005 11
4006 11
4007 11
4008 11
4009 12
4010 11
4011 17
4012 17
4013 17
4014 18
4015 17
4016 18
4017 18
4018 18
4019 18
4020 18
4021 18
4022 19
4023 19
4024 19
4025 19
4026 20
4027 20
4028 15
4029 14
4030 15
4031 15
4032 14
4033 12
4034 9
4035 4
4036 4
4037 3
4038 3
4039 4
4040 4
4041 4
4042 0
4043 1
4044 2
4045 2
4046 2
4047 1
4048 2
4049 2
4050 2
4051 2
4052 7
4053 6
4054 5
4055 5
4056 6
4057 6
4058 6
4059 6
4060 5
4061 6
4062 6
4063 6
4064 6
4065 6
4066 7
4067 6
4068 6
4069 6
4070 6
4071 7
4072 7
4073 6
4074 6
4075 7
4076 7
4077 7
4078 7
4079 7
4080 6
4081 6
4082 6
4083 5
4084 6
4085 6
4086 6
4087 6
4088 5
4089 5
4090 5
4091 5
4092 6
4093 6
4094 5
4095 5
4096 9
4097 9
4098 9
4099 9
4100 10
4101 10
4102 10
4103 10
4104 11
4105 12
4106 11
4107 11
4108 12
4109 12
4110 12
4111 12
4112 12
4113 12
4114 13
4115 13
4116 13
4117 13
4118 13
4119 12
4120 12
4121 13
4122 13
4123 13
4124 14
4125 14
4126 13
4127 14
4128 14
4129 15
4130 15
4131 15
4132 16
4133 16
4134 16
4135 16
4136 16
4137 16
4138 17
4139 6
4140 6
4141 6
4142 6
4143 6
4144 6
4145 7
4146 8
4147 8
4148 8
4149 8
4150 8
4151 8
4152 9
4153 9
4154 10
4155 10
4156 10
4157 10
4158 10
4159 10
4160 11
4161 11
4162 11
4163 12
4164 11
4165 10
4166 11
4167 11
4168 11
4169 12
4170 12
4171 17
4172 10
4173 10
4174 10
4175 11
4176 12
4177 12
4178 12
4179 13
4180 8
4181 8
4182 7
4183 8
4184 8
4185 8
4186 8
4187 9
4188 8
4189 8
4190 8
4191 9
4192 9
4193 9
4194 9
4195 9
4196 9
4197 9
4198 10
4199 9
4200 9
4201 10
4202 10
4203 10
4204 10
4205 10
4206 9
4207 9
4208 6
4209 5
4210 5
4211 5
4212 6
4213 6
4214 6
4215 6
4216 6
4217 6
4218 6
4219 6
4220 7
4221 7
4222 7
4223 6
4224 3
4225 3
4226 3
4227 3
4228 3
4229 3
4230 4
4231 2
4232 2
4233 2
4234 3
4235 2
4236 2
4237 2
4238 3
4239 3
4240 2
4241 25
4242 23
4243 23
4244 24
4245 28
4246 29
4247 28
4248 29
4249 29
4250 29
4251 29
4252 30
4253 34
4254 33
4255 34
4256 35
4257 39
4258 39
4259 40
4260 40
4261 40
4262 39
4263 40
4264 40
4265 41
4266 41
4267 10
4268 10
4269 10
4270 11
4271 11
4272 11
4273 10
4274 11
4275 11
4276 11
4277 11
4278 12
4279 12
4280 11
4281 11
4282 12
4283 12
4284 12
4285 12
4286 12
4287 13
4288 12
4289 12
4290 13
4291 13
4292 13
4293 13
4294 14
4295 14
4296 13
4297 13
4298 14
4299 14
4300 13
4304 14
4305 15
4306 14
4307 15
4308 15
4309 15
4310 16
4311 15
4312 15
4313 16
4314 17
4315 17
4316 18
4317 18
4318 19
4319 18
4320 18
4321 18
4322 19
4323 19
4324 19
4325 19
4326 19
4327 19
4328 19
4329 20
4330 20
4331 21
4332 21
4333 20
4334 20
4335 20
4301 13
4302 14
4303 14
4336 21
4337 21
4338 21
4339 21
4340 22
4341 21
4342 22
4343 22
4344 23
4345 23
4346 23
4347 23
4348 22
4349 22
4350 22
4351 22
4352 23
4353 22
4354 22
4355 22
4356 22
4357 22
4358 22
4359 10
4360 10
4361 11
4362 12
4363 12
4364 13
4365 13
4366 13
4367 13
4368 13
4369 5
4370 5
4371 5
4372 5
4373 5
4374 6
4375 6
4376 7
4377 7
4378 6
4379 7
4380 7
4381 8
4382 8
4383 8
4384 9
4385 8
4386 8
4387 9
4388 9
4389 10
4390 10
4391 10
4392 9
4393 10
4394 10
4395 7
4396 7
4397 7
4398 8
4399 8
4400 7
4401 8
4402 8
4403 8
4404 8
4405 9
4406 9
4407 11
4408 10
4409 11
4410 11
4411 11
4412 12
4413 12
4414 17
4415 17
4416 17
4417 23
4418 23
4419 23
4420 23
4421 24
4422 24
4423 24
4424 24
4425 24
4426 25
4427 25
4428 14
4429 14
4430 15
4431 15
4432 15
4433 16
4434 15
4435 15
4436 16
4437 16
4438 15
4439 16
4440 16
4441 16
4442 16
4443 16
4444 16
4445 15
4446 15
4447 15
4448 16
4449 16
4450 15
4451 15
4452 15
4453 15
4454 16
4455 16
4456 16
4457 16
4458 16
4459 15
4460 15
4461 15
4462 16
4463 16
4464 15
4465 15
4466 15
4467 15
4468 15
4469 14
4470 15
4471 15
4472 15
4473 15
4474 15
4475 15
4476 14
4477 14
4478 14
4479 15
4480 14
4481 14
4482 14
4483 14
4484 15
4485 15
4486 14
4487 14
4488 14
4489 14
4490 15
4491 15
4492 15
4493 15
4494 15
4495 14
4496 14
4497 7
4498 7
4499 7
4500 6
4502 6
4501 6
4503 7
4504 7
4505 8
4506 8
4507 9
4508 9
4509 10
4510 11
4511 11
4512 11
4513 12
4514 11
4515 11
4516 12
4517 16
4518 16
4519 17
4520 17
4521 18
4522 18
4524 7
4523 8
4525 7
4526 8
4527 8
4528 7
4529 7
4530 7
4531 8
4532 8
4533 8
4534 7
4535 7
4536 8
4537 8
4538 8
4539 8
4540 8
4541 8
4542 8
4543 8
4544 9
4545 9
4546 8
4547 8
4548 8
4549 9
4550 9
4551 9
4552 10
4553 9
4554 10
4555 10
4556 3
4557 2
4558 2
4559 2
4560 2
4561 2
4562 2
4563 2
4564 3
4565 2
4566 2
4567 3
4568 2
4569 14
4570 14
4571 14
4572 14
4573 14
4574 15
4575 15
4576 15
4577 15
4578 14
4579 15
4580 15
4581 15
4582 15
4583 16
4584 16
4585 15
4586 15
4587 15
4588 16
4589 16
4590 16
4591 17
4592 16
4593 16
4594 16
4595 16
4596 17
4597 17
4598 17
4599 16
4600 16
4601 17
4602 17
4603 17
4604 18
4605 18
4606 17
4607 16
4608 16
4609 17
4610 16
4611 16
4612 16
4613 15
4614 16
4615 16
4616 16
4617 17
4618 16
4619 16
4620 16
4621 16
4622 17
4623 16
4624 16
4625 46
4626 47
4627 47
4628 47
4629 47
4630 48
4631 48
4632 20
4633 20
4634 21
4635 21
4636 20
4637 20
4638 21
4639 20
4640 20
4641 20
4642 21
4643 19
4644 18
4645 18
4646 19
4647 18
4648 17
4649 17
4650 17
4651 16
4652 15
4653 15
4654 16
4655 16
4656 16
4657 16
4658 16
4659 16
4660 16
4661 16
4662 17
4663 17
4664 17
4665 16
4666 17
4667 17
4668 17
4669 18
4670 18
4671 18
4672 17
4673 18
4674 18
4675 17
4676 17
4677 18
4678 18
4679 18
4680 17
4681 18
4682 18
4683 45
4684 26
4685 25
4686 26
4687 26
4688 26
4689 25
4690 26
4691 26
4692 26
4693 26
4694 26
4695 26
4696 28
4697 28
4698 31
4699 30
4700 31
4701 32
4702 32
4703 33
4704 32
4705 33
4706 33
4707 34
4708 33
4709 33
4710 34
4711 34
4712 35
4713 35
4714 36
4715 35
4716 36
4717 37
4718 37
4719 37
4720 37
4721 38
4722 38
4723 38
4724 39
4725 39
4726 38
4727 38
4728 38
4729 38
4730 39
4731 38
4732 37
4733 37
4734 37
4735 38
4736 37
4737 37
4738 37
4739 37
4740 38
4741 38
4742 37
4743 36
4744 36
4745 37
4746 37
4747 38
4748 38
4749 39
4750 38
4751 38
4752 38
4753 3
4754 4
4755 3
4756 3
4757 3
4758 2
4759 3
4760 3
4761 3
4762 3
4763 2
4764 9
4765 8
4766 8
4767 9
4768 9
4769 8
4770 8
4771 8
4772 8
4773 9
4774 8
4775 8
4776 8
4777 8
4778 8
4779 8
4780 8
4781 8
4782 8
4783 8
4784 8
4785 8
4786 8
4787 8
4788 8
4789 8
4790 8
4791 9
4792 8
4793 8
4794 8
4795 9
4796 9
4797 9
4798 10
4799 9
4800 9
4801 10
4802 10
4803 11
4804 11
4805 11
4806 11
4807 11
4808 11
4809 11
4810 12
4811 1
4812 1
4813 2
4814 1
4815 11
4816 12
4817 13
4818 12
4819 13
4820 13
4821 13
4822 14
4823 14
4824 13
4825 14
4826 14
4827 14
4828 15
4829 15
4830 14
4831 15
4832 15
4833 15
4834 15
4835 15
4836 15
4837 16
4838 15
4839 15
4840 16
4841 16
4842 15
4843 16
4844 16
4845 16
4846 17
4847 16
4848 16
4849 17
4850 17
4851 17
4852 17
4853 17
4854 18
4855 18
4856 18
4857 18
4858 18
4859 18
4860 19
4861 19
4862 19
4863 19
4864 19
4865 19
4866 20
4867 20
4868 20
4869 21
4870 21
4871 21
4872 21
4873 22
4874 22
4875 22
4876 30
4877 8
4878 8
4879 8
4880 8
4881 3
4882 4
4883 5
4884 5
4885 6
4886 6
4887 6
4888 6
4889 6
4890 7
4891 7
4892 9
4893 10
4894 10
4895 11
4896 10
4897 11
4898 11
4899 11
4900 12
4901 12
4902 13
4903 13
4904 12
4905 13
4906 13
4907 13
4908 14
4909 14
4910 14
4911 15
4912 14
4913 15
4914 15
4915 15
4916 16
4917 15
4918 16
4919 16
4920 17
4921 16
4922 16
4923 17
4924 17
4925 17
4926 18
4927 17
4928 18
4929 18
4930 18
4931 19
4932 19
4933 20
4934 20
4935 19
4936 20
4937 20
4938 21
4939 6
4940 6
4941 6
4942 6
4943 15
4944 16
4945 16
4946 16
4947 18
4948 19
4949 19
4950 20
4951 19
4952 20
4953 20
4954 21
4955 21
4956 21
4957 27
4958 31
4959 34
4960 35
4961 35
4962 36
4963 36
4964 40
4965 40
4966 39
4967 39
4968 40
4969 40
4970 40
4971 41
4972 40
4973 40
4974 41
4975 42
4976 42
4977 42
4978 43
4979 42
4980 42
4981 43
4982 43
4983 43
4984 43
4985 43
4986 43
4987 43
4988 43
4989 44
4990 43
4991 43
4992 43
4993 43
4994 44
4995 45
4996 43
4997 43
4998 44
4999 43
5000 43
5001 43
5002 44
5003 52
5004 8
5005 7
5006 8
5007 8
5008 8
5009 36
5010 37
5011 37
5012 37
5013 37
5014 37
5015 37
5016 39
5017 39
5018 39
5019 39
5020 39
5021 39
5022 40
5023 40
5024 40
5025 40
5026 40
5027 40
5028 41
5029 41
5030 24
5031 23
5032 22
5033 22
5034 21
5035 21
5036 21
5037 21
5038 22
5039 21
5040 21
5041 21
5042 21
5043 21
5044 21
5045 21
5046 21
5047 22
5048 22
5049 22
5050 23
5051 22
5052 22
5053 22
5054 23
5055 23
5056 23
5057 22
5058 23
5059 23
5060 23
5061 23
5062 24
5063 24
5064 23
5065 24
5066 24
5067 24
5068 25
5069 25
5070 25
5071 18
5072 17
5073 19
5074 20
5075 20
5076 19
5077 20
5078 20
5079 20
5080 20
5081 21
5082 20
5083 20
5084 20
5085 20
5086 21
5087 21
5088 21
5089 21
5090 22
5091 22
5092 22
5093 22
5094 21
5095 21
5096 20
5097 20
5098 18
5099 19
5100 19
5101 19
5102 19
5103 18
5104 19
5105 19
5106 18
5107 18
5108 23
5109 23
5110 23
5111 22
5112 24
5113 27
5114 27
5115 27
5116 27
5117 27
5118 32
5119 32
5120 34
5121 36
5122 36
5123 36
5124 42
5125 42
5126 42
5127 42
5128 41
5129 41
5130 41
5131 13
5132 13
5133 14
5134 13
5135 13
5136 14
5137 14
5138 14
5139 15
5140 15
5141 14
5142 15
5143 15
5144 15
5145 15
5146 14
5147 15
5148 15
5149 15
5150 15
5151 15
5152 15
5153 15
5154 15
5155 15
5156 16
5157 16
5158 16
5159 15
5160 16
5161 16
5162 16
5163 16
5164 17
5165 17
5166 16
5167 17
5168 17
5169 17
5170 17
5171 18
5172 17
5173 17
5174 17
5175 17
5176 18
5177 19
5178 18
5179 19
5180 19
5181 19
5182 20
5183 20
5184 20
5185 21
5186 21
5187 21
5188 22
5189 22
5190 21
5191 21
5192 22
5193 22
5194 22
5195 22
5196 21
5197 22
5198 22
5199 5
5200 6
5201 6
5202 6
5203 6
5204 5
5205 6
5206 6
5207 6
5208 6
5209 6
5210 6
5211 6
5212 5
5213 5
5214 6
5215 6
5216 5
5217 5
5218 6
5219 6
5220 5
5221 5
5222 5
5223 5
5224 10
5225 10
5226 10
5227 11
5228 11
5229 10
5230 10
5231 11
5232 11
5233 11
5234 11
5235 10
5236 11
5237 11
5238 11
5239 11
5240 12
5241 11
5242 11
5243 12
5244 12
5245 12
5246 12
5247 12
5248 12
5249 12
5250 12
5251 12
5252 13
5253 13
5254 12
5255 12
5256 13
5257 13
5258 13
5259 2
5260 2
5261 2
5262 2
5263 2
5264 2
5265 2
5266 2
5267 2
5268 3
5269 2
5270 9
5271 10
5272 10
5273 10
5274 10
5275 10
5276 10
5277 10
5278 10
5279 11
5280 12
5281 12
5282 14
5283 13
5284 14
5285 14
5286 14
5287 15
5288 15
5289 15
5290 15
5291 15
5292 15
5293 15
5294 15
5295 16
5296 15
5297 15
5298 15
5299 16
5300 16
5301 15
5302 15
5303 16
5304 16
5305 16
5306 17
5307 17
5308 17
5309 16
5310 16
5311 17
5312 17
5313 17
5314 17
5315 17
5316 16
5317 16
5318 16
5319 17
5320 17
5321 17
5322 17
5323 16
5324 16
5325 16
5326 16
5327 5
5328 5
5329 5
5330 6
5331 6
5332 5
5333 5
5334 6
5335 6
5336 6
5337 6
5338 6
5339 6
5340 6
5341 6
5342 6
5343 6
5344 7
5345 6
5346 6
5347 6
5348 6
5349 6
5350 6
5351 7
5352 4
5353 4
5354 3
5355 4
5356 4
5357 4
5358 4
5359 4
5360 5
5361 4
5362 3
5363 6
5364 6
5365 5
5366 5
5367 5
5368 5
5369 6
5370 6
5371 6
5372 6
5373 6
5374 5
5375 6
5376 6
5377 6
5378 6
5379 6
5380 7
5381 6
5382 6
5383 6
5384 6
5385 6
5386 7
5387 10
5388 10
5389 13
5390 12
5391 9
5392 9
5393 8
5394 7
5395 7
5396 6
5397 5
5398 4
5399 4
5400 4
5401 4
5402 5
5403 5
5404 5
5405 6
5406 5
5407 5
5408 5
5409 6
5410 6
5411 5
5412 5
5413 6
5414 6
5415 6
5416 7
5417 6
5418 6
5419 7
5420 7
5421 18
5422 11
5423 11
5424 11
5425 11
5426 12
5427 12
5428 11
5429 12
5430 12
5431 12
5432 13
5433 13
5434 13
5435 12
5436 12
5437 12
5438 12
5439 13
5440 13
5441 13
5442 13
5443 13
5444 13
5445 14
5446 14
5447 13
5448 13
5449 14
5450 13
5451 13
5452 12
5453 13
5454 13
5455 12
5456 12
5457 11
5459 12
5460 12
5458 12
5461 12
5462 13
5463 12
5464 12
5465 12
5466 13
5467 13
5468 14
5469 14
5470 14
5471 14
5472 14
5473 14
5474 14
5475 15
5476 14
5477 14
5478 15
5479 15
5480 15
5481 15
5482 15
5483 15
5484 15
5485 15
5486 15
5487 15
5488 15
5489 16
5490 16
5491 15
5492 16
5493 16
5494 16
5495 17
5496 17
5497 17
5499 17
5498 17
5500 18
5501 18
5502 18
5503 18
5504 18
5505 18
5506 18
5507 18
5508 19
5509 19
5510 18
5511 19
5512 19
5513 22
5514 22
5515 6
5516 6
5517 6
5518 7
5519 7
5520 6
5521 6
5522 7
5523 7
5524 7
5525 7
5526 7
5527 7
5528 7
5529 6
5530 7
5531 7
5532 7
5533 7
5534 8
5535 7
5536 7
5537 7
5538 8
5539 8
5540 8
5541 9
5542 8
5543 8
5544 9
5545 9
5546 9
5547 9
5548 9
5549 7
5550 7
5551 6
5552 6
5553 7
5554 7
5555 12
5556 12
5557 12
5558 12
5559 13
5560 13
5561 13
5562 13
5563 16
5564 16
5565 17
5566 17
5567 17
5568 17
5569 17
5570 17
5571 17
5572 17
5573 18
5574 18
5575 18
5576 18
5577 18
5578 18
5579 18
5580 19
5581 19
5582 18
5583 29
5584 29
5585 28
5586 27
5587 27
5588 28
5589 27
5590 26
5591 25
5592 23
5593 22
5594 22
5595 21
5596 20
5597 20
5598 18
5599 18
5600 17
5601 16
5602 14
5603 13
5604 13
5605 13
5606 14
5607 13
5608 13
5609 12
5610 12
5611 12
5612 12
5613 13
5614 12
5615 12
5616 13
5617 13
5618 13
5619 13
5620 13
5621 13
5622 13
5623 14
5624 14
5625 14
5626 14
5627 15
5628 14
5629 14
5630 14
5631 15
5632 15
5633 15
5634 16
5635 15
5636 15
5637 15
5638 15
5639 16
5640 16
5641 16
5642 16
5643 11
5644 12
5645 12
5646 13
5647 12
5648 12
5649 12
5650 12
5651 13
5652 13
5653 13
5654 13
5655 13
5656 13
5657 14
5658 14
5659 14
5660 14
5661 15
5662 14
5663 14
5664 14
5665 14
5666 15
5667 15
5668 15
5669 15
5670 15
5671 15
5672 15
5673 15
5674 15
5675 16
5676 16
5677 9
5678 9
5679 9
5680 9
5681 10
5682 9
5683 9
5684 9
5685 10
5686 10
5687 10
5688 10
5689 10
5690 10
5691 10
5692 10
5693 10
5694 11
5695 11
5696 11
5697 10
5698 10
5699 11
5700 11
5701 11
5702 11
5703 12
5704 12
5705 12
5706 12
5707 12
5708 12
5709 12
5710 13
5711 0
5712 3
5713 4
5714 4
5715 5
5716 5
5717 5
5718 6
5719 6
5720 6
5721 6
5722 6
5723 6
5724 7
5725 7
5726 7
5727 7
5728 7
5729 8
5730 8
5731 9
5732 9
5733 9
5734 9
5735 10
5736 10
5737 10
5738 11
5739 11
5740 11
5741 12
5742 12
5743 12
5744 15
5745 15
5746 17
5747 16
5748 17
5749 17
5750 18
5751 18
5752 19
5753 18
5754 19
5755 19
5756 19
5757 20
5758 21
5759 21
5760 21
5761 21
5762 22
5763 22
5764 23
5765 23
5766 23
5767 23
5768 24
5769 24
5770 23
5771 15
5772 14
5773 15
5774 16
5775 16
5776 15
5777 16
5778 16
5779 17
5780 17
5781 16
5782 17
5783 17
5784 18
5785 18
5786 18
5787 17
5788 17
5789 17
5790 18
5791 18
5792 18
5793 18
5794 17
5795 18
5796 18
5797 18
5798 18
5799 19
5800 18
5801 18
5802 18
5803 18
5804 19
5805 19
5806 19
5807 19
5808 18
5809 18
5810 18
5811 19
5812 19
5813 19
5814 19
5815 18
5816 18
5817 18
5818 19
5819 19
5820 19
5821 18
5822 18
5823 18
5824 18
5825 19
5826 19
5827 19
5828 18
5829 18
5830 18
5831 18
5832 18
5833 19
5834 19
5835 19
5836 18
5837 18
5838 18
5839 7
5840 3
5841 3
5842 2
5843 2
5844 3
5845 3
5846 4
5847 4
5848 4
5849 5
5850 5
5851 6
5852 6
5853 6
5854 5
5855 6
5856 6
5857 6
5858 7
5859 7
5860 8
5861 8
5862 8
5863 8
5864 8
5865 9
5866 9
5867 10
5868 10
5869 9
5870 10
5871 10
5872 3
5873 2
5874 2
5875 3
5876 3
5877 4
5878 4
5879 3
5880 4
5881 4
5882 4
5883 4
5884 5
5885 4
5886 3
5887 3
5888 3
5889 4
5890 4
5891 4
5892 3
5893 4
5894 4
5895 4
5896 5
5897 5
5898 5
5899 1
5900 1
5901 2
5902 2
5903 2
5904 2
5905 2
5906 3
5908 9
5907 9
5909 9
5910 10
5911 10
5912 11
5913 10
5914 10
5915 11
5916 11
5917 11
5918 10
5919 11
5920 11
5921 11
5922 11
5923 12
5924 12
5925 12
5926 13
5927 12
5928 12
5929 12
5930 13
5931 13
5932 13
5933 14
5934 14
5935 13
5936 14
5937 14
5938 14
5939 15
5940 15
5941 14
5942 14
5943 14
5944 14
5945 14
5946 14
5947 14
5948 15
5949 14
5950 14
5951 14
5952 15
5953 15
5954 15
5955 16
5956 16
5957 15
5958 15
5959 16
5960 16
5961 16
5962 17
5963 17
5964 17
5965 17
5966 17
5967 5
5968 4
5969 3
5970 2
5971 2
5972 3
5973 3
5974 3
5975 4
5976 3
5977 4
5978 4
5979 5
5980 5
5981 4
5982 5
5983 5
5984 5
5985 6
5986 6
5987 6
5988 7
5989 7
5990 6
5991 7
5992 7
5993 7
5994 7
5995 8
5996 8
5997 8
5998 7
5999 8
6000 4
6001 3
6002 4
6003 4
6004 5
6005 5
6006 5
6007 5
6008 6
6009 5
6010 5
6011 5
6012 6
6013 6
6014 3
6015 3
6016 3
6017 4
6018 4
6019 4
6020 4
6021 4
6022 4
6023 5
6024 5
6025 5
6026 6
6027 4
6028 4
6029 4
6030 5
6031 9
6032 10
6033 10
6034 12
6035 10
6036 10
6037 10
6038 10
6039 10
6040 10
6041 10
6042 10
6043 11
6044 11
6045 10
6046 11
6047 11
6048 11
6049 12
6050 12
6051 12
6052 12
6053 12
6054 12
6055 12
6056 13
6057 13
6058 13
6059 13
6060 13
6061 13
6062 13
6063 13
6064 14
6065 14
6066 14
6067 13
6068 13
6069 13
6070 14
6071 14
6072 14
6073 14
6074 14
6075 14
6076 13
6077 13
6078 14
6079 14
6080 14
6081 14
6082 14
6083 14
6084 15
6085 14
6086 14
6087 14
6088 14
6089 14
6090 14
6091 14
6092 14
6093 14
6094 14
6095 7
6096 7
6097 7
6098 7
6099 7
6100 8
6101 8
6102 8
6103 8
6104 9
6105 18
6106 18
6107 18
6108 20
6109 20
6110 25
6111 25
6112 25
6113 25
6114 26
6115 25
6116 25
6117 26
6118 26
6119 26
6120 26
6121 26
6122 27
6123 27
6124 26
6125 26
6126 26
6127 27
6128 9
6129 9
6130 10
6131 9
6132 10
6133 10
6134 10
6135 10
6136 10
6137 11
6138 10
6139 10
6140 10
6141 11
6142 10
6143 10
6144 11
6145 12
6146 11
6147 11
6148 11
6149 11
6150 11
6151 11
6152 10
6153 10
6154 10
6155 10
6156 10
6157 10
6158 10
6159 10
6160 10
6161 10
6162 10
6163 5
6164 6
6165 6
6166 7
6167 7
6168 7
6169 7
6170 7
6171 7
6172 7
6173 8
6174 8
6175 9
6176 9
6177 9
6178 8
6179 9
6180 9
6181 9
6182 10
6183 10
6184 9
6185 10
6186 10
6187 10
6188 11
6189 11
6190 11
6191 12
6192 11
6193 11
6194 12
6195 12
6196 12
6197 13
6198 13
6199 10
6200 10
6201 10
6202 10
6203 11
6204 11
6205 11
6206 11
6207 11
6208 11
6209 12
6210 12
6211 12
6212 13
6213 13
6214 13
6215 12
6216 13
6217 13
6218 13
6219 14
6220 14
6221 15
6222 15
6223 14
6224 15
6225 15
6226 15
6227 15
6228 14
6229 14
6230 15
6231 15
6232 15
6233 4
6234 5
6236 4
6235 5
6237 4
6238 4
6239 5
6240 5
6241 5
6242 5
6243 5
6244 4
6245 5
6246 5
6247 5
6248 5
6249 6
6250 6
6251 6
6252 5
6253 6
6254 6
6255 6
6256 5
6257 5
6258 6
6259 6
6260 6
6261 6
6262 6
6263 5
6264 6
6265 6
6266 6
6267 6
6268 7
6269 7
6270 7
6271 6
6272 6
6273 6
6274 7
6275 7
6276 7
6277 7
6278 6
6279 6
6280 6
6281 7
6282 7
6283 7
6284 7
6285 6
6286 7
6287 7
6288 7
6289 7
6290 7
6291 5
6292 4
6293 4
6294 5
6295 5
6296 4
6297 5
6298 5
6299 5
6300 6
6301 6
6302 6
6303 6
6304 6
6305 6
6306 6
6307 7
6308 7
6309 7
6310 7
6311 7
6312 7
6313 11
6314 3
6315 3
6316 4
6317 4
6318 3
6319 3
6320 4
6321 3
6322 2
6323 2
6324 2
6325 2
6326 3
6327 6
6328 6
6329 6
6330 7
6331 6
6332 6
6333 7
6334 7
6335 7
6336 8
6337 8
6338 8
6339 8
6340 8
6341 8
6342 9
6343 9
6344 9
6345 9
6346 10
6347 9
6348 9
6349 11
6350 11
6351 12
6352 12
6353 12
6354 12
6355 13
6356 12
6357 12
6358 12
6359 13
6360 14
6361 8
6362 8
6363 8
6364 8
6365 8
6366 8
6367 8
6368 7
6369 6
6370 7
6371 7
6372 7
6373 7
6374 7
6375 6
6376 7
6377 7
6378 7
6379 7
6380 7
6381 7
6382 8
6383 7
6384 7
6385 6
6386 6
6387 6
6388 7
6389 7
6390 7
6391 7
6392 6
6393 6
6394 7
6395 7
6396 7
6397 7
6398 7
6399 8
6400 8
6401 13
6402 7
6403 7
6404 6
6405 6
6406 6
6407 7
6408 7
6409 7
6410 7
6411 7
6412 7
6413 7
6414 7
6415 8
6416 8
6417 8
6418 7
6419 3
6420 4
6421 4
6422 4
6423 3
6424 3
6425 3
6426 3
6427 3
6428 4
6429 4
6430 4
6431 3
6432 3
6433 3
6434 3
6435 4
6436 4
6437 4
6438 5
6439 5
6440 4
6441 11
6442 11
6443 12
6444 12
6445 12
6446 12
6447 11
6448 12
6449 12
6450 3
6451 3
6452 2
6453 2
6454 2
6455 4
6456 4
6457 4
6458 5
6459 4
6460 4
6461 4
6462 4
6463 5
6464 5
6465 5
6466 5
6467 4
6468 5
6469 5
6470 5
6471 5
6472 5
6473 5
6474 5
6475 5
6476 5
6477 5
6478 5
6479 6
6480 6
6481 7
6482 7
6483 7
6484 8
6485 7
6486 7
6487 7
6488 8
6489 9
6490 9
6491 10
6492 10
6493 10
6494 10
6495 10
6496 10
6497 11
6498 10
6499 10
6500 10
6501 11
6502 11
6503 10
6504 11
6505 11
6506 11
6507 14
6508 14
6509 13
6510 13
6511 13
6512 14
6513 14
6514 13
6515 13
6516 14
6517 14
6518 13
6519 12
6520 12
6521 13
6522 13
6523 12
6524 12
6525 12
6526 13
6527 13
6528 20
6529 8
6530 7
6531 8
6532 8
6533 8
6534 8
6535 7
6536 8
6537 8
6538 8
6539 8
6540 7
6541 8
6542 8
6543 8
6544 8
6545 7
6546 8
6547 6
6548 6
6549 6
6550 5
6551 6
6552 6
6553 6
6554 6
6555 6
6556 5
6557 5
6558 6
6559 6
6560 6
6561 6
6562 6
6563 6
6564 6
6565 6
6566 6
6567 6
6568 6
6569 9
6570 10
6571 10
6572 9
6573 9
6574 9
6575 9
6576 9
6577 9
6578 9
6579 9
6580 9
6581 9
6582 10
6583 7
6584 7
6585 7
6586 7
6587 7
6588 7
6589 7
6590 6
6591 6
6592 7
6593 7
6594 7
6595 7
6596 7
6597 7
6598 7
6599 7
6600 7
6601 7
6602 7
6603 8
6604 8
6605 7
6606 8
6607 8
6608 8
6609 8
6610 8
6611 8
6612 8
6613 8
6614 8
6615 8
6616 9
6617 4
6618 4
6619 4
6620 5
6621 5
6622 6
6623 5
6624 5
6625 5
6626 5
6627 5
6628 6
6629 5
6630 5
6631 5
6632 5
6633 5
6634 6
6635 6
6636 6
6637 6
6638 6
6639 6
6640 6
6641 5
6642 6
6643 6
6644 6
6645 6
6646 7
6647 6
6648 6
6649 6
6650 6
6651 6
6652 7
6653 6
6654 6
6655 6
6656 5
6657 6
6658 6
6659 6
6660 6
6661 6
6662 6
6663 6
6664 6
6665 6
6666 6
6667 11
6668 5
6669 5
6670 5
6671 4
6672 4
6673 4
6674 5
6675 5
6676 5
6677 5
6678 5
6679 5
6680 5
6681 4
6682 4
6683 5
6684 5
6685 5
6686 5
6687 5
6688 5
6689 5
6690 5
6691 5
6692 5
6693 5
6694 6
6695 6
6696 6
6697 2
6698 3
6699 3
6700 3
6701 3
6702 3
6703 2
6704 2
6705 3
6706 3
6707 3
6708 3
6709 2
6710 2
6711 7
6712 6
6713 6
6714 6
6715 7
6716 7
6717 7
6718 8
6719 7
6720 7
6721 7
6722 7
6723 8
6724 8
6725 8
6726 7
6727 8
6728 8
6729 8
6730 8
6731 8
6732 7
6733 8
6734 8
6735 8
6736 8
6737 8
6738 8
6739 8
6740 8
6741 8
6742 8
6743 8
6744 9
6745 4
6746 4
6747 3
6748 4
6749 5
6750 5
6751 5
6752 5
6753 5
6754 5
6755 5
6756 5
6757 6
6758 6
6759 6
6760 5
6761 5
6762 4
6763 4
6764 4
6765 4
6766 5
6767 5
6768 4
6769 4
6770 5
6771 5
6772 4
6773 4
6774 5
6775 5
6776 5
6777 5
6778 4
6779 10
6780 5
6781 5
6782 8
6783 8
6784 9
6785 9
6786 9
6787 15
6788 17
6789 17
6790 17
6791 17
6792 19
6793 19
6794 18
6795 3
6796 3
6797 3
6798 4
6799 4
6800 3
6801 3
6802 3
6803 10
6804 11
6805 11
6806 10
6807 11
6808 11
6809 11
6810 11
6811 11
6812 11
6813 11
6814 11
6815 12
6816 12
6817 12
6818 12
6819 12
6820 12
6821 12
6822 12
6823 13
6824 13
6825 13
6826 12
6827 13
6828 13
6829 13
6830 13
6831 14
6832 14
6833 14
6834 13
6835 14
6836 14
6837 14
6838 14
6839 10
6840 10
6841 10
6842 11
6843 10
6844 10
6845 10
6846 11
6847 11
6848 11
6849 11
6850 11
6851 11
6852 11
6853 11
6854 12
6855 12
6856 12
6857 12
6858 12
6859 12
6860 12
6861 12
6862 12
6863 13
6864 13
6865 13
6866 12
6867 13
6868 13
6869 13
6870 13
6871 14
6872 14
6873 7
6874 7
6875 7
6876 8
6877 8
6878 9
6879 8
6880 8
6881 8
6882 9
6883 9
6884 9
6885 10
6886 10
6887 9
6888 9
6889 10
6890 9
6891 10
6892 10
6893 10
6894 10
6895 11
6896 11
6897 12
6898 11
6899 11
6900 12
6901 12
6902 13
6903 13
6904 14
6905 13
6906 9
6907 5
6908 6
6909 6
6910 6
6911 6
6912 6
6913 6
6914 7
6915 7
6916 8
6917 7
6918 7
6919 7
6920 8
6921 9
6922 9
6923 10
6924 9
6925 9
6926 10
6927 10
6928 10
6929 11
6930 11
6931 6
6932 7
6933 6
6934 6
6935 7
6936 7
6937 7
6938 8
6939 7
6940 7
6941 8
6942 8
6943 9
6944 9
6945 9
6946 10
6947 9
6948 10
6949 10
6950 10
6951 11
6952 11
6953 11
6954 11
6955 11
6956 11
6957 12
6958 12
6959 13
6960 12
6961 13
6962 13
6963 14
6964 14
6965 15
6966 15
6967 5
6968 6
6969 6
6970 6
6971 6
6972 6
6973 6
6974 7
6975 7
6976 8
6977 8
6978 8
6979 9
6980 8
6981 8
6982 9
6983 9
6984 10
6985 10
6986 10
6987 11
6988 10
6989 14
6990 16
6991 17
6992 17
6993 18
6994 18
6995 18
6996 18
6997 18
6998 18
6999 19
7000 19
7001 10
7002 10
7003 11
7004 11
7005 12
7006 12
7007 13
7008 12
7009 12
7010 12
7011 12
7012 12
7013 12
7014 12
7015 13
7016 13
7017 14
7018 14
7019 14
7020 14
7021 14
7022 14
7023 14
7024 15
7025 14
7026 15
7027 15
7028 15
7029 16
7030 16
7031 17
7032 17
7033 16
7034 17
7035 16
7036 16
7037 17
7038 17
7039 18
7040 17
7041 17
7042 18
7043 18
7044 19
7045 19
7046 20
7047 19
7048 19
7049 20
7050 20
7051 21
7052 21
7053 21
7054 21
7055 21
7056 21
7057 27
7058 6
7059 8
7060 9
7061 8
7062 9
7063 9
7064 9
7065 10
7066 10
7067 10
7068 10
7069 11
7070 11
7071 11
7072 12
7073 12
7074 12
7075 12
7076 13
7077 13
7078 13
7079 13
7080 13
7081 13
7082 14
7083 14
7084 14
7085 15
7086 15
7087 15
7088 15
7089 15
7090 16
7091 16
7092 15
7093 15
7094 15
7095 6
7096 5
7097 6
7098 6
7099 7
7100 7
7101 7
7102 7
7103 8
7104 7
7105 8
7106 8
7107 8
7108 9
7109 9
7110 9
7111 9
7112 9
7113 9
7114 9
7115 10
7117 11
7116 11
7118 10
7119 11
7120 11
7122 12
7121 12
7123 12
7124 13
7125 12
7126 12
7127 13
7128 13
7129 4
7130 3
7131 4
7132 3
7133 3
7134 4
7135 4
7136 5
7137 5
7138 5
7139 5
7140 4
7141 4
7142 4
7143 4
7144 5
7145 5
7146 5
7147 4
7148 4
7149 8
7150 7
7151 7
7152 8
7153 9
7154 9
7155 9
7156 9
7157 9
7158 10
7159 10
7160 10
7161 11
7162 11
7163 12
7164 12
7165 11
7166 12
7167 12
7168 13
7169 13
7170 13
7171 14
7172 14
7173 13
7174 14
7175 14
7176 15
7177 14
7178 14
7179 15
7180 15
7181 15
7182 15
7183 15
7184 15
7185 4
7186 3
7187 6
7188 6
7189 7
7190 7
7191 6
7192 7
7193 7
7194 8
7195 8
7196 8
7197 9
7198 9
7199 9
7200 9
7201 9
7202 10
7203 10
7204 10
7205 10
7206 10
7207 11
7208 11
7209 11
7210 12
7211 12
7212 13
7213 12
7214 12
7215 13
7216 13
7217 15
7218 15
7219 16
7220 16
7221 22
7222 23
7223 10
7224 10
7225 10
7226 10
7227 10
7228 11
7229 11
7230 12
7231 12
7232 12
7233 11
7234 11
7235 11
7236 11
7237 11
7238 11
7239 11
7240 11
7241 10
7242 10
7243 10
7244 11
7245 11
7246 11
7247 11
7248 10
7249 10
7250 10
7251 10
7252 10
7253 12
7254 12
7255 11
7256 11
7257 10
7258 10
7259 9
7260 9
7261 11
7262 11
7263 12
7264 12
7265 11
7266 12
7267 12
7268 13
7269 13
7270 13
7271 21
7272 7
7273 6
7274 7
7275 7
7276 8
7277 9
7278 9
7279 9
7280 9
7281 9
7282 9
7283 10
7284 12
7285 11
7286 12
7287 12
7288 13
7289 13
7290 13
7291 14
7292 14
7293 14
7294 14
7295 15
7296 15
7297 16
7298 16
7299 17
7300 17
7301 17
7302 17
7303 17
7304 18
7305 18
7306 16
7307 17
7308 17
7309 18
7310 18
7311 17
7312 18
7313 18
7314 19
7315 11
7316 11
7317 11
7318 10
7319 10
7320 11
7321 11
7322 11
7323 11
7324 10
7325 10
7326 10
7327 10
7328 10
7329 11
7330 11
7331 10
7332 10
7333 10
7334 10
7335 10
7336 9
7337 11
7338 10
7339 10
7340 9
7341 9
7342 9
7343 10
7344 8
7345 8
7346 7
7347 8
7348 8
7349 8
7350 9
7351 7
7352 8
7353 8
7354 8
7355 8
7356 8
7357 8
7358 8
7359 8
7360 8
7361 9
7362 9
7363 8
7364 8
7365 8
7366 8
7367 9
7368 9
7369 9
7370 10
7371 9
7372 9
7373 9
7374 9
7375 10
7376 10
7377 10
7378 9
7379 10
7380 10
7381 10
7382 10
7383 10
7384 10
7385 10
7386 10
7387 10
7388 10
7389 11
7390 11
7391 11
7392 11
7393 11
7394 11
7395 11
7396 11
7397 11
7398 11
7399 3
7400 3
7401 4
7402 4
7403 4
7404 4
7405 6
7406 6
7407 6
7408 6
7409 6
7410 7
7411 6
7412 6
7413 6
7414 6
7415 7
7416 7
7417 7
7418 8
7419 7
7422 8
7420 7
7421 8
7423 8
7424 8
7425 9
7426 8
7427 8
7428 8
7429 9
7430 9
7431 9
7432 9
7433 9
7434 10
7435 10
7436 10
7437 10
7438 11
7439 11
7440 11
7441 11
7442 10
7443 5
7444 5
7445 5
7446 5
7447 5
7448 6
7449 6
7450 6
7451 6
7452 5
7453 6
7454 6
7455 6
7456 5
7457 5
7458 6
7459 6
7460 6
7461 6
7462 6
7463 6
7464 6
7465 6
7466 6
7467 7
7468 7
7469 7
7470 7
7471 6
7472 7
7473 7
7474 7
7475 7
7476 7
7477 8
7478 11
7479 1
7480 2
7481 1
7482 1
7483 1
7484 2
7485 2
7486 2
7487 1
7488 3
7489 3
7490 3
7491 4
7492 4
7493 4
7494 3
7495 4
7496 4
7497 4
7498 4
7499 4
7500 5
7501 5
7502 5
7503 4
7504 4
7505 5
7506 5
7507 5
7508 11
7509 11
7510 12
7511 12
7512 12
7513 12
7514 13
7515 13
7516 12
7517 12
7518 12
7519 13
7520 13
7521 13
7522 13
7523 13
7524 13
7525 13
7526 13
7527 3
7528 3
7529 3
7530 3
7531 3
7532 3
7533 2
7534 2
7535 3
7536 3
7537 3
7538 3
7539 3
7540 3
7541 3
7542 3
7543 3
7544 3
7545 5
7546 5
7547 5
7548 5
7549 5
7550 5
7551 5
7552 6
7553 6
7554 6
7555 5
7556 5
7557 6
7558 6
7559 6
7560 6
7561 6
7562 6
7563 6
7564 6
7565 7
7566 7
7567 7
7568 7
7569 12
7570 12
7571 19
7572 19
7573 19
7574 18
7575 17
7576 18
7577 17
7578 17
7579 14
7580 12
7581 12
7582 12
7583 11
7584 11
7585 13
7586 13
7587 13
7588 14
7589 13
7590 13
7591 13
7592 13
7593 14
7594 14
7595 14
7596 14
7597 14
7598 14
7599 14
7600 14
7601 14
7602 15
7603 15
7604 14
7605 14
7606 14
7607 14
7608 14
7609 15
7610 15
7611 15
7612 15
7613 14
7614 14
7615 14
7616 12
7617 13
7618 13
7619 13
7620 13
7621 13
7622 13
7623 13
7624 12
7625 13
7626 13
7627 13
7628 13
7629 13
7630 13
7631 12
7632 12
7633 12
7634 13
7635 26
7636 13
7637 13
7638 13
7639 13
7640 13
7641 13
7642 13
7643 12
7644 13
7645 13
7646 13
7647 13
7648 13
7649 12
7650 13
7651 13
7652 13
7653 13
7654 13
7655 13
7656 12
7657 13
7658 13
7659 12
7660 12
7661 7
7662 7
7663 7
7664 7
7665 7
7666 6
7667 6
7668 6
7669 6
7670 7
7671 7
7672 7
7673 6
7674 6
7675 7
7676 7
7677 7
7678 6
7679 6
7680 6
7681 7
7682 5
7683 6
7684 6
7685 5
7686 5
7687 5
7688 5
7689 5
7690 4
7691 4
7692 5
7693 5
7694 5
7695 5
7696 4
7697 4
7698 4
7699 4
7700 3
7701 3
7702 3
7703 3
7704 3
7705 3
7706 3
7707 3
7708 3
7709 4
7710 3
7711 3
7712 3
7713 4
7714 4
7715 2
7716 3
7717 2
7718 2
7719 2
7720 8
7721 8
7722 8
7723 8
7724 8
7725 8
7726 8
7727 9
7728 9
7729 9
7730 9
7731 9
7732 9
7733 10
7734 10
7735 11
7736 11
7737 10
7738 11
7739 11
7740 11
7741 11
7742 11
7743 11
7744 11
7745 12
7746 12
7747 12
7748 12
7749 13
7750 12
7751 12
7752 12
7753 13
7754 13
7755 13
7756 13
7757 13
7758 13
7759 13
7760 14
7761 14
7762 14
7763 6
7764 6
7765 6
7766 7
7767 7
7768 7
7769 6
7770 7
7771 7
7772 7
7773 8
7774 8
7775 8
7776 8
7777 7
7778 7
7779 9
7780 10
7781 10
7782 10
7783 11
7784 11
7785 11
7786 12
7787 11
7788 11
7789 12
7790 12
7791 12
7792 12
7793 13
7794 12
7795 12
7796 13
7797 13
7798 13
7799 13
7800 14
7801 13
7802 12
7803 12
7804 12
7805 13
7806 13
7807 13
7808 13
7810 13
7809 13
7811 13
7812 13
7813 15
7814 15
7815 16
7816 16
7817 16
7818 15
7819 16
7820 16
7821 16
7822 16
7823 17
7824 17
7825 17
7826 16
7827 4
7828 3
7829 4
7830 4
7831 4
7832 4
7833 10
7834 10
7835 9
7836 9
7837 10
7838 10
7839 10
7840 10
7841 10
7842 10
7843 9
7844 8
7845 9
7846 9
7847 11
7848 2
7849 3
7850 2
7851 2
7852 2
7853 2
7854 2
7855 2
7856 2
7857 2
7858 2
7859 2
7860 4
7861 5
7862 5
7863 4
7864 5
7865 5
7866 5
7867 5
7868 5
7869 5
7870 5
7871 5
7872 5
7873 5
7874 5
7875 5
7876 6
7877 6
7878 6
7879 6
7880 5
7881 5
7882 6
7883 6
7884 6
7885 6
7886 6
7887 6
7888 5
7889 6
7890 6
7891 3
7892 3
7893 3
7894 3
7895 3
7896 2
7897 2
7898 3
7899 3
7900 3
7901 3
7902 3
7903 3
7904 3
7905 3
7906 3
7907 31
7908 31
7909 31
7910 30
7911 30
7912 30
7913 31
7914 31
7915 31
7916 32
7917 31
7918 30
7919 30
7920 29
7921 29
7922 29
7923 28
7924 28
7925 27
7926 26
7927 26
7928 27
7929 27
7930 27
7931 20
7932 20
7933 20
7934 20
7935 20
7936 19
7937 19
7938 19
7939 19
7940 18
7941 18
7942 18
7943 18
7944 17
7945 14
7946 13
7947 13
7948 11
7949 10
7950 11
7951 10
7952 9
7953 9
7954 8
7955 12
7956 12
7957 11
7958 12
7959 12
7960 12
7961 13
7962 13
7963 13
7964 14
7965 13
7966 13
7967 14
7968 14
7969 14
7970 14
7971 15
7972 15
7973 14
7974 15
7975 15
7976 15
7977 15
7978 16
7979 16
7980 15
7981 16
7982 16
7983 16
7984 16
7985 17
7986 17
7987 17
7988 17
7989 17
7990 17
7991 17
7992 18
7993 18
7994 19
7995 19
7996 19
7997 18
7998 19
7999 19
8000 19
8001 20
8002 20
8003 20
8004 21
8005 21
8006 20
8007 20
8008 21
8009 21
8010 21
8011 22
8012 22
8013 22
8014 21
8015 22
8016 22
8017 23
8018 23
8019 21
8020 21
8021 22
8022 22
8023 22
8024 22
8025 23
8026 22
8027 22
8028 23
8029 23
8030 23
8031 23
8032 24
8033 24
8034 35
8035 3
8036 2
8037 2
8038 3
8039 4
8040 4
8041 4
8042 5
8043 4
8044 4
8045 4
8046 5
8047 5
8048 4
8049 6
8050 5
8051 5
8052 6
8053 6
8054 6
8055 7
8056 7
8057 7
8058 7
8059 7
8060 7
8061 7
8062 7
8063 8
8064 8
8065 7
8066 8
8067 8
8068 8
8069 8
8070 8
8071 8
8072 8
8073 9
8074 9
8075 9
8076 9
8077 10
8078 9
8079 9
8080 9
8081 10
8082 10
8083 3
8084 3
8085 2
8086 3
8087 3
8088 3
8089 3
8090 3
8091 3
8092 3
8093 4
8094 4
8095 4
8096 4
8097 4
8098 16
8099 16
8100 16
8101 16
8102 16
8103 16
8104 17
8105 17
8106 17
8107 17
8108 18
8109 17
8110 17
8111 18
8112 18
8113 18
8114 18
8115 19
8116 19
8117 18
8118 19
8119 19
8120 19
8121 19
8122 20
8123 20
8124 20
8125 21
8126 20
8127 20
8128 20
8129 21
8130 21
8131 21
8132 21
8133 22
8134 15
8135 15
8136 14
8137 15
8138 14
8139 15
8140 15
8141 15
8142 16
8143 16
8144 16
8145 16
8146 16
8147 16
8148 16
8149 16
8150 17
8151 17
8152 17
8153 18
8154 17
8155 17
8156 27
8157 6
8158 6
8159 7
8160 6
8161 6
8162 6
8163 7
8164 7
8165 6
8166 7
8167 7
8168 7
8169 8
8170 8
8171 7
8172 7
8173 8
8174 8
8175 9
8176 9
8177 5
8178 5
8179 6
8180 6
8181 7
8182 7
8183 7
8184 8
8185 7
8186 8
8187 8
8188 8
8189 9
8190 9
8191 9
8192 10
8193 9
8194 9
8195 10
8196 10
8197 11
8198 11
8199 11
8200 12
8201 12
8202 11
8203 12
8204 12
8205 13
8206 13
8207 14
8208 14
8209 14
8210 14
8211 2
8212 3
8213 3
8214 3
8215 3
8216 3
8217 3
8218 3
8219 4
8220 4
8221 5
8222 5
8223 4
8224 4
8225 5
8226 1
8227 18
8228 18
8229 18
8230 18
8231 18
8232 18
8233 18
8234 18
8235 16
8236 15
8237 15
8238 15
8239 16
8240 16
8241 16
8242 16
8243 16
8244 16
8245 16
8246 16
8247 16
8248 16
8249 14
8250 14
8251 15
8252 14
8253 14
8254 14
8255 15
8256 15
8257 15
8258 15
8259 14
8260 15
8261 15
8262 15
8263 12
8264 12
8265 12
8266 12
8267 11
8268 12
8269 12
8270 12
8271 12
8272 12
8273 11
8274 11
8275 11
8276 11
8277 12
8278 12
8279 12
8280 11
8281 11
8282 11
8283 21
8284 9
8285 9
8286 9
8287 10
8288 11
8289 12
8290 12
8291 12
8292 6
8293 6
8294 6
8296 7
8295 6
8297 7
8298 8
8299 8
8300 8
8301 9
8302 9
8303 10
8304 10
8305 11
8306 12
8307 13
8308 14
8309 13
8310 14
8311 14
8312 15
8313 15
8314 16
8315 15
8316 16
8317 16
8318 17
8319 18
8320 18
8321 18
8322 18
8323 18
8324 18
8325 19
8326 19
8327 19
8328 19
8329 19
8330 19
8331 19
8332 20
8333 20
8334 20
8335 19
8336 20
8337 20
8338 20
8339 19
8340 20
8341 20
8342 20
8343 20
8344 21
8345 21
8346 20
8347 20
8348 21
8349 21
8350 21
8351 21
8352 21
8353 21
8354 5
8355 27
8356 27
8357 27
8358 28
8359 27
8360 28
8361 28
8362 29
8363 29
8364 30
8365 29
8366 29
8367 30
8368 30
8369 30
8370 30
8371 30
8372 30
8373 22
8374 22
8375 21
8376 20
8377 20
8378 20
8379 20
8380 19
8381 19
8382 18
8383 18
8384 18
8385 17
8386 17
8387 18
8388 18
8389 16
8390 16
8391 17
8392 17
8393 17
8394 17
8395 16
8396 17
8397 17
8398 17
8399 17
8400 17
8401 18
8402 18
8403 17
8404 17
8405 18
8406 18
8407 17
8408 17
8409 18
8410 18
8411 11
8412 11
8413 11
8414 12
8415 13
8416 14
8417 13
8418 14
8419 15
8420 15
8421 16
8422 16
8423 15
8424 16
8425 16
8426 16
8427 16
8428 17
8429 17
8430 17
8431 16
8432 17
8433 18
8434 17
8435 17
8436 18
8437 16
8438 16
8439 17
8440 17
8441 17
8442 16
8443 17
8444 17
8445 18
8446 18
8447 17
8448 17
8450 18
8451 18
8452 18
8449 18
8453 18
8454 18
8455 18
8456 19
8457 19
8459 18
8460 19
8461 19
8462 19
8458 18
8463 19
8464 20
8465 19
8466 19
8467 20
8468 19
8469 19
8470 19
8471 19
8472 19
8473 19
8474 18
8475 17
8476 14
8477 14
8478 14
8479 14
8480 14
8481 14
8482 11
8483 11
8484 11
8485 11
8486 11
8487 11
8488 11
8489 12
8490 12
8491 11
8492 11
8493 11
8494 11
8495 11
8496 10
8497 10
8498 10
8499 11
8500 10
8501 10
8502 10
8503 10
8504 10
8505 9
8506 9
8507 9
8508 9
8509 10
8510 10
8511 9
8512 9
8513 9
8514 9
8515 9
8516 9
8517 10
8518 10
8519 9
8520 9
8521 9
8522 9
8523 9
8524 9
8525 9
8526 8
8527 9
8528 9
8529 9
8530 8
8531 8
8532 8
8533 8
8534 8
8535 9
8536 10
8537 9
8538 9
8539 9
8540 10
8541 9
8542 10
8543 10
8544 10
8545 10
8546 10
8547 10
8548 10
8549 11
8550 10
8551 10
8552 10
8553 10
8554 10
8555 10
8556 11
8557 10
8558 10
8559 10
8560 10
8561 2
8562 3
8563 3
8564 3
8565 4
8566 3
8567 3
8568 4
8569 4
8570 4
8571 4
8572 5
8573 5
8574 4
8575 4
8576 4
8577 7
8578 2
8579 2
8580 3
8581 3
8582 3
8583 4
8584 4
8585 4
8586 4
8587 5
8588 5
8589 5
8590 5
8591 5
8592 5
8593 5
8594 5
8595 5
8596 6
8597 6
8598 6
8599 6
8600 5
8601 5
8602 6
8603 6
8604 6
8605 6
8606 6
8607 6
8608 6
8609 5
8610 3
8611 3
8612 4
8613 3
8614 3
8615 4
8616 5
8617 5
8618 5
8619 6
8620 5
8621 7
8622 7
8623 7
8625 8
8624 8
8626 8
8627 8
8628 9
8629 8
8630 8
8631 9
8632 9
8633 9
8634 10
8635 10
8636 10
8637 10
8638 10
8639 10
8640 11
8641 11
8642 11
8643 12
8644 11
8645 11
8646 12
8647 12
8648 13
8649 13
8650 13
8651 13
8652 13
8653 13
8654 14
8655 14
8656 14
8657 14
8658 15
8659 15
8660 15
8661 15
8662 15
8663 16
8664 16
8665 16
8666 17
8667 7
8668 8
8669 8
8670 7
8671 8
8672 8
8673 9
8674 9
8675 9
8676 10
8677 9
8678 9
8679 10
8680 10
8681 10
8682 11
8683 11
8684 11
8685 11
8686 11
8687 11
8688 12
8689 5
8690 5
8691 5
8692 5
8693 5
8694 6
8695 6
8696 6
8697 5
8698 6
8699 6
8700 6
8701 6
8702 7
8703 7
8704 7
8705 7
8706 7
8707 8
8708 8
8709 7
8710 7
8711 8
8712 8
8713 8
8714 9
8715 9
8716 9
8717 8
8718 9
8719 9
8720 9
8721 9
8722 10
8723 10
8724 10
8725 11
8726 10
8727 10
8728 11
8729 11
8730 11
8731 11
8732 12
8733 12
8734 11
8735 11
8736 12
8737 12
8738 2
8739 2
8740 2
8741 3
8742 3
8743 3
8744 2
8745 3
8746 3
8747 3
8748 4
8749 2
8750 2
8751 2
8752 2
8753 2
8754 3
8755 3
8756 3
8757 3
8758 3
8759 7
8760 4
8761 4
8762 5
8763 4
8764 5
8765 5
8767 5
8766 5
8768 5
8769 6
8770 6
8771 5
8772 5
8773 5
8774 5
8775 6
8776 6
8777 6
8778 6
8779 6
8780 6
8781 6
8782 6
8783 6
8784 6
8785 7
8786 7
8787 11
8788 2
8789 3
8790 3
8791 2
8792 2
8793 3
8794 3
8795 4
8796 3
8797 3
8798 3
8799 4
8800 4
8801 4
8802 3
8803 4
8804 4
8805 4
8806 4
8807 4
8808 4
8809 5
8810 4
8811 4
8812 4
8813 4
8814 5
8815 5
8816 5
8817 1
8818 2
8819 2
8820 1
8821 2
8822 2
8823 2
8824 2
8825 2
8826 2
8827 2
8828 2
8829 2
8830 3
8831 3
8832 2
8833 1
8834 1
8835 1
8836 1
8837 2
8838 2
8839 4
8840 4
8841 4
8842 5
8843 5
8844 5
8845 5
8846 5
8847 5
8848 5
8849 5
8850 4
8851 4
8852 5
8853 5
8854 5
8855 5
8856 5
8857 5
8858 5
8859 5
8860 5
8861 6
8862 6
8863 6
8864 5
8865 5
8866 2
8867 2
8868 2
8869 3
8870 3
8871 3
8872 2
8873 2
8874 3
8875 3
8876 3
8877 0
8878 1
8879 1
8880 1
8881 1
8882 1
8883 1
8884 1
8885 2
8886 2
8887 2
8888 2
8889 2
8890 2
8891 3
8892 2
8893 2
8894 2
8895 3
8896 3
8897 3
8898 3
8899 3
8900 3
8901 3
8902 4
8903 4
8904 4
8905 3
8906 3
8907 3
8908 3
8909 3
8910 4
8911 4
8912 4
8913 3
8914 4
8915 3
8916 2
8917 3
8918 3
8919 3
8920 3
8921 4
8922 3
8923 4
8924 4
8925 4
8926 5
8927 5
8928 5
8929 6
8930 5
8931 5
8932 5
8933 6
8934 6
8935 7
8936 7
8937 6
8938 6
8939 7
8940 7
8941 7
8942 7
8943 8
8944 8
8945 8
8946 8
8947 8
8948 10
8949 3
8950 2
8951 3
8952 3
8953 3
8954 4
8955 4
8956 4
8957 5
8958 4
8959 4
8960 4
8961 5
8962 5
8963 6
8964 6
8965 6
8966 6
8967 4
8968 4
8969 4
8970 5
8971 5
8972 6
8973 5
8974 5
8975 6
8976 6
8977 6
8978 7
8979 7
8980 7
8981 8
8982 7
8983 7
8984 8
8985 8
8986 8
8987 9
8988 9
8989 9
8990 9
8991 9
8992 9
8993 10
8994 10
8995 10
8996 11
8997 5
8998 4
8999 4
9000 5
9001 5
9002 5
9003 5
9004 6
9005 6
9006 7
9007 6
9008 6
9009 6
9010 3
9011 3
9012 3
9013 4
9014 3
9015 3
9016 5
9017 5
9018 5
9019 5
9020 6
9021 5
9022 5
9023 5
9024 6
9025 6
9026 6
9027 6
9028 6
9029 6
9030 6
9031 6
9032 6
9033 7
9034 7
9035 7
9036 7
9037 7
9038 7
9039 7
9040 7
9041 8
9042 8
9043 4
9044 3
9045 4
9046 4
9047 4
9048 4
9049 4
9050 4
9051 9
9052 8
9053 9
9054 6
9055 5
9056 5
9057 6
9058 6
9059 6
9060 5
9061 6
9062 6
9063 6
9064 6
9065 7
9066 7
9067 7
9068 6
9069 7
9070 7
9071 7
9072 7
9073 8
9074 8
9075 8
9076 6
9077 6
9078 6
9079 8
9080 8
9081 7
9082 8
9083 8
9084 8
9085 9
9086 9
9087 9
9088 9
9089 9
9090 9
9091 10
9092 10
9093 10
9094 9
9095 5
9096 5
9097 5
9098 5
9099 6
9100 6
9101 6
9102 7
9103 7
9104 7
9105 7
9106 7
9107 7
9108 7
9109 8
9110 8
9111 9
9112 9
9113 9
9114 8
9115 9
9116 9
9117 9
9118 10
9119 10
9120 10
9121 10
9122 10
9123 10
9124 11
9125 10
9126 10
9127 15
9128 5
9129 5
9130 5
9131 6
9132 6
9133 6
9134 6
9135 6
9136 6
9137 7
9138 7
9139 6
9140 6
9141 7
9142 7
9143 7
9144 8
9145 8
9146 9
9147 9
9148 9
9149 9
9150 10
9151 10
9152 11
9153 11
9154 10
9155 10
9156 11
9157 11
9158 11
9159 12
9160 12
9161 13
9162 12
9163 12
9164 12
9165 13
9166 13
9167 14
9168 14
9169 14
9170 13
9171 6
9172 6
9173 6
9174 6
9175 6
9176 6
9177 7
9178 7
9179 6
9180 6
9181 6
9182 6
9183 6
9184 7
9185 7
9186 7
9187 6
9188 6
9189 6
9190 6
9191 6
9192 6
9193 6
9194 5
9195 5
9196 5
9197 5
9198 6
9199 6
9200 6
9201 6
9202 6
9203 5
9204 6
9205 7
9206 8
9207 7
9208 7
9209 8
9210 8
9211 8
9212 9
9213 9
9214 8
9215 9
9216 9
9217 9
9218 10
9219 10
9220 9
9221 10
9222 10
9223 6
9224 7
9225 7
9226 7
9227 7
9228 7
9229 7
9230 7
9231 7
9232 7
9233 8
9234 8
9235 8
9236 8
9237 8
9238 8
9239 9
9240 9
9241 9
9242 8
9243 9
9244 9
9245 10
9246 10
9247 10
9248 9
9249 10
9250 10
9251 11
9252 11
9253 11
9254 11
9255 5
9256 6
9257 6
9258 6
9259 6
9260 6
9261 6
9262 7
9263 6
9264 6
9265 6
9266 6
9267 5
9268 5
9269 6
9270 6
9271 6
9272 6
9273 7
9274 6
9275 7
9276 7
9277 7
9278 7
9279 7
9280 8
9281 8
9282 8
9283 8
9284 8
9285 9
9286 9
9287 9
9288 10
9289 9
9290 9
9291 9
9292 10
9293 11
9294 11
9295 12
9296 11
9297 11
9298 11
9299 6
9300 6
9301 6
9302 6
9303 6
9304 6
9305 7
9306 7
9307 7
9308 7
9309 7
9310 8
9311 8
9312 8
9313 7
9314 7
9315 8
9316 9
9317 9
9318 9
9319 9
9320 9
9321 9
9322 9
9323 10
9324 10
9325 10
9326 11
9327 11
9328 10
9329 10
9330 11
9331 11
9332 6
9333 7
9334 7
9335 7
9336 6
9337 7
9338 7
9339 7
9340 8
9341 8
9342 8
9343 8
9344 8
9345 9
9346 9
9347 9
9348 9
9349 10
9350 10
9351 4
9352 5
9353 5
9354 5
9355 5
9356 5
9357 5
9358 5
9359 5
9360 6
9361 6
9362 6
9363 6
9364 5
9365 5
9366 5
9367 6
9368 6
9369 6
9370 6
9371 5
9372 5
9373 5
9374 6
9375 6
9376 6
9377 6
9378 4
9379 3
9380 3
9381 4
9382 4
9383 4
9384 5
9385 6
9386 7
9387 7
9388 7
9389 7
9390 7
9391 8
9392 8
9393 9
9394 9
9395 4
9396 3
9397 4
9398 4
9399 4
9400 4
9401 4
9402 5
9403 5
9404 5
9405 5
9406 6
9407 11
9408 11
9409 12
9410 12
9411 12
9412 12
9413 12
9414 12
9415 13
9416 13
9417 13
9418 14
9419 13
9420 13
9421 14
9422 14
9423 14
9424 15
9425 15
9426 15
9427 14
9428 15
9429 15
9430 15
9431 16
9432 16
9433 16
9434 16
9435 16
9436 15
9437 15
9438 15
9439 15
9440 16
9441 16
9442 16
9443 16
9444 16
9445 15
9446 15
9447 15
9448 15
9449 15
9450 16
9451 16
9452 16
9453 16
9454 15
9455 15
9456 15
9457 15
9458 15
9459 15
9460 15
9461 15
9462 15
9463 15
9464 16
9465 16
9466 15
9467 15
9468 16
9469 16
9470 16
9471 16
9472 17
9473 17
9474 17
9475 17
9476 11
9477 11
9478 12
9479 12
9480 12
9481 12
9482 12
9483 12
9484 13
9485 13
9486 13
9487 13
9488 13
9489 13
9490 14
9491 5
9492 5
9493 4
9494 5
9495 5
9496 6
9497 6
9498 6
9499 7
9500 6
9501 6
9502 6
9503 7
9504 7
9505 7
9506 4
9507 4
9508 6
9509 5
9510 5
9511 6
9512 6
9513 6
9514 7
9515 8
9516 12
9517 11
9518 11
9519 11
9520 12
9521 13
9522 14
9523 15
9524 15
9525 15
9527 16
9526 16
9528 18
9529 19
9530 19
9531 19
9532 20
9533 19
9534 19
9535 20
9536 20
9537 20
9538 21
9539 21
9540 20
9541 20
9542 21
9543 21
9544 22
9545 22
9546 22
9547 23
9548 22
9549 22
9550 22
9551 23
9552 23
9553 23
9554 24
9555 24
9556 23
9557 24
9558 24
9559 24
9560 25
9561 25
9562 25
9563 25
9564 25
9565 26
9566 26
9567 26
9568 27
9569 26
9570 26
9571 27
9572 27
9573 27
9574 27
9575 28
9576 28
9577 27
9578 28
9579 28
9580 28
9581 29
9582 29
9583 30
9584 29
9585 29
9586 30
9587 30
9588 30
9589 30
9590 31
9591 31
9592 31
9593 32
9594 33
9595 32
9596 33
9597 35
9598 36
9599 37
9600 38
9601 39
9602 40
9603 41
9604 13
9605 12
9606 12
9607 12
9608 13
9609 13
9610 13
9611 12
9612 12
9613 13
9614 13
9615 13
9616 14
9617 13
9618 13
9619 9
9620 9
9621 10
9622 10
9623 10
9624 11
9625 10
9626 11
9627 12
9628 12
9629 12
9630 12
9631 13
9632 12
9633 12
9634 13
9635 13
9636 13
9637 13
9638 14
9639 14
9640 13
9641 14
9642 14
9643 15
9644 16
9645 17
9646 17
9647 18
9648 17
9649 18
9650 18
9651 2
9652 3
9653 3
9654 3
9655 4
9656 3
9657 4
9658 4
9659 4
9660 4
9661 5
9662 5
9663 4
9664 4
9665 6
9666 12
9667 13
9668 13
9669 13
9670 14
9671 15
9672 15
9673 16
9674 16
9675 15
9676 15
9677 16
9678 16
9679 17
9680 16
9681 16
9682 17
9683 17
9684 17
9685 17
9686 17
9687 18
9688 18
9689 17
9690 18
9691 18
9692 18
9693 19
9694 19
9695 19
9696 19
9697 19
9698 20
9699 20
9700 21
9701 21
9702 21
9703 21
9704 22
9705 22
9706 23
9707 22
9708 22
9709 22
9710 22
9711 22
9712 22
9713 21
9714 21
9715 22
9716 22
9717 22
9718 22
9719 22
9720 22
9721 22
9722 21
9723 21
9724 22
9725 22
9726 22
9727 22
9728 22
9729 22
9730 21
9731 21
9732 8
9733 9
9734 8
9735 9
9736 15
9737 17
9738 17
9739 17
9740 17
9741 17
9742 17
9743 20
9744 20
9745 21
9746 21
9747 9
9748 9
9749 8
9750 8
9751 8
9752 9
9753 9
9754 9
9755 8
9756 9
9757 9
9758 9
9759 9
9760 9
9761 10
9762 9
9763 9
9764 10
9765 10
9766 10
9767 10
9768 10
9769 11
9770 10
9771 10
9772 10
9773 11
9774 11
9775 10
9776 10
9777 11
9778 11
9779 10
9780 11
9781 10
9782 10
9783 10
9784 10
9785 9
9786 9
9787 8
9788 9
9789 9
9790 9
9791 7
9792 6
9793 6
9794 8
9795 8
9796 8
9797 8
9798 8
9799 7
9800 7
9801 7
9802 8
9803 8
9804 8
9805 7
9806 7
9807 7
9808 7
9809 7
9810 7
9811 8
9812 8
9813 7
9814 7
9815 7
9816 8
9817 8
9818 8
9819 8
9820 7
9821 6
9822 6
9823 7
9824 7
9825 7
9826 7
9827 7
9828 6
9829 7
9830 7
9831 7
9832 7
9833 7
9834 7
9835 6
9836 6
9837 7
9838 7
9839 19
9840 11
9841 11
9842 11
9843 11
9844 10
9845 10
9846 10
9847 10
9848 10
9849 10
9850 10
9851 10
9852 10
9853 10
9854 10
9855 11
9856 11
9857 11
9858 11
9859 10
9860 3
9861 3
9862 3
9863 3
9864 3
9865 4
9866 3
9867 3
9868 3
9869 3
9870 3
9871 3
9872 3
9873 3
9874 3
9875 12
9876 12
9877 10
9878 11
9879 9
9880 8
9881 8
9882 5
9883 4
9884 3
9885 2
9886 3
9887 3
9888 3
9889 2
9890 2
9891 3
9892 7
9893 2
9894 2
9895 2
9896 2
9897 3
9898 3
9899 3
9900 2
9901 2
9902 2
9903 2
9904 2
9905 3
9906 3
9907 2
9908 3
9909 3
9910 3
9911 3
9912 3
9913 2
9914 2
9915 2
9916 3
9917 3
9918 3
9919 3
9920 2
9921 2
9922 42
9923 41
9924 39
9925 36
9926 34
9927 32
9928 31
9929 31
9930 30
9931 30
9932 30
9933 27
9934 25
9935 25
9936 25
9937 25
9938 24
9939 15
9940 15
9941 7
9942 5
9943 6
9944 5
9945 5
9946 6
9947 6
9948 6
9949 6
9950 6
9951 6
9952 7
9953 7
9954 7
9955 6
9956 7
9957 7
9958 7
9959 18
9960 10
9961 10
9962 11
9963 8
9964 8
9965 9
9966 9
9967 8
9968 9
9969 9
9970 9
9971 10
9972 10
9973 10
9974 10
9975 10
9976 10
9977 10
9978 11
9979 11
9980 11
9981 11
9982 12
9983 11
9984 11
9985 12
9986 12
9987 13
9988 13
9989 12
9990 12
9991 12
9992 12
9993 12
9994 12
9995 12
9996 12
9997 12
9998 12
9999 12
10000 12
