1 2
2 73
3 72
4 72
5 72
6 71
7 71
8 71
9 70
10 71
11 70
12 70
13 69
14 70
15 70
16 69
17 68
18 69
19 68
20 69
21 11
22 84
23 83
24 83
25 83
26 83
27 83
28 83
29 83
30 82
31 82
32 82
33 82
34 82
35 83
36 83
37 82
38 81
39 81
40 81
41 81
42 81
43 81
44 80
45 80
46 79
47 79
48 79
49 78
50 79
51 78
52 79
53 78
54 78
55 78
56 78
57 77
58 77
59 77
60 77
61 77
62 75
63 75
64 75
65 74
66 75
67 74
68 74
69 73
70 72
71 73
72 73
73 72
74 71
75 72
76 71
77 72
78 71
79 71
80 71
81 70
82 71
83 70
84 68
85 69
86 68
87 68
88 67
89 68
90 67
91 67
92 67
93 67
94 65
95 65
96 64
97 63
98 63
99 63
100 62
101 62
102 62
103 61
104 61
105 61
106 62
107 62
108 61
109 62
110 62
111 63
112 63
113 64
114 63
115 63
116 63
117 63
118 62
119 63
120 62
121 63
122 62
123 63
124 63
125 62
126 63
129 63
130 58
128 63
127 63
131 26
132 25
133 26
134 25
135 25
136 24
137 23
138 23
139 23
140 23
141 23
142 23
143 23
144 23
145 23
146 23
147 23
148 23
149 24
150 2
151 2
152 2
153 2
154 3
155 3
156 4
157 4
158 4
159 4
160 5
161 4
162 4
163 5
164 4
165 5
166 5
167 5
168 5
169 12
170 12
171 12
172 12
173 10
174 10
175 11
176 10
177 11
178 10
179 10
180 10
181 10
182 9
183 9
184 10
185 10
186 11
187 10
188 10
189 10
190 10
191 6
192 6
193 5
194 6
195 6
196 5
197 5
198 6
199 6
200 5
201 43
202 43
203 44
204 43
205 44
206 42
207 42
208 41
209 41
210 41
211 41
212 41
213 41
214 41
215 40
216 41
217 41
218 41
219 41
220 40
221 40
222 40
223 39
224 39
225 40
226 39
227 40
228 40
229 39
230 40
231 40
232 40
233 39
234 39
235 39
236 40
237 39
238 39
239 40
240 40
241 39
242 40
243 40
244 41
245 42
246 41
247 41
248 42
249 41
250 42
251 42
252 42
253 43
254 43
255 43
256 43
257 43
258 43
259 43
260 43
261 43
262 43
263 44
264 43
265 43
266 43
267 43
268 43
269 43
270 44
271 43
272 43
273 44
274 44
275 43
276 43
277 44
278 44
279 44
280 44
281 44
282 44
283 44
284 44
285 43
286 44
287 44
288 43
289 42
290 42
291 42
292 43
293 42
294 42
295 43
296 43
297 17
298 16
299 17
300 17
301 17
302 17
303 17
304 17
305 18
306 17
307 17
308 18
309 17
310 17
311 18
312 18
313 17
314 18
315 19
316 19
317 19
318 19
319 7
320 7
321 7
322 7
323 7
324 8
325 7
326 7
327 8
328 7
329 8
330 9
331 8
332 8
333 8
334 8
335 8
336 9
337 8
338 8
339 9
340 10
341 9
342 10
343 10
344 10
345 10
346 10
347 10
348 10
349 10
350 10
351 9
352 9
353 15
354 14
355 29
356 12
357 14
358 13
359 14
360 13
361 14
362 14
363 15
364 14
365 15
366 15
367 15
368 15
369 16
370 15
371 16
372 16
373 17
374 16
375 17
376 17
377 17
378 17
379 18
380 17
381 18
382 23
383 24
384 24
385 24
386 25
387 25
388 25
389 25
390 25
391 25
392 25
393 26
394 25
395 26
396 26
397 27
398 26
399 26
400 27
401 27
402 28
403 27
404 27
405 28
406 27
407 27
408 28
409 27
410 28
411 28
412 29
413 28
414 28
415 29
416 28
417 29
418 29
419 30
420 29
421 30
422 30
423 31
424 31
425 31
426 31
427 32
428 33
429 32
430 32
431 33
432 33
433 33
434 33
435 34
436 34
437 34
438 34
439 35
440 34
441 35
442 35
443 35
444 35
445 36
446 36
447 36
448 36
449 36
450 37
451 37
452 39
453 39
454 40
455 40
456 40
457 18
458 17
459 18
460 18
461 18
462 18
463 19
464 22
465 22
466 22
467 23
468 23
469 24
470 23
471 24
472 25
473 23
474 24
475 24
476 24
477 24
478 25
479 25
480 25
481 26
482 26
483 18
484 19
485 19
486 19
487 20
488 19
489 20
490 20
491 20
492 20
493 21
494 21
495 21
496 21
497 27
498 27
499 31
500 32
501 33
502 33
503 33
504 33
505 34
506 34
507 34
508 34
509 35
510 20
511 21
512 22
513 23
514 22
515 22
516 22
517 22
518 22
519 22
520 23
521 22
522 23
523 22
524 20
525 21
526 23
527 24
528 24
529 22
530 21
531 21
532 21
533 36
534 36
535 36
536 37
537 37
538 36
539 37
540 37
541 37
542 38
543 37
544 37
545 38
546 38
547 37
548 37
549 37
550 37
551 37
552 36
553 37
554 37
555 37
556 36
557 36
558 36
559 36
560 36
561 36
562 36
563 36
564 36
565 36
566 36
567 36
568 36
569 35
570 35
571 36
572 36
573 35
574 35
575 36
576 36
577 35
578 36
579 35
580 35
581 35
582 35
583 33
584 32
585 32
586 32
587 32
588 33
589 33
590 33
591 33
592 34
593 33
594 34
595 34
596 34
597 34
598 35
599 34
600 33
601 33
602 34
603 34
604 34
605 34
606 34
607 34
608 35
609 35
610 34
611 18
612 18
613 17
614 18
615 18
616 18
617 18
618 18
619 19
620 19
621 18
622 19
623 19
624 18
625 19
626 19
627 19
628 19
629 19
630 19
631 20
632 19
633 20
634 20
635 19
636 20
637 20
638 9
639 10
640 10
641 9
642 10
643 10
644 10
645 10
646 10
647 10
648 11
649 11
650 10
651 11
652 11
653 11
654 12
655 11
656 11
657 12
658 12
659 11
660 12
661 30
662 30
663 29
664 30
665 30
666 30
667 30
668 30
669 30
670 30
671 30
672 31
673 30
674 30
675 31
676 31
677 31
678 31
679 31
680 32
681 31
682 31
683 32
684 32
685 31
686 32
687 32
688 32
689 31
690 31
691 31
692 31
693 31
694 31
695 30
696 30
697 29
698 30
699 30
700 31
701 30
702 30
703 31
704 31
705 30
706 31
707 31
708 32
709 31
710 31
711 31
712 32
713 32
714 31
715 32
716 32
717 32
718 31
719 31
720 31
721 37
722 35
723 36
724 37
725 32
726 33
727 33
728 33
729 33
730 33
731 34
732 33
733 33
734 34
735 34
736 34
737 34
738 43
739 25
740 24
741 25
742 25
743 26
744 25
745 25
746 26
747 25
748 26
749 26
750 26
751 26
752 26
753 27
754 27
755 28
756 29
757 28
758 27
759 28
760 28
761 29
762 29
763 29
764 29
765 29
766 29
767 29
768 29
769 30
770 29
771 29
772 29
773 29
774 29
775 29
776 30
777 30
778 29
779 30
780 30
781 29
782 30
783 30
784 31
785 30
786 30
787 30
788 30
789 30
790 30
791 30
792 30
793 30
794 31
795 30
796 30
797 31
798 31
799 31
800 31
801 32
802 32
803 31
804 32
805 32
806 32
807 32
808 32
809 32
810 32
811 33
812 33
813 33
814 34
815 34
816 34
817 34
818 34
819 34
820 35
821 35
822 34
823 35
824 35
825 35
826 36
827 35
828 35
829 36
830 35
831 35
832 35
833 36
834 35
835 35
836 36
837 35
838 35
839 36
840 35
841 35
842 36
843 36
844 35
845 36
846 36
847 36
848 37
849 31
850 31
851 32
852 31
853 31
854 32
855 31
856 31
857 32
858 31
859 31
860 32
861 31
862 31
863 31
864 31
865 30
866 10
867 16
868 16
869 16
870 16
871 17
872 16
873 16
874 17
875 16
876 15
877 16
878 16
879 17
880 17
881 16
882 17
883 17
884 16
885 16
886 17
887 17
888 17
889 17
890 17
891 18
892 17
893 17
894 18
895 18
896 18
897 18
898 18
899 19
900 19
901 18
902 19
903 19
904 18
905 19
906 19
907 20
908 19
909 20
910 20
911 21
912 20
913 21
914 21
915 21
916 21
917 25
918 26
919 26
920 26
921 26
922 27
923 27
924 27
925 27
926 28
927 28
928 28
929 28
930 29
931 28
932 29
933 29
934 28
935 29
936 29
937 30
938 30
939 30
940 30
941 31
942 30
943 30
944 31
945 31
946 31
947 31
948 31
949 32
950 31
951 32
952 32
953 32
954 33
955 32
956 33
957 33
958 33
959 33
960 33
961 34
962 33
963 33
964 34
965 33
966 33
967 34
968 34
969 35
970 34
971 34
972 35
973 34
974 34
975 35
976 35
977 34
978 35
979 35
980 35
981 35
982 36
983 37
984 37
985 37
986 37
987 37
988 38
989 37
990 36
991 37
992 37
993 37
994 8
995 11
996 19
997 18
998 18
999 18
1000 19
1001 18
1002 19
1003 19
1004 19
1005 19
1006 27
1007 28
1008 27
1009 28
1010 28
1011 27
1012 27
1013 28
1014 28
1015 27
1016 27
1017 11
1018 12
1019 12
1020 14
1021 15
1022 14
1023 15
1024 16
1025 16
1026 16
1027 17
1028 16
1029 17
1030 16
1031 17
1032 18
1033 18
1034 18
1035 18
1036 19
1037 20
1038 20
1039 20
1040 20
1041 21
1042 21
1043 21
1044 21
1045 29
1046 28
1047 29
1048 29
1049 29
1050 29
1051 30
1052 29
1053 29
1054 30
1055 30
1056 30
1057 30
1058 31
1059 31
1060 31
1061 31
1062 32
1063 32
1064 33
1065 32
1066 33
1067 33
1068 33
1069 33
1070 33
1071 34
1072 34
1073 34
1074 35
1075 35
1076 34
1077 35
1078 34
1079 35
1080 35
1081 34
1082 35
1083 35
1084 34
1085 35
1086 35
1087 35
1088 35
1089 35
1090 34
1091 35
1092 34
1093 34
1094 35
1095 35
1096 34
1097 35
1098 35
1099 35
1100 35
1101 35
1102 35
1103 34
1104 35
1105 35
1106 34
1107 35
1108 35
1109 34
1110 35
1111 35
1112 35
1113 34
1114 35
1115 35
1116 35
1117 35
1118 35
1119 35
1120 36
1121 35
1122 15
1123 16
1124 14
1125 14
1126 15
1127 14
1128 14
1129 15
1130 15
1131 14
1132 15
1133 15
1134 15
1135 15
1136 15
1137 15
1138 16
1139 16
1140 15
1141 16
1142 16
1143 18
1144 19
1145 12
1146 12
1147 12
1148 12
1149 12
1150 12
1151 12
1152 12
1153 12
1154 13
1155 12
1156 12
1157 12
1158 13
1159 12
1160 12
1161 12
1162 12
1163 11
1164 12
1165 12
1166 12
1167 13
1168 12
1169 12
1170 13
1171 13
1172 12
1173 5
1174 5
1175 5
1176 5
1177 5
1178 5
1179 6
1180 5
1181 5
1182 6
1183 6
1184 5
1185 5
1186 5
1187 5
1188 5
1189 6
1190 49
1191 49
1192 49
1193 50
1194 50
1195 50
1196 50
1197 51
1198 51
1199 51
1200 51
1201 51
1202 52
1203 51
1204 52
1205 52
1206 52
1207 52
1208 52
1209 52
1210 52
1211 52
1212 52
1213 52
1214 53
1215 53
1216 54
1217 53
1218 54
1219 49
1220 48
1221 48
1222 47
1223 46
1224 46
1225 47
1226 48
1227 47
1228 48
1229 41
1230 37
1231 35
1232 33
1233 33
1234 31
1235 30
1236 29
1237 27
1238 26
1239 25
1240 26
1241 26
1242 27
1243 26
1244 26
1245 27
1246 27
1247 27
1248 27
1249 28
1250 22
1251 22
1252 23
1253 22
1254 23
1255 23
1256 23
1257 23
1258 24
1259 24
1260 24
1261 24
1262 24
1263 24
1264 24
1265 24
1266 25
1267 24
1268 25
1269 24
1270 25
1271 25
1272 26
1273 25
1274 25
1275 26
1276 25
1277 26
1278 26
1279 27
1280 26
1281 26
1282 27
1283 27
1284 28
1285 27
1286 27
1287 28
1288 28
1289 28
1290 28
1291 29
1292 29
1293 28
1294 29
1295 29
1296 30
1297 29
1298 30
1299 30
1300 30
1301 12
1302 12
1303 13
1304 13
1305 13
1306 14
1307 13
1308 14
1309 14
1310 14
1311 14
1312 14
1313 15
1314 15
1315 14
1316 15
1317 15
1318 19
1319 18
1320 19
1321 19
1322 19
1323 19
1324 19
1325 19
1326 19
1327 19
1328 20
1329 20
1330 21
1331 21
1332 21
1333 21
1334 21
1335 21
1336 21
1337 22
1338 22
1339 22
1340 22
1341 23
1342 23
1343 22
1344 23
1345 23
1346 24
1347 24
1348 23
1349 24
1350 24
1351 25
1352 24
1353 25
1354 25
1355 26
1356 26
1357 25
1358 26
1359 27
1360 27
1361 26
1362 27
1363 27
1364 29
1365 31
1366 31
1367 31
1368 32
1369 33
1370 33
1371 33
1372 33
1373 34
1374 34
1375 34
1376 34
1377 35
1378 20
1379 20
1380 21
1381 20
1382 20
1383 21
1384 20
1385 21
1386 21
1387 22
1388 22
1389 21
1390 22
1391 22
1392 23
1393 23
1394 22
1395 23
1396 23
1397 24
1398 23
1399 24
1400 23
1401 23
1402 24
1403 23
1404 24
1405 24
1406 24
1407 24
1408 24
1409 25
1410 25
1411 26
1412 34
1413 37
1414 40
1415 41
1416 43
1417 45
1418 44
1419 45
1420 46
1421 46
1422 47
1423 46
1424 47
1425 47
1426 48
1427 48
1428 48
1429 48
1430 49
1431 49
1432 49
1433 50
1434 50
1435 51
1436 51
1437 51
1438 51
1439 52
1440 52
1441 53
1442 53
1443 52
1444 53
1445 52
1446 19
1447 18
1448 19
1449 19
1450 19
1451 19
1452 20
1453 20
1454 19
1455 20
1456 20
1457 20
1458 21
1459 20
1460 21
1461 21
1462 21
1463 22
1464 21
1465 21
1466 22
1467 21
1468 21
1469 22
1470 23
1471 22
1472 22
1473 23
1474 23
1475 23
1476 23
1477 24
1478 24
1479 24
1480 24
1481 25
1482 25
1483 26
1484 25
1485 26
1486 26
1487 25
1488 26
1489 26
1490 26
1491 26
1492 27
1493 27
1494 27
1495 27
1496 28
1497 29
1498 30
1499 30
1500 30
1501 36
1502 37
1503 37
1504 37
1505 38
1506 27
1507 28
1508 29
1509 30
1510 30
1511 31
1512 30
1513 30
1514 31
1515 31
1516 32
1517 31
1518 31
1519 32
1520 32
1521 32
1522 32
1523 32
1524 33
1525 33
1526 33
1527 33
1528 33
1529 33
1530 33
1531 33
1532 33
1533 34
1534 34
1535 35
1536 34
1537 34
1538 34
1539 35
1540 34
1541 34
1542 35
1543 35
1544 34
1545 35
1546 35
1547 35
1548 34
1549 35
1550 35
1551 35
1552 35
1553 35
1554 35
1555 35
1556 35
1557 35
1558 35
1559 35
1560 30
1561 29
1562 28
1563 27
1564 27
1565 27
1566 27
1567 28
1568 27
1569 27
1570 28
1571 28
1572 27
1573 28
1574 20
1575 21
1576 21
1577 21
1578 22
1579 22
1580 23
1581 23
1582 23
1583 24
1584 24
1585 23
1586 24
1587 23
1588 23
1589 24
1590 24
1591 24
1592 24
1593 24
1594 25
1595 24
1596 24
1597 25
1598 25
1599 24
1600 25
1601 25
1602 25
1603 26
1604 25
1605 26
1606 26
1607 24
1608 24
1609 24
1610 24
1611 24
1612 24
1613 24
1614 24
1615 24
1616 25
1617 25
1618 24
1619 25
1620 25
1621 25
1622 25
1623 25
1624 25
1625 24
1626 25
1627 25
1628 25
1629 25
1630 25
1631 25
1632 25
1633 25
1634 30
1635 33
1636 30
1637 28
1638 30
1639 30
1640 30
1641 31
1642 31
1643 31
1644 31
1645 31
1646 31
1647 31
1648 31
1649 32
1650 31
1651 32
1652 32
1653 31
1654 32
1655 32
1656 33
1657 33
1658 33
1659 33
1660 35
1661 35
1662 36
1663 35
1664 36
1665 36
1666 36
1667 36
1668 36
1669 37
1670 37
1671 37
1672 37
1673 37
1674 37
1675 38
1676 38
1677 38
1678 38
1679 39
1680 39
1681 40
1682 39
1683 40
1684 39
1685 40
1686 40
1687 41
1688 40
1689 40
1690 41
1691 41
1692 42
1693 47
1694 47
1695 48
1696 48
1697 49
1698 48
1699 48
1700 47
1701 48
1702 14
1703 15
1704 15
1705 16
1706 15
1707 15
1708 16
1709 16
1710 17
1711 16
1712 17
1713 17
1714 17
1715 18
1716 18
1717 19
1718 19
1719 19
1720 20
1721 20
1722 20
1723 21
1724 21
1725 21
1726 21
1727 22
1728 23
1729 23
1730 24
1731 23
1732 23
1733 24
1734 24
1735 25
1736 24
1737 25
1738 25
1739 26
1740 26
1741 26
1742 26
1743 27
1744 27
1745 27
1746 27
1747 27
1748 28
1749 28
1750 29
1751 28
1752 28
1753 29
1754 29
1755 30
1756 29
1757 30
1758 30
1759 30
1760 30
1761 30
1762 21
1763 21
1764 21
1765 22
1766 22
1767 23
1768 22
1769 23
1770 23
1771 24
1772 24
1773 23
1774 24
1775 24
1776 25
1777 24
1778 24
1779 25
1780 25
1781 26
1782 25
1783 25
1784 26
1785 26
1786 27
1787 26
1788 26
1789 27
1790 27
1791 26
1792 26
1793 27
1794 26
1795 26
1796 27
1797 27
1798 27
1799 28
1800 28
1801 29
1802 29
1803 28
1804 30
1805 30
1806 31
1807 31
1808 31
1809 31
1810 32
1811 31
1812 31
1813 32
1814 31
1815 32
1816 32
1817 32
1818 32
1819 32
1820 33
1821 33
1822 32
1823 33
1824 33
1825 33
1826 33
1827 34
1828 34
1829 33
1830 17
1831 17
1832 17
1833 17
1834 18
1835 18
1836 18
1837 18
1838 19
1839 19
1840 19
1841 19
1842 19
1843 20
1844 20
1845 19
1846 20
1847 20
1848 20
1849 20
1850 21
1851 20
1852 20
1853 21
1854 21
1855 21
1856 21
1857 21
1858 22
1859 22
1860 22
1861 22
1862 23
1863 23
1864 24
1865 23
1866 24
1867 24
1868 24
1869 24
1870 23
1871 24
1872 24
1873 25
1874 25
1875 24
1876 26
1877 26
1878 26
1879 26
1880 26
1881 26
1882 26
1883 26
1884 26
1885 26
1886 26
1887 25
1888 26
1889 26
1890 19
1891 20
1892 20
1893 20
1894 20
1895 20
1896 21
1897 21
1898 21
1899 21
1900 22
1901 22
1902 22
1903 22
1904 22
1905 23
1906 23
1907 22
1908 23
1909 23
1910 24
1911 24
1912 24
1913 24
1914 25
1915 25
1916 26
1917 26
1918 24
1919 25
1920 25
1921 25
1922 25
1923 25
1924 25
1925 25
1926 26
1927 26
1928 25
1929 26
1930 26
1931 27
1932 26
1933 26
1934 27
1935 26
1936 27
1937 27
1938 28
1939 27
1940 27
1941 28
1942 28
1943 28
1944 28
1945 28
1946 30
1947 29
1948 30
1949 30
1950 31
1951 30
1952 31
1953 31
1954 32
1955 31
1956 31
1957 32
1958 15
1959 16
1960 16
1961 15
1962 16
1963 17
1964 17
1965 16
1966 17
1967 17
1968 18
1969 18
1970 18
1971 18
1972 18
1973 19
1974 18
1975 19
1976 19
1977 19
1978 20
1979 19
1980 19
1981 20
1982 20
1983 21
1984 20
1985 20
1986 21
1987 21
1988 20
1989 23
1990 24
1991 24
1992 25
1993 24
1994 25
1995 25
1996 26
1997 26
1998 26
1999 26
2000 27
2001 27
2002 27
2003 27
2004 27
2005 28
2006 28
2007 28
2008 29
2009 28
2010 29
2011 29
2012 29
2013 30
2014 29
2015 30
2016 30
2017 30
2018 18
2019 18
2020 18
2021 18
2022 19
2023 18
2024 19
2025 19
2026 20
2027 20
2028 20
2029 20
2030 21
2031 21
2032 21
2033 21
2034 22
2035 22
2036 23
2037 22
2038 23
2039 23
2040 24
2041 24
2042 23
2043 24
2044 24
2045 25
2046 25
2047 25
2048 25
2049 25
2050 26
2051 26
2052 26
2053 26
2054 27
2055 27
2056 27
2057 27
2058 28
2059 28
2060 28
2061 28
2062 28
2063 29
2064 29
2065 30
2066 29
2067 29
2068 30
2069 29
2070 28
2071 29
2072 30
2073 30
2074 30
2075 30
2076 30
2077 30
2078 31
2079 30
2080 30
2081 31
2082 31
2083 32
2084 32
2085 32
2086 23
2087 23
2088 23
2089 23
2090 24
2091 24
2092 24
2093 24
2094 24
2095 24
2096 24
2097 24
2098 25
2099 24
2100 24
2101 25
2102 25
2103 25
2104 25
2105 26
2106 26
2107 26
2108 25
2109 25
2110 26
2111 25
2112 26
2113 26
2114 26
2115 26
2116 26
2117 26
2118 27
2119 26
2120 27
2121 27
2122 27
2123 27
2124 27
2125 26
2126 26
2127 25
2128 25
2129 25
2130 25
2131 26
2132 26
2133 26
2134 26
2135 27
2136 26
2137 27
2138 27
2139 27
2140 27
2141 27
2142 28
2143 27
2144 27
2145 28
2146 18
2147 18
2148 18
2149 18
2150 18
2151 19
2152 19
2153 18
2154 19
2155 19
2156 20
2157 19
2158 20
2159 20
2160 20
2161 21
2162 20
2163 20
2164 21
2165 20
2166 21
2167 21
2168 21
2169 21
2170 21
2171 21
2172 22
2173 22
2174 22
2175 22
2176 22
2177 23
2178 23
2179 23
2180 23
2181 23
2182 24
2183 24
2184 24
2185 24
2186 25
2187 25
2188 26
2189 32
2190 32
2191 32
2192 34
2193 34
2194 35
2195 35
2196 36
2197 35
2198 35
2199 36
2200 36
2201 37
2202 36
2203 37
2204 38
2205 38
2206 39
2207 38
2208 38
2209 39
2210 39
2211 40
2212 39
2213 39
2214 20
2215 19
2216 20
2217 20
2218 21
2219 20
2220 21
2221 21
2222 22
2223 21
2224 21
2225 22
2226 22
2227 22
2228 22
2229 22
2230 23
2231 22
2232 22
2233 23
2234 23
2235 23
2236 23
2237 23
2238 24
2239 24
2240 24
2241 24
2242 24
2243 25
2244 25
2245 25
2246 25
2247 26
2248 26
2249 27
2250 26
2251 26
2252 27
2253 27
2254 28
2255 27
2256 27
2257 28
2258 28
2259 28
2260 28
2261 28
2262 29
2263 28
2264 29
2265 30
2266 29
2267 30
2268 29
2269 29
2270 30
2271 30
2272 29
2273 30
2274 23
2275 24
2276 25
2277 25
2278 24
2279 24
2280 25
2281 25
2282 24
2283 25
2284 25
2285 26
2286 26
2287 26
2288 26
2289 26
2290 27
2291 27
2292 27
2293 27
2294 27
2295 28
2296 28
2297 28
2298 29
2299 29
2300 30
2301 30
2302 30
2303 30
2304 30
2305 31
2306 31
2307 32
2308 33
2309 32
2310 32
2311 32
2312 33
2313 32
2314 32
2315 33
2316 33
2317 32
2318 33
2319 29
2320 29
2321 29
2322 29
2323 29
2324 29
2325 29
2326 29
2327 29
2328 28
2329 29
2330 29
2331 29
2332 29
2333 29
2334 29
2335 30
2336 29
2337 29
2338 30
2339 30
2340 29
2341 30
2342 25
2343 25
2344 26
2345 26
2346 26
2347 26
2348 26
2349 27
2350 27
2351 28
2352 28
2353 28
2354 29
2355 29
2356 29
2357 29
2358 29
2359 30
2360 30
2361 30
2362 30
2363 30
2364 31
2365 31
2366 31
2367 31
2368 32
2369 32
2370 33
2371 32
2372 32
2373 33
2374 33
2375 34
2376 33
2377 33
2378 34
2379 34
2380 35
2381 34
2382 35
2383 35
2384 36
2385 36
2386 35
2387 36
2388 37
2389 37
2390 38
2391 37
2392 38
2393 32
2394 32
2395 31
2396 31
2397 30
2398 29
2399 29
2400 30
2401 30
2402 19
2403 20
2404 20
2405 21
2406 21
2407 21
2408 22
2409 22
2410 24
2411 23
2412 24
2413 24
2414 25
2415 26
2416 26
2417 26
2418 28
2419 28
2420 28
2421 28
2422 28
2423 28
2424 27
2425 28
2426 28
2427 29
2428 28
2429 29
2430 29
2431 30
2432 29
2433 29
2434 30
2435 30
2436 29
2437 30
2438 30
2439 31
2440 31
2441 31
2442 31
2443 31
2444 31
2445 31
2446 32
2447 32
2448 32
2449 32
2450 32
2451 33
2452 32
2453 33
2454 33
2455 33
2456 34
2457 33
2458 34
2459 34
2460 34
2461 34
2462 34
2463 35
2464 35
2465 34
2466 35
2467 35
2468 36
2469 35
2470 20
2471 21
2472 20
2473 20
2474 21
2475 20
2476 21
2477 21
2478 22
2479 22
2480 23
2481 22
2482 23
2483 24
2484 24
2485 23
2486 24
2487 24
2488 25
2489 24
2490 24
2491 25
2492 26
2493 25
2494 26
2495 26
2496 26
2497 27
2498 28
2499 27
2500 27
2501 27
2502 28
2503 28
2504 27
2505 27
2506 27
2507 28
2508 28
2509 27
2510 27
2511 27
2512 27
2513 28
2514 27
2515 28
2516 28
2517 29
2518 28
2519 29
2520 29
2521 29
2522 29
2523 29
2524 29
2525 29
2526 28
2527 27
2528 28
2529 28
2530 27
2531 27
2532 27
2533 27
2534 28
2535 28
2536 27
2537 28
2538 28
2539 28
2540 29
2541 24
2542 23
2543 23
2544 22
2545 22
2546 19
2547 20
2548 19
2549 18
2550 18
2551 18
2552 18
2553 18
2554 19
2555 18
2556 18
2557 20
2558 20
2559 20
2560 23
2561 24
2562 23
2563 24
2564 24
2565 24
2566 24
2567 24
2568 24
2569 24
2570 24
2571 25
2572 25
2573 25
2574 25
2575 25
2576 25
2577 25
2578 25
2579 25
2580 25
2581 25
2582 25
2583 25
2584 25
2585 25
2586 25
2587 25
2588 25
2589 25
2590 25
2591 25
2592 25
2593 25
2594 25
2595 25
2596 25
2597 25
2598 15
2599 16
2600 16
2601 17
2602 17
2603 17
2604 18
2605 18
2606 18
2607 18
2608 18
2609 18
2610 19
2611 18
2612 18
2613 19
2614 19
2615 19
2616 20
2617 19
2618 19
2619 20
2620 20
2621 21
2622 20
2623 20
2624 21
2625 21
2626 22
2627 22
2628 21
2629 22
2630 22
2631 22
2632 22
2633 22
2634 23
2635 23
2636 23
2637 24
2638 25
2639 25
2640 25
2641 26
2642 25
2643 26
2644 26
2645 26
2646 27
2647 27
2648 27
2649 27
2650 27
2651 28
2652 28
2653 29
2654 28
2655 28
2656 29
2657 29
2658 17
2659 17
2660 17
2661 18
2662 17
2663 18
2664 18
2665 19
2666 19
2667 18
2668 19
2669 19
2670 20
2671 20
2672 19
2673 20
2674 27
2675 29
2676 33
2677 34
2678 34
2679 39
2680 39
2681 40
2682 42
2683 45
2684 45
2685 50
2686 50
2687 51
2688 51
2689 51
2690 51
2691 52
2692 52
2693 53
2694 52
2695 52
2696 53
2697 54
2698 55
2699 55
2700 54
2701 55
2702 55
2703 56
2704 56
2705 57
2706 56
2707 56
2708 57
2709 57
2710 56
2711 56
2712 57
2713 57
2714 58
2715 57
2716 57
2717 58
2718 58
2719 59
2720 58
2721 58
2722 59
2723 59
2724 60
2725 60
2726 14
2727 14
2728 14
2729 15
2730 15
2731 15
2732 15
2733 16
2734 16
2735 16
2736 16
2737 16
2738 16
2739 17
2740 17
2741 18
2742 17
2743 18
2744 18
2745 19
2746 19
2747 18
2748 19
2749 19
2750 20
2751 20
2752 21
2753 20
2754 21
2755 21
2756 21
2757 21
2758 21
2759 22
2760 23
2761 23
2762 23
2763 23
2764 24
2765 24
2766 24
2767 25
2768 24
2769 25
2770 25
2771 26
2772 26
2773 27
2774 27
2775 27
2776 28
2777 28
2778 29
2779 28
2780 28
2781 29
2782 29
2783 30
2784 30
2785 29
2786 15
2787 16
2788 16
2789 16
2790 16
2791 16
2792 17
2793 17
2794 18
2795 17
2796 17
2797 18
2798 18
2799 18
2800 18
2801 19
2802 19
2803 19
2804 20
2805 19
2806 20
2807 20
2808 20
2809 21
2810 20
2811 21
2812 21
2813 22
2814 22
2815 22
2816 22
2817 23
2818 23
2819 24
2820 23
2821 23
2822 24
2823 24
2824 24
2825 25
2826 25
2827 25
2828 26
2829 27
2830 27
2831 29
2832 31
2833 33
2834 34
2835 36
2836 35
2837 36
2838 37
2839 38
2840 38
2841 39
2842 40
2843 40
2844 43
2845 42
2846 42
2847 42
2848 43
2849 43
2850 42
2851 42
2852 43
2853 43
2854 16
2855 16
2856 18
2857 18
2858 18
2859 19
2860 19
2861 20
2862 19
2863 19
2864 20
2865 20
2866 20
2867 20
2868 21
2869 21
2870 21
2871 22
2872 22
2873 22
2874 22
2875 22
2876 22
2877 22
2878 22
2879 23
2880 23
2881 26
2882 28
2883 28
2884 28
2885 29
2886 32
2887 33
2888 33
2889 33
2890 37
2891 36
2892 37
2893 37
2894 37
2895 37
2896 37
2897 38
2898 38
2899 39
2900 38
2901 39
2902 39
2903 39
2904 40
2905 40
2906 39
2907 40
2908 40
2909 40
2910 41
2911 40
2912 41
2913 41
2914 25
2915 26
2916 26
2917 28
2918 29
2919 31
2920 31
2921 31
2922 31
2923 35
2924 36
2925 35
2926 35
2927 35
2928 36
2929 36
2930 36
2931 36
2932 35
2933 36
2934 36
2935 36
2936 37
2937 36
2938 37
2939 37
2940 37
2941 37
2942 37
2943 38
2944 38
2945 37
2946 38
2947 38
2948 38
2949 38
2950 38
2951 39
2952 40
2953 39
2954 38
2955 39
2956 39
2957 40
2958 39
2959 40
2960 40
2961 39
2962 40
2963 40
2964 40
2965 40
2966 40
2967 40
2968 41
2969 40
2970 41
2971 41
2972 42
2973 41
2974 42
2975 42
2976 41
2977 42
2978 42
2979 43
2980 42
2981 42
2982 34
2983 33
2984 33
2985 31
2986 32
2987 31
2988 31
2989 31
2990 30
2991 31
2992 27
2993 26
2994 27
2995 26
2996 25
2997 26
2998 26
2999 26
3000 27
3001 26
3002 25
3003 25
3004 25
3005 25
3006 25
3007 24
3008 25
3009 25
3010 26
3011 26
3012 26
3013 27
3014 27
3015 28
3016 28
3017 27
3018 27
3019 27
3020 27
3021 27
3022 28
3023 28
3024 29
3025 33
3026 33
3027 34
3028 33
3029 34
3030 34
3031 34
3032 35
3033 35
3034 34
3035 35
3036 35
3037 36
3038 35
3039 35
3040 36
3041 36
3042 18
3043 18
3044 18
3045 18
3046 19
3047 18
3048 18
3049 19
3050 19
3051 19
3052 18
3053 19
3054 19
3055 18
3056 19
3057 19
3058 19
3059 19
3060 19
3061 18
3062 19
3063 19
3064 19
3065 19
3066 19
3067 19
3068 20
3069 19
3070 19
3071 20
3072 20
3073 19
3074 20
3075 20
3076 20
3077 21
3078 20
3079 20
3080 21
3081 21
3082 22
3083 12
3084 12
3085 19
3086 22
3087 23
3088 26
3089 26
3090 28
3091 29
3092 30
3093 30
3094 29
3095 32
3096 34
3097 34
3098 36
3099 36
3100 36
3101 36
3102 36
3103 37
3104 37
3105 36
3106 36
3107 37
3108 37
3109 37
3110 24
3111 25
3112 25
3113 24
3114 25
3115 25
3116 25
3117 25
3118 25
3119 25
3120 25
3121 26
3122 25
3123 25
3124 26
3125 26
3126 26
3127 26
3128 26
3129 26
3130 26
3131 27
3132 26
3133 26
3134 26
3135 27
3136 27
3137 26
3138 27
3139 27
3140 27
3141 27
3142 27
3143 27
3144 28
3145 28
3146 29
3147 28
3148 28
3149 29
3150 29
3151 29
3152 29
3153 29
3154 29
3155 30
3156 30
3157 29
3158 29
3159 30
3160 29
3161 29
3162 30
3163 30
3164 30
3165 31
3166 31
3167 31
3168 31
3169 32
3170 31
3171 31
3172 31
3173 32
3174 32
3175 32
3176 32
3177 32
3178 33
3179 33
3180 32
3181 32
3182 33
3183 33
3184 33
3185 33
3186 33
3187 33
3188 33
3189 33
3190 34
3191 33
3192 33
3193 34
3194 32
3195 32
3196 32
3197 31
3198 31
3199 30
3200 30
3201 30
3202 31
3203 30
3204 30
3205 30
3206 31
3207 31
3208 30
3209 30
3210 42
3211 7
3212 7
3213 7
3214 8
3215 8
3216 9
3217 8
3218 8
3219 16
3220 17
3221 16
3222 17
3223 17
3224 18
3225 18
3226 18
3227 18
3228 18
3229 19
3230 19
3231 18
3232 19
3233 20
3234 20
3235 20
3236 21
3237 20
3238 48
3239 47
3240 50
3241 50
3242 51
3243 50
3244 50
3245 51
3246 50
3247 51
3248 51
3249 52
3250 52
3251 51
3252 52
3253 52
3254 53
3255 53
3256 53
3257 53
3258 54
3259 54
3260 54
3261 54
3262 54
3263 55
3264 55
3265 55
3266 55
3267 56
3268 56
3269 56
3270 57
3271 56
3272 57
3273 57
3274 58
3275 57
3276 57
3277 58
3278 57
3279 58
3280 58
3281 58
3282 59
3283 58
3284 59
3285 54
3286 54
3287 53
3288 52
3289 49
3290 49
3291 49
3292 49
3293 48
3294 49
3295 48
3296 48
3297 48
3298 47
3299 46
3300 46
3301 47
3302 47
3303 47
3304 46
3305 45
3306 46
3307 46
3308 46
3309 46
3310 45
3311 46
3312 45
3313 45
3314 44
3315 45
3316 44
3317 45
3318 44
3319 43
3320 44
3321 44
3322 45
3323 44
3324 45
3325 45
3326 45
3327 46
3328 45
3329 46
3330 46
3331 45
3332 46
3333 46
3334 46
3335 47
3336 46
3337 56
3338 6
3339 5
3340 6
3341 6
3342 7
3343 7
3344 7
3345 7
3346 7
3347 7
3348 7
3349 8
3350 8
3351 7
3352 7
3353 7
3354 8
3355 8
3356 8
3357 9
3358 9
3359 8
3360 9
3361 9
3362 9
3363 10
3364 10
3365 10
3366 4
3367 4
3368 4
3369 5
3370 5
3371 4
3372 5
3373 5
3374 5
3375 5
3376 5
3377 5
3378 5
3379 6
3380 5
3381 8
3382 3
3383 2
3384 15
3385 15
3386 14
3387 15
3388 15
3389 15
3390 15
3391 15
3392 15
3393 15
3394 15
3395 15
3396 16
3397 15
3398 15
3399 15
3400 15
3401 16
3402 16
3403 15
3404 16
3405 16
3406 16
3407 16
3408 16
3409 16
3410 16
3411 15
3412 16
3413 16
3414 16
3415 16
3416 16
3417 15
3418 15
3419 16
3420 16
3421 16
3422 16
3423 16
3424 15
3425 15
3426 15
3427 15
3428 16
3429 15
3430 15
3431 15
3432 15
3433 15
3434 15
3435 17
3436 17
3437 16
3438 16
3439 16
3440 16
3441 17
3442 17
3443 17
3444 16
3445 16
3446 16
3447 16
3448 16
3449 17
3450 17
3451 17
3452 16
3453 16
3454 16
3455 16
3456 20
3457 20
3458 20
3459 21
3460 21
3461 21
3462 21
3463 21
3464 21
3465 11
3466 12
3467 12
3468 13
3469 13
3470 13
3471 13
3472 13
3473 13
3474 14
3475 15
3476 14
3477 14
3478 12
3479 8
3480 7
3481 7
3482 8
3483 8
3484 9
3485 9
3486 8
3487 9
3488 9
3489 10
3490 10
3491 10
3492 11
3493 10
3494 10
3495 11
3496 11
3497 12
3498 12
3499 13
3500 12
3501 12
3502 13
3503 13
3504 13
3505 14
3506 13
3507 14
3508 14
3509 4
3510 4
3511 4
3512 8
3513 8
3514 8
3515 8
3516 8
3517 8
3518 9
3519 9
3520 10
3521 9
3522 9
3523 10
3524 10
3525 11
3526 11
3527 10
3528 11
3529 11
3530 11
3531 12
3532 12
3533 12
3534 12
3535 12
3536 13
3537 12
3538 13
3539 13
3540 14
3541 14
3542 14
3543 15
3544 14
3545 14
3546 15
3547 15
3548 16
3549 16
3550 17
3551 16
3552 17
3553 17
3554 17
3555 18
3556 18
3557 30
3558 11
3559 11
3560 10
3561 11
3562 11
3563 11
3564 11
3565 11
3566 11
3567 11
3568 12
3569 13
3570 14
3571 14
3572 14
3573 14
3574 14
3575 14
3576 14
3577 13
3578 14
3579 14
3580 14
3581 14
3582 14
3583 14
3584 14
3585 14
3586 14
3587 14
3588 14
3589 14
3590 14
3591 14
3592 14
3593 10
3594 11
3595 11
3596 12
3597 11
3598 11
3599 11
3600 12
3601 12
3602 11
3603 12
3604 12
3605 12
3606 13
3607 12
3608 12
3609 12
3610 13
3611 13
3612 13
3613 13
3614 13
3615 14
3616 14
3617 14
3618 14
3619 13
3620 13
3621 13
3622 14
3623 14
3624 15
3625 14
3626 14
3627 15
3628 15
3629 15
3630 8
3631 9
3632 9
3633 7
3634 8
3635 8
3636 8
3637 9
3638 9
3639 8
3640 1
3641 4
3642 4
3643 3
3644 3
3645 4
3646 4
3647 4
3648 4
3649 4
3650 5
3651 5
3652 5
3653 4
3654 5
3655 5
3656 5
3657 3
3658 3
3659 4
3660 4
3661 5
3662 4
3663 4
3664 6
3665 6
3666 6
3667 6
3668 13
3669 13
3670 13
3671 14
3672 13
3673 13
3674 13
3675 13
3676 13
3677 14
3678 14
3679 13
3680 13
3681 13
3682 13
3683 13
3684 14
3685 13
3686 13
3687 13
3688 13
3689 13
3690 13
3691 13
3692 12
3693 13
3694 13
3695 13
3696 13
3697 13
3698 12
3699 12
3700 13
3701 13
3702 14
3703 15
3704 14
3705 14
3706 14
3707 14
3708 15
3709 14
3710 14
3711 14
3712 14
3713 14
3714 14
3715 13
3716 14
3717 14
3718 14
3719 15
3720 15
3721 14
3722 15
3723 15
3724 15
3725 15
3726 16
3727 16
3728 16
3729 16
3730 16
3731 16
3732 17
3733 17
3734 17
3735 25
3736 26
3737 25
3738 26
3739 26
3740 26
3741 27
3742 27
3743 28
3744 27
3745 27
3746 28
3747 28
3748 29
3749 29
3750 30
3751 24
3752 24
3753 24
3754 24
3755 22
3756 23
3757 23
3758 24
3759 24
3760 20
3761 20
3762 20
3763 20
3764 21
3765 21
3766 21
3767 22
3768 21
3769 8
3770 8
3771 8
3772 9
3773 8
3774 9
3775 9
3776 10
3777 10
3778 10
3779 10
3780 10
3781 10
3782 10
3783 10
3784 11
3785 5
3786 5
3787 6
3788 6
3789 6
3790 6
3791 7
3792 7
3793 6
3794 7
3795 7
3796 10
3797 10
3798 11
3799 10
3800 11
3801 11
3802 12
3803 12
3804 12
3805 12
3806 13
3807 14
3808 14
3809 15
3810 14
3811 14
3812 14
3813 14
3814 14
3815 13
3816 14
3817 14
3818 15
3819 14
3820 14
3821 14
3822 14
3823 14
3824 14
3825 14
3826 14
3827 14
3828 14
3829 14
3830 14
3831 15
3832 14
3833 14
3834 12
3835 12
3836 12
3837 12
3838 13
3839 13
3840 13
3841 13
3842 13
3843 14
3844 14
3845 13
3846 14
3847 15
3848 15
3849 15
3850 15
3851 15
3852 16
3853 16
3854 17
3855 16
3856 16
3857 17
3858 17
3859 16
3860 17
3861 17
3862 18
3863 13
3864 12
3865 13
3866 12
3867 13
3868 13
3869 14
3870 14
3871 13
3872 14
3873 14
3874 14
3875 15
3876 15
3877 15
3878 15
3879 14
3880 15
3881 14
3882 14
3883 15
3884 15
3885 15
3886 16
3887 15
3888 16
3889 16
3890 17
3891 17
3892 17
3893 17
3894 17
3895 18
3896 18
3897 14
3898 15
3899 15
3900 15
3901 15
3902 15
3903 16
3904 16
3905 16
3906 16
3907 16
3908 17
3909 17
3910 17
3911 17
3912 17
3913 18
3914 21
3915 21
3916 22
3917 21
3918 21
3919 23
3920 23
3921 24
3922 24
3923 24
3924 14
3925 14
3926 14
3927 14
3928 15
3929 15
3930 16
3931 15
3932 16
3933 16
3934 17
3935 17
3936 18
3937 18
3938 18
3939 19
3940 20
3941 21
3942 21
3943 20
3944 21
3945 22
3946 22
3947 23
3948 23
3949 23
3950 23
3951 23
3952 24
3953 23
3954 23
3955 24
3956 24
3957 25
3958 24
3959 25
3960 25
3961 25
3962 15
3963 14
3964 15
3965 15
3966 16
3967 15
3968 16
3969 16
3970 16
3971 16
3972 17
3973 17
3974 18
3975 17
3976 17
3977 18
3978 18
3979 19
3980 19
3981 19
3982 19
3983 20
3984 20
3985 20
3986 20
3987 21
3988 21
3989 21
3990 23
3991 19
3992 18
3993 18
3994 19
3995 18
3996 18
3997 18
3998 18
3999 18
4000 18
4001 17
4002 18
4003 18
4004 18
4005 18
4006 18
4007 19
4008 19
4009 18
4010 18
4011 19
4012 18
4013 18
4014 18
4015 17
4016 18
4017 18
4018 18
4019 18
4020 17
4021 17
4022 17
4023 17
4024 18
4025 10
4026 11
4027 10
4028 10
4029 11
4030 11
4031 11
4032 10
4033 10
4034 10
4035 10
4036 10
4037 10
4038 11
4039 11
4040 10
4041 11
4042 11
4043 11
4044 12
4045 12
4046 12
4047 14
4048 14
4049 14
4050 14
4051 14
4052 14
4053 14
4054 15
4055 14
4056 15
4057 15
4058 15
4059 16
4060 15
4061 19
4062 20
4063 20
4064 20
4065 20
4066 21
4067 22
4068 22
4069 21
4070 22
4071 22
4072 23
4073 23
4074 23
4075 23
4076 24
4077 24
4078 24
4079 24
4080 25
4081 24
4082 24
4083 24
4084 25
4085 25
4086 25
4087 26
4088 25
4089 25
4090 17
4091 16
4092 15
4093 16
4094 17
4095 16
4096 17
4097 17
4098 18
4099 17
4100 18
4101 17
4102 18
4103 17
4104 16
4105 17
4106 16
4107 16
4108 16
4109 17
4110 18
4111 18
4112 18
4113 17
4114 17
4115 18
4116 17
4117 17
4118 18
4119 27
4120 27
4121 27
4122 28
4123 27
4124 29
4125 30
4126 30
4127 32
4128 31
4129 31
4130 31
4131 32
4132 32
4133 32
4134 33
4135 36
4136 35
4137 36
4138 36
4139 37
4140 36
4141 36
4142 37
4143 37
4144 36
4145 37
4146 38
4147 38
4148 38
4149 37
4150 37
4151 37
4152 37
4153 37
4154 36
4155 36
4156 36
4157 37
4158 37
4159 37
4160 36
4161 37
4162 37
4163 37
4164 37
4165 37
4166 36
4167 36
4168 36
4169 37
4170 37
4171 37
4172 36
4173 36
4174 36
4175 36
4176 36
4177 37
4178 36
4179 36
4180 19
4181 20
4182 20
4183 20
4184 19
4185 17
4186 17
4187 17
4188 17
4189 16
4190 17
4191 17
4192 16
4193 16
4194 17
4195 17
4196 17
4197 17
4198 17
4199 18
4200 18
4201 18
4202 18
4203 19
4204 19
4205 19
4206 18
4207 19
4208 19
4209 19
4210 19
4211 19
4212 20
4213 19
4214 19
4215 19
4216 20
4217 20
4218 18
4219 18
4220 17
4221 17
4222 18
4223 18
4224 18
4225 19
4226 18
4227 16
4228 16
4229 16
4230 17
4231 17
4232 17
4233 17
4234 16
4235 17
4236 17
4237 17
4238 17
4239 17
4240 17
4241 17
4242 17
4243 18
4244 18
4245 17
4246 17
4247 11
4248 12
4249 13
4250 13
4251 14
4252 13
4253 13
4254 14
4255 14
4256 14
4257 14
4258 13
4259 14
4260 14
4261 14
4262 14
4263 14
4264 13
4265 14
4266 14
4267 14
4268 14
4269 14
4270 14
4271 14
4272 14
4273 14
4274 14
4275 15
4276 15
4277 15
4278 14
4279 14
4280 14
4281 15
4282 15
4283 15
4284 15
4285 14
4286 15
4287 15
4288 15
4289 15
4290 15
4291 16
4292 15
4293 15
4294 15
4295 15
4296 16
4297 16
4298 16
4299 15
4300 15
4301 15
4302 16
4303 16
4304 16
4305 16
4306 15
4307 16
4308 3
4309 2
4310 2
4311 3
4312 3
4313 3
4314 2
4315 2
4316 2
4317 3
4318 2
4319 2
4320 3
4321 2
4322 2
4323 2
4324 10
4325 10
4326 10
4327 10
4328 11
4329 11
4330 11
4331 10
4332 10
4333 10
4334 11
4335 11
4336 11
4337 10
4338 10
4339 10
4340 10
4341 11
4342 11
4343 11
4344 10
4345 10
4346 10
4347 11
4348 11
4349 10
4350 10
4351 10
4352 11
4353 11
4354 10
4355 10
4356 10
4357 11
4358 11
4359 11
4360 11
4361 10
4362 10
4363 11
4364 11
4365 11
4366 10
4367 10
4368 10
4369 11
4370 11
4371 11
4372 11
4373 10
4374 11
4375 6
4376 6
4377 5
4378 5
4379 5
4380 6
4381 6
4382 5
4383 5
4384 5
4385 5
4386 6
4387 6
4388 6
4389 6
4390 5
4391 6
4392 6
4393 6
4394 6
4395 6
4396 7
4397 6
4398 6
4399 7
4400 6
4401 6
4402 6
4403 6
4404 7
4405 7
4406 7
4407 13
4408 7
4409 7
4410 9
4411 11
4412 11
4413 13
4414 12
4415 12
4416 12
4417 13
4418 13
4419 13
4420 13
4421 13
4422 13
4423 13
4424 13
4425 14
4426 14
4427 6
4428 5
4429 5
4430 6
4431 6
4432 6
4433 6
4434 6
4435 7
4436 6
4437 6
4438 6
4439 6
4440 7
4441 7
4442 7
4443 6
4444 6
4445 6
4446 7
4447 7
4448 7
4449 7
4450 7
4451 7
4452 7
4453 7
4454 7
4455 8
4456 7
4457 7
4458 7
4459 7
4460 7
4461 8
4462 8
4463 8
4464 7
4465 7
4466 8
4467 8
4468 8
4469 8
4470 8
4471 8
4472 8
4473 8
4474 8
4475 8
4476 8
4477 8
4478 9
4479 8
4480 7
4481 7
4482 7
4483 7
4484 7
4485 7
4486 7
4487 7
4488 7
4489 7
4490 7
4491 7
4492 8
4493 8
4494 7
4495 7
4496 7
4497 8
4498 8
4499 8
4500 7
4501 7
4502 8
4503 11
4504 10
4505 10
4506 10
4507 10
4508 11
4509 11
4510 10
4511 10
4512 10
4513 10
4514 10
4515 10
4516 11
4517 11
4518 11
4519 11
4520 11
4521 10
4522 10
4523 10
4524 11
4525 11
4526 10
4527 10
4528 10
4529 10
4530 10
4531 9
4532 9
4533 9
4534 9
4535 8
4536 8
4537 8
4538 8
4539 7
4540 7
4541 7
4542 8
4543 8
4544 7
4545 7
4546 7
4547 7
4548 7
4549 6
4550 7
4551 7
4552 6
4553 6
4554 6
4555 5
4556 5
4557 6
4558 6
4559 5
4560 5
4561 5
4562 5
4563 6
4564 6
4565 6
4566 6
4567 5
4568 6
4569 6
4570 6
4571 6
4572 6
4573 4
4574 4
4575 6
4576 6
4577 6
4578 7
4579 6
4580 6
4581 6
4582 6
4583 6
4584 7
4585 6
4586 10
4587 12
4588 12
4589 12
4590 13
4591 14
4592 14
4593 13
4594 13
4595 15
4596 15
4597 16
4598 16
4599 16
4600 16
4601 15
4602 15
4603 15
4604 16
4605 16
4606 16
4607 16
4608 10
4609 9
4610 9
4611 10
4612 10
4613 9
4614 9
4615 9
4616 9
4617 9
4618 10
4619 10
4620 9
4621 9
4622 9
4623 9
4624 10
4625 10
4626 10
4627 10
4628 9
4629 9
4630 9
4631 9
4632 10
4633 10
4634 9
4635 9
4636 9
4637 10
4638 10
4639 10
4640 10
4641 9
4645 10
4646 10
4647 9
4648 9
4649 9
4650 9
4651 9
4652 9
4653 10
4654 9
4655 9
4656 9
4657 9
4658 9
4659 9
4660 10
4661 9
4662 10
4642 9
4643 9
4644 9
4663 9
4664 10
4665 10
4666 9
4667 10
4668 10
4669 10
4670 10
4671 10
4672 9
4673 10
4674 10
4675 10
4676 11
4677 10
4678 10
4679 11
4680 11
4681 11
4682 11
4683 11
4684 11
4685 11
4686 12
4687 12
4688 12
4689 13
4690 12
4691 12
4692 12
4693 13
4694 13
4695 13
4696 13
4697 13
4698 13
4699 13
4700 14
4701 14
4702 13
4703 8
4704 8
4705 9
4706 9
4707 9
4708 9
4709 9
4710 10
4711 10
4712 11
4713 11
4714 10
4715 11
4716 11
4717 11
4718 11
4719 12
4720 12
4721 12
4722 12
4723 11
4724 11
4725 11
4726 11
4727 11
4728 12
4729 12
4730 12
4731 11
4732 11
4733 11
4734 11
4735 11
4736 5
4737 5
4738 5
4739 18
4740 18
4741 18
4742 19
4743 19
4744 19
4745 19
4746 19
4747 19
4748 20
4749 20
4750 21
4751 21
4752 20
4753 21
4754 21
4755 21
4756 22
4757 22
4758 21
4759 22
4760 22
4761 23
4762 23
4763 23
4764 22
4765 23
4766 23
4767 23
4768 23
4769 24
4770 24
4771 40
4772 39
4773 40
4774 40
4775 40
4776 40
4777 41
4778 41
4779 41
4780 40
4781 41
4782 41
4783 41
4784 41
4785 41
4786 42
4787 41
4788 41
4789 41
4790 42
4791 13
4792 15
4793 15
4794 15
4795 15
4796 15
4797 15
4798 15
4799 15
4800 16
4801 16
4802 17
4803 21
4804 21
4805 21
4806 22
4807 22
4808 22
4809 22
4810 21
4811 21
4812 21
4813 25
4814 25
4815 25
4816 25
4817 24
4818 24
4819 24
4820 24
4821 25
4822 25
4823 25
4824 24
4825 24
4826 24
4827 24
4828 25
4829 25
4830 25
4831 24
4832 26
4833 26
4834 26
4835 27
4836 27
4837 28
4838 28
4839 27
4840 28
4841 28
4842 28
4843 29
4844 29
4845 29
4846 30
4847 29
4848 29
4849 29
4850 30
4851 30
4852 30
4853 29
4854 30
4855 29
4856 29
4857 29
4858 29
4859 30
4860 30
4861 29
4862 29
4863 29
4864 30
4865 30
4866 30
4867 9
4868 9
4869 9
4870 9
4871 9
4872 10
4873 10
4874 10
4875 11
4876 10
4877 10
4878 11
4879 11
4880 11
4881 12
4882 12
4883 11
4884 11
4885 12
4886 12
4887 12
4888 13
4889 13
4890 13
4891 13
4892 13
4893 13
4894 14
4895 14
4896 14
4897 13
4898 14
4899 14
4900 14
4901 15
4902 15
4903 15
4904 15
4905 15
4906 15
4907 15
4908 16
4909 16
4910 16
4911 17
4912 16
4913 16
4914 17
4915 17
4916 17
4917 17
4918 18
4919 1
4920 0
4921 2
4922 1
4923 2
4924 2
4925 2
4926 2
4927 2
4928 7
4929 6
4930 6
4931 7
4932 7
4933 7
4934 7
4935 7
4936 7
4937 8
4938 8
4939 8
4940 8
4941 8
4942 8
4943 9
4944 9
4945 11
4946 11
4947 11
4948 10
4949 11
4950 11
4951 11
4952 12
4953 12
4954 8
4955 8
4956 8
4957 9
4958 10
4959 10
4960 9
4961 9
4962 10
4963 10
4964 11
4965 11
4966 12
4967 11
4968 11
4969 12
4970 12
4971 13
4972 13
4973 14
4974 13
4975 13
4976 14
4977 14
4978 14
4979 15
4980 15
4981 15
4982 15
4983 15
4984 16
4985 16
4986 16
4987 17
4988 17
4989 18
4990 17
4991 17
4992 18
4993 18
4994 18
4995 15
4996 15
4997 14
4998 15
4999 15
5000 15
5001 15
5002 15
5003 15
5004 15
5005 14
5006 14
5007 14
5008 14
5009 14
5010 14
5011 13
5012 13
5013 14
5014 14
5015 13
5016 13
5017 13
5018 13
5019 13
5020 12
5021 12
5022 12
5023 12
5024 12
5025 12
5026 20
5027 22
5028 22
5029 22
5030 23
5031 23
5032 24
5033 24
5034 21
5035 23
5036 23
5037 24
5038 24
5039 24
5040 24
5041 26
5042 26
5043 25
5044 25
5045 25
5046 25
5047 25
5048 25
5049 32
5050 33
5051 32
5052 32
5053 32
5054 32
5055 32
5056 32
5057 32
5058 33
5059 32
5060 33
5061 33
5062 33
5063 34
5064 34
5065 35
5066 35
5067 36
5068 36
5069 36
5070 36
5071 37
5072 36
5073 36
5074 37
5075 37
5076 37
5077 38
5078 37
5079 38
5080 38
5081 39
5082 40
5083 40
5084 41
5085 40
5086 40
5087 40
5088 41
5089 41
5090 41
5091 40
5092 41
5093 41
5094 41
5095 41
5096 41
5097 41
5098 41
5099 41
5100 42
5101 42
5102 41
5103 41
5104 42
5105 42
5106 42
5107 34
5108 35
5109 34
5110 33
5111 32
5112 31
5113 29
5114 28
5115 28
5116 28
5117 28
5118 28
5119 28
5120 29
5121 29
5122 29
5123 13
5124 13
5125 12
5126 13
5127 12
5128 12
5129 12
5130 11
5131 12
5132 12
5133 12
5134 11
5135 11
5136 12
5137 12
5138 11
5139 11
5140 11
5141 12
5142 12
5143 11
5144 11
5145 13
5146 13
5147 13
5148 13
5149 13
5150 12
5151 13
5152 13
5153 13
5154 13
5155 12
5156 12
5157 12
5158 13
5159 13
5160 13
5161 12
5162 12
5163 12
5164 13
5165 13
5166 13
5167 13
5168 14
5169 13
5170 14
5171 14
5172 14
5173 14
5174 14
5175 14
5176 14
5177 13
5178 12
5179 13
5180 12
5181 12
5182 11
5183 10
5184 13
5185 13
5186 14
5187 14
5188 14
5189 14
5190 14
5191 14
5192 15
5193 15
5194 15
5195 15
5196 15
5197 16
5198 15
5199 17
5200 17
5201 17
5202 18
5203 18
5204 17
5205 17
5206 18
5207 18
5208 18
5209 19
5210 18
5211 18
5212 18
5213 18
5214 18
5215 17
5216 18
5217 18
5218 18
5219 19
5220 18
5221 18
5222 18
5223 19
5224 19
5225 18
5226 19
5227 20
5228 20
5229 21
5230 21
5231 21
5232 21
5233 22
5234 22
5235 22
5236 28
5237 31
5238 31
5239 32
5240 32
5241 32
5242 33
5243 33
5244 34
5245 34
5246 34
5247 34
5248 34
5249 34
5250 35
5251 15
5252 15
5253 15
5254 15
5255 15
5256 15
5257 15
5258 15
5259 15
5260 15
5261 15
5262 15
5263 15
5264 14
5265 15
5266 15
5267 15
5268 15
5269 15
5270 15
5271 15
5272 15
5273 15
5274 15
5275 15
5276 16
5277 16
5278 15
5279 15
5280 15
5281 15
5282 15
5283 24
5284 25
5285 27
5286 28
5287 28
5288 27
5289 28
5290 27
5291 27
5292 28
5293 27
5294 27
5295 28
5296 28
5297 27
5298 28
5299 28
5300 28
5301 29
5302 30
5303 30
5304 29
5305 30
5306 30
5307 30
5308 31
5309 31
5310 31
5311 32
5312 13
5313 14
5314 14
5315 13
5316 14
5317 14
5318 14
5319 14
5320 14
5321 15
5322 14
5323 14
5324 14
5325 15
5326 15
5327 15
5328 14
5329 15
5330 15
5331 15
5332 15
5333 16
5334 16
5335 15
5336 15
5337 16
5338 16
5339 16
5340 17
5341 16
5342 16
5343 16
5344 16
5345 16
5346 16
5347 16
5348 15
5349 16
5350 16
5351 16
5352 16
5353 15
5354 16
5355 16
5356 15
5357 15
5358 16
5359 16
5360 16
5361 17
5362 16
5363 16
5364 16
5365 17
5366 17
5367 17
5368 17
5369 17
5370 18
5371 18
5372 18
5373 18
5374 18
5375 17
5376 18
5377 18
5378 18
5379 24
5380 24
5381 24
5382 24
5383 24
5384 26
5385 25
5386 25
5387 25
5388 26
5389 26
5390 26
5391 26
5392 26
5393 26
5394 27
5395 27
5396 27
5397 27
5398 27
5399 27
5400 27
5401 28
5402 26
5403 26
5404 26
5405 27
5406 27
5407 27
5408 27
5409 27
5410 27
5411 27
5412 27
5413 27
5414 27
5415 27
5416 27
5417 27
5418 27
5419 27
5420 28
5421 28
5422 27
5423 27
5424 27
5425 28
5426 28
5427 28
5428 28
5429 28
5430 28
5431 28
5432 21
5433 19
5434 19
5435 19
5436 18
5437 19
5438 19
5439 19
5440 12
5441 12
5442 12
5443 12
5444 12
5445 12
5446 13
5447 13
5448 13
5449 13
5450 14
5451 14
5452 13
5453 13
5454 13
5455 14
5456 14
5457 14
5458 14
5459 14
5460 14
5461 14
5462 14
5463 15
5464 15
5465 14
5466 14
5467 15
5468 15
5469 15
5470 15
5471 15
5472 15
5473 15
5474 15
5475 15
5476 16
5477 16
5478 16
5479 15
5480 16
5481 16
5482 16
5483 16
5484 16
5485 17
5486 16
5487 16
5488 16
5489 17
5490 17
5491 17
5492 17
5493 16
5494 17
5495 17
5496 17
5497 17
5498 18
5499 17
5500 17
5501 17
5502 17
5503 18
5504 18
5505 18
5506 18
5507 16
5508 17
5509 17
5510 16
5511 16
5512 17
5513 17
5514 17
5515 17
5516 17
5517 17
5518 17
5519 17
5520 18
5521 17
5522 16
5523 16
5524 16
5525 17
5526 17
5527 16
5528 16
5529 17
5530 17
5531 17
5532 18
5533 18
5534 17
5535 18
5536 18
5537 18
5538 18
5539 18
5540 18
5541 18
5542 18
5543 18
5544 19
5545 18
5546 18
5547 18
5548 14
5549 14
5550 14
5551 14
5552 13
5553 14
5554 14
5555 14
5556 13
5557 14
5558 14
5559 14
5560 14
5561 14
5562 15
5563 14
5564 14
5565 15
5566 15
5567 25
5568 13
5569 13
5570 13
5571 12
5572 13
5573 13
5574 13
5575 13
5576 13
5577 13
5578 13
5579 13
5580 14
5581 14
5582 14
5583 13
5584 13
5585 14
5586 14
5587 14
5588 14
5589 14
5590 14
5591 14
5592 15
5593 15
5594 15
5595 14
5596 15
5597 15
5598 15
5599 15
5600 16
5601 16
5602 15
5603 15
5604 16
5605 16
5606 16
5607 16
5608 16
5609 16
5610 16
5611 16
5612 16
5613 16
5614 16
5615 16
5616 16
5617 16
5618 17
5619 17
5620 16
5621 16
5622 17
5623 17
5624 17
5625 17
5626 17
5627 17
5628 17
5629 17
5630 18
5631 7
5632 7
5633 7
5634 8
5635 4
5636 5
5637 4
5638 4
5639 4
5640 4
5641 4
5642 4
5643 3
5644 4
5645 4
5646 4
5647 4
5648 4
5649 3
5650 10
5651 10
5652 12
5653 12
5654 13
5655 13
5656 12
5657 11
5658 11
5659 11
5660 11
5661 10
5662 11
5663 11
5664 11
5665 11
5666 11
5667 11
5668 11
5669 11
5670 11
5671 11
5672 12
5673 12
5674 12
5675 12
5676 13
5677 13
5678 13
5679 13
5680 14
5681 13
5682 13
5683 14
5684 14
5685 15
5686 15
5687 15
5688 15
5689 15
5690 15
5691 15
5692 16
5693 16
5694 16
5695 27
5696 43
5697 43
5698 46
5699 46
5700 47
5701 46
5702 45
5703 46
5704 46
5705 46
5706 47
5707 47
5708 47
5709 47
5710 47
5711 47
5712 48
5713 47
5714 50
5715 50
5716 48
5717 48
5718 47
5719 45
5720 44
5721 44
5722 44
5723 40
5724 41
5725 40
5726 40
5727 40
5728 40
5729 39
5730 40
5731 40
5732 39
5733 39
5734 39
5735 39
5736 39
5737 39
5738 38
5739 39
5740 39
5741 38
5742 39
5743 38
5744 38
5745 38
5746 37
5747 35
5748 35
5749 34
5750 33
5751 33
5752 33
5753 34
5754 33
5755 33
5756 33
5757 33
5758 33
5759 33
5760 32
5761 32
5762 32
5763 26
5764 26
5765 26
5766 27
5767 27
5768 27
5769 28
5770 27
5771 27
5772 27
5773 27
5774 26
5775 27
5776 27
5777 27
5778 27
5779 27
5780 26
5781 26
5782 26
5783 26
5784 27
5785 27
5786 27
5787 26
5788 26
5789 26
5790 26
5791 26
5792 27
5793 27
5794 27
5795 26
5796 26
5797 26
5798 26
5799 26
5800 27
5801 27
5802 26
5803 26
5804 26
5805 26
5806 26
5807 26
5808 26
5809 27
5810 26
5811 26
5812 26
5813 26
5814 25
5815 25
5816 25
5817 25
5818 26
5819 26
5820 26
5821 25
5822 25
5823 9
5824 2
5825 3
5826 3
5827 2
5828 3
5829 3
5830 3
5831 4
5832 4
5833 3
5834 4
5835 4
5836 1
5837 1
5838 7
5839 7
5840 7
5841 8
5842 8
5843 7
5844 8
5845 8
5846 8
5847 9
5848 9
5849 9
5850 8
5851 9
5852 9
5853 9
5854 9
5855 10
5856 10
5857 9
5858 10
5859 10
5860 10
5861 11
5862 11
5863 11
5864 11
5865 11
5866 11
5867 12
5868 12
5869 12
5870 13
5871 12
5872 12
5873 12
5874 12
5875 12
5876 12
5877 13
5878 13
5879 12
5880 13
5881 13
5882 7
5883 7
5884 7
5885 8
5886 7
5887 7
5888 8
5889 8
5890 8
5891 13
5892 12
5893 13
5894 13
5895 12
5896 13
5897 13
5898 13
5899 14
5900 14
5901 13
5902 14
5903 14
5904 14
5905 15
5906 15
5907 15
5908 15
5909 15
5910 15
5911 16
5912 16
5913 16
5914 16
5915 16
5916 16
5917 17
5918 17
5919 16
5920 16
5921 17
5922 17
5923 17
5924 18
5925 17
5926 17
5927 17
5928 18
5929 18
5930 18
5931 19
5932 18
5933 18
5934 18
5935 19
5936 19
5937 19
5938 20
5939 19
5940 19
5941 19
5942 20
5943 20
5944 20
5945 20
5946 20
5947 20
5948 21
5949 21
5950 20
5951 21
5952 10
5953 9
5954 10
5955 10
5956 10
5957 11
5958 10
5959 10
5960 11
5961 11
5962 11
5963 11
5964 11
5965 11
5966 11
5967 12
5968 11
5969 11
5970 12
5971 13
5972 13
5973 13
5974 13
5975 14
5976 13
5977 13
5978 13
5979 13
5980 14
5981 14
5982 14
5983 14
5984 14
5985 14
5986 14
5987 14
5988 15
5989 15
5990 15
5991 14
5992 14
5993 15
5994 15
5995 15
5996 16
5997 15
5998 15
5999 15
6000 15
6001 16
6002 16
6003 16
6004 15
6005 16
6006 16
6007 16
6008 16
6009 17
6010 6
6011 6
6012 6
6013 6
6014 6
6015 7
6016 6
6017 6
6018 6
6019 2
6020 2
6021 3
6022 3
6023 3
6024 2
6025 2
6026 3
6027 3
6028 2
6029 2
6030 10
6031 8
6032 7
6033 8
6034 8
6035 8
6036 8
6037 9
6038 9
6039 9
6040 9
6041 9
6042 8
6043 8
6044 8
6045 8
6046 8
6047 8
6048 8
6049 7
6050 7
6051 8
6052 8
6053 8
6054 8
6055 8
6056 8
6057 8
6058 8
6059 8
6060 9
6061 9
6062 9
6063 9
6064 10
6065 10
6066 10
6067 11
6068 11
6069 11
6070 11
6071 11
6072 11
6073 11
6074 12
6075 12
6076 12
6077 12
6078 12
6079 13
6080 8
6081 9
6082 9
6083 9
6084 10
6085 10
6086 11
6087 11
6088 10
6089 11
6090 11
6091 11
6092 4
6093 4
6094 4
6095 4
6096 4
6097 4
6098 3
6099 8
6100 9
6101 10
6102 10
6103 10
6104 10
6105 11
6106 11
6107 11
6108 12
6109 12
6110 12
6111 11
6112 12
6113 12
6114 12
6115 13
6116 13
6117 13
6118 12
6119 13
6120 13
6121 13
6122 13
6123 14
6124 14
6125 15
6126 15
6127 14
6128 14
6129 15
6130 15
6131 15
6132 15
6133 16
6134 16
6135 15
6136 16
6137 16
6138 16
6139 16
6140 17
6141 17
6142 17
6143 17
6144 17
6145 17
6146 17
6147 7
6148 7
6149 6
6150 6
6151 7
6152 7
6153 7
6154 6
6155 7
6156 7
6157 7
6158 9
6159 10
6160 10
6161 11
6162 10
6163 11
6164 11
6165 12
6166 12
6167 12
6168 13
6169 12
6170 12
6171 13
6172 13
6173 13
6174 14
6175 13
6176 13
6177 13
6178 14
6179 14
6180 14
6181 14
6182 15
6183 14
6184 14
6185 14
6186 15
6187 15
6188 15
6189 15
6190 15
6191 15
6192 15
6193 15
6194 16
6195 16
6196 16
6197 16
6198 16
6199 16
6200 16
6201 16
6202 17
6203 17
6204 17
6205 17
6206 17
6207 17
6208 8
6209 7
6210 7
6211 7
6212 8
6213 8
6214 8
6215 7
6216 8
6217 8
6218 8
6219 9
6220 3
6221 3
6222 2
6223 2
6224 3
6225 3
6226 3
6227 8
6228 7
6229 7
6230 8
6231 8
6232 8
6233 8
6234 8
6235 8
6236 8
6237 8
6238 8
6239 8
6240 8
6241 8
6242 9
6243 9
6244 8
6245 8
6246 8
6247 9
6248 9
6249 9
6250 9
6251 9
6252 9
6253 9
6254 9
6255 9
6256 9
6257 9
6258 10
6259 10
6260 9
6261 9
6262 9
6263 10
6264 10
6265 10
6266 10
6267 10
6268 9
6269 10
6270 10
6271 10
6272 10
6273 10
6274 11
6275 2
6276 2
6277 2
6278 2
6279 2
6280 3
6281 3
6282 2
6283 2
6284 3
6285 3
6286 1
6287 1
6288 1
6289 1
6290 1
6291 1
6292 2
6293 2
6294 2
6295 1
6296 2
6297 2
6298 2
6299 2
6300 7
6301 6
6302 6
6303 6
6304 6
6305 6
6306 6
6307 6
6308 6
6309 6
6310 6
6311 6
6312 6
6313 7
6314 7
6315 7
6316 6
6317 6
6318 7
6319 7
6320 7
6321 8
6322 8
6323 8
6324 8
6325 8
6326 8
6327 8
6328 9
6329 9
6330 9
6331 9
6332 8
6333 8
6334 9
6335 9
6336 6
6337 6
6338 6
6339 6
6340 7
6341 7
6342 7
6343 7
6344 6
6345 6
6346 6
6347 7
6348 3
6349 3
6350 2
6351 3
6352 3
6353 3
6354 3
6355 8
6356 8
6357 8
6358 8
6359 8
6360 8
6361 8
6362 8
6363 8
6364 8
6365 9
6366 9
6367 9
6368 8
6369 8
6370 8
6371 9
6372 9
6373 9
6374 9
6375 9
6376 10
6377 9
6378 9
6379 9
6380 9
6381 10
6382 10
6383 10
6384 10
6385 9
6386 9
6387 10
6388 10
6389 10
6390 10
6391 9
6392 10
6393 10
6394 10
6395 10
6396 10
6397 11
6398 10
6399 10
6400 10
6401 10
6402 10
6403 6
6404 7
6405 7
6406 6
6407 6
6408 6
6409 6
6410 7
6411 7
6412 7
6413 7
6414 7
6415 7
6416 7
6417 7
6418 7
6419 7
6420 3
6421 3
6422 4
6423 3
6424 3
6425 3
6426 3
6427 3
6428 6
6429 6
6430 6
6431 7
6432 7
6433 6
6434 6
6435 6
6436 6
6437 8
6438 8
6439 8
6440 8
6441 7
6442 7
6443 8
6444 8
6445 8
6446 8
6447 8
6448 9
6449 8
6450 8
6451 8
6452 8
6453 9
6454 9
6455 9
6456 9
6457 9
6458 9
6459 9
6460 9
6461 9
6462 9
6463 9
6464 7
6465 7
6466 7
6467 7
6468 7
6469 7
6470 7
6471 7
6472 8
6473 8
6474 7
6475 7
6476 4
6477 4
6478 5
6479 4
6480 4
6481 4
6482 4
6483 3
6484 3
6485 2
6486 2
6487 3
6488 3
6489 3
6490 3
6491 3
6492 4
6493 4
6494 7
6495 6
6496 7
6497 7
6498 7
6499 7
6500 7
6501 6
6502 6
6503 7
6504 7
6505 7
6506 7
6507 7
6508 7
6509 7
6510 7
6511 7
6512 7
6513 7
6514 8
6515 8
6516 7
6517 7
6518 7
6519 7
6520 8
6521 8
6522 8
6523 8
6524 8
6525 7
6526 8
6527 8
6528 8
6529 8
6530 9
6531 6
6532 6
6533 5
6534 5
6535 6
6536 6
6537 6
6538 6
6539 6
6540 7
6541 6
6542 6
6543 6
6544 6
6545 6
6546 7
6547 7
6548 3
6549 3
6550 3
6551 4
6552 4
6553 3
6554 3
6555 3
6556 6
6557 7
6558 7
6559 7
6560 7
6561 6
6562 7
6563 7
6564 7
6565 7
6566 7
6567 7
6568 7
6569 7
6570 7
6571 7
6572 7
6573 7
6574 6
6575 7
6576 7
6577 7
6578 7
6579 7
6580 7
6581 7
6582 6
6583 6
6584 7
6585 7
6586 7
6587 7
6588 7
6589 7
6590 6
6591 6
6592 8
6593 9
6594 9
6595 9
6596 10
6597 10
6598 10
6599 10
6600 10
6601 10
6602 10
6603 11
6604 3
6605 3
6606 3
6607 3
6608 4
6609 4
6610 4
6611 5
6612 3
6613 3
6614 4
6615 4
6616 5
6617 5
6618 5
6619 4
6620 5
6621 5
6622 5
6623 6
6624 6
6625 5
6626 5
6627 6
6628 6
6629 6
6630 7
6631 7
6632 6
6633 7
6634 7
6635 7
6636 7
6637 8
6638 8
6639 7
6640 8
6641 8
6642 8
6643 9
6644 9
6645 9
6646 10
6647 9
6648 9
6649 10
6650 10
6651 10
6652 10
6653 11
6654 11
6655 11
6656 10
6657 11
6658 11
6659 9
6660 6
6661 6
6662 7
6663 7
6664 7
6665 8
6666 7
6667 8
6668 8
6669 8
6670 9
6671 9
6672 9
6673 9
6674 9
6675 9
6676 11
6677 11
6678 11
6679 12
6680 11
6681 12
6682 12
6683 12
6684 13
6685 13
6686 14
6687 14
6688 13
6689 14
6690 14
6691 14
6692 15
6693 15
6694 16
6695 16
6696 15
6697 15
6698 16
6699 16
6700 17
6701 17
6702 18
6703 18
6704 17
6705 17
6706 18
6707 18
6708 19
6709 19
6710 18
6711 18
6712 18
6713 18
6714 19
6715 19
6716 23
6717 23
6718 24
6719 24
6720 8
6721 8
6722 8
6723 9
6724 9
6725 9
6726 9
6727 10
6728 10
6729 10
6730 10
6731 11
6732 10
6733 11
6734 11
6735 11
6736 12
6737 12
6738 12
6739 12
6740 41
6741 41
6742 40
6743 36
6744 36
6745 33
6746 34
6747 34
6748 35
6749 35
6750 35
6751 35
6752 36
6753 35
6754 34
6755 35
6756 35
6757 34
6758 35
6759 35
6760 33
6761 34
6762 33
6763 34
6764 34
6765 34
6766 33
6767 33
6768 34
6769 34
6770 34
6771 33
6772 33
6773 33
6774 33
6775 33
6776 30
6777 29
6778 29
6779 30
6780 29
6781 29
6782 27
6783 27
6784 27
6785 27
6786 27
6787 13
6788 14
6789 13
6790 13
6791 13
6792 14
6793 14
6794 14
6795 14
6796 15
6797 14
6798 14
6799 14
6800 14
6801 15
6802 15
6803 15
6804 14
6805 15
6806 15
6807 15
6808 15
6809 15
6810 16
6811 15
6812 15
6813 15
6814 16
6815 16
6816 16
6817 16
6818 16
6819 16
6820 16
6821 16
6822 17
6823 17
6824 17
6825 17
6826 18
6827 18
6828 17
6829 18
6830 18
6831 18
6832 18
6833 19
6834 19
6835 19
6836 18
6837 19
6838 19
6839 19
6840 19
6841 20
6842 20
6843 20
6844 19
6845 20
6846 20
6847 20
6848 9
6849 9
6850 10
6851 9
6852 10
6853 10
6854 10
6855 10
6856 11
6857 11
6858 11
6859 12
6860 11
6861 11
6862 12
6863 12
6864 13
6865 13
6866 14
6867 13
6868 9
6869 8
6870 8
6871 8
6872 9
6873 9
6874 10
6875 9
6876 10
6877 10
6878 11
6879 12
6880 12
6881 13
6882 12
6883 12
6884 13
6885 13
6886 13
6887 13
6888 14
6889 13
6890 14
6891 14
6892 14
6893 15
6894 15
6895 15
6896 15
6897 15
6898 15
6899 16
6900 16
6901 16
6902 17
6903 16
6904 16
6905 17
6906 17
6907 18
6908 18
6909 18
6910 19
6911 18
6912 18
6913 19
6914 19
6915 9
6916 10
6917 10
6918 10
6919 11
6920 11
6921 10
6922 11
6923 11
6924 11
6925 12
6926 12
6927 12
6928 12
6929 12
6930 12
6931 12
6932 12
6933 13
6934 14
6935 14
6936 13
6937 14
6938 14
6939 14
6940 14
6941 15
6942 15
6943 15
6944 15
6945 15
6946 15
6947 15
6948 16
6949 16
6950 16
6951 16
6952 16
6953 16
6954 16
6955 17
6956 17
6957 17
6958 17
6959 17
6960 17
6961 17
6962 17
6963 18
6964 18
6965 17
6966 18
6967 18
6968 18
6969 18
6970 19
6971 19
6972 20
6973 19
6974 19
6975 19
6976 9
6977 9
6978 10
6979 9
6980 9
6981 9
6982 10
6983 10
6984 10
6985 11
6986 11
6987 10
6988 11
6989 11
6990 11
6991 11
6992 12
6993 12
6994 12
6995 13
6996 7
6997 7
6998 8
6999 8
7000 8
7001 8
7002 8
7003 8
7004 8
7005 9
7006 9
7007 10
7008 10
7009 9
7010 10
7011 10
7012 10
7013 11
7014 11
7015 11
7016 12
7017 11
7018 11
7019 12
7020 12
7021 12
7022 13
7023 13
7024 13
7025 12
7026 13
7027 13
7028 13
7029 14
7030 13
7031 13
7032 14
7033 14
7034 14
7035 15
7036 15
7037 15
7038 15
7039 16
7040 16
7041 16
7042 16
7043 11
7044 11
7045 11
7046 12
7047 11
7048 12
7049 12
7050 19
7051 20
7052 19
7053 20
7054 19
7055 19
7056 19
7057 23
7058 25
7059 26
7060 27
7061 27
7062 27
7063 27
7064 28
7065 28
7066 29
7067 29
7068 28
7069 29
7070 29
7071 29
7072 30
7073 29
7074 36
7075 36
7076 38
7077 38
7078 39
7079 38
7080 38
7081 39
7082 41
7083 41
7084 41
7085 43
7086 43
7087 44
7088 46
7089 46
7090 45
7091 45
7092 46
7093 46
7094 46
7095 46
7096 46
7097 46
7098 46
7099 46
7100 47
7101 47
7102 48
7103 57
7104 13
7105 13
7106 12
7107 13
7108 13
7109 13
7110 14
7111 14
7112 14
7113 14
7114 14
7115 15
7116 15
7117 15
7118 15
7119 15
7120 15
7121 16
7122 16
7123 16
7124 17
7125 16
7126 16
7127 17
7128 17
7129 18
7130 18
7131 18
7132 19
7133 18
7134 19
7135 19
7136 19
7137 20
7138 20
7139 20
7140 20
7141 20
7142 21
7143 21
7144 21
7145 22
7146 21
7147 22
7148 23
7149 23
7150 23
7151 23
7152 23
7153 24
7154 24
7155 24
7156 25
7157 25
7158 25
7159 25
7160 25
7161 26
7162 26
7163 27
7164 27
7165 26
7166 27
7167 27
7168 27
7169 28
7170 28
7171 23
7172 22
7173 23
7174 23
7175 23
7176 23
7177 23
7178 24
7179 24
7180 23
7181 24
7182 24
7183 23
7184 24
7185 24
7186 24
7187 25
7188 26
7189 26
7190 26
7191 26
7192 26
7193 27
7194 24
7195 24
7196 23
7197 23
7198 23
7199 23
7200 23
7201 24
7202 23
7203 24
7204 24
7205 24
7206 23
7207 24
7208 24
7209 23
7210 24
7211 24
7212 24
7213 24
7214 24
7215 25
7216 24
7217 24
7218 25
7219 25
7220 24
7221 24
7222 25
7223 25
7224 24
7225 24
7226 24
7227 24
7228 24
7229 24
7230 25
7231 8
7232 12
7233 12
7234 12
7235 12
7236 12
7237 12
7238 12
7239 13
7240 13
7241 13
7242 13
7243 13
7244 13
7245 13
7246 14
7247 14
7248 14
7249 13
7250 14
7251 14
7252 14
7253 15
7254 15
7255 15
7256 15
7257 14
7258 14
7259 14
7260 14
7261 14
7262 14
7263 14
7264 14
7265 13
7266 14
7267 14
7268 14
7269 14
7270 14
7271 14
7272 14
7273 13
7274 13
7275 14
7276 14
7277 15
7278 15
7279 15
7280 15
7281 15
7282 15
7283 15
7284 15
7285 15
7286 16
7287 16
7288 15
7289 15
7290 16
7291 16
7292 16
7293 16
7294 16
7295 16
7296 16
7297 16
7298 16
7299 3
7300 3
7301 4
7302 3
7303 3
7304 3
7305 4
7306 4
7307 3
7308 3
7309 4
7310 4
7311 4
7312 3
7313 3
7314 8
7315 8
7316 8
7317 8
7318 8
7319 8
7320 8
7321 8
7322 8
7323 8
7324 9
7325 8
7326 8
7327 8
7328 8
7329 7
7330 7
7331 7
7332 7
7333 7
7334 7
7335 7
7336 7
7337 7
7338 7
7339 7
7340 7
7341 6
7342 6
7343 6
7344 7
7345 7
7346 7
7347 7
7348 6
7349 6
7350 6
7351 6
7352 8
7353 8
7354 7
7355 7
7356 7
7357 7
7358 7
7359 2
7360 3
7361 3
7362 4
7363 4
7364 5
7365 4
7366 4
7367 5
7368 5
7369 5
7370 6
7371 6
7372 5
7373 6
7374 6
7375 6
7376 7
7377 7
7378 8
7379 7
7380 8
7381 8
7382 8
7383 8
7384 8
7385 8
7386 8
7387 9
7388 9
7389 9
7390 10
7391 11
7392 11
7393 11
7394 12
7395 12
7396 12
7397 12
7398 12
7399 12
7400 12
7401 13
7402 13
7403 13
7404 12
7405 12
7406 13
7407 13
7408 13
7409 13
7410 13
7411 13
7412 14
7413 13
7414 13
7415 14
7416 14
7417 14
7418 15
7419 15
7420 15
7421 14
7422 15
7423 15
7424 15
7425 15
7426 16
7427 10
7428 9
7429 9
7430 10
7431 10
7432 10
7433 10
7434 10
7435 10
7436 10
7437 11
7438 11
7439 11
7440 11
7441 11
7442 10
7443 11
7444 11
7445 11
7446 11
7447 12
7448 12
7449 11
7450 11
7451 12
7452 12
7453 12
7454 12
7455 13
7456 13
7457 13
7458 12
7459 12
7460 13
7461 13
7462 13
7463 13
7464 13
7465 14
7466 13
7467 13
7468 13
7469 14
7470 14
7471 14
7472 14
7473 14
7474 15
7475 14
7476 14
7477 14
7478 14
7479 15
7480 15
7481 15
7482 14
7483 15
7484 15
7485 15
7486 15
7487 7
7488 7
7489 8
7490 8
7491 8
7492 8
7493 9
7494 8
7495 8
7496 8
7497 9
7498 8
7499 8
7500 8
7501 9
7502 8
7503 8
7504 8
7505 9
7506 9
7507 10
7508 10
7509 10
7510 10
7511 11
7512 11
7513 12
7514 13
7515 13
7516 13
7517 13
7518 13
7519 13
7520 14
7521 14
7522 14
7523 15
7524 16
7525 16
7526 16
7527 16
7528 16
7529 17
7530 17
7531 17
7532 18
7533 18
7534 18
7535 17
7536 18
7537 18
7538 18
7539 18
7540 18
7541 19
7542 18
7543 18
7544 18
7545 17
7546 18
7547 18
7548 18
7549 18
7550 18
7551 18
7552 18
7553 18
7554 18
7555 18
7556 18
7557 19
7558 19
7559 18
7560 18
7561 19
7562 19
7563 19
7564 19
7565 20
7566 20
7567 19
7568 19
7569 19
7570 20
7571 20
7572 20
7573 20
7574 20
7575 20
7576 20
7577 20
7578 21
7579 21
7580 21
7581 20
7582 21
7583 21
7584 21
7585 21
7586 22
7587 22
7588 22
7589 22
7590 21
7591 22
7592 22
7593 22
7594 22
7595 23
7596 23
7597 22
7598 22
7599 23
7600 23
7601 23
7602 24
7603 24
7604 23
7605 23
7606 24
7607 24
7608 24
7609 20
7610 20
7611 19
7612 18
7613 18
7614 18
7615 28
7616 14
7617 13
7618 14
7619 14
7620 14
7621 14
7622 15
7623 16
7624 16
7625 15
7626 15
7627 16
7628 17
7629 17
7630 16
7631 16
7632 16
7633 17
7634 13
7635 13
7636 12
7637 12
7638 12
7639 12
7640 12
7641 13
7642 13
7643 12
7644 12
7645 12
7646 13
7647 13
7648 13
7649 13
7650 14
7651 13
7652 13
7653 13
7654 14
7655 14
7656 14
7657 14
7658 14
7659 14
7660 14
7661 14
7662 14
7663 13
7664 14
7665 14
7666 13
7667 13
7668 13
7669 14
7670 13
7671 13
7672 13
7673 13
7674 14
7675 14
7676 14
7677 14
7678 14
7679 14
7680 14
7681 15
7682 15
7683 19
7684 21
7685 22
7686 23
7687 23
7688 23
7689 24
7690 24
7691 24
7692 24
7693 25
7694 24
7695 24
7696 24
7697 24
7698 24
7699 25
7700 25
7701 25
7702 25
7703 25
7704 26
7705 26
7706 26
7707 26
7708 26
7709 26
7710 25
7711 25
7712 25
7713 26
7714 25
7715 25
7716 25
7717 26
7718 26
7719 26
7720 26
7721 27
7722 26
7723 26
7724 27
7725 27
7726 26
7727 26
7728 26
7729 27
7730 26
7731 26
7732 26
7733 26
7734 27
7735 27
7736 27
7737 26
7738 26
7739 27
7740 27
7741 27
7742 26
7743 14
7744 14
7745 14
7746 14
7747 14
7748 14
7749 14
7750 14
7751 15
7752 15
7753 12
7754 12
7755 12
7756 12
7757 12
7758 12
7759 12
7760 13
7761 13
7762 13
7763 12
7764 13
7765 13
7766 13
7767 13
7768 13
7769 14
7770 14
7771 13
7772 13
7773 14
7774 14
7775 14
7776 14
7777 14
7778 15
7779 14
7780 14
7781 14
7782 15
7783 15
7784 15
7785 15
7786 15
7787 15
7788 15
7789 15
7790 15
7791 15
7792 16
7793 16
7794 16
7795 15
7796 15
7797 16
7798 16
7799 16
7800 16
7801 16
7802 17
7803 17
7804 16
7805 16
7806 15
7807 16
7808 16
7809 16
7810 16
7811 6
7812 6
7813 5
7814 6
7815 6
7816 6
7817 6
7818 7
7819 7
7820 6
7821 6
7822 7
7823 7
7824 6
7825 6
7826 7
7827 7
7828 7
7829 8
7830 7
7831 7
7832 7
7833 8
7834 8
7835 8
7836 7
7837 8
7838 8
7839 8
7840 8
7841 9
7842 9
7843 8
7844 12
7845 5
7846 5
7847 5
7848 4
7849 4
7850 5
7851 5
7852 5
7853 5
7854 6
7855 6
7856 5
7857 5
7858 5
7859 6
7860 6
7861 6
7862 7
7863 6
7864 7
7865 8
7866 8
7867 8
7868 8
7869 9
7870 9
7871 8
7872 8
7873 8
7874 8
7875 8
7876 8
7877 9
7878 9
7879 9
7880 10
7881 9
7882 9
7883 9
7884 10
7885 9
7886 9
7887 9
7888 9
7889 10
7890 10
7891 10
7892 10
7893 10
7894 10
7895 10
7896 10
7897 11
7898 11
7899 11
7900 11
7901 10
7902 11
7903 11
7904 11
7905 11
7906 12
7907 12
7908 12
7909 12
7910 12
7911 12
7912 12
7913 12
7914 13
7915 13
7916 13
7917 13
7918 13
7919 13
7920 13
7921 14
7922 14
7923 14
7924 14
7925 14
7926 14
7927 14
7928 26
7929 12
7930 12
7931 12
7932 12
7933 12
7934 8
7935 10
7936 10
7937 10
7938 9
7939 9
7940 9
7941 9
7942 10
7943 9
7944 9
7945 9
7946 10
7947 9
7948 9
7949 10
7950 10
7951 10
7952 10
7953 10
7954 10
7955 10
7956 10
7957 10
7958 11
7959 10
7960 10
7961 10
7962 10
7963 10
7964 11
7965 11
7966 10
7967 10
7968 11
7969 12
7970 12
7971 12
7972 12
7973 9
7974 8
7975 9
7976 9
7977 9
7978 10
7979 10
7980 10
7981 9
7982 9
7983 10
7984 10
7985 10
7986 11
7987 10
7988 10
7989 10
7990 11
7991 11
7992 11
7993 11
7994 11
7995 11
7996 11
7997 11
7998 12
7999 4
8000 3
8001 10
8002 10
8003 10
8004 10
8005 10
8006 10
8007 11
8008 11
8009 11
8010 10
8011 11
8012 11
8013 11
8014 11
8015 12
8016 12
8017 12
8018 11
8019 11
8020 12
8021 12
8022 12
8023 12
8024 12
8025 12
8026 12
8027 12
8028 12
8029 13
8030 13
8031 12
8032 12
8033 13
8034 13
8035 13
8036 13
8037 14
8038 13
8039 13
8040 14
8041 14
8042 14
8043 15
8044 14
8045 14
8046 14
8047 14
8048 15
8049 15
8050 15
8051 15
8052 15
8053 17
8054 17
8055 17
8056 11
8057 12
8058 12
8059 13
8060 13
8061 13
8062 13
8063 12
8064 12
8065 11
8066 12
8067 12
8068 12
8069 11
8070 11
8071 12
8072 12
8073 10
8074 10
8075 10
8076 10
8077 10
8078 10
8079 10
8080 11
8081 11
8082 10
8083 10
8084 10
8085 11
8086 10
8087 10
8088 10
8089 11
8090 11
8091 11
8092 10
8093 11
8094 11
8095 11
8096 11
8097 11
8098 12
8099 11
8100 11
8101 8
8102 8
8103 8
8104 9
8105 9
8106 8
8107 8
8108 8
8109 9
8110 9
8111 9
8112 9
8113 8
8114 9
8115 9
8116 9
8117 9
8118 9
8119 10
8120 9
8121 9
8122 9
8123 9
8124 10
8125 10
8126 10
8127 9
8128 9
8129 4
8130 5
8131 5
8132 5
8133 4
8134 4
8135 5
8136 5
8137 5
8138 4
8139 8
8140 8
8141 8
8142 9
8143 9
8144 9
8145 8
8146 9
8147 9
8148 9
8149 9
8150 10
8151 9
8152 9
8153 9
8154 10
8155 10
8156 10
8157 10
8158 10
8159 10
8160 10
8161 10
8162 10
8163 10
8164 11
8165 11
8166 11
8167 10
8168 11
8169 11
8170 11
8171 11
8172 11
8173 12
8174 11
8175 11
8176 11
8177 11
8178 12
8179 12
8180 12
8181 11
8182 13
8183 13
8184 5
8185 5
8186 6
8187 6
8188 6
8189 6
8190 6
8191 6
8192 6
8193 6
8194 7
8195 6
8196 6
8197 6
8198 7
8199 7
8200 7
8201 7
8202 7
8203 7
8204 7
8205 7
8206 7
8207 8
8208 8
8209 8
8210 7
8211 7
8212 8
8213 8
8214 8
8215 8
8216 8
8217 9
8218 8
8219 8
8220 8
8221 8
8222 9
8223 9
8224 9
8225 8
8226 8
8227 9
8228 9
8229 8
8230 7
8231 7
8232 7
8233 7
8234 6
8235 7
8236 7
8237 6
8238 6
8239 7
8240 7
8241 7
8242 7
8243 7
8244 7
8245 7
8246 7
8247 7
8248 8
8249 5
8250 5
8251 6
8252 5
8253 5
8254 5
8255 6
8256 6
8257 6
8258 5
8259 6
8260 6
8261 6
8262 6
8263 7
8264 7
8265 6
8266 6
8267 8
8268 8
8269 9
8270 9
8271 9
8272 8
8273 8
8274 8
8275 9
8276 9
8277 9
8278 9
8279 8
8280 8
8281 9
8282 9
8283 9
8284 9
8285 8
8286 8
8287 8
8288 9
8289 9
8290 9
8291 9
8292 9
8293 9
8294 9
8295 9
8296 9
8297 9
8298 10
8299 10
8300 9
8301 9
8302 9
8303 10
8304 10
8305 10
8306 10
8307 10
8308 10
8309 10
8310 10
8311 10
8312 9
8313 9
8314 10
8315 9
8316 9
8317 9
8318 15
8319 5
8320 6
8321 6
8322 6
8323 6
8324 6
8325 6
8326 6
8327 6
8328 6
8329 6
8330 6
8331 7
8332 7
8333 6
8334 6
8335 6
8336 7
8337 7
8338 7
8339 6
8340 6
8341 7
8342 7
8343 7
8344 7
8345 7
8346 7
8347 8
8348 7
8349 7
8350 7
8351 5
8352 6
8353 6
8354 7
8355 7
8356 10
8357 10
8358 36
8359 33
8360 32
8361 32
8362 31
8363 30
8364 30
8365 29
8366 28
8367 28
8368 18
8369 14
8370 8
8371 8
8372 8
8373 7
8374 8
8375 8
8376 8
8377 8
8378 8
8379 9
8380 8
8381 8
8382 8
8383 8
8384 8
8385 9
8386 8
8387 8
8388 8
8389 8
8390 8
8391 8
8392 8
8393 8
8394 8
8395 38
8396 37
8397 38
8398 38
8399 37
8400 34
8401 34
8402 33
8403 33
8404 34
8405 34
8406 33
8407 33
8408 32
8409 31
8410 29
8411 29
8412 28
8413 26
8414 25
8415 25
8416 24
8417 24
8418 22
8419 21
8420 20
8421 20
8422 20
8423 21
8424 21
8425 21
8426 20
8427 21
8428 21
8429 21
8430 21
8431 22
8432 22
8433 22
8434 21
8435 22
8436 22
8437 22
8438 22
8439 22
8440 23
8441 23
8442 22
8443 22
8444 23
8445 23
8446 23
8447 23
8448 24
8449 23
8450 23
8451 23
8452 24
8453 24
8454 25
8455 25
8456 26
8457 25
8458 25
8459 26
8460 26
8461 26
8462 26
8463 26
8464 27
8465 27
8466 26
8467 26
8468 26
8469 27
8470 27
8471 27
8472 27
8473 28
8474 27
8475 27
8476 28
8477 28
8478 28
8479 8
8480 8
8481 8
8482 8
8483 9
8484 8
8485 9
8486 6
8487 5
8488 6
8489 6
8490 6
8491 7
8492 6
8493 5
8494 5
8495 5
8496 5
8497 6
8498 6
8499 5
8500 5
8501 5
8502 6
8503 6
8504 6
8505 6
8506 5
8507 6
8508 6
8509 6
8510 6
8511 6
8512 6
8513 7
8514 6
8515 6
8516 6
8517 6
8518 11
8519 4
8520 4
8521 4
8522 5
8523 2
8524 3
8525 3
8526 3
8527 3
8528 3
8529 3
8530 3
8531 4
8532 4
8533 4
8534 3
8535 4
8536 4
8537 4
8538 4
8539 5
8540 5
8541 5
8542 5
8543 5
8544 5
8545 6
8546 6
8547 6
8548 6
8549 7
8550 7
8551 6
8552 6
8553 6
8554 7
8555 7
8556 7
8557 7
8558 18
8559 18
8560 18
8561 19
8562 19
8563 18
8564 18
8565 19
8566 19
8567 19
8568 19
8569 18
8570 18
8571 18
8572 19
8573 19
8574 19
8575 19
8576 19
8577 18
8578 18
8579 18
8580 19
8581 19
8582 19
8583 13
8584 13
8585 13
8586 12
8587 12
8588 12
8589 12
8590 13
8591 13
8592 12
8593 12
8594 13
8595 13
8596 14
8597 14
8598 14
8599 14
8600 14
8601 14
8602 15
8603 16
8604 16
8605 17
8606 16
8607 17
8608 17
8609 17
8610 18
8611 18
8612 18
8613 19
8614 11
8615 12
8616 12
8617 13
8618 13
8619 13
8620 13
8621 13
8622 14
8623 14
8624 14
8625 15
8626 15
8627 14
8628 15
8629 15
8630 15
8631 15
8632 15
8633 15
8634 15
8635 15
8636 16
8637 16
8638 16
8639 16
8640 16
8641 16
8642 16
8643 16
8644 17
8645 17
8646 16
8647 16
8648 17
8649 17
8650 17
8651 8
8652 9
8653 9
8654 6
8655 7
8656 7
8657 7
8658 8
8659 8
8660 8
8661 7
8662 8
8663 8
8664 8
8665 5
8666 5
8667 6
8668 6
8669 6
8670 5
8671 6
8672 6
8673 6
8674 6
8675 7
8676 7
8677 6
8678 6
8679 6
8680 7
8681 7
8682 7
8683 8
8684 7
8685 7
8686 11
8687 11
8688 10
8689 10
8690 11
8691 11
8692 11
8693 12
8694 11
8695 11
8696 11
8697 12
8698 12
8699 12
8700 12
8701 12
8702 12
8703 12
8704 12
8705 13
8706 13
8707 13
8708 14
8709 13
8710 13
8711 13
8712 13
8713 14
8714 14
8715 14
8716 14
8717 14
8718 14
8719 14
8720 14
8721 15
8722 15
8723 15
8724 15
8725 15
8726 15
8727 15
8728 15
8729 16
8730 13
8731 13
8732 13
8733 13
8734 13
8735 13
8736 14
8737 14
8738 14
8739 14
8740 14
8741 21
8742 8
8743 8
8744 8
8745 8
8746 9
8747 10
8748 10
8749 10
8750 10
8751 10
8752 11
8753 11
8754 12
8755 12
8756 11
8757 12
8758 12
8759 12
8760 12
8761 11
8762 12
8763 13
8764 14
8765 14
8766 13
8767 14
8768 14
8769 14
8770 15
8771 15
8772 15
8773 14
8774 14
8775 15
8776 14
8777 14
8778 14
8779 10
8780 10
8781 9
8782 10
8783 10
8784 10
8785 10
8786 10
8787 11
8788 11
8789 10
8790 10
8791 11
8792 10
8793 10
8794 10
8795 11
8796 11
8797 11
8798 11
8799 11
8800 11
8801 11
8802 11
8803 11
8804 11
8805 12
8806 12
8807 11
8808 11
8809 12
8810 12
8811 12
8812 12
8813 12
8814 9
8815 8
8816 8
8817 8
8818 9
8819 9
8820 9
8821 9
8822 8
8823 9
8824 9
8825 9
8826 9
8827 10
8828 10
8829 10
8830 9
8831 10
8832 10
8833 10
8834 10
8835 10
8836 11
8837 11
8838 11
8839 10
8840 10
8841 11
8842 11
8843 11
8844 12
8845 12
8846 11
8847 11
8848 11
8849 12
8850 12
8851 12
8852 12
8853 13
8854 12
8855 12
8856 12
8857 12
8858 13
8859 13
8860 13
8861 13
8862 12
8863 13
8864 13
8865 13
8866 13
8867 14
8868 14
8869 6
8870 5
8871 6
8872 6
8873 6
8874 6
8875 6
8876 6
8877 6
8878 7
8879 7
8880 7
8881 7
8882 7
8883 7
8884 7
8885 7
8886 8
8887 8
8888 8
8889 8
8890 7
8891 8
8892 8
8893 8
8894 8
8895 9
8896 9
8897 8
8898 8
8899 8
8900 9
8901 9
8902 9
8903 9
8904 9
8905 10
8906 9
8907 5
8908 6
8909 5
8910 5
8911 5
8912 6
8913 6
8914 6
8915 6
8916 6
8917 6
8918 6
8919 6
8920 6
8921 6
8922 7
8923 7
8924 6
8925 6
8926 7
8927 7
8928 7
8929 7
8930 7
8931 8
8932 8
8933 7
8934 7
8935 7
8936 8
8937 8
8938 8
8939 8
8940 8
8941 9
8942 2
8943 2
8944 2
8945 3
8946 3
8947 2
8948 2
8949 3
8950 3
8951 3
8952 3
8953 3
8954 4
8955 3
8956 4
8957 5
8958 6
8959 6
8960 6
8961 6
8962 7
8963 6
8964 6
8965 6
8966 7
8967 7
8968 7
8969 7
8970 7
8971 8
8972 7
8973 7
8974 7
8975 7
8976 8
8977 8
8978 8
8979 8
8980 8
8981 8
8982 8
8983 8
8984 9
8985 9
8986 9
8987 9
8988 8
8989 9
8990 9
8991 9
8992 9
8993 8
8994 9
8995 9
8996 9
8997 13
8998 6
8999 5
9000 5
9001 6
9002 6
9003 6
9004 6
9005 7
9006 7
9007 6
9008 6
9009 6
9010 7
9011 7
9012 7
9013 7
9014 8
9015 8
9016 7
9017 7
9018 7
9019 8
9020 8
9021 8
9022 8
9023 8
9024 8
9025 8
9026 8
9027 8
9028 9
9029 9
9030 9
9031 9
9032 9
9033 8
9034 9
9035 5
9036 5
9037 5
9038 5
9039 6
9040 6
9041 6
9042 6
9043 6
9044 6
9045 6
9046 6
9047 6
9048 6
9049 7
9050 7
9051 6
9052 6
9053 7
9054 7
9055 7
9056 7
9057 7
9058 8
9059 7
9060 7
9061 7
9062 7
9063 8
9064 8
9065 8
9066 8
9067 8
9068 8
9069 8
9070 7
9071 7
9072 6
9073 7
9074 7
9075 7
9076 7
9077 8
9078 7
9079 7
9080 7
9081 7
9082 7
9083 8
9084 8
9085 6
9086 6
9087 7
9088 6
9089 6
9090 6
9091 6
9092 7
9093 7
9094 6
9095 6
9096 7
9097 7
9098 7
9099 7
9100 7
9101 8
9102 7
9103 7
9104 7
9105 7
9106 8
9107 8
9108 8
9109 8
9110 8
9111 8
9112 8
9113 8
9114 8
9115 9
9116 9
9117 9
9118 8
9119 9
9120 9
9121 9
9122 9
9123 10
9124 10
9125 4
9126 6
9127 6
9128 5
9129 6
9130 6
9131 6
9132 6
9133 7
9134 7
9135 7
9136 6
9137 6
9138 7
9139 7
9140 7
9141 7
9142 7
9143 8
9144 7
9145 7
9146 7
9147 8
9148 8
9149 8
9150 9
9151 9
9152 8
9153 8
9154 9
9155 9
9156 9
9157 9
9158 9
9159 10
9160 10
9161 9
9162 9
9163 5
9164 6
9165 6
9166 5
9167 5
9168 6
9169 6
9170 6
9171 6
9172 7
9173 6
9174 6
9175 6
9176 6
9177 7
9178 7
9179 7
9180 7
9181 7
9182 7
9183 7
9184 7
9185 7
9186 8
9187 8
9188 8
9189 8
9190 7
9191 7
9192 8
9193 8
9194 8
9195 8
9196 9
9197 9
9198 6
9199 5
9200 5
9201 6
9202 6
9203 6
9204 6
9205 5
9206 6
9207 6
9208 6
9209 6
9210 6
9211 7
9212 7
9213 2
9214 8
9215 8
9216 8
9217 8
9218 8
9219 9
9220 9
9221 9
9222 8
9223 7
9224 7
9225 7
9226 9
9227 10
9228 10
9229 10
9230 9
9231 10
9232 10
9233 10
9234 10
9235 11
9236 11
9237 11
9238 10
9239 10
9240 11
9241 11
9242 11
9243 11
9244 11
9245 12
9246 11
9247 11
9248 11
9249 12
9250 12
9251 12
9252 12
9253 4
9254 7
9255 7
9256 7
9257 7
9258 7
9259 7
9260 7
9261 8
9262 8
9263 8
9264 8
9265 7
9266 6
9267 7
9268 7
9269 7
9270 7
9271 8
9272 7
9273 7
9274 7
9275 7
9276 8
9277 8
9278 8
9279 8
9280 8
9281 8
9282 8
9283 8
9284 8
9285 8
9286 9
9287 9
9288 9
9289 8
9290 8
9291 10
9292 10
9293 6
9294 5
9295 4
9296 3
9297 3
9298 3
9299 3
9300 4
9301 4
9302 3
9303 3
9304 3
9305 7
9306 7
9307 7
9308 7
9309 7
9310 7
9311 7
9312 7
9313 8
9314 8
9315 8
9316 8
9317 8
9318 8
9319 8
9320 9
9321 9
9322 9
9323 9
9324 10
9325 9
9326 9
9327 9
9328 9
9329 10
9330 10
9331 10
9332 10
9333 9
9334 9
9335 10
9336 10
9337 10
9338 10
9339 11
9340 11
9341 10
9342 9
9343 9
9344 9
9345 9
9346 8
9347 8
9348 9
9349 9
9350 9
9351 9
9352 9
9353 10
9354 9
9355 9
9356 10
9357 10
9358 10
9359 10
9360 10
9361 10
9362 9
9363 9
9364 10
9365 10
9366 10
9367 10
9368 10
9369 10
9370 10
9371 9
9372 9
9373 9
9374 10
9375 10
9376 10
9377 10
9378 10
9379 9
9380 9
9381 9
9382 10
9383 10
9384 10
9385 11
9386 11
9387 12
9388 12
9389 11
9390 12
9391 12
9392 12
9393 13
9394 13
9395 13
9396 14
9397 13
9398 14
9399 14
9400 14
9401 15
9402 15
9403 15
9404 16
9405 15
9406 15
9407 16
9408 16
9409 17
9410 17
9411 17
9412 18
9413 17
9414 17
9415 18
9416 18
9417 18
9418 4
9419 3
9420 4
9421 3
9422 4
9423 4
9424 4
9425 5
9426 5
9427 5
9428 6
9429 5
9430 5
9431 6
9432 6
9433 2
9434 3
9435 3
9436 3
9437 4
9438 4
9439 4
9440 5
9441 4
9442 4
9443 4
9444 5
9445 6
9446 7
9447 6
9448 7
9449 7
9450 7
9451 7
9452 7
9453 7
9454 7
9455 7
9456 8
9457 7
9458 7
9459 7
9460 7
9461 7
9462 7
9463 7
9464 8
9465 8
9466 8
9467 8
9468 8
9469 8
9470 10
9471 10
9472 11
9473 11
9474 11
9475 12
9476 12
9477 12
9478 12
9479 12
9480 13
9481 13
9482 13
9483 13
9484 14
9485 13
9486 13
9487 14
9488 14
9489 14
9490 14
9491 15
9492 14
9493 14
9494 14
9495 15
9496 15
9497 16
9498 16
9499 16
9500 15
9501 16
9502 16
9503 16
9504 16
9505 16
9506 17
9507 17
9508 16
9509 7
9510 7
9511 7
9512 8
9513 8
9514 8
9515 8
9516 8
9517 8
9518 9
9519 9
9520 9
9521 10
9522 9
9523 9
9524 9
9525 10
9526 10
9527 11
9528 11
9529 11
9530 11
9531 7
9532 7
9533 7
9534 7
9535 8
9536 7
9537 7
9538 7
9539 7
9540 7
9541 8
9542 8
9543 7
9544 7
9545 7
9546 8
9547 8
9548 8
9549 8
9550 7
9551 7
9552 7
9553 8
9554 8
9555 8
9556 8
9557 8
9558 7
9559 8
9560 8
9561 5
9562 4
9563 5
9564 5
9565 5
9566 5
9567 4
9568 4
9569 4
9570 4
9571 5
9572 5
9573 6
9574 6
9575 6
9576 6
9577 7
9578 7
9579 8
9580 7
9581 7
9582 8
9583 8
9584 8
9585 8
9586 8
9587 7
9588 8
9589 8
9590 8
9591 8
9592 8
9593 8
9594 7
9595 8
9596 8
9597 8
9598 6
9599 6
9600 6
9601 7
9602 7
9603 6
9604 6
9605 6
9606 6
9607 6
9608 6
9609 7
9610 7
9611 6
9612 6
9613 6
9614 6
9615 6
9616 7
9617 7
9618 6
9619 6
9620 6
9621 6
9622 6
9623 7
9624 7
9625 6
9626 6
9627 6
9628 6
9629 7
9630 7
9631 7
9632 7
9633 6
9634 6
9635 7
9636 7
9637 4
9638 4
9639 4
9640 4
9641 4
9642 4
9643 4
9644 4
9645 4
9646 4
9647 4
9648 4
9649 4
9650 4
9651 4
9652 4
9653 4
9654 4
9655 4
9656 4
9657 4
9658 4
9659 5
9660 5
9661 5
9662 6
9663 6
9664 7
9665 6
9666 6
9667 7
9668 7
9669 7
9670 8
9671 8
9672 7
9673 7
9674 7
9675 7
9676 8
9677 8
9678 8
9679 7
9680 7
9681 7
9682 7
9683 8
9684 8
9685 8
9686 8
9687 7
9688 7
9689 4
9690 5
9691 5
9692 4
9693 4
9694 4
9695 4
9696 4
9697 5
9698 5
9699 4
9700 4
9701 6
9702 5
9703 5
9704 5
9705 5
9706 5
9707 5
9708 5
9709 5
9710 5
9711 5
9712 5
9713 5
9714 5
9715 5
9716 5
9717 5
9718 5
9719 5
9720 5
9721 5
9722 4
9723 5
9724 5
9725 5
9726 6
9727 6
9728 7
9729 7
9730 7
9731 6
9732 6
9733 6
9734 6
9735 6
9736 6
9737 7
9738 7
9739 6
9740 6
9741 6
9742 6
9743 7
9744 7
9745 6
9746 6
9747 6
9748 6
9749 6
9750 6
9751 7
9752 7
9753 6
9754 6
9755 6
9756 6
9757 6
9758 7
9759 7
9760 7
9761 6
9762 6
9763 6
9764 7
9765 4
9766 3
9767 3
9768 4
9769 4
9770 4
9771 4
9772 4
9773 3
9774 3
9775 3
9776 4
9777 4
9778 4
9779 4
9780 4
9781 3
9782 3
9783 3
9784 4
9785 4
9786 4
9787 4
9788 4
9789 4
9790 4
9791 5
9792 5
9793 5
9794 4
9795 4
9796 4
9797 4
9798 4
9799 5
9800 5
9801 5
9802 5
9803 4
9804 4
9805 4
9806 5
9807 5
9808 4
9809 4
9810 4
9811 4
9812 4
9813 5
9814 5
9815 4
9816 7
9817 3
9818 2
9819 2
9820 2
9821 3
9822 3
9823 3
9824 2
9825 2
9826 2
9827 2
9828 2
9829 5
9830 5
9831 5
9832 6
9833 5
9834 5
9835 5
9836 5
9837 5
9838 5
9839 4
9840 4
9841 5
9842 5
9843 5
9844 5
9845 5
9846 4
9847 4
9848 5
9849 5
9850 5
9851 5
9852 5
9853 5
9854 5
9855 5
9856 5
9857 5
9858 5
9859 6
9860 5
9861 5
9862 5
9863 5
9864 5
9865 5
9866 5
9867 6
9868 5
9869 5
9870 5
9871 5
9872 5
9873 5
9874 5
9875 6
9876 5
9877 5
9878 5
9879 5
9880 5
9881 6
9882 6
9883 5
9884 5
9885 5
9886 6
9887 6
9888 5
9889 4
9890 4
9891 4
9892 4
9893 5
9894 5
9895 6
9896 6
9897 5
9898 5
9899 5
9900 5
9901 5
9902 5
9903 5
9904 5
9905 5
9906 5
9907 5
9908 5
9909 5
9910 5
9911 5
9912 5
9913 5
9914 5
9915 7
9916 8
9917 7
9918 7
9919 7
9920 7
9921 6
9922 6
9923 7
9924 7
9925 7
9926 7
9927 7
9928 7
9929 7
9930 7
9931 7
9932 7
9933 7
9934 7
9935 7
9936 8
9937 7
9938 7
9939 7
9940 7
9941 7
9942 7
9943 7
9944 5
9945 5
9946 4
9947 4
9948 4
9949 4
9950 3
9951 4
9952 10
9953 8
9954 8
9955 8
9956 8
9957 7
9958 7
9959 7
9960 6
9961 6
9962 7
9963 7
9964 7
9965 7
9966 6
9967 7
9968 7
9969 7
9970 7
9971 7
9972 7
9973 7
9974 7
9975 7
9976 7
9977 7
9978 7
9979 7
9980 7
9981 7
9982 6
9983 5
9984 5
9985 6
9986 8
9987 8
9988 9
9989 8
9990 9
9991 9
9992 10
9993 10
9994 10
9995 11
9996 11
9997 10
9998 10
9999 10
10000 10
