1 2
2 808
3 89
4 88
5 88
6 88
7 87
8 87
9 87
10 87
11 87
12 88
13 87
14 87
15 88
16 89
17 91
18 90
19 90
20 90
21 89
22 89
23 89
24 89
25 89
26 89
27 88
28 88
29 88
30 85
31 86
32 85
33 84
34 85
35 84
36 84
37 83
38 83
39 83
40 82
41 82
42 82
43 81
44 81
45 80
46 81
47 80
48 79
49 79
50 79
51 78
52 78
53 78
54 77
55 77
56 76
57 76
58 76
59 75
60 75
61 75
62 74
63 75
64 74
65 74
66 73
67 72
68 72
69 72
70 71
71 72
72 71
73 72
74 71
75 71
76 71
77 70
78 70
79 70
80 70
81 69
82 70
83 69
84 69
85 68
86 68
87 68
88 67
89 66
90 67
91 66
92 66
93 66
94 65
95 65
96 65
97 65
98 65
99 65
100 64
101 63
102 63
103 63
104 62
105 62
106 62
109 62
110 61
111 61
112 61
113 60
114 60
115 60
116 60
117 59
118 60
119 59
120 58
121 58
122 58
123 57
124 58
125 57
126 57
127 57
128 56
129 57
108 61
107 62
130 1
131 5
132 5
133 5
134 5
135 4
136 4
137 2
138 11
139 11
140 11
141 12
142 11
143 12
144 11
145 12
146 12
147 12
148 12
149 12
150 12
151 13
152 11
153 12
154 11
155 12
156 12
157 13
158 13
159 14
160 13
161 13
162 13
163 13
164 14
165 7
166 8
167 8
168 7
169 8
170 8
171 8
172 8
173 8
174 9
175 9
176 9
177 8
178 7
179 34
180 33
181 34
182 34
183 35
184 34
185 34
186 34
187 34
188 35
189 34
190 35
191 35
192 34
193 35
194 34
195 35
196 34
197 35
198 35
199 35
200 36
201 36
202 36
203 36
204 37
205 37
206 37
207 37
208 38
209 37
210 38
211 37
212 38
213 38
214 38
215 38
216 38
217 39
218 39
219 39
220 38
221 39
222 39
223 39
224 39
225 39
226 40
227 39
228 38
229 39
230 39
231 38
232 39
233 39
234 39
235 39
236 44
237 46
238 48
239 49
240 53
241 55
242 58
243 61
244 61
245 63
246 63
247 64
248 66
249 68
250 70
251 71
252 72
253 74
254 74
255 74
256 76
257 77
258 76
259 77
260 12
261 11
262 12
263 13
264 13
265 13
266 16
267 16
268 16
269 16
270 16
271 17
272 18
273 19
274 18
275 19
276 19
277 20
278 20
279 21
280 21
281 21
282 21
283 21
284 22
285 23
286 22
287 22
288 23
289 23
290 24
291 23
292 24
293 24
294 24
295 23
296 24
297 26
298 26
299 26
300 26
301 27
302 26
303 26
304 26
305 26
306 27
307 10
308 9
309 10
310 10
311 9
312 10
313 10
314 11
315 10
316 10
317 11
318 11
319 11
320 11
321 11
322 11
323 11
324 12
325 12
326 12
327 12
328 13
329 13
330 12
331 13
332 13
333 14
334 13
335 13
336 14
337 13
338 14
339 14
340 14
341 17
342 16
343 18
344 17
345 16
346 16
347 16
348 16
349 16
350 16
351 16
352 16
353 16
354 16
355 16
356 15
357 14
358 15
359 14
360 14
361 16
362 15
363 14
364 14
365 14
366 14
367 13
368 13
369 13
370 15
371 15
372 16
373 16
374 16
375 17
376 17
377 17
378 17
379 18
380 17
381 17
382 17
383 17
384 18
385 19
386 19
387 19
388 18
389 18
390 20
391 21
392 30
393 31
394 31
395 31
396 32
397 33
398 32
399 33
400 33
401 33
402 33
403 33
404 33
405 34
406 34
407 34
408 34
409 34
410 34
411 35
412 34
413 32
414 33
415 33
416 34
417 34
418 34
419 35
420 34
421 37
422 38
423 38
424 38
425 38
426 39
427 40
428 39
429 39
430 39
431 39
432 40
433 40
434 40
435 41
436 41
437 41
438 41
439 41
440 41
441 41
442 42
443 41
444 42
445 42
446 43
447 42
448 42
449 43
450 43
451 44
452 44
453 45
454 44
455 45
456 45
457 48
458 48
459 47
460 48
461 48
462 15
463 15
464 16
465 16
466 16
467 17
468 18
469 27
470 28
471 28
472 28
473 30
474 31
475 30
476 31
477 31
478 32
479 31
480 31
481 43
482 43
483 43
484 43
485 46
486 45
487 48
488 49
489 50
490 52
491 52
492 52
493 52
494 52
495 52
496 52
497 52
498 54
499 53
500 54
501 54
502 54
503 53
504 54
505 55
506 55
507 55
508 55
509 56
510 56
511 56
512 57
513 58
514 57
515 57
516 57
517 63
518 64
519 63
520 30
521 30
522 31
523 30
524 31
525 32
526 33
527 32
528 34
529 34
530 34
531 35
532 34
533 41
534 42
535 41
536 42
537 44
538 43
539 43
540 44
541 44
542 44
543 44
544 44
545 45
546 44
547 45
548 45
549 44
550 45
551 45
552 46
553 45
554 45
555 46
556 46
557 46
558 46
559 46
560 46
561 46
562 46
563 47
564 46
565 47
566 47
567 47
568 47
569 47
570 48
571 48
572 48
573 48
574 47
575 48
576 47
577 48
578 48
579 47
580 47
581 46
582 46
583 46
584 47
585 47
586 45
587 46
588 46
589 46
590 46
591 46
592 46
593 46
594 47
595 46
596 46
597 26
598 27
599 28
600 28
601 28
602 29
603 28
604 28
605 29
606 29
607 29
608 29
609 30
610 30
611 30
612 30
613 31
614 31
615 31
616 30
617 31
618 31
619 32
620 31
621 32
622 32
623 32
624 32
625 32
626 33
627 33
628 33
629 34
630 34
631 34
632 35
633 35
634 36
635 36
636 36
637 36
638 37
639 36
640 37
641 37
642 38
643 37
644 38
645 38
646 39
647 38
648 26
649 25
650 26
651 26
652 26
653 26
654 27
655 27
656 27
657 27
658 29
659 30
660 29
661 30
662 30
663 31
664 31
665 32
666 33
667 34
668 33
669 34
670 34
671 34
672 34
673 35
674 35
675 36
676 35
677 36
678 36
679 37
680 36
681 37
682 38
683 38
684 38
685 38
686 39
687 38
688 38
689 39
690 39
691 39
692 39
693 40
694 40
695 40
696 39
697 40
698 40
699 41
700 40
701 40
702 41
703 40
704 41
705 42
706 42
707 42
708 42
709 43
710 43
711 42
712 43
713 43
714 44
715 44
716 44
717 44
718 44
719 44
720 45
721 44
722 45
723 44
724 44
725 17
726 17
727 22
728 22
729 22
730 23
731 23
732 23
733 23
734 24
735 24
736 25
737 24
738 25
739 25
740 25
741 25
742 25
743 26
744 25
745 26
746 26
747 27
748 26
749 26
750 27
751 27
752 28
753 28
754 28
755 28
756 28
757 29
758 28
759 29
760 29
761 30
762 29
763 30
764 30
765 31
766 30
767 31
768 31
769 32
770 31
771 32
772 32
773 32
774 32
775 32
776 31
777 30
778 31
779 30
780 31
781 31
782 31
783 31
784 31
785 31
786 31
787 32
788 32
789 31
790 33
791 34
792 34
793 33
794 32
795 33
796 31
797 31
798 31
799 31
800 31
801 31
802 30
803 31
804 31
805 30
806 30
807 31
808 30
809 30
810 29
811 30
812 30
813 30
814 30
815 31
816 30
817 31
818 31
819 31
820 31
821 30
822 31
823 31
824 30
825 31
826 30
827 30
828 31
829 30
830 30
831 31
832 30
833 30
834 30
835 30
836 30
837 30
838 30
839 30
840 30
841 30
842 30
843 32
844 31
845 32
846 32
847 32
848 32
849 32
850 32
851 33
852 32
853 17
854 18
855 18
856 18
857 19
858 18
859 19
860 19
861 19
862 19
863 20
864 18
865 19
866 19
867 20
868 19
869 19
870 19
871 20
872 19
873 20
874 20
875 20
876 20
877 21
878 21
879 22
880 21
881 22
882 22
883 22
884 22
885 23
886 24
887 24
888 23
889 24
890 24
891 25
892 24
893 24
894 25
895 25
896 26
897 25
898 26
899 26
900 26
901 26
902 26
903 27
904 20
905 20
906 20
907 21
908 21
909 21
910 21
911 22
912 22
913 22
914 23
915 24
916 24
917 24
918 24
919 25
920 25
921 26
922 25
923 25
924 26
925 26
926 26
927 26
928 27
929 28
930 27
931 28
932 28
933 28
934 29
935 28
936 29
937 29
938 30
939 29
940 30
941 30
942 31
943 31
944 31
945 31
946 32
947 32
948 32
949 32
950 33
951 33
952 34
953 33
954 34
955 34
956 35
957 35
958 34
959 35
960 35
961 36
962 35
963 36
964 36
965 37
966 37
967 37
968 37
969 38
970 38
971 37
972 38
973 38
974 39
975 39
976 39
977 39
978 39
979 40
980 39
981 26
982 26
983 27
984 27
985 26
986 27
987 27
988 28
989 27
990 28
991 28
992 28
993 22
994 21
995 22
996 22
997 23
998 22
999 23
1000 23
1001 23
1002 23
1003 23
1004 23
1005 22
1006 23
1007 22
1008 23
1009 22
1010 23
1011 23
1012 24
1013 24
1014 24
1015 25
1016 25
1017 24
1018 25
1019 25
1020 26
1021 25
1022 25
1023 26
1024 26
1025 26
1026 26
1027 27
1028 26
1029 27
1030 27
1031 28
1032 7
1033 20
1034 20
1035 20
1036 21
1037 21
1038 21
1039 22
1040 22
1041 22
1042 22
1043 22
1044 23
1045 23
1046 23
1047 23
1048 23
1049 23
1050 24
1051 23
1052 24
1053 24
1054 25
1055 25
1056 25
1057 25
1058 25
1059 26
1060 26
1061 26
1062 26
1063 26
1064 27
1065 27
1066 26
1067 27
1068 27
1069 28
1070 27
1071 28
1072 28
1073 28
1074 29
1075 28
1076 29
1077 29
1078 29
1079 31
1080 30
1081 31
1082 32
1083 32
1084 33
1085 32
1086 33
1087 33
1088 34
1089 34
1090 33
1091 34
1092 34
1093 35
1094 35
1095 35
1096 35
1097 35
1098 35
1099 35
1100 36
1101 35
1102 35
1103 36
1104 36
1105 36
1106 36
1107 36
1108 37
1109 13
1110 13
1111 14
1112 13
1113 14
1114 14
1115 14
1116 14
1117 14
1118 15
1119 15
1120 15
1121 15
1122 15
1123 16
1124 15
1125 16
1126 16
1127 16
1128 17
1129 16
1130 16
1131 17
1132 17
1133 17
1134 17
1135 17
1136 18
1137 18
1138 18
1139 18
1140 19
1141 19
1142 21
1143 20
1144 26
1145 28
1146 29
1147 28
1148 29
1149 29
1150 30
1151 30
1152 29
1153 30
1154 30
1155 31
1156 31
1157 31
1158 31
1159 32
1160 6
1161 2
1162 2
1163 3
1164 2
1165 3
1166 20
1167 19
1168 20
1169 20
1170 19
1171 20
1172 20
1173 21
1174 20
1175 20
1176 21
1177 21
1178 22
1179 21
1180 21
1181 22
1182 22
1183 22
1184 22
1185 23
1186 23
1187 24
1188 23
1189 23
1190 24
1191 24
1192 24
1193 24
1194 24
1195 25
1196 24
1197 24
1198 25
1199 25
1200 26
1201 25
1202 25
1203 26
1204 26
1205 26
1206 25
1207 25
1208 26
1209 26
1210 26
1211 26
1212 26
1213 27
1214 26
1215 27
1216 27
1217 28
1218 28
1219 27
1220 28
1221 29
1222 29
1223 30
1224 29
1225 30
1226 30
1227 31
1228 30
1229 30
1230 31
1231 31
1232 32
1233 31
1234 33
1235 34
1236 34
1237 14
1238 13
1239 14
1240 14
1241 15
1242 16
1243 16
1244 17
1245 17
1246 18
1247 17
1248 17
1249 18
1250 18
1251 18
1252 18
1253 19
1254 26
1255 27
1256 26
1257 27
1258 27
1259 28
1260 27
1261 27
1262 27
1263 28
1264 28
1265 29
1266 28
1267 29
1268 29
1269 30
1270 30
1271 29
1272 30
1273 30
1274 31
1275 30
1276 31
1277 31
1278 31
1279 32
1280 31
1281 32
1282 32
1283 32
1284 33
1285 32
1286 33
1287 33
1288 34
1289 6
1290 47
1291 47
1292 47
1293 49
1294 50
1295 50
1296 50
1297 50
1298 51
1299 50
1300 51
1301 52
1302 51
1303 51
1304 52
1305 53
1306 52
1307 53
1308 53
1309 53
1310 53
1311 54
1312 54
1313 54
1314 54
1315 54
1316 56
1317 56
1318 56
1319 56
1320 56
1321 57
1322 57
1323 57
1324 57
1325 57
1326 56
1327 56
1328 56
1329 56
1330 57
1331 56
1332 56
1333 57
1334 56
1335 57
1336 57
1337 53
1338 52
1339 50
1340 39
1341 39
1342 38
1343 39
1344 39
1345 40
1346 39
1347 39
1348 40
1349 40
1350 40
1351 40
1352 40
1353 39
1354 39
1355 39
1356 39
1357 39
1358 40
1359 40
1360 41
1361 41
1362 41
1363 41
1364 41
1365 15
1366 16
1367 16
1368 16
1369 16
1370 17
1371 17
1372 18
1373 17
1374 18
1375 18
1376 19
1377 19
1378 18
1379 19
1380 19
1381 19
1382 19
1383 19
1384 19
1385 20
1386 20
1387 20
1388 20
1389 20
1390 21
1391 20
1392 21
1393 21
1394 22
1395 22
1396 21
1397 22
1398 22
1399 23
1400 22
1401 22
1402 23
1403 23
1404 24
1405 23
1406 24
1407 24
1408 24
1409 25
1410 24
1411 25
1412 24
1413 24
1414 24
1415 25
1416 31
1417 6
1418 73
1419 68
1420 68
1421 66
1422 65
1423 65
1424 62
1425 58
1426 56
1427 51
1428 51
1429 52
1430 51
1431 52
1432 50
1433 49
1434 50
1435 50
1436 50
1437 48
1438 48
1439 48
1440 45
1441 45
1442 44
1443 45
1444 45
1445 44
1446 42
1447 43
1448 42
1449 41
1450 42
1451 41
1452 42
1453 42
1454 41
1455 40
1456 40
1457 40
1458 40
1459 38
1460 38
1461 38
1462 43
1463 43
1464 43
1465 42
1466 40
1467 41
1468 47
1469 46
1470 47
1471 47
1472 46
1473 47
1474 46
1475 46
1476 46
1477 46
1478 47
1479 47
1480 47
1481 47
1482 47
1483 47
1484 48
1485 48
1486 48
1487 49
1488 50
1489 49
1490 50
1491 49
1492 50
1493 23
1494 23
1495 23
1496 24
1497 23
1498 28
1499 30
1500 29
1501 30
1502 31
1503 31
1504 31
1505 32
1506 32
1507 32
1508 33
1509 34
1510 33
1511 34
1512 34
1513 35
1514 34
1515 35
1516 35
1517 35
1518 36
1519 35
1520 36
1521 36
1522 37
1523 37
1524 36
1525 37
1526 37
1527 37
1528 36
1529 37
1530 37
1531 37
1532 37
1533 37
1534 37
1535 38
1536 38
1537 42
1538 42
1539 42
1540 43
1541 43
1542 43
1543 43
1544 44
1545 6
1546 37
1547 34
1548 35
1549 33
1550 33
1551 32
1552 33
1553 33
1554 33
1555 33
1556 34
1557 34
1558 34
1559 34
1560 35
1561 35
1562 35
1563 35
1564 36
1565 37
1566 36
1567 37
1568 37
1569 38
1570 37
1571 37
1572 38
1573 37
1574 38
1575 38
1576 39
1577 39
1578 39
1579 41
1580 41
1581 42
1582 41
1583 42
1584 43
1585 43
1586 43
1587 42
1588 42
1589 42
1590 43
1591 42
1592 43
1593 43
1594 44
1595 43
1596 44
1597 47
1598 49
1599 50
1600 52
1601 52
1602 52
1603 49
1604 50
1605 50
1606 50
1607 50
1608 51
1609 50
1610 51
1611 51
1612 50
1613 48
1614 47
1615 48
1616 47
1617 48
1618 48
1619 48
1620 48
1621 22
1622 22
1623 23
1624 23
1625 23
1626 24
1627 24
1628 23
1629 24
1630 24
1631 25
1632 24
1633 25
1634 25
1635 26
1636 25
1637 26
1638 26
1639 27
1640 27
1641 22
1642 22
1643 23
1644 22
1645 23
1646 23
1647 23
1648 23
1649 23
1650 24
1651 23
1652 24
1653 24
1654 24
1655 24
1656 25
1657 24
1658 25
1659 25
1660 26
1661 25
1662 25
1663 26
1664 26
1665 26
1666 26
1667 27
1668 27
1669 28
1670 27
1671 28
1672 28
1673 29
1674 17
1675 18
1676 18
1677 19
1678 18
1679 19
1680 19
1681 20
1682 21
1683 20
1684 27
1685 29
1686 30
1687 30
1688 30
1689 30
1690 31
1691 31
1692 32
1693 31
1694 32
1695 32
1696 33
1697 33
1698 33
1699 34
1700 34
1701 35
1702 36
1703 35
1704 36
1705 37
1706 37
1707 38
1708 37
1709 38
1710 38
1711 39
1712 39
1713 39
1714 39
1715 40
1716 41
1717 41
1718 41
1719 41
1720 42
1721 42
1722 41
1723 42
1724 42
1725 43
1726 42
1727 43
1728 43
1729 44
1730 44
1731 44
1732 44
1733 45
1734 45
1735 46
1736 45
1737 46
1738 50
1739 50
1740 51
1741 50
1742 51
1743 51
1744 52
1745 52
1746 52
1747 52
1748 53
1749 14
1750 14
1751 15
1752 15
1753 16
1754 15
1755 16
1756 16
1757 17
1758 16
1759 16
1760 17
1761 17
1762 18
1763 17
1764 18
1765 18
1766 19
1767 19
1768 20
1769 20
1770 21
1771 21
1772 21
1773 21
1774 22
1775 22
1776 23
1777 22
1778 22
1779 23
1780 23
1781 24
1782 23
1783 24
1784 25
1785 26
1786 27
1787 27
1788 27
1789 29
1790 31
1791 31
1792 32
1793 33
1794 33
1795 33
1796 34
1797 35
1798 35
1799 35
1800 36
1801 36
1802 28
1803 21
1804 21
1805 22
1806 22
1807 23
1808 23
1809 24
1810 23
1811 24
1812 24
1813 25
1814 26
1815 25
1816 25
1817 25
1818 25
1819 26
1820 25
1821 26
1822 26
1823 26
1824 26
1825 27
1826 26
1827 27
1828 27
1829 27
1830 27
1831 28
1832 27
1833 27
1834 28
1835 27
1836 28
1837 28
1838 29
1839 29
1840 30
1841 30
1842 31
1843 30
1844 31
1845 32
1846 32
1847 33
1848 32
1849 33
1850 33
1851 34
1852 34
1853 34
1854 34
1855 35
1856 35
1857 36
1858 35
1859 36
1860 36
1861 36
1862 37
1863 37
1864 37
1865 37
1866 38
1867 38
1868 38
1869 38
1870 39
1871 39
1872 39
1873 38
1874 38
1875 39
1876 40
1877 22
1878 22
1879 22
1880 23
1881 22
1882 23
1883 23
1884 24
1885 24
1886 24
1887 25
1888 25
1889 25
1890 26
1891 26
1892 26
1893 26
1894 27
1895 26
1896 27
1897 27
1898 27
1899 27
1900 27
1901 27
1902 28
1903 27
1904 27
1905 28
1906 29
1907 28
1908 28
1909 29
1910 29
1911 28
1912 29
1913 29
1914 26
1915 27
1916 27
1917 28
1918 27
1919 27
1920 28
1921 28
1922 28
1923 27
1924 28
1925 28
1926 28
1927 28
1928 28
1929 29
1930 17
1931 18
1932 18
1933 18
1934 18
1935 18
1936 19
1937 18
1938 18
1939 19
1940 19
1941 19
1942 19
1943 20
1944 21
1945 22
1946 22
1947 21
1948 22
1949 22
1950 23
1951 23
1952 23
1953 23
1954 23
1955 24
1956 24
1957 23
1958 24
1959 24
1960 25
1961 25
1962 24
1963 25
1964 25
1965 25
1966 26
1967 25
1968 26
1969 26
1970 25
1971 26
1972 26
1973 27
1974 27
1975 26
1976 27
1977 27
1978 28
1979 28
1980 28
1981 28
1982 28
1983 29
1984 29
1985 29
1986 29
1987 29
1988 30
1989 30
1990 30
1991 31
1992 30
1993 30
1994 31
1995 31
1996 31
1997 31
1998 32
1999 32
2000 32
2001 32
2002 33
2003 33
2004 33
2005 14
2006 14
2007 15
2008 14
2009 14
2010 14
2011 14
2012 15
2013 14
2014 14
2015 14
2016 14
2017 14
2018 15
2019 15
2020 16
2021 16
2022 16
2023 16
2024 17
2025 18
2026 18
2027 19
2028 18
2029 19
2030 19
2031 19
2032 20
2033 19
2034 19
2035 20
2036 20
2037 20
2038 20
2039 20
2040 21
2041 21
2042 21
2043 21
2044 21
2045 22
2046 22
2047 22
2048 22
2049 22
2050 22
2051 23
2052 23
2053 23
2054 23
2055 23
2056 24
2057 24
2058 7
2059 7
2060 8
2061 7
2062 7
2063 7
2064 5
2065 5
2066 4
2067 5
2068 18
2069 17
2070 18
2071 19
2072 19
2073 21
2074 19
2075 20
2076 20
2077 20
2078 19
2079 18
2080 19
2081 18
2082 18
2083 18
2084 21
2085 5
2086 5
2087 5
2088 6
2089 6
2090 5
2091 6
2092 6
2093 6
2094 7
2095 6
2096 27
2097 28
2098 27
2099 28
2100 28
2101 28
2102 28
2103 28
2104 29
2105 29
2106 29
2107 29
2108 30
2109 30
2110 32
2111 31
2112 32
2113 32
2114 32
2115 32
2116 31
2117 32
2118 32
2119 33
2120 32
2121 32
2122 33
2123 32
2124 33
2125 33
2126 33
2127 33
2128 33
2129 34
2130 34
2131 33
2132 34
2133 34
2134 34
2135 35
2136 35
2137 36
2138 36
2139 36
2140 36
2141 36
2142 37
2143 37
2144 37
2145 37
2146 39
2147 39
2148 39
2149 40
2150 39
2151 39
2152 40
2153 40
2154 41
2155 40
2156 41
2157 40
2158 41
2159 41
2160 40
2161 41
2162 41
2163 42
2164 42
2165 41
2166 42
2167 42
2168 42
2169 43
2170 42
2171 43
2172 45
2173 45
2174 46
2175 45
2176 45
2177 46
2178 46
2179 47
2180 47
2181 47
2182 47
2183 48
2184 48
2185 48
2186 48
2187 14
2188 14
2189 14
2190 14
2191 15
2192 14
2193 15
2194 15
2195 15
2196 11
2197 11
2198 10
2199 11
2200 11
2201 11
2202 11
2203 10
2204 10
2205 11
2206 9
2207 9
2208 10
2209 10
2210 10
2211 10
2212 11
2213 11
2214 11
2215 11
2216 11
2217 11
2218 12
2219 12
2220 12
2221 11
2222 12
2223 12
2224 7
2225 7
2226 8
2227 7
2228 8
2229 9
2230 10
2231 10
2232 9
2233 10
2234 10
2235 11
2236 10
2237 12
2238 12
2239 13
2240 12
2241 13
2242 13
2243 14
2244 13
2245 14
2246 14
2247 14
2248 15
2249 16
2250 15
2251 15
2252 16
2253 17
2254 16
2255 17
2256 18
2257 19
2258 19
2259 18
2260 18
2261 19
2262 18
2263 18
2264 18
2265 18
2266 19
2267 18
2268 16
2269 16
2270 16
2271 16
2272 17
2273 19
2274 19
2275 18
2276 19
2277 19
2278 20
2279 19
2280 20
2281 20
2282 21
2283 21
2284 21
2285 21
2286 21
2287 22
2288 22
2289 22
2290 22
2291 23
2292 23
2293 23
2294 24
2295 24
2296 24
2297 24
2298 23
2299 24
2300 23
2301 24
2302 24
2303 24
2304 25
2305 24
2306 24
2307 24
2308 25
2309 25
2310 26
2311 25
2312 25
2313 26
2314 26
2315 26
2316 42
2317 43
2318 46
2319 46
2320 46
2321 47
2322 47
2323 47
2324 47
2325 47
2326 48
2327 48
2328 48
2329 48
2330 49
2331 49
2332 46
2333 46
2334 46
2335 47
2336 46
2337 46
2338 46
2339 46
2340 47
2341 45
2342 45
2343 46
2344 45
2345 46
2346 45
2347 45
2348 45
2349 44
2350 39
2351 37
2352 18
2355 20
2356 23
2353 17
2357 23
2354 20
2358 23
2359 24
2360 24
2361 25
2362 24
2363 24
2364 25
2365 26
2366 25
2367 26
2368 26
2369 26
2370 27
2371 26
2372 27
2373 27
2374 28
2375 28
2376 27
2377 26
2378 26
2379 27
2380 27
2381 27
2382 27
2383 27
2384 28
2385 29
2386 28
2387 29
2388 29
2389 30
2390 30
2391 30
2392 30
2393 30
2394 31
2395 31
2396 16
2397 9
2398 8
2399 9
2400 6
2401 11
2402 12
2403 13
2404 14
2405 15
2406 16
2407 17
2408 17
2409 16
2410 17
2411 17
2412 19
2413 19
2414 18
2415 19
2416 19
2417 20
2418 20
2419 21
2420 21
2421 21
2422 21
2423 22
2424 22
2425 22
2426 23
2427 24
2428 24
2429 23
2430 24
2431 24
2432 28
2433 31
2434 31
2435 31
2436 31
2437 32
2438 32
2439 33
2440 32
2441 33
2442 33
2443 33
2444 30
2445 31
2446 30
2447 31
2448 31
2449 32
2450 32
2451 32
2452 32
2453 31
2454 26
2455 27
2456 25
2457 24
2458 25
2459 24
2460 24
2461 22
2462 22
2463 22
2464 22
2465 23
2466 23
2467 22
2468 23
2469 23
2470 24
2471 23
2472 24
2473 24
2474 25
2475 24
2476 25
2477 25
2478 25
2479 25
2480 25
2481 24
2482 23
2483 25
2484 26
2485 27
2486 28
2487 27
2488 28
2489 28
2490 29
2491 29
2492 28
2493 28
2494 28
2495 28
2496 28
2497 28
2498 28
2499 29
2500 28
2501 29
2502 28
2503 28
2504 29
2505 28
2506 29
2507 28
2508 29
2509 29
2510 29
2511 30
2512 29
2513 29
2514 30
2515 31
2516 30
2517 30
2518 30
2519 31
2520 31
2521 31
2522 31
2523 32
2524 32
2525 31
2526 32
2527 32
2528 32
2529 48
2530 37
2531 38
2532 38
2533 38
2534 36
2535 35
2536 36
2537 36
2538 35
2539 36
2540 36
2541 37
2542 36
2543 36
2544 37
2545 36
2546 37
2547 37
2548 37
2549 37
2550 36
2551 37
2552 36
2553 36
2554 36
2555 37
2556 37
2557 38
2558 38
2559 42
2560 42
2561 35
2562 35
2563 34
2564 32
2565 32
2566 32
2567 32
2568 31
2569 32
2570 32
2571 32
2572 29
2573 29
2574 36
2575 37
2576 38
2577 38
2578 37
2579 37
2580 38
2581 38
2582 37
2583 37
2584 37
2585 38
2586 37
2587 37
2588 38
2589 38
2590 37
2591 38
2592 38
2593 38
2594 39
2595 38
2596 38
2597 39
2598 38
2599 38
2600 39
2601 39
2602 39
2603 39
2604 39
2605 39
2606 40
2607 41
2608 8
2609 9
2610 12
2611 13
2612 13
2613 13
2614 14
2615 13
2616 13
2617 14
2618 14
2619 13
2620 13
2621 14
2622 14
2623 14
2624 15
2625 14
2626 15
2627 15
2628 15
2629 15
2630 16
2631 15
2632 15
2633 16
2634 16
2635 16
2636 15
2637 15
2638 15
2639 15
2640 16
2641 16
2642 15
2643 16
2644 16
2645 16
2646 17
2647 17
2648 16
2649 16
2650 17
2651 18
2652 18
2653 18
2654 17
2655 18
2656 18
2657 3
2658 3
2659 4
2660 4
2661 5
2662 5
2663 5
2664 5
2665 5
2666 6
2667 5
2668 5
2669 2
2670 3
2671 3
2672 2
2673 3
2674 3
2675 3
2676 3
2677 3
2678 34
2679 35
2680 35
2681 35
2682 35
2683 36
2684 35
2685 35
2686 35
2687 35
2688 35
2689 35
2690 36
2691 36
2692 30
2693 27
2694 27
2695 27
2696 27
2697 28
2698 28
2699 29
2700 28
2701 27
2702 27
2703 27
2704 26
2705 25
2706 24
2707 25
2708 25
2709 25
2710 24
2711 24
2712 25
2713 25
2714 25
2715 25
2716 24
2717 24
2718 25
2719 25
2720 25
2721 23
2722 22
2723 22
2724 23
2725 23
2726 24
2727 23
2728 23
2729 24
2730 24
2731 25
2732 23
2733 15
2734 14
2735 15
2736 15
2737 15
2738 16
2739 15
2740 16
2741 16
2742 16
2743 16
2744 16
2745 17
2746 17
2747 17
2748 18
2749 17
2750 18
2751 18
2752 18
2753 19
2754 18
2755 18
2756 19
2757 19
2758 20
2759 19
2760 19
2761 20
2762 20
2763 20
2764 20
2765 20
2766 21
2767 21
2768 21
2769 22
2770 21
2771 22
2772 22
2773 22
2774 23
2775 23
2776 23
2777 23
2778 23
2779 24
2780 24
2781 24
2782 24
2783 24
2784 25
2785 25
2786 25
2787 25
2788 25
2789 26
2790 26
2791 26
2792 27
2793 26
2794 27
2795 27
2796 27
2797 14
2798 15
2799 14
2800 15
2801 8
2802 6
2803 5
2804 4
2805 4
2806 37
2807 37
2808 37
2809 38
2810 37
2811 38
2812 39
2813 38
2814 39
2815 40
2816 40
2817 41
2818 41
2819 41
2820 41
2821 42
2822 41
2823 42
2824 42
2825 41
2826 42
2827 42
2828 42
2829 43
2830 43
2831 44
2832 37
2833 38
2834 37
2835 37
2836 36
2837 36
2838 35
2839 35
2840 34
2841 33
2842 34
2843 33
2844 28
2845 28
2846 28
2847 28
2848 26
2849 27
2850 26
2851 27
2852 27
2853 28
2854 28
2855 28
2856 29
2857 29
2858 29
2859 29
2860 30
2861 17
2862 18
2863 18
2864 19
2865 18
2866 19
2867 19
2868 20
2869 20
2870 21
2871 20
2872 21
2873 21
2874 22
2875 22
2876 22
2877 22
2878 22
2879 22
2880 23
2881 23
2882 23
2883 23
2884 23
2885 23
2886 24
2887 24
2888 24
2889 24
2890 24
2891 25
2892 25
2893 25
2894 25
2895 25
2896 25
2897 25
2898 26
2899 25
2900 25
2901 26
2902 26
2903 26
2904 27
2905 27
2906 26
2907 26
2908 27
2909 27
2910 27
2911 27
2912 27
2913 27
2914 28
2915 28
2916 28
2917 8
2918 8
2919 8
2920 7
2921 7
2922 8
2923 9
2924 10
2925 15
2926 16
2927 16
2928 16
2929 17
2930 17
2931 17
2932 16
2933 15
2934 12
2935 13
2936 12
2937 12
2938 13
2939 13
2940 13
2941 12
2942 13
2943 13
2944 13
2945 13
2946 13
2947 13
2948 14
2949 14
2950 13
2951 13
2952 15
2953 15
2954 15
2955 15
2956 15
2957 15
2958 16
2959 16
2960 15
2961 16
2962 16
2963 16
2964 17
2965 16
2966 16
2967 16
2968 17
2969 17
2970 16
2971 17
2972 17
2973 17
2974 18
2975 17
2976 17
2977 17
2978 18
2979 18
2980 18
2981 18
2982 18
2983 18
2984 18
2985 19
2986 18
2987 18
2988 19
2989 4
2990 4
2991 4
2992 3
2993 4
2994 4
2995 4
2996 5
2997 4
2998 5
2999 5
3000 5
3001 5
3002 5
3003 15
3004 14
3005 15
3006 14
3007 13
3008 13
3009 14
3010 13
3011 13
3012 14
3013 14
3014 13
3015 13
3016 14
3017 14
3018 14
3019 15
3020 14
3021 14
3022 14
3023 15
3024 14
3025 14
3026 15
3027 15
3028 15
3029 14
3030 15
3031 15
3032 15
3033 15
3034 15
3035 15
3036 16
3037 16
3038 16
3039 16
3040 16
3041 16
3042 16
3043 17
3044 16
3045 16
3046 17
3047 17
3048 17
3049 17
3050 16
3051 17
3052 17
3053 15
3054 16
3055 15
3056 15
3057 6
3058 7
3059 6
3060 6
3061 6
3062 1
3063 13
3064 13
3065 14
3066 13
3067 13
3068 13
3069 14
3070 14
3071 13
3072 14
3073 14
3074 14
3075 14
3076 14
3077 14
3078 14
3079 15
3080 15
3081 14
3082 14
3083 15
3084 15
3085 15
3086 15
3087 15
3088 15
3089 16
3090 16
3091 15
3092 15
3093 16
3094 16
3095 16
3096 16
3097 16
3098 16
3099 16
3100 17
3101 16
3102 16
3103 16
3104 17
3105 17
3106 16
3107 16
3108 16
3109 16
3110 16
3111 15
3112 16
3113 16
3114 16
3115 17
3116 16
3117 7
3118 7
3119 8
3120 8
3121 7
3122 7
3123 8
3124 8
3125 8
3126 7
3127 8
3128 8
3129 8
3130 8
3131 3
3132 3
3133 3
3134 3
3135 2
3136 3
3137 3
3138 3
3139 4
3140 3
3141 3
3142 1
3143 1
3144 11
3145 11
3146 12
3147 11
3148 11
3149 11
3150 12
3151 12
3152 12
3153 12
3154 12
3155 12
3156 13
3157 13
3158 12
3159 12
3160 13
3161 13
3162 13
3163 12
3164 13
3165 13
3166 13
3167 13
3168 13
3169 13
3170 13
3171 14
3172 13
3173 13
3174 13
3175 14
3176 14
3177 13
3178 13
3179 14
3180 14
3181 14
3182 15
3183 14
3184 14
3185 14
3186 15
3187 15
3188 15
3189 14
3190 1
3191 4
3192 3
3193 3
3194 3
3195 4
3196 3
3197 3
3198 3
3199 4
3200 3
3201 3
3202 4
3203 2
3204 2
3205 10
3206 9
3207 10
3208 10
3209 10
3210 9
3211 9
3212 10
3213 10
3214 9
3215 9
3216 9
3217 10
3218 10
3219 10
3220 9
3221 9
3222 10
3223 10
3224 10
3225 10
3226 10
3227 10
3228 11
3229 11
3230 10
3231 11
3232 11
3233 11
3234 11
3235 11
3236 11
3237 12
3238 12
3239 13
3240 13
3241 12
3242 13
3243 13
3244 13
3245 13
3246 13
3247 13
3248 13
3249 13
3250 13
3251 13
3252 13
3253 13
3254 13
3255 14
3256 13
3257 13
3258 14
3259 5
3260 4
3261 4
3262 5
3263 5
3264 5
3265 4
3266 4
3267 5
3268 5
3269 5
3270 5
3271 5
3272 20
3273 20
3274 20
3275 20
3276 21
3277 20
3278 20
3279 20
3280 21
3281 21
3282 20
3283 21
3284 21
3285 21
3286 21
3287 21
3288 21
3289 21
3290 22
3291 22
3292 21
3293 21
3294 22
3295 22
3296 22
3297 23
3298 22
3299 22
3300 23
3301 23
3302 23
3303 24
3304 23
3305 25
3306 26
3307 26
3308 26
3309 26
3310 26
3311 26
3312 26
3313 27
3314 27
3315 26
3316 27
3317 27
3318 27
3319 8
3320 9
3321 8
3322 9
3323 9
3324 10
3325 9
3326 9
3327 10
3328 10
3329 10
3330 9
3331 11
3332 11
3333 11
3334 11
3335 11
3336 12
3337 12
3338 11
3339 11
3340 11
3341 11
3342 11
3343 11
3344 11
3345 11
3346 11
3347 11
3348 11
3349 12
3350 11
3351 11
3353 11
3352 11
3354 11
3355 11
3356 11
3357 12
3358 11
3359 11
3360 12
3361 12
3362 11
3363 11
3364 11
3365 12
3366 12
3367 13
3368 13
3369 14
3370 13
3371 7
3372 7
3373 6
3374 7
3375 7
3376 7
3377 7
3378 8
3379 8
3380 7
3381 7
3382 8
3383 8
3384 8
3385 8
3386 9
3387 4
3388 4
3389 4
3390 4
3391 4
3392 4
3393 5
3394 5
3395 5
3396 4
3397 5
3398 5
3399 5
3400 3
3401 2
3402 2
3403 2
3404 3
3405 3
3406 3
3407 3
3408 2
3409 2
3410 3
3411 3
3412 3
3413 28
3414 26
3415 26
3416 26
3417 20
3418 18
3419 16
3420 17
3421 8
3422 8
3423 8
3424 8
3425 8
3426 7
3427 8
3428 8
3429 8
3430 8
3431 9
3432 9
3433 8
3434 8
3435 8
3436 9
3437 9
3438 9
3439 10
3440 9
3441 9
3442 10
3443 10
3444 10
3445 10
3446 10
3447 10
3448 10
3449 10
3450 10
3451 10
3452 11
3453 10
3454 10
3455 11
3456 11
3457 11
3458 11
3459 13
3460 13
3461 13
3462 13
3463 13
3464 14
3465 14
3466 14
3467 14
3468 15
3469 15
3470 14
3471 15
3472 15
3473 15
3474 15
3475 16
3476 15
3477 15
3478 16
3479 16
3480 16
3481 16
3482 16
3483 16
3484 16
3485 16
3486 16
3487 17
3488 17
3489 17
3490 17
3491 18
3492 17
3493 17
3494 18
3495 18
3496 18
3497 19
3498 19
3499 20
3500 19
3501 19
3502 19
3503 20
3504 20
3505 20
3506 20
3507 21
3508 20
3509 20
3510 20
3511 21
3512 21
3513 21
3514 21
3515 7
3516 8
3517 8
3518 7
3519 7
3520 8
3521 8
3522 8
3523 8
3524 9
3525 8
3526 8
3527 8
3528 4
3529 4
3530 4
3531 4
3532 4
3533 4
3534 5
3535 5
3536 5
3537 4
3538 5
3539 5
3540 5
3541 4
3542 3
3543 3
3544 4
3545 4
3546 3
3547 3
3548 4
3549 2
3550 2
3551 2
3552 3
3553 3
3554 3
3555 2
3556 2
3557 2
3558 3
3559 3
3560 3
3561 4
3562 4
3563 4
3564 5
3565 5
3566 5
3567 4
3568 7
3569 7
3570 8
3571 8
3572 8
3573 8
3574 9
3575 9
3576 9
3577 10
3578 10
3579 11
3580 11
3581 11
3582 11
3583 12
3584 11
3585 11
3586 11
3587 13
3588 13
3589 14
3590 14
3591 14
3592 15
3593 15
3594 14
3595 15
3596 15
3597 16
3598 16
3599 16
3600 15
3601 16
3602 16
3603 16
3604 16
3606 17
3605 17
3607 16
3608 16
3609 17
3610 17
3611 17
3612 16
3613 17
3614 17
3615 17
3616 18
3617 18
3618 18
3619 18
3620 18
3621 18
3622 18
3623 19
3624 19
3625 18
3626 18
3627 18
3628 18
3629 17
3630 18
3631 17
3632 17
3633 17
3634 17
3635 17
3636 18
3637 19
3638 18
3639 19
3640 19
3641 19
3642 20
3643 9
3644 10
3645 9
3646 9
3647 10
3648 10
3649 10
3650 11
3651 11
3652 11
3653 11
3654 11
3655 12
3656 8
3657 8
3658 8
3659 9
3660 8
3661 8
3662 9
3663 9
3664 9
3665 9
3666 9
3667 9
3668 10
3669 10
3670 11
3671 11
3672 11
3673 12
3674 11
3675 12
3676 13
3677 13
3678 13
3679 13
3680 13
3681 13
3682 14
3683 14
3684 14
3685 15
3686 14
3687 14
3688 15
3689 15
3690 7
3691 8
3692 8
3693 9
3694 9
3695 10
3696 11
3697 11
3698 12
3699 12
3700 13
3701 12
3702 12
3703 12
3704 12
3705 12
3706 13
3707 12
3708 12
3709 12
3710 12
3711 12
3712 12
3713 12
3714 13
3715 4
3716 4
3717 5
3718 5
3719 6
3720 5
3721 5
3722 6
3723 6
3724 6
3725 5
3726 6
3727 6
3728 6
3729 7
3730 7
3731 7
3732 7
3733 7
3734 7
3735 8
3736 8
3737 8
3738 16
3739 9
3740 9
3741 9
3742 10
3743 10
3744 9
3745 9
3746 10
3747 9
3748 9
3749 10
3750 10
3751 10
3752 9
3753 9
3754 10
3755 10
3756 10
3757 10
3758 11
3759 11
3760 10
3761 9
3762 6
3763 7
3764 7
3765 7
3766 6
3767 7
3768 7
3769 7
3770 7
3771 8
3772 7
3773 7
3774 7
3775 8
3776 8
3777 8
3778 8
3779 8
3780 8
3781 8
3782 8
3783 9
3784 7
3785 7
3786 6
3787 7
3788 7
3789 7
3790 7
3791 8
3792 7
3793 7
3794 7
3795 8
3796 8
3797 8
3798 7
3799 8
3800 8
3801 8
3802 8
3803 8
3804 8
3805 8
3806 8
3807 8
3808 9
3809 9
3810 8
3811 8
3812 9
3813 9
3814 9
3815 9
3816 9
3817 9
3818 8
3819 8
3820 8
3821 9
3822 10
3823 10
3824 9
3825 10
3826 10
3827 10
3828 10
3829 11
3830 10
3831 10
3832 10
3833 11
3834 11
3835 11
3836 12
3837 11
3838 11
3839 12
3840 15
3841 16
3842 16
3843 3
3844 4
3845 4
3846 5
3847 5
3848 4
3849 5
3850 5
3851 5
3852 6
3853 6
3854 6
3855 6
3856 7
3857 7
3858 8
3859 8
3860 8
3861 7
3862 8
3863 4
3864 3
3865 4
3866 4
3867 5
3868 4
3869 4
3870 4
3871 4
3872 4
3873 4
3874 4
3875 4
3876 4
3877 4
3878 53
3879 53
3880 53
3881 54
3882 55
3883 56
3884 55
3885 56
3886 56
3887 56
3888 57
3889 56
3890 56
3891 57
3892 57
3893 58
3894 57
3895 58
3896 61
3897 60
3898 60
3899 60
3900 60
3901 60
3902 61
3903 61
3904 61
3905 61
3906 61
3907 61
3908 61
3909 61
3910 61
3911 61
3912 62
3913 62
3914 61
3915 61
3916 61
3917 56
3918 52
3919 52
3920 52
3921 52
3922 52
3923 51
3924 52
3925 50
3926 50
3927 51
3928 51
3929 51
3930 50
3931 50
3932 50
3933 50
3934 49
3935 49
3936 48
3937 48
3938 48
3939 47
3940 47
3941 47
3942 44
3943 43
3944 44
3945 43
3946 42
3947 42
3948 43
3949 43
3950 41
3951 42
3952 42
3953 42
3954 41
3955 42
3956 40
3957 36
3958 36
3959 36
3960 35
3961 35
3962 35
3963 34
3964 31
3965 30
3966 12
3967 12
3968 12
3969 12
3970 12
3971 12
3972 12
3973 12
3974 12
3975 12
3976 12
3977 12
3978 12
3979 12
3980 11
3981 12
3982 12
3983 12
3984 12
3985 12
3986 11
3987 11
3988 11
3989 12
3990 12
3991 12
3992 12
3993 12
3994 12
3995 12
3996 12
3997 12
3998 13
3999 13
4000 13
4001 12
4002 12
4003 13
4004 13
4005 1
4006 1
4007 1
4008 0
4009 1
4010 1
4011 2
4012 2
4013 2
4014 3
4015 2
4016 3
4017 3
4018 3
4019 4
4020 3
4021 3
4022 3
4023 4
4024 5
4025 5
4026 5
4027 4
4028 5
4029 15
4030 14
4031 14
4032 15
4033 15
4034 15
4035 16
4036 15
4037 15
4038 15
4039 16
4040 16
4041 16
4042 16
4043 16
4044 17
4045 17
4046 18
4047 18
4048 18
4049 19
4050 18
4051 18
4052 18
4053 18
4054 19
4055 19
4056 19
4057 19
4058 19
4059 19
4060 19
4061 20
4062 20
4063 20
4064 20
4065 20
4066 20
4067 20
4068 21
4069 21
4070 21
4071 22
4072 21
4073 21
4074 21
4075 21
4076 22
4077 22
4078 22
4079 22
4080 22
4081 22
4082 22
4083 22
4084 23
4085 23
4086 23
4087 24
4088 23
4089 23
4090 23
4091 24
4092 24
4093 24
4094 11
4095 11
4096 10
4097 10
4098 10
4099 10
4100 7
4101 7
4102 7
4103 7
4104 7
4105 7
4106 7
4107 7
4108 8
4109 8
4110 9
4111 9
4112 9
4113 9
4114 9
4115 9
4116 10
4117 11
4118 11
4119 10
4120 10
4121 11
4122 11
4123 11
4124 11
4125 12
4126 12
4127 11
4128 11
4129 12
4130 12
4131 12
4132 13
4133 13
4134 5
4135 5
4136 5
4137 5
4138 5
4139 5
4140 5
4141 5
4142 6
4143 6
4144 5
4145 4
4146 4
4147 4
4148 3
4149 3
4150 4
4151 4
4152 4
4153 3
4154 3
4155 3
4156 3
4157 0
4158 1
4159 1
4160 0
4161 4
4162 4
4163 4
4164 5
4165 4
4166 4
4167 5
4168 5
4169 5
4170 6
4171 5
4172 5
4173 6
4174 6
4175 5
4176 6
4177 6
4178 6
4179 7
4180 7
4181 13
4182 13
4184 12
4183 13
4185 13
4186 13
4187 14
4188 14
4189 14
4190 14
4191 14
4192 14
4193 14
4194 14
4195 14
4196 15
4197 15
4198 14
4199 14
4200 14
4201 14
4202 14
4203 15
4204 15
4205 14
4206 14
4207 14
4208 14
4209 14
4210 13
4211 14
4212 14
4213 14
4214 14
4215 15
4216 15
4217 15
4218 6
4219 6
4220 6
4221 7
4222 7
4223 7
4224 8
4225 9
4226 9
4227 10
4228 7
4229 7
4230 6
4231 7
4232 7
4233 7
4234 8
4235 7
4236 8
4237 9
4238 9
4239 9
4240 10
4241 9
4242 10
4243 10
4244 10
4245 11
4246 11
4247 11
4248 11
4249 11
4250 12
4251 12
4252 19
4253 18
4254 21
4255 22
4256 22
4257 22
4258 22
4259 20
4260 20
4261 20
4262 20
4263 21
4264 21
4265 21
4266 21
4267 21
4268 41
4269 39
4270 40
4271 41
4272 41
4273 41
4274 41
4275 42
4276 42
4277 42
4278 41
4279 42
4280 42
4281 43
4282 43
4283 44
4284 43
4285 22
4286 25
4287 26
4288 25
4289 11
4290 11
4291 11
4292 11
4293 11
4294 11
4295 11
4296 10
4297 10
4298 10
4299 11
4300 11
4301 11
4302 10
4303 10
4304 10
4305 10
4306 10
4307 10
4308 9
4309 9
4310 9
4311 9
4312 9
4313 8
4314 8
4315 8
4316 8
4317 9
4318 9
4319 9
4320 9
4321 8
4322 8
4323 8
4324 7
4325 7
4326 7
4327 7
4328 7
4329 7
4330 6
4331 6
4332 6
4333 6
4334 6
4335 7
4336 7
4337 7
4338 7
4339 7
4340 7
4341 6
4342 6
4343 6
4344 6
4345 6
4346 6
4347 6
4348 6
4349 6
4350 6
4351 6
4352 7
4353 6
4354 6
4355 6
4356 36
4357 36
4358 36
4359 36
4360 37
4361 37
4362 37
4363 37
4364 37
4365 37
4366 37
4367 38
4368 38
4369 31
4370 32
4371 31
4372 31
4373 30
4374 27
4375 24
4376 23
4377 23
4378 22
4379 22
4380 22
4381 22
4382 8
4383 8
4384 9
4385 9
4386 9
4387 9
4388 9
4389 10
4390 10
4391 10
4392 11
4393 10
4394 11
4395 11
4396 11
4397 12
4398 12
4399 12
4400 12
4401 12
4402 13
4403 13
4404 13
4405 14
4406 14
4407 13
4408 14
4409 14
4410 15
4411 15
4412 15
4413 6
4414 6
4415 8
4416 8
4417 2
4418 2
4419 3
4420 3
4421 4
4422 3
4423 3
4424 4
4425 4
4426 1
4427 11
4428 10
4429 11
4430 11
4431 11
4432 11
4433 12
4434 11
4435 11
4436 11
4437 11
4438 11
4439 12
4440 12
4441 11
4442 11
4443 11
4444 11
4445 11
4446 12
4447 12
4448 11
4449 11
4451 11
4452 11
4453 10
4450 11
4454 11
4455 11
4456 11
4457 11
4458 11
4459 12
4460 11
4461 11
4462 11
4463 10
4464 10
4465 10
4466 10
4467 11
4468 12
4469 11
4470 11
4471 12
4472 12
4473 12
4474 12
4475 13
4476 13
4477 12
4478 12
4479 12
4480 13
4481 13
4482 13
4483 13
4484 4
4485 4
4486 4
4487 4
4488 5
4489 5
4490 4
4491 4
4492 5
4493 5
4494 5
4495 5
4496 5
4497 5
4498 5
4499 5
4500 5
4501 5
4502 6
4503 6
4504 5
4505 5
4506 5
4507 6
4508 6
4509 6
4510 1
4511 1
4512 2
4513 2
4514 1
4515 1
4516 2
4517 3
4518 2
4519 4
4520 4
4521 3
4522 3
4523 4
4524 4
4525 4
4526 4
4527 3
4528 3
4529 3
4530 4
4531 4
4532 3
4533 3
4534 6
4535 5
4536 5
4537 5
4538 5
4539 5
4540 5
4541 5
4542 5
4543 5
4544 6
4545 5
4546 5
4547 5
4548 5
4549 5
4550 5
4551 6
4552 5
4553 5
4554 3
4555 3
4556 3
4557 4
4558 4
4559 4
4560 4
4561 4
4562 4
4563 4
4564 5
4565 5
4566 6
4567 6
4568 5
4569 6
4570 9
4571 8
4572 9
4573 8
4574 8
4575 9
4576 9
4577 9
4578 10
4579 9
4580 10
4581 10
4582 10
4583 11
4584 11
4585 11
4586 11
4587 11
4588 12
4589 12
4590 11
4591 12
4592 12
4593 13
4594 13
4595 13
4596 13
4597 13
4598 14
4599 14
4600 14
4601 15
4602 14
4603 14
4604 15
4605 15
4606 15
4607 16
4608 15
4609 16
4610 16
4611 16
4612 6
4613 7
4614 6
4615 7
4616 7
4617 7
4618 8
4619 8
4620 8
4621 8
4622 8
4623 9
4624 9
4625 9
4626 9
4627 9
4628 9
4629 10
4630 10
4631 11
4632 10
4633 10
4634 10
4635 11
4636 11
4637 11
4638 11
4639 10
4640 3
4641 4
4642 4
4643 5
4644 5
4645 4
4646 5
4647 5
4648 5
4649 5
4650 6
4651 6
4652 5
4653 6
4654 6
4655 6
4656 6
4657 6
4658 6
4659 5
4660 5
4661 6
4662 6
4663 6
4664 6
4665 5
4666 5
4667 5
4668 6
4669 6
4670 6
4671 6
4672 5
4673 5
4674 4
4675 4
4676 5
4677 5
4678 5
4679 6
4680 5
4681 5
4682 5
4683 3
4684 3
4685 4
4686 3
4687 3
4688 4
4689 4
4690 4
4691 4
4692 4
4693 4
4694 4
4695 4
4696 4
4697 5
4698 2
4699 2
4700 2
4701 1
4702 2
4703 2
4704 2
4705 2
4706 3
4707 5
4708 4
4709 5
4710 5
4711 5
4712 5
4713 6
4714 6
4715 5
4716 5
4717 6
4718 6
4719 6
4720 6
4721 7
4722 7
4723 7
4724 7
4725 7
4726 7
4727 7
4728 8
4729 8
4730 8
4731 9
4732 8
4733 8
4734 8
4735 8
4736 9
4737 9
4738 9
4739 9
4740 6
4741 9
4742 10
4743 9
4744 10
4745 10
4746 9
4747 10
4748 10
4749 10
4750 10
4751 10
4752 10
4753 10
4754 10
4755 10
4756 11
4757 11
4758 10
4759 11
4760 11
4761 11
4762 11
4763 10
4764 11
4765 11
4766 11
4767 11
4768 7
4769 7
4770 7
4771 7
4772 8
4773 7
4774 7
4775 7
4776 7
4777 8
4778 8
4779 8
4780 7
4781 8
4782 8
4783 8
4784 9
4785 8
4786 8
4787 8
4788 7
4789 8
4790 8
4791 8
4792 8
4793 9
4794 9
4795 8
4796 8
4797 9
4798 9
4799 9
4800 9
4801 10
4802 9
4803 9
4804 9
4805 10
4806 10
4807 10
4808 5
4809 5
4810 5
4811 5
4812 6
4813 6
4814 5
4815 5
4816 5
4817 6
4818 6
4819 6
4820 5
4821 5
4822 6
4823 6
4824 7
4825 7
4826 7
4827 8
4828 7
4829 7
4830 7
4831 7
4832 8
4833 8
4834 7
4835 5
4836 6
4837 5
4838 5
4839 6
4840 6
4841 6
4842 6
4843 6
4844 6
4845 6
4846 6
4847 6
4848 6
4849 7
4850 7
4851 7
4852 6
4853 6
4854 7
4855 7
4856 7
4857 8
4858 8
4859 7
4860 7
4861 8
4862 8
4863 8
4864 9
4865 9
4866 9
4867 8
4868 6
4869 6
4870 5
4871 6
4872 6
4873 6
4874 7
4875 7
4876 7
4877 6
4878 7
4879 7
4880 7
4881 6
4882 6
4883 7
4884 6
4885 6
4886 6
4887 7
4888 7
4889 7
4890 7
4891 8
4892 7
4893 7
4894 7
4895 7
4896 3
4897 3
4898 3
4899 4
4900 4
4901 3
4902 3
4903 4
4904 4
4905 4
4906 4
4907 4
4908 4
4909 4
4910 4
4911 4
4912 5
4913 4
4914 2
4915 4
4916 4
4917 5
4918 4
4919 4
4920 5
4921 5
4922 5
4923 6
4924 5
4925 5
4926 5
4927 5
4928 6
4929 6
4930 6
4931 5
4932 6
4933 6
4934 6
4935 6
4936 3
4937 2
4938 5
4939 5
4940 6
4941 6
4942 7
4943 6
4944 7
4945 9
4946 10
4947 10
4948 10
4949 10
4950 10
4951 10
4952 10
4953 11
4954 11
4955 11
4956 10
4957 11
4958 11
4959 11
4960 11
4961 12
4962 12
4963 6
4964 7
4965 7
4966 6
4967 6
4968 7
4969 7
4970 7
4971 8
4972 7
4973 7
4974 7
4975 8
4976 8
4977 8
4978 7
4979 8
4980 8
4981 8
4982 8
4983 9
4984 9
4985 8
4986 8
4987 9
4988 9
4989 9
4990 10
4991 10
4992 9
4993 9
4994 10
4995 10
4996 6
4997 6
4998 7
4999 7
5000 7
5001 7
5002 7
5003 7
5004 7
5005 8
5006 8
5007 7
5008 7
5009 7
5010 8
5011 8
5012 8
5013 8
5014 4
5015 4
5016 5
5017 4
5018 5
5019 5
5020 5
5021 5
5022 6
5023 5
5024 5
5025 4
5026 4
5027 4
5028 5
5029 5
5030 5
5031 5
5032 5
5033 5
5034 5
5035 5
5036 6
5037 6
5038 6
5039 5
5040 6
5041 6
5042 6
5043 7
5044 7
5045 7
5046 10
5047 9
5048 9
5049 9
5050 9
5051 10
5052 10
5053 10
5054 10
5055 10
5056 10
5057 11
5058 11
5059 11
5060 12
5061 11
5062 11
5063 11
5064 12
5065 4
5066 4
5067 4
5068 5
5069 5
5070 5
5071 6
5072 5
5073 5
5074 5
5075 5
5076 6
5077 6
5078 6
5079 6
5080 6
5081 6
5082 6
5083 6
5084 7
5085 7
5086 6
5087 6
5088 7
5089 7
5090 7
5091 6
5092 6
5093 6
5094 6
5095 6
5096 7
5097 7
5098 7
5099 7
5100 7
5101 7
5102 7
5103 7
5104 8
5105 8
5106 8
5107 7
5108 8
5109 8
5110 8
5111 8
5112 8
5113 9
5117 9
5118 9
5119 9
5120 9
5121 8
5122 9
5123 9
5114 8
5115 8
5116 8
5124 5
5125 5
5126 5
5127 6
5128 6
5129 5
5130 5
5131 5
5132 6
5133 6
5134 6
5135 6
5136 6
5137 6
5138 6
5139 4
5140 4
5141 4
5142 4
5143 4
5144 4
5145 4
5146 4
5147 5
5148 5
5149 5
5150 6
5151 5
5152 5
5153 5
5154 5
5155 6
5156 5
5157 5
5158 5
5159 6
5160 6
5161 6
5162 6
5163 5
5164 6
5165 6
5166 6
5167 6
5168 7
5169 7
5170 6
5171 3
5172 3
5173 4
5174 4
5175 4
5176 5
5177 5
5178 4
5179 4
5180 5
5181 5
5182 5
5183 5
5184 6
5185 5
5186 5
5187 5
5188 6
5189 6
5190 6
5191 5
5192 6
5193 3
5194 2
5195 5
5196 4
5197 4
5198 4
5199 5
5200 5
5201 5
5202 4
5203 5
5204 5
5205 5
5206 5
5207 6
5208 6
5209 6
5210 5
5211 5
5212 6
5213 6
5214 6
5215 6
5216 7
5217 6
5218 6
5219 2
5220 3
5221 2
5222 2
5223 3
5224 3
5225 4
5226 3
5227 3
5228 3
5229 4
5230 4
5231 4
5232 3
5233 3
5234 3
5235 3
5236 4
5237 3
5238 3
5239 3
5240 4
5241 4
5242 6
5243 5
5244 5
5245 5
5246 6
5247 6
5248 6
5249 6
5250 6
5251 6
5252 6
5253 6
5254 7
5255 7
5256 7
5257 7
5258 7
5259 7
5260 7
5261 7
5262 8
5263 8
5264 7
5265 8
5266 8
5267 3
5268 6
5269 5
5270 5
5271 5
5272 6
5273 6
5274 6
5275 6
5276 6
5277 6
5278 6
5279 6
5280 7
5281 7
5282 7
5283 6
5284 7
5285 7
5286 8
5287 8
5288 8
5289 8
5290 9
5291 8
5292 8
5293 8
5294 9
5295 9
5296 9
5297 9
5298 8
5299 3
5300 4
5301 4
5302 5
5303 5
5304 5
5305 5
5306 6
5307 6
5308 7
5309 7
5310 7
5311 6
5312 6
5313 7
5314 7
5315 7
5316 8
5317 9
5318 9
5319 10
5320 10
5321 3
5322 2
5323 5
5324 5
5325 4
5326 4
5327 5
5328 5
5329 5
5330 6
5331 5
5332 5
5333 5
5334 6
5335 6
5336 6
5337 6
5338 6
5339 7
5340 6
5341 6
5342 6
5343 7
5344 7
5345 7
5346 7
5347 6
5348 7
5349 4
5350 4
5351 3
5352 4
5353 4
5354 4
5355 5
5356 5
5357 5
5358 5
5359 5
5360 3
5361 3
5362 3
5363 4
5364 3
5365 3
5366 4
5367 4
5368 5
5369 5
5370 4
5371 5
5372 5
5373 5
5374 5
5375 5
5376 6
5377 6
5378 5
5379 5
5380 6
5381 6
5382 6
5383 6
5384 7
5385 6
5386 6
5387 6
5388 7
5389 7
5390 7
5391 7
5392 8
5393 8
5394 7
5395 2
5396 5
5397 5
5398 5
5399 6
5400 6
5401 5
5402 5
5403 6
5404 6
5405 6
5406 7
5407 7
5408 6
5409 6
5410 6
5411 7
5412 7
5413 7
5414 7
5415 7
5416 7
5417 7
5418 7
5419 8
5420 8
5421 8
5422 8
5423 8
5424 8
5425 8
5426 8
5427 21
5428 24
5429 24
5430 24
5431 24
5432 24
5433 26
5434 26
5435 26
5436 27
5437 27
5438 26
5439 27
5440 27
5441 27
5442 28
5443 28
5444 27
5445 27
5446 28
5447 29
5448 31
5449 32
5450 32
5451 32
5452 32
5453 32
5454 32
5455 33
5456 33
5457 33
5458 33
5459 33
5460 33
5461 33
5462 34
5463 34
5464 33
5465 34
5466 34
5467 34
5468 34
5469 34
5470 34
5471 35
5472 35
5473 35
5474 35
5475 36
5476 35
5477 9
5478 9
5479 9
5480 9
5481 9
5482 9
5483 9
5484 9
5485 8
5486 9
5487 9
5488 8
5489 8
5490 9
5491 9
5492 9
5493 9
5494 8
5495 9
5496 9
5497 9
5498 12
5499 12
5500 12
5501 13
5502 12
5503 12
5504 12
5505 12
5506 13
5507 13
5508 13
5509 12
5510 12
5511 12
5512 13
5513 13
5514 13
5515 13
5516 14
5517 13
5518 13
5519 13
5520 14
5521 14
5522 14
5523 14
5524 15
5525 14
5526 14
5527 14
5528 14
5529 15
5530 15
5531 15
5532 15
5533 15
5534 15
5535 15
5536 15
5537 15
5538 16
5539 16
5540 16
5541 17
5542 18
5543 17
5544 17
5545 18
5546 18
5547 18
5548 18
5549 18
5550 19
5551 18
5552 18
5553 18
5554 19
5555 6
5556 4
5557 4
5558 3
5559 3
5560 4
5561 4
5562 4
5563 3
5564 4
5565 3
5566 3
5567 4
5568 4
5569 4
5570 3
5571 7
5572 3
5573 3
5574 3
5575 4
5576 3
5577 3
5578 2
5579 9
5580 8
5581 8
5582 8
5583 8
5584 8
5585 8
5586 7
5587 7
5588 8
5589 8
5590 8
5591 8
5592 8
5593 8
5594 8
5595 8
5596 8
5597 7
5598 7
5599 7
5600 8
5601 7
5602 7
5603 8
5604 8
5605 8
5606 7
5607 7
5608 8
5609 8
5610 7
5611 7
5612 7
5613 8
5614 8
5615 8
5616 7
5617 7
5618 7
5619 7
5620 7
5621 8
5622 8
5623 7
5624 7
5625 7
5626 7
5627 7
5628 8
5629 8
5630 8
5631 8
5632 9
5633 9
5634 12
5635 13
5636 13
5637 13
5638 13
5639 14
5640 14
5641 14
5642 15
5643 16
5644 16
5645 16
5646 16
5647 17
5648 17
5649 18
5650 18
5651 17
5652 18
5653 18
5654 18
5655 19
5656 19
5657 20
5658 20
5659 19
5660 20
5661 20
5662 21
5663 21
5664 21
5665 22
5666 10
5667 10
5668 10
5669 10
5670 11
5671 11
5672 11
5673 12
5674 12
5675 13
5676 13
5677 13
5678 14
5679 14
5680 14
5681 15
5682 15
5683 15
5684 15
5685 15
5686 15
5687 15
5688 16
5689 16
5690 17
5691 16
5692 15
5693 16
5694 16
5695 16
5696 16
5697 17
5698 17
5699 17
5700 17
5701 17
5702 17
5703 17
5704 18
5705 18
5706 19
5707 15
5708 16
5709 16
5710 17
5711 17
5712 17
5713 18
5714 18
5715 18
5716 19
5717 19
5718 20
5719 19
5720 20
5721 20
5722 21
5723 21
5724 21
5725 22
5726 21
5727 22
5728 22
5729 23
5730 23
5731 24
5732 23
5733 24
5734 25
5735 25
5736 26
5737 26
5738 26
5739 26
5740 26
5741 27
5742 34
5743 36
5744 37
5745 36
5746 37
5747 37
5748 37
5749 38
5750 38
5751 39
5752 38
5753 38
5754 14
5755 14
5756 15
5757 15
5758 15
5759 15
5760 16
5761 16
5762 16
5763 16
5764 16
5765 16
5766 17
5767 17
5768 17
5769 18
5770 18
5771 17
5772 18
5773 18
5774 18
5775 19
5776 19
5777 18
5778 19
5779 19
5780 19
5781 20
5782 20
5783 20
5784 20
5785 20
5786 27
5787 27
5788 29
5789 30
5790 31
5791 30
5792 30
5793 32
5794 32
5795 33
5796 33
5797 35
5798 35
5799 37
5800 37
5801 38
5802 40
5803 39
5804 40
5805 41
5806 42
5807 44
5808 44
5809 44
5810 43
5811 45
5812 44
5813 45
5814 46
5815 46
5816 47
5817 47
5818 47
5819 47
5820 47
5821 47
5822 48
5823 48
5824 48
5825 48
5826 47
5827 48
5828 48
5829 48
5830 48
5831 49
5832 49
5833 48
5834 58
5835 9
5836 9
5837 9
5838 9
5839 9
5840 9
5841 10
5842 10
5843 10
5844 10
5845 10
5846 10
5847 11
5848 11
5849 11
5850 12
5851 12
5852 11
5853 11
5854 11
5855 12
5856 12
5857 12
5858 12
5859 12
5860 12
5861 12
5862 12
5863 13
5864 13
5865 13
5866 13
5867 13
5868 13
5869 13
5870 14
5871 15
5872 15
5873 15
5874 14
5875 15
5876 15
5877 15
5878 15
5879 16
5880 16
5881 15
5882 4
5883 4
5884 5
5885 4
5886 5
5887 5
5888 5
5889 6
5890 6
5891 6
5892 6
5893 6
5894 7
5895 7
5896 7
5897 7
5898 7
5899 7
5900 7
5901 6
5902 7
5903 14
5904 14
5905 13
5906 13
5907 13
5908 13
5909 14
5910 14
5911 14
5912 15
5913 14
5914 14
5915 14
5916 14
5917 15
5918 15
5919 16
5920 17
5921 16
5922 17
5923 17
5924 17
5925 17
5926 17
5927 18
5928 18
5929 17
5930 18
5931 18
5932 18
5933 18
5934 19
5935 18
5936 18
5937 18
5938 19
5939 19
5940 19
5941 18
5942 19
5943 19
5944 19
5945 18
5946 19
5947 19
5948 20
5949 21
5950 21
5951 21
5952 22
5953 21
5954 21
5955 21
5956 22
5957 22
5958 22
5959 23
5960 23
5961 23
5962 5
5963 6
5964 7
5965 7
5966 6
5967 6
5968 6
5969 7
5970 7
5971 7
5972 6
5973 6
5974 7
5975 6
5976 6
5977 6
5978 5
5979 4
5980 5
5981 5
5982 5
5983 5
5984 9
5985 10
5986 9
5987 9
5988 9
5989 9
5990 9
5991 9
5992 10
5993 10
5994 10
5995 10
5996 10
5997 11
5998 11
5999 11
6000 11
6001 11
6002 11
6003 12
6004 12
6005 12
6006 13
6007 12
6008 12
6009 12
6010 4
6011 4
6012 4
6013 4
6014 4
6015 5
6016 5
6017 5
6018 4
6019 5
6020 5
6021 5
6022 5
6023 6
6024 6
6025 5
6026 5
6027 6
6028 6
6029 6
6030 6
6031 2
6032 2
6033 2
6034 2
6035 3
6036 3
6037 3
6038 3
6039 3
6040 2
6041 3
6042 3
6043 3
6044 3
6045 3
6046 3
6047 4
6048 3
6049 3
6050 4
6051 4
6052 4
6053 4
6054 4
6055 4
6056 4
6057 3
6058 8
6059 7
6060 8
6061 8
6062 9
6063 9
6064 9
6065 10
6066 9
6067 10
6068 10
6069 10
6070 11
6071 11
6072 11
6073 12
6074 11
6075 12
6076 12
6077 12
6078 13
6079 13
6080 13
6081 14
6082 13
6083 14
6084 14
6085 15
6086 15
6087 15
6088 15
6089 16
6090 4
6091 3
6092 3
6093 3
6094 4
6095 4
6096 4
6097 4
6098 5
6099 5
6100 5
6101 4
6102 4
6103 5
6104 5
6105 6
6106 6
6107 6
6108 7
6109 7
6110 7
6111 6
6112 4
6113 5
6114 5
6115 6
6116 6
6117 6
6118 7
6119 6
6120 6
6121 7
6122 7
6123 8
6124 8
6125 8
6126 9
6127 9
6128 9
6129 10
6130 10
6131 7
6132 7
6133 7
6134 8
6135 8
6136 9
6137 8
6138 9
6139 9
6140 9
6141 10
6142 10
6143 10
6144 10
6145 9
6146 10
6147 10
6148 10
6149 10
6150 10
6151 10
6152 10
6153 10
6154 10
6155 10
6156 10
6157 9
6158 10
6159 10
6160 10
6161 10
6162 10
6163 9
6164 10
6165 10
6166 10
6167 10
6168 10
6169 11
6170 11
6171 11
6172 8
6173 7
6174 8
6175 8
6176 8
6177 8
6178 8
6179 8
6180 8
6181 9
6182 9
6183 9
6184 10
6185 10
6186 9
6187 10
6188 9
6189 10
6190 10
6191 10
6192 11
6193 11
6194 11
6195 12
6196 11
6197 11
6198 11
6199 12
6200 12
6201 12
6202 12
6203 12
6204 12
6205 12
6206 13
6207 13
6208 13
6209 13
6210 13
6211 13
6212 14
6213 14
6214 14
6215 14
6216 13
6217 20
6218 7
6219 7
6220 7
6221 7
6222 7
6223 7
6224 7
6225 7
6226 7
6227 7
6228 8
6229 8
6230 8
6231 8
6232 7
6233 7
6234 8
6235 8
6236 8
6237 8
6238 8
6239 9
6240 8
6241 8
6242 8
6243 7
6244 8
6245 8
6246 8
6247 8
6248 8
6249 8
6250 7
6251 8
6252 8
6253 8
6254 4
6255 4
6256 4
6257 4
6258 5
6259 4
6260 4
6261 3
6262 4
6263 4
6264 4
6265 4
6266 4
6267 4
6268 4
6269 4
6270 4
6271 4
6272 5
6273 4
6274 4
6275 4
6276 4
6277 6
6278 6
6279 7
6280 7
6281 7
6282 7
6283 7
6284 7
6285 7
6286 6
6287 6
6288 7
6289 7
6290 7
6291 6
6292 6
6293 7
6294 7
6295 8
6296 8
6297 9
6298 9
6299 10
6300 1
6301 1
6302 0
6303 0
6304 4
6305 4
6306 4
6307 5
6308 5
6309 5
6310 4
6311 4
6312 4
6313 5
6314 5
6315 5
6316 5
6317 4
6318 5
6319 5
6320 6
6321 6
6322 6
6323 7
6324 7
6325 7
6326 7
6327 7
6328 7
6329 7
6330 7
6331 8
6332 8
6333 8
6334 8
6335 13
6336 5
6337 5
6338 4
6339 5
6340 5
6341 5
6342 5
6343 5
6344 6
6345 3
6346 6
6347 6
6348 6
6349 6
6350 6
6351 6
6352 6
6353 5
6354 6
6355 6
6356 6
6357 6
6358 5
6359 5
6360 5
6361 5
6362 6
6363 6
6364 7
6365 8
6366 8
6367 7
6368 7
6369 7
6370 7
6371 7
6372 8
6373 8
6374 8
6375 7
6376 7
6377 7
6378 8
6379 8
6380 8
6381 5
6382 5
6383 5
6384 5
6385 4
6386 4
6387 3
6388 5
6389 5
6390 4
6391 4
6392 4
6393 4
6394 5
6395 5
6396 5
6397 4
6398 5
6399 5
6400 4
6401 5
6402 5
6403 5
6404 5
6405 5
6406 5
6407 5
6408 5
6409 6
6410 6
6411 6
6412 6
6413 5
6414 6
6415 6
6416 6
6417 6
6418 6
6419 6
6420 5
6421 6
6422 6
6423 6
6424 6
6425 6
6426 6
6427 5
6428 5
6429 4
6430 4
6431 3
6432 1
6433 5
6434 6
6435 6
6436 6
6437 7
6438 7
6439 6
6440 6
6441 7
6442 7
6443 7
6444 7
6445 7
6446 6
6447 6
6448 7
6449 7
6450 7
6451 7
6452 7
6453 7
6454 7
6455 7
6456 7
6457 7
6458 7
6459 6
6460 7
6461 7
6462 7
6463 23
6464 24
6465 25
6466 24
6467 25
6468 25
6469 26
6470 25
6471 25
6472 26
6473 2
6474 32
6475 33
6476 32
6477 33
6478 33
6479 33
6480 34
6481 33
6482 33
6483 33
6484 28
6485 27
6486 27
6487 24
6488 24
6489 24
6490 24
6491 24
6492 23
6493 23
6494 24
6495 22
6496 21
6497 21
6498 21
6499 18
6500 18
6501 16
6502 17
6503 16
6504 15
6505 14
6506 14
6507 14
6508 14
6509 13
6510 13
6511 14
6512 14
6513 14
6514 14
6515 14
6516 14
6517 14
6518 15
6519 15
6520 15
6521 16
6522 16
6523 16
6524 16
6525 16
6526 16
6527 16
6528 16
6529 16
6530 15
6531 16
6532 16
6533 17
6534 16
6535 16
6536 16
6537 16
6538 16
6539 17
6540 17
6541 16
6542 16
6543 17
6544 17
6545 17
6546 17
6547 17
6548 17
6549 17
6550 17
6551 17
6552 17
6553 17
6554 18
6555 18
6556 17
6557 18
6558 18
6559 19
6560 19
6561 20
6562 20
6563 20
6564 20
6565 20
6566 20
6567 20
6568 20
6569 20
6570 20
6571 21
6572 20
6573 20
6574 20
6575 21
6576 21
6577 21
6578 21
6579 22
6580 22
6581 21
6582 21
6583 21
6584 22
6585 22
6586 22
6587 22
6588 22
6589 23
6590 22
6591 11
6592 10
6593 11
6594 10
6595 10
6596 10
6597 10
6598 11
6599 10
6600 10
6601 1
6602 4
6603 3
6604 3
6605 4
6606 4
6607 4
6608 3
6609 3
6610 4
6611 4
6612 4
6613 4
6614 4
6615 4
6616 4
6617 3
6618 7
6619 4
6620 5
6621 5
6622 6
6623 5
6624 6
6625 6
6626 7
6627 7
6628 8
6629 8
6630 7
6631 9
6632 9
6633 8
6634 9
6635 9
6636 10
6637 9
6638 9
6639 10
6640 10
6641 10
6642 10
6643 10
6644 10
6645 9
6646 10
6647 10
6648 10
6649 11
6650 10
6651 10
6652 11
6653 11
6654 11
6655 11
6656 4
6657 5
6658 5
6659 4
6660 5
6661 5
6662 6
6663 7
6664 7
6665 7
6666 7
6667 6
6668 6
6669 6
6670 7
6671 7
6672 8
6673 8
6674 8
6675 8
6676 8
6677 9
6678 9
6679 10
6680 11
6681 10
6682 11
6683 12
6684 12
6685 13
6686 13
6687 14
6688 14
6689 14
6690 14
6691 15
6692 15
6693 15
6694 16
6695 16
6696 17
6697 9
6698 9
6699 9
6700 9
6701 9
6702 10
6703 10
6704 10
6705 10
6706 9
6707 9
6708 10
6709 10
6710 10
6711 10
6712 11
6713 10
6714 10
6715 10
6716 9
6717 9
6718 10
6719 10
6720 10
6721 10
6722 11
6723 10
6724 10
6725 10
6726 10
6727 11
6728 11
6729 11
6730 10
6731 11
6732 11
6733 11
6734 11
6735 11
6736 11
6737 10
6738 11
6739 11
6740 11
6741 11
6742 11
6743 10
6744 10
6745 10
6746 4
6747 5
6748 5
6749 5
6750 4
6751 4
6752 5
6753 5
6754 5
6755 5
6756 5
6757 5
6758 5
6759 5
6760 5
6761 4
6762 4
6763 4
6764 4
6765 4
6766 3
6767 3
6768 4
6769 4
6770 4
6771 4
6772 4
6773 3
6774 3
6775 3
6776 3
6777 3
6778 3
6779 3
6780 3
6781 3
6782 3
6783 8
6784 2
6785 2
6786 2
6787 3
6788 3
6789 3
6790 4
6791 4
6792 2
6793 3
6794 3
6795 2
6796 2
6797 2
6798 2
6799 2
6800 2
6801 2
6802 2
6803 2
6804 3
6805 3
6806 3
6807 3
6808 4
6809 4
6810 3
6811 4
6812 3
6813 3
6814 3
6815 3
6816 3
6817 3
6818 3
6819 4
6820 4
6821 4
6822 4
6823 4
6824 4
6825 9
6826 9
6827 9
6828 9
6829 11
6830 12
6831 12
6832 13
6833 13
6834 14
6835 14
6836 15
6837 14
6838 14
6839 15
6840 15
6841 14
6842 15
6843 15
6844 15
6845 15
6846 16
6847 16
6848 17
6849 16
6850 16
6851 16
6852 18
6853 18
6854 18
6855 18
6856 19
6857 18
6858 18
6859 19
6860 19
6861 19
6862 19
6863 19
6864 20
6865 20
6866 19
6867 19
6868 19
6869 19
6870 19
6871 20
6872 19
6873 19
6874 11
6875 10
6876 10
6877 10
6878 9
6879 9
6880 10
6881 10
6882 10
6883 12
6884 13
6885 12
6886 13
6887 13
6888 13
6889 13
6890 12
6891 12
6892 12
6893 13
6894 12
6895 12
6896 12
6897 12
6898 12
6899 12
6900 12
6901 13
6902 12
6903 12
6904 12
6905 12
6906 12
6907 13
6908 12
6909 12
6910 12
6911 12
6912 13
6913 13
6914 12
6915 13
6916 13
6917 14
6918 14
6919 13
6920 13
6921 14
6922 14
6923 14
6924 14
6925 15
6926 15
6927 15
6928 15
6929 16
6930 16
6931 16
6932 15
6933 16
6934 16
6935 16
6936 17
6937 5
6938 3
6939 3
6940 3
6941 3
6942 4
6943 4
6944 4
6945 4
6946 4
6947 4
6948 5
6949 5
6950 5
6951 6
6952 5
6953 2
6954 2
6955 3
6956 4
6957 4
6958 5
6959 4
6960 4
6961 4
6962 5
6963 5
6964 4
6965 11
6966 6
6967 6
6968 7
6969 7
6970 8
6971 7
6972 7
6973 7
6974 8
6975 8
6976 8
6977 9
6978 9
6979 9
6980 9
6981 9
6982 10
6983 10
6984 11
6985 11
6986 11
6987 11
6988 11
6989 11
6990 12
6991 12
6992 13
6993 14
6994 14
6995 15
6996 15
6997 16
6998 16
6999 16
7000 17
7001 16
7002 5
7003 5
7004 5
7005 5
7006 6
7007 6
7008 6
7009 7
7010 6
7011 6
7012 6
7013 6
7014 7
7015 7
7016 8
7017 7
7018 7
7019 8
7020 8
7021 8
7022 9
7023 9
7024 8
7025 9
7026 9
7027 9
7028 10
7029 10
7030 11
7031 6
7032 6
7033 6
7034 7
7035 7
7036 6
7037 6
7038 7
7039 7
7040 5
7041 5
7042 5
7043 5
7044 6
7045 6
7046 6
7047 6
7048 7
7049 6
7050 6
7051 6
7052 7
7053 7
7054 7
7055 7
7056 7
7057 7
7058 7
7059 7
7060 13
7061 13
7062 13
7063 6
7064 7
7065 7
7066 7
7067 7
7068 7
7069 7
7070 8
7071 7
7072 7
7073 7
7074 8
7075 8
7076 7
7077 7
7078 8
7079 8
7080 8
7081 9
7082 4
7083 4
7084 4
7085 4
7086 4
7087 4
7088 5
7089 5
7090 5
7091 5
7092 5
7093 9
7094 9
7095 8
7096 8
7097 8
7098 8
7099 8
7100 9
7101 9
7102 8
7103 8
7104 8
7105 9
7106 9
7107 9
7108 8
7109 9
7110 9
7111 9
7112 9
7113 9
7114 9
7115 8
7116 8
7117 8
7118 8
7119 8
7120 8
7121 9
7122 9
7123 8
7124 8
7125 8
7126 9
7127 9
7128 9
7129 9
7130 8
7131 7
7132 7
7133 8
7134 8
7135 8
7136 8
7137 7
7138 7
7139 7
7140 7
7141 7
7142 7
7143 8
7144 7
7145 8
7146 8
7147 8
7148 8
7149 8
7150 7
7151 8
7152 8
7153 8
7154 8
7155 8
7156 8
7157 7
7158 8
7159 8
7160 8
7161 8
7162 8
7163 8
7164 8
7165 8
7166 7
7167 8
7168 18
7169 18
7170 17
7171 18
7172 18
7173 18
7174 19
7175 19
7176 18
7177 17
7178 16
7179 16
7180 17
7181 17
7182 16
7183 16
7184 16
7185 15
7186 14
7187 11
7188 11
7189 10
7190 9
7191 2
7192 1
7193 32
7194 32
7195 32
7196 33
7197 33
7198 33
7199 32
7200 32
7201 33
7202 33
7203 33
7204 32
7205 32
7206 33
7207 33
7208 31
7209 31
7210 30
7211 31
7212 31
7213 31
7214 31
7215 31
7216 32
7217 31
7218 31
7219 31
7220 31
7221 31
7222 32
7223 32
7224 32
7225 33
7226 32
7227 32
7228 32
7229 33
7230 33
7231 34
7232 34
7233 33
7234 33
7235 34
7236 34
7237 34
7238 34
7239 35
7240 35
7241 34
7242 34
7243 35
7244 35
7245 35
7246 35
7247 35
7248 35
7249 34
7250 35
7251 35
7252 32
7253 32
7254 32
7255 31
7256 26
7257 26
7258 9
7259 9
7260 8
7261 8
7262 8
7263 8
7264 9
7265 9
7266 9
7267 9
7268 10
7269 10
7270 10
7271 11
7272 12
7273 12
7274 11
7275 11
7276 12
7277 9
7278 9
7279 10
7280 10
7281 9
7282 10
7283 10
7284 15
7285 17
7286 17
7287 19
7288 19
7289 21
7290 21
7291 21
7292 21
7293 25
7294 25
7295 28
7296 29
7297 28
7298 29
7299 30
7300 30
7301 30
7302 32
7303 33
7304 34
7305 34
7306 34
7307 34
7308 35
7309 35
7310 35
7311 36
7312 36
7313 35
7314 36
7315 36
7316 36
7317 36
7318 37
7319 13
7320 12
7321 13
7322 13
7323 13
7324 13
7325 13
7326 12
7327 12
7328 12
7329 13
7330 13
7331 13
7332 12
7333 12
7334 13
7335 13
7336 13
7337 13
7338 13
7339 13
7340 13
7341 13
7342 13
7343 14
7344 14
7345 14
7346 13
7347 14
7348 14
7349 14
7350 14
7351 14
7352 15
7353 14
7354 14
7355 14
7356 14
7357 15
7358 15
7359 15
7360 15
7361 15
7362 15
7363 16
7364 16
7365 15
7366 15
7367 15
7368 15
7369 16
7370 16
7371 15
7372 15
7373 15
7374 16
7375 15
7376 15
7377 15
7378 15
7379 15
7380 16
7381 16
7382 15
7383 15
7384 15
7385 16
7386 3
7387 3
7388 3
7389 4
7390 4
7391 4
7392 3
7393 3
7394 3
7395 3
7396 4
7397 4
7398 4
7399 4
7400 4
7401 4
7402 4
7403 4
7404 4
7405 0
7406 2
7407 2
7408 1
7409 2
7410 2
7411 2
7412 2
7413 2
7414 5
7415 2
7416 9
7417 9
7418 10
7419 9
7420 9
7421 10
7422 10
7423 10
7424 10
7425 10
7426 10
7427 10
7428 11
7429 11
7430 11
7431 13
7432 13
7433 13
7434 12
7435 12
7436 13
7437 10
7438 9
7439 9
7440 9
7441 9
7442 9
7443 9
7444 10
7445 9
7446 9
7447 2
7448 2
7449 2
7450 3
7451 3
7452 2
7453 2
7454 3
7455 3
7456 3
7457 5
7458 4
7459 4
7460 5
7461 5
7462 4
7463 5
7464 5
7465 5
7466 6
7467 5
7468 5
7469 5
7470 5
7471 4
7472 4
7473 4
7474 10
7475 6
7476 6
7477 6
7478 6
7479 5
7480 5
7481 6
7482 6
7483 6
7484 7
7485 6
7486 6
7487 7
7488 7
7489 7
7490 8
7491 8
7492 7
7493 22
7494 21
7495 22
7496 22
7497 23
7498 23
7499 24
7500 24
7501 23
7502 23
7503 24
7504 24
7505 24
7506 25
7507 25
7508 25
7509 25
7510 25
7511 26
7512 26
7513 26
7514 26
7515 25
7516 26
7517 26
7518 27
7519 27
7520 26
7521 26
7522 27
7523 27
7524 27
7525 26
7526 27
7527 27
7528 27
7529 27
7530 27
7531 28
7532 28
7533 27
7534 28
7535 28
7536 28
7537 29
7538 29
7539 28
7540 29
7541 28
7542 28
7543 28
7544 28
7545 28
7546 28
7547 27
7548 27
7549 27
7550 27
7551 28
7552 28
7553 28
7554 28
7555 27
7556 28
7557 28
7558 28
7559 29
7560 29
7561 30
7562 29
7563 30
7564 30
7565 36
7566 36
7567 38
7568 38
7569 38
7570 38
7571 37
7572 36
7573 36
7574 37
7575 37
7576 37
7577 37
7578 38
7579 37
7580 37
7581 37
7582 38
7583 38
7584 38
7585 9
7586 9
7587 9
7588 9
7589 10
7590 10
7591 9
7592 9
7593 10
7594 10
7595 10
7596 10
7597 10
7598 10
7599 10
7600 11
7601 11
7602 5
7603 5
7604 5
7605 5
7606 5
7607 5
7608 5
7609 5
7610 5
7611 3
7612 3
7613 4
7614 4
7615 5
7616 4
7617 5
7618 5
7619 5
7620 5
7621 0
7622 0
7623 2
7624 3
7625 2
7626 2
7627 3
7628 3
7629 3
7630 2
7631 3
7632 3
7633 7
7634 7
7635 7
7636 8
7637 8
7638 7
7639 8
7640 8
7641 9
7642 10
7643 9
7644 9
7645 9
7646 10
7647 10
7648 10
7649 10
7650 10
7651 10
7652 11
7653 11
7654 11
7655 11
7656 12
7657 11
7658 11
7659 11
7660 12
7661 12
7662 13
7663 14
7664 13
7665 13
7666 14
7667 12
7668 11
7669 12
7670 12
7671 12
7672 12
7673 12
7674 12
7675 12
7676 13
7677 13
7678 13
7679 13
7680 13
7681 13
7682 13
7683 14
7684 14
7685 13
7686 14
7687 14
7688 14
7689 13
7690 14
7691 14
7692 14
7693 15
7694 15
7695 15
7696 15
7697 15
7698 15
7699 16
7700 16
7701 15
7702 16
7703 26
7704 28
7705 28
7706 29
7707 31
7708 31
7709 31
7710 32
7711 32
7712 33
7713 33
7714 32
7715 33
7716 33
7717 33
7718 34
7719 34
7720 34
7721 34
7722 34
7723 34
7724 35
7725 36
7726 36
7727 36
7728 12
7729 12
7730 12
7731 12
7732 12
7733 12
7734 13
7735 13
7736 13
7737 14
7738 14
7739 13
7740 14
7741 14
7742 14
7743 15
7744 15
7745 14
7746 15
7747 15
7748 15
7749 16
7750 16
7751 16
7752 16
7753 16
7754 16
7755 17
7756 17
7757 17
7758 18
7759 17
7760 18
7761 18
7762 18
7763 19
7764 19
7765 19
7766 19
7767 19
7768 19
7769 20
7770 20
7771 20
7772 21
7773 20
7774 21
7775 21
7776 21
7777 22
7778 22
7779 22
7780 23
7781 22
7782 22
7783 23
7784 23
7785 23
7786 23
7787 23
7788 23
7789 23
7790 24
7791 24
7792 24
7793 25
7794 25
7795 2
7796 2
7797 3
7798 4
7799 3
7800 3
7801 4
7802 4
7803 4
7804 5
7805 4
7806 3
7807 3
7808 2
7809 3
7810 3
7811 3
7812 4
7813 10
7814 10
7815 10
7816 10
7817 10
7818 10
7819 10
7820 11
7821 11
7822 11
7823 10
7824 10
7825 11
7826 11
7827 11
7828 11
7829 11
7830 11
7831 11
7832 11
7833 12
7834 12
7835 11
7836 11
7837 11
7838 12
7839 12
7840 12
7841 12
7842 12
7843 12
7844 12
7845 12
7846 13
7847 13
7848 13
7849 12
7850 13
7851 13
7852 13
7853 13
7854 13
7855 13
7856 5
7857 4
7858 4
7859 5
7860 5
7861 6
7862 5
7863 5
7864 5
7865 6
7866 6
7867 6
7868 5
7869 5
7870 5
7871 5
7872 9
7873 10
7874 10
7875 10
7876 10
7877 11
7878 10
7879 10
7880 10
7881 10
7882 11
7883 11
7884 11
7885 10
7886 11
7887 11
7888 11
7889 11
7890 11
7891 11
7892 11
7893 11
7894 12
7895 12
7896 12
7897 12
7898 12
7899 12
7900 12
7901 12
7902 12
7903 13
7904 12
7905 12
7906 12
7907 12
7908 13
7909 13
7910 13
7911 14
7912 13
7913 13
7914 13
7915 13
7916 14
7917 13
7918 13
7919 14
7920 14
7921 14
7922 14
7923 9
7924 8
7925 8
7926 9
7927 9
7928 10
7929 10
7930 10
7931 10
7932 5
7933 5
7934 5
7935 5
7936 6
7937 6
7938 5
7939 6
7940 6
7941 7
7942 7
7943 6
7944 6
7945 7
7946 6
7947 6
7948 6
7949 7
7950 7
7951 7
7952 7
7953 7
7954 7
7955 7
7956 7
7957 8
7958 8
7959 7
7960 7
7961 7
7962 8
7963 8
7964 8
7965 7
7966 8
7967 7
7968 6
7969 6
7970 7
7971 7
7972 7
7973 6
7974 6
7975 6
7976 6
7977 7
7978 6
7979 6
7980 7
7981 7
7982 7
7983 7
7984 5
7985 5
7986 5
7987 5
7988 5
7989 5
7990 5
7991 5
7992 5
7993 6
7994 5
7995 5
7996 5
7997 6
7998 6
7999 6
8000 7
8001 7
8002 8
8003 8
8004 8
8005 7
8006 7
8007 8
8008 8
8009 8
8010 9
8011 8
8012 8
8013 8
8014 8
8015 8
8016 9
8017 8
8018 8
8019 8
8020 9
8021 9
8022 9
8023 8
8024 8
8025 9
8026 9
8027 9
8028 9
8029 9
8030 9
8031 9
8032 9
8033 10
8034 9
8035 8
8036 7
8037 8
8038 8
8039 8
8040 8
8041 7
8042 8
8043 8
8044 8
8045 8
8046 9
8047 8
8048 8
8049 8
8050 8
8051 4
8052 4
8053 5
8054 4
8055 4
8056 4
8057 4
8058 5
8059 5
8060 4
8061 3
8062 4
8063 4
8064 3
8065 3
8066 3
8067 3
8068 4
8069 8
8070 8
8071 8
8072 8
8073 8
8074 8
8075 9
8076 8
8077 8
8078 8
8079 9
8080 9
8081 9
8082 8
8083 9
8084 9
8085 9
8086 7
8087 7
8088 8
8089 8
8090 8
8091 8
8092 7
8093 8
8094 8
8095 5
8096 6
8097 6
8098 6
8099 5
8100 5
8101 6
8102 6
8103 17
8104 17
8105 18
8106 20
8107 20
8108 21
8109 20
8110 21
8111 21
8113 22
8114 28
8112 22
8115 30
8116 30
8117 31
8118 31
8119 31
8120 30
8121 30
8122 31
8123 31
8124 31
8125 31
8126 30
8127 31
8128 13
8129 13
8130 13
8131 13
8132 14
8133 14
8134 15
8135 15
8136 14
8137 14
8138 15
8139 15
8140 15
8141 16
8142 16
8143 16
8144 16
8145 16
8146 16
8147 16
8148 16
8149 17
8150 17
8151 17
8152 17
8153 17
8154 17
8155 17
8156 18
8157 18
8158 18
8159 17
8160 17
8161 17
8162 17
8163 11
8164 11
8165 10
8166 10
8167 10
8168 11
8169 11
8170 12
8171 11
8172 11
8173 11
8174 12
8175 12
8176 12
8177 12
8178 12
8179 12
8180 12
8181 12
8182 12
8183 13
8184 12
8185 12
8186 12
8187 13
8188 13
8189 13
8190 13
8191 12
8192 13
8193 13
8194 13
8195 13
8196 14
8197 10
8198 10
8199 11
8200 15
8201 16
8202 16
8203 16
8204 17
8205 16
8206 16
8207 16
8208 17
8209 17
8210 17
8211 17
8212 16
8213 17
8214 17
8215 17
8216 17
8217 18
8218 19
8219 19
8220 19
8221 19
8222 19
8223 19
8224 19
8225 20
8226 20
8227 19
8228 19
8229 20
8230 20
8231 9
8232 9
8233 9
8234 9
8235 9
8236 9
8237 10
8238 10
8239 10
8240 9
8241 10
8242 10
8243 10
8244 10
8245 8
8246 8
8247 8
8248 8
8249 8
8250 8
8251 8
8252 8
8253 6
8254 7
8255 7
8256 6
8257 6
8258 5
8259 5
8260 6
8261 6
8262 6
8263 4
8264 7
8265 6
8266 7
8267 7
8268 7
8269 7
8270 7
8271 6
8272 7
8273 7
8274 7
8275 7
8276 7
8277 6
8278 6
8279 6
8280 7
8281 7
8282 6
8283 6
8284 6
8285 6
8286 6
8287 7
8288 7
8289 6
8290 6
8291 5
8292 6
8293 6
8294 6
8295 6
8296 5
8297 5
8298 5
8299 6
8300 6
8301 6
8302 6
8303 5
8304 5
8305 5
8306 5
8307 6
8308 6
8309 6
8310 6
8311 5
8312 5
8313 5
8314 6
8315 6
8316 6
8317 6
8318 6
8319 6
8320 5
8321 5
8322 6
8323 6
8324 6
8325 3
8326 4
8327 4
8328 4
8329 3
8330 3
8331 3
8332 4
8333 4
8334 4
8335 5
8336 4
8337 4
8338 4
8339 4
8340 5
8341 5
8342 5
8343 4
8344 4
8345 4
8346 4
8347 4
8348 4
8349 4
8350 3
8351 4
8352 4
8353 4
8354 4
8355 4
8356 4
8357 2
8358 3
8359 2
8360 2
8361 1
8362 2
8363 2
8364 2
8365 2
8366 2
8367 1
8368 2
8369 13
8370 12
8371 13
8372 11
8373 5
8374 5
8375 5
8376 4
8377 4
8378 4
8379 4
8380 4
8381 5
8382 4
8383 4
8384 4
8385 4
8386 5
8387 5
8388 4
8389 4
8390 4
8391 4
8392 7
8393 7
8394 7
8395 7
8396 6
8397 6
8398 7
8399 7
8400 7
8401 7
8402 6
8403 6
8404 6
8405 7
8406 7
8407 7
8408 6
8409 6
8410 6
8411 7
8412 7
8413 7
8414 7
8415 7
8416 6
8417 7
8418 7
8419 10
8420 9
8421 9
8422 10
8423 10
8424 10
8425 8
8426 8
8427 8
8428 8
8429 8
8430 8
8431 8
8432 8
8433 8
8434 8
8435 7
8436 8
8437 8
8438 8
8439 7
8440 7
8441 7
8442 7
8443 7
8444 7
8445 7
8446 7
8447 18
8448 19
8449 18
8450 18
8451 18
8452 19
8453 19
8454 18
8455 18
8456 18
8457 19
8458 19
8459 19
8460 19
8461 18
8462 17
8463 17
8464 16
8465 17
8466 17
8467 17
8468 12
8469 12
8470 11
8471 12
8472 12
8473 12
8474 12
8475 12
8476 11
8477 11
8478 11
8479 12
8480 12
8481 11
8482 11
8483 11
8484 11
8485 12
8486 12
8487 4
8488 4
8489 4
8490 4
8491 4
8492 5
8493 4
8494 4
8495 4
8496 4
8497 9
8498 5
8499 5
8500 6
8501 6
8502 5
8503 5
8504 6
8505 6
8506 6
8507 6
8508 6
8509 6
8510 6
8511 6
8512 6
8513 7
8514 7
8515 7
8516 6
8517 7
8518 8
8519 8
8520 7
8521 6
8522 6
8523 7
8524 7
8525 7
8526 8
8527 8
8528 8
8529 8
8530 8
8531 8
8532 8
8533 9
8534 9
8535 9
8536 10
8537 10
8538 9
8539 9
8540 10
8541 10
8542 10
8543 11
8544 11
8545 10
8546 10
8547 6
8548 7
8549 6
8550 6
8551 7
8552 7
8553 7
8554 7
8555 8
8556 7
8557 7
8558 7
8559 8
8560 8
8561 8
8562 8
8563 8
8564 8
8565 8
8566 8
8567 8
8568 8
8569 10
8570 10
8571 11
8572 11
8573 6
8574 6
8575 6
8576 6
8577 7
8578 7
8579 7
8580 7
8581 7
8582 7
8583 8
8584 8
8585 9
8586 9
8587 8
8588 8
8589 9
8590 9
8591 10
8592 10
8593 10
8594 10
8595 11
8596 10
8597 10
8598 11
8599 11
8600 11
8601 12
8602 12
8603 12
8604 13
8605 12
8606 13
8607 13
8608 13
8609 13
8610 14
8611 14
8612 15
8613 14
8614 20
8615 8
8616 6
8617 6
8618 7
8619 7
8620 8
8621 8
8622 9
8623 8
8624 9
8625 5
8626 6
8627 6
8628 6
8629 7
8630 7
8631 8
8632 7
8633 7
8634 8
8635 8
8636 8
8637 8
8638 8
8639 9
8640 9
8641 8
8642 8
8643 9
8644 9
8645 10
8646 10
8647 9
8648 7
8649 7
8650 7
8651 7
8652 7
8653 15
8654 16
8655 16
8656 17
8657 18
8658 18
8659 18
8660 18
8661 18
8662 18
8663 18
8664 18
8665 19
8666 18
8667 18
8668 18
8669 18
8670 18
8671 20
8672 20
8673 20
8674 20
8675 33
8676 30
8677 29
8678 28
8679 28
8680 27
8681 27
8682 27
8683 28
8684 28
8685 27
8686 27
8687 27
8688 27
8689 27
8690 27
8691 26
8692 26
8693 26
8694 24
8695 24
8696 23
8697 22
8698 21
8699 21
8700 21
8701 12
8702 12
8703 11
8704 11
8705 11
8706 11
8707 11
8708 11
8709 11
8710 11
8711 11
8712 11
8713 12
8714 12
8715 11
8716 11
8717 11
8718 11
8719 11
8720 11
8721 12
8722 12
8723 12
8724 11
8725 11
8726 11
8727 12
8728 12
8729 12
8730 12
8731 12
8732 11
8733 12
8734 12
8735 12
8736 12
8737 12
8738 12
8739 12
8740 13
8741 12
8742 12
8743 12
8744 12
8745 13
8746 13
8747 13
8748 12
8749 12
8750 12
8751 13
8752 13
8753 13
8754 12
8755 12
8756 12
8757 13
8758 12
8759 12
8760 12
8761 11
8762 11
8763 12
8764 12
8765 11
8766 11
8767 11
8768 11
8769 10
8770 10
8771 11
8772 11
8773 11
8774 11
8775 10
8776 6
8777 6
8778 5
8779 5
8780 5
8781 6
8782 6
8783 5
8784 5
8785 5
8786 5
8787 5
8788 6
8789 5
8790 5
8791 5
8792 5
8793 5
8794 5
8795 6
8796 6
8797 6
8798 6
8799 6
8800 6
8801 5
8802 6
8803 3
8804 3
8805 3
8806 3
8807 2
8808 3
8809 3
8810 3
8811 3
8812 4
8813 4
8814 3
8815 3
8816 3
8817 3
8818 3
8819 6
8820 3
8821 3
8822 4
8823 4
8824 4
8825 4
8826 3
8827 4
8828 4
8829 0
8830 2
8831 1
8832 2
8833 2
8834 3
8835 3
8836 2
8837 3
8838 8
8839 5
8840 5
8841 6
8842 6
8843 6
8844 7
8845 6
8846 6
8847 7
8848 7
8849 8
8850 8
8851 8
8852 8
8853 8
8854 8
8855 9
8856 9
8857 9
8858 10
8859 9
8860 5
8861 5
8862 6
8863 6
8864 7
8865 7
8866 6
8867 7
8868 7
8869 7
8870 8
8871 8
8872 9
8873 8
8874 8
8875 9
8876 9
8877 9
8878 10
8879 10
8880 9
8881 7
8882 7
8883 6
8884 7
8885 7
8886 7
8887 8
8888 8
8889 8
8890 8
8891 9
8892 10
8893 10
8894 9
8895 10
8896 10
8897 11
8898 11
8899 11
8900 12
8901 12
8902 12
8903 12
8904 9
8905 9
8906 9
8907 9
8908 10
8909 10
8910 11
8911 11
8912 10
8913 11
8914 11
8915 11
8916 11
8917 11
8918 12
8919 11
8920 11
8921 12
8922 12
8923 13
8924 13
8925 12
8926 13
8927 13
8928 14
8929 14
8930 14
8931 8
8932 9
8933 9
8934 10
8935 9
8936 9
8937 10
8938 10
8939 9
8940 10
8941 10
8942 10
8943 11
8944 11
8945 12
8946 11
8947 11
8948 12
8949 12
8950 12
8951 13
8952 13
8953 13
8954 13
8955 13
8956 14
8957 13
8958 26
8959 28
8960 28
8961 28
8962 28
8963 29
8964 28
8965 29
8966 30
8967 31
8968 31
8969 30
8970 31
8971 31
8972 32
8973 32
8974 32
8975 32
8976 32
8977 33
8978 33
8979 33
8980 31
8981 10
8982 9
8983 10
8984 10
8985 9
8986 10
8987 10
8988 11
8989 10
8990 10
8991 11
8992 11
8993 12
8994 11
8995 12
8996 12
8997 12
8998 13
8999 13
9000 12
9001 13
9002 13
9003 13
9004 13
9005 14
9006 13
9007 13
9008 13
9009 14
9010 15
9011 15
9012 14
9013 14
9014 14
9015 14
9016 13
9017 13
9018 13
9019 14
9020 14
9021 13
9022 13
9023 13
9024 13
9025 14
9026 14
9027 14
9028 13
9029 13
9030 13
9031 13
9032 13
9033 13
9034 13
9035 13
9036 14
9037 13
9038 13
9039 13
9040 13
9041 14
9042 14
9043 14
9044 13
9045 13
9046 13
9047 14
9048 14
9049 13
9050 13
9051 14
9052 14
9053 14
9054 14
9055 14
9056 14
9057 14
9058 14
9059 10
9060 10
9061 10
9062 10
9063 10
9064 10
9065 10
9066 10
9067 10
9068 10
9069 11
9070 11
9071 10
9072 10
9073 10
9074 10
9075 11
9076 11
9077 11
9078 10
9079 10
9080 11
9081 12
9082 12
9083 12
9084 12
9085 13
9086 5
9087 4
9088 5
9089 5
9090 5
9091 5
9092 5
9093 5
9094 5
9095 5
9096 5
9097 4
9098 5
9099 5
9100 5
9101 5
9102 5
9103 5
9104 4
9105 9
9106 9
9107 12
9108 13
9109 5
9110 4
9111 4
9112 4
9113 5
9114 5
9115 5
9116 4
9117 4
9118 4
9119 5
9120 5
9121 5
9122 4
9123 4
9124 4
9125 4
9126 4
9127 4
9128 4
9129 4
9130 4
9131 5
9132 4
9133 4
9134 4
9135 4
9136 4
9137 4
9138 4
9139 4
9140 3
9141 3
9142 4
9143 4
9144 4
9145 4
9146 4
9147 4
9148 4
9149 5
9150 5
9151 4
9152 4
9153 4
9154 4
9155 3
9156 4
9157 3
9158 4
9159 4
9160 11
9161 11
9162 11
9163 10
9164 9
9165 9
9166 9
9167 10
9168 10
9169 9
9170 7
9171 7
9172 7
9173 7
9174 8
9175 8
9176 8
9177 7
9178 8
9179 7
9180 7
9181 7
9182 7
9183 7
9184 7
9185 8
9186 8
9187 8
9188 7
9189 8
9190 8
9191 8
9192 8
9193 9
9194 8
9195 8
9196 8
9197 8
9198 9
9199 9
9200 9
9201 8
9202 9
9203 9
9204 9
9205 9
9206 10
9207 10
9208 9
9209 9
9210 9
9211 9
9212 9
9213 10
9214 8
9215 8
9216 8
9217 8
9218 7
9219 8
9220 8
9221 8
9222 8
9223 8
9224 8
9225 8
9226 8
9227 8
9228 7
9229 8
9230 8
9231 8
9232 8
9233 8
9234 8
9235 8
9236 8
9237 8
9238 7
9239 7
9240 7
9241 7
9242 6
9243 6
9244 7
9245 7
9246 7
9247 7
9248 7
9249 7
9250 6
9251 7
9252 7
9253 7
9254 7
9255 7
9256 8
9257 7
9258 7
9259 7
9260 7
9261 8
9262 8
9263 8
9264 8
9265 5
9266 5
9267 6
9268 6
9269 6
9270 7
9271 7
9272 7
9273 7
9274 7
9275 7
9276 8
9277 8
9278 8
9279 9
9280 8
9281 8
9282 9
9283 1
9284 1
9285 1
9286 1
9287 2
9288 1
9289 1
9290 2
9291 2
9292 1
9293 1
9294 2
9295 2
9296 3
9297 2
9298 3
9299 3
9300 3
9301 3
9302 4
9303 4
9304 4
9305 3
9306 3
9307 4
9308 4
9309 4
9310 2
9311 3
9312 2
9313 2
9314 2
9315 3
9316 3
9317 3
9318 3
9319 3
9320 3
9321 3
9322 3
9323 9
9324 5
9325 5
9326 6
9327 6
9328 5
9329 6
9330 6
9331 6
9332 6
9333 7
9334 6
9335 5
9336 6
9337 6
9338 6
9339 6
9340 7
9341 7
9342 4
9343 4
9344 4
9345 4
9346 5
9347 5
9348 5
9349 5
9350 5
9351 5
9352 5
9353 6
9354 6
9355 6
9356 7
9357 6
9358 6
9359 6
9360 7
9361 7
9362 7
9363 8
9364 7
9365 6
9366 5
9367 5
9368 5
9369 6
9370 6
9371 6
9372 6
9373 6
9374 6
9375 6
9376 7
9377 7
9378 7
9379 7
9380 7
9381 7
9382 8
9383 8
9384 8
9385 9
9386 9
9387 8
9388 8
9389 9
9390 9
9391 9
9392 9
9393 8
9394 8
9395 8
9396 12
9397 6
9398 6
9399 6
9400 7
9401 6
9402 6
9403 6
9404 7
9405 7
9406 7
9407 7
9408 8
9409 7
9410 7
9411 7
9412 8
9413 8
9414 8
9415 8
9416 8
9417 8
9418 8
9419 8
9420 9
9421 9
9422 9
9423 9
9424 10
9425 9
9426 9
9427 10
9428 10
9429 10
9430 10
9431 11
9432 11
9433 4
9434 4
9435 4
9436 4
9437 5
9438 12
9439 11
9440 11
9441 12
9442 12
9443 13
9444 13
9445 13
9446 12
9447 13
9448 13
9449 13
9450 14
9451 21
9452 15
9453 15
9454 15
9455 15
9456 15
9457 16
9458 15
9459 12
9460 13
9461 13
9462 14
9463 11
9464 11
9465 10
9466 10
9467 10
9468 10
9469 11
9470 12
9471 12
9472 11
9473 12
9474 12
9475 12
9476 11
9477 12
9478 12
9479 12
9480 12
9481 13
9482 13
9483 12
9484 12
9485 13
9486 13
9487 12
9488 12
9489 13
9490 13
9491 13
9492 14
9493 14
9494 13
9495 13
9496 14
9497 14
9498 14
9499 15
9500 15
9501 15
9502 14
9503 15
9504 15
9505 15
9506 16
9507 16
9508 16
9509 17
9510 17
9511 17
9512 18
9513 18
9514 18
9515 17
9516 18
9517 18
9518 18
9519 18
9520 18
9521 18
9522 18
9523 18
9524 18
9525 14
9526 14
9527 14
9528 16
9529 16
9530 15
9531 16
9532 16
9533 16
9534 16
9535 16
9536 16
9537 17
9538 16
9539 16
9540 16
9541 16
9542 16
9543 16
9544 17
9545 17
9546 16
9547 16
9548 16
9549 16
9550 17
9551 17
9552 17
9553 16
9554 16
9555 16
9556 16
9557 16
9558 16
9559 16
9560 16
9561 15
9562 15
9563 16
9564 16
9565 15
9566 3
9567 3
9568 3
9569 2
9570 2
9571 3
9572 3
9573 3
9574 3
9575 3
9576 2
9577 2
9578 3
9579 1
9580 1
9581 2
9582 2
9583 2
9584 2
9585 1
9586 1
9587 1
9588 1
9589 3
9590 3
9591 3
9592 3
9593 2
9594 2
9595 2
9596 2
9597 3
9598 0
9599 2
9600 1
9601 2
9602 2
9603 2
9604 2
9605 3
9606 2
9607 2
9608 2
9609 5
9610 5
9611 6
9612 5
9613 5
9614 5
9615 5
9616 5
9617 6
9618 5
9619 5
9620 5
9621 5
9622 5
9623 4
9624 4
9625 4
9626 5
9627 5
9628 5
9629 4
9630 4
9631 7
9632 8
9633 7
9634 8
9635 8
9636 9
9637 9
9638 9
9639 9
9640 8
9641 9
9642 9
9643 10
9644 10
9645 11
9646 11
9647 10
9648 11
9649 11
9650 11
9651 11
9652 11
9653 9
9654 8
9655 9
9656 9
9657 9
9658 10
9659 10
9660 10
9661 9
9662 10
9663 10
9664 11
9665 11
9666 11
9667 12
9668 11
9669 11
9670 11
9671 12
9672 12
9673 12
9674 12
9675 11
9676 12
9677 12
9678 12
9679 13
9680 13
9681 13
9682 13
9683 13
9684 13
9685 13
9686 14
9687 14
9688 14
9689 15
9690 14
9691 14
9692 14
9693 14
9694 15
9695 15
9696 15
9697 15
9698 14
9699 14
9700 14
9701 14
9702 14
9703 14
9704 14
9705 14
9706 15
9707 10
9708 9
9709 10
9710 10
9711 10
9712 10
9713 10
9714 10
9715 10
9716 10
9717 11
9718 10
9719 10
9720 3
9721 3
9722 3
9723 3
9724 4
9725 3
9726 3
9727 6
9728 6
9729 6
9730 6
9731 7
9732 7
9733 6
9734 6
9735 7
9736 8
9737 8
9738 8
9739 7
9740 8
9741 8
9742 8
9743 14
9744 14
9745 14
9746 13
9747 14
9748 14
9749 14
9750 14
9751 16
9752 17
9753 17
9754 16
9755 17
9756 17
9757 17
9758 18
9759 4
9760 4
9761 4
9762 4
9763 4
9764 4
9765 5
9766 4
9767 4
9768 4
9769 4
9770 5
9771 5
9772 6
9773 6
9774 6
9775 5
9776 5
9777 6
9778 6
9779 6
9780 6
9781 1
9782 1
9783 1
9784 1
9785 2
9786 2
9787 3
9788 2
9789 2
9790 2
9791 3
9792 2
9793 8
9794 7
9795 8
9796 8
9797 8
9798 9
9799 9
9800 9
9801 8
9802 9
9803 9
9804 9
9805 9
9806 10
9807 10
9808 9
9809 9
9810 10
9811 10
9812 10
9813 10
9814 12
9815 13
9816 12
9817 13
9818 13
9819 13
9820 13
9821 14
9822 13
9823 13
9824 13
9825 14
9826 14
9827 14
9828 14
9829 14
9830 14
9831 14
9832 14
9833 14
9834 14
9835 6
9836 6
9837 6
9838 6
9839 7
9840 6
9841 6
9842 7
9843 7
9844 7
9845 7
9846 7
9847 7
9848 3
9849 2
9850 3
9851 3
9852 3
9853 4
9854 4
9855 6
9856 5
9857 5
9858 6
9859 6
9860 6
9861 7
9862 7
9863 6
9864 6
9865 7
9866 7
9867 6
9868 6
9869 7
9870 7
9871 7
9872 8
9873 9
9874 8
9875 8
9876 8
9877 9
9878 9
9879 9
9880 10
9881 6
9882 6
9883 6
9884 6
9885 6
9886 6
9887 7
9888 7
9889 7
9890 6
9891 7
9892 7
9893 7
9894 8
9895 8
9896 7
9897 7
9898 8
9899 8
9900 8
9901 8
9902 9
9903 9
9904 8
9905 8
9906 9
9907 9
9908 9
9909 9
9910 9
9911 9
9912 9
9913 9
9914 10
9915 4
9916 4
9917 4
9918 4
9919 3
9920 1
9921 3
9922 3
9923 3
9924 3
9925 3
9926 3
9927 4
9928 4
9929 4
9930 3
9931 4
9932 4
9933 4
9934 4
9935 5
9936 4
9937 5
9938 6
9939 6
9940 6
9941 7
9942 7
9943 7
9944 6
9945 6
9946 6
9947 11
9948 11
9949 11
9950 10
9951 11
9952 11
9953 11
9954 11
9955 16
9956 15
9957 15
9958 16
9959 19
9960 19
9961 19
9962 19
9963 23
9964 23
9965 23
9966 23
9967 23
9968 21
9969 21
9970 21
9971 22
9972 22
9973 21
9974 22
9975 22
9976 22
9977 21
9978 22
9979 22
9980 20
9981 21
9982 21
9983 20
9984 18
9985 19
9986 19
9987 19
9988 19
9989 20
9990 19
9991 17
9992 18
9993 18
9994 18
9995 18
9996 18
9997 18
9998 17
9999 16
10000 16
