1 77
2 153
3 152
4 151
5 151
6 150
7 149
8 149
9 149
10 149
11 148
12 147
13 145
14 143
15 141
16 141
17 140
18 139
19 137
20 137
21 133
22 131
23 129
24 129
25 126
26 126
27 125
28 120
29 116
30 116
31 117
32 114
33 114
34 113
35 113
36 112
37 113
38 112
39 112
40 112
41 111
42 111
43 108
44 109
45 108
46 105
47 104
48 103
49 104
50 103
51 102
52 102
53 102
54 102
55 102
56 102
57 101
58 101
59 101
60 101
61 100
62 100
63 100
64 98
65 97
66 98
67 97
68 96
69 96
70 96
71 96
72 95
73 94
74 94
75 94
76 93
77 94
78 93
79 93
80 92
81 93
82 92
83 92
84 92
85 92
86 92
87 92
88 97
89 99
90 99
91 101
92 102
93 105
94 109
95 110
96 110
97 111
98 110
99 109
100 108
101 109
102 107
103 107
104 106
105 107
106 106
109 106
110 105
111 106
112 105
113 104
114 104
115 104
116 100
117 100
118 99
119 98
120 98
121 98
122 98
123 97
124 97
125 97
126 97
127 96
128 96
129 95
108 106
107 106
130 2
131 2
132 2
133 2
134 3
135 6
136 5
137 5
138 6
139 7
140 6
141 7
142 8
143 8
144 9
145 8
146 8
147 9
148 8
149 9
150 43
151 43
152 43
153 44
154 43
155 43
156 44
157 43
158 44
159 44
160 44
161 44
162 44
163 44
164 45
165 45
166 45
167 45
168 46
169 46
170 46
171 46
172 47
173 46
174 46
175 47
176 47
177 47
178 47
179 48
180 48
181 48
182 48
183 49
184 48
185 48
186 49
187 48
188 49
189 49
190 50
191 50
192 50
193 51
194 51
195 51
196 51
197 50
198 51
199 51
200 51
201 51
202 52
203 51
204 51
205 52
206 52
207 52
208 52
209 53
210 52
211 53
212 53
213 54
214 53
215 54
216 54
217 53
218 54
219 53
220 54
221 56
222 55
223 55
224 56
225 55
226 56
227 55
228 55
229 56
230 55
231 56
232 54
233 55
234 54
235 55
236 54
237 55
238 55
239 55
240 55
241 56
242 55
243 55
244 56
245 55
246 56
247 56
248 56
249 56
250 53
251 53
252 54
253 53
254 54
255 54
256 53
257 54
258 54
259 30
260 31
261 31
262 32
263 31
264 32
265 32
266 33
267 32
268 33
269 33
270 35
271 34
272 35
273 35
274 36
275 35
276 36
277 36
278 5
279 5
280 8
281 9
282 9
283 10
284 10
285 10
286 10
287 11
288 11
289 11
290 11
291 10
292 13
293 13
294 14
295 15
296 15
297 15
298 16
299 15
300 16
301 16
302 16
303 16
304 17
305 16
306 16
307 17
308 16
309 17
310 17
311 17
312 17
313 17
314 18
315 17
316 18
317 18
318 19
319 18
320 19
321 19
322 24
323 24
324 25
325 24
326 25
327 25
328 26
329 25
330 25
331 31
332 31
333 34
334 35
335 35
336 35
337 35
338 36
339 36
340 36
341 36
342 37
343 38
344 38
345 38
346 39
347 39
348 39
349 39
350 39
351 40
352 39
353 40
354 40
355 41
356 40
357 41
358 41
359 41
360 42
361 41
362 42
363 42
364 43
365 42
366 43
367 43
368 44
369 43
370 43
371 44
372 44
373 45
374 44
375 45
376 45
377 45
378 45
379 45
380 46
381 46
382 46
383 46
384 47
385 47
386 47
387 47
388 47
389 48
390 48
391 48
392 48
393 49
394 49
395 49
396 49
397 48
398 49
399 48
400 49
401 49
402 50
403 49
404 50
405 50
406 14
407 14
408 14
409 15
410 16
411 16
412 16
413 17
414 17
415 17
416 17
417 18
418 18
419 17
420 18
421 18
422 19
423 18
424 19
425 19
426 19
427 19
428 19
429 20
430 20
431 20
432 20
433 20
434 20
435 21
436 20
437 21
438 21
439 21
440 22
441 22
442 23
443 23
444 23
445 23
446 23
447 24
448 23
449 23
450 33
451 33
452 33
453 33
454 34
455 35
456 35
457 35
458 35
459 36
460 36
461 36
462 36
463 37
464 37
465 37
466 37
467 38
468 37
469 37
470 38
471 39
472 38
473 39
474 43
475 43
476 48
477 47
478 48
479 49
480 48
481 49
482 48
483 48
484 48
485 48
486 48
487 48
488 49
489 48
490 48
491 48
492 48
493 48
494 48
495 48
496 48
497 48
498 48
499 48
500 48
501 48
502 47
503 47
504 48
505 48
506 47
507 47
508 48
509 48
510 47
511 47
512 48
513 48
514 48
515 49
516 49
517 50
518 49
519 50
520 50
521 51
522 50
523 49
524 47
525 47
526 47
527 48
528 47
529 48
530 48
531 48
532 48
533 47
534 14
535 15
536 14
537 15
538 15
539 16
540 15
541 16
542 16
543 16
544 16
545 17
546 17
547 18
548 17
549 18
550 19
551 20
552 19
553 19
554 20
555 20
556 20
557 20
558 20
559 21
560 20
561 21
562 21
563 22
564 21
565 22
566 22
567 23
568 22
569 22
570 23
571 22
572 23
573 23
574 22
575 22
576 22
577 23
578 24
579 25
580 25
581 25
582 26
583 25
584 26
585 26
586 26
587 26
588 26
589 27
590 27
591 27
592 27
593 27
594 28
595 27
596 28
597 30
598 30
599 30
600 30
601 31
602 31
603 32
604 31
605 32
606 32
607 32
608 32
609 32
610 33
611 33
612 33
613 33
614 34
615 34
616 34
617 34
618 34
619 35
620 34
621 35
622 35
623 36
624 35
625 36
626 36
627 37
628 36
629 37
630 37
631 38
632 37
633 38
634 38
635 39
636 39
637 38
638 39
639 39
640 40
641 39
642 40
643 40
644 40
645 41
646 40
647 41
648 40
649 41
650 41
651 42
652 41
653 41
654 42
655 42
656 43
657 42
658 41
659 42
660 42
661 42
662 13
663 13
664 14
665 14
666 14
667 14
668 15
669 15
670 15
671 15
672 15
673 17
674 17
675 19
676 20
677 21
678 21
679 21
680 21
681 21
682 21
683 21
684 22
685 23
686 22
687 22
688 23
689 23
690 23
691 23
692 23
693 24
694 23
695 24
696 24
697 24
698 24
699 24
700 25
701 24
702 25
703 25
704 26
705 25
706 26
707 25
708 26
709 26
710 26
711 26
712 27
713 27
714 27
715 27
716 28
717 27
718 27
719 28
720 28
721 27
722 28
723 28
724 29
725 29
726 34
727 36
728 36
729 36
730 37
731 37
732 38
733 37
734 38
735 38
736 38
737 38
738 39
739 39
740 39
741 40
742 40
743 40
744 40
745 41
746 41
747 41
748 41
749 41
750 41
751 41
752 42
753 42
754 42
755 43
756 43
757 44
758 43
759 44
760 44
761 45
762 44
763 44
764 45
765 45
766 45
767 46
768 46
769 46
770 46
771 46
772 47
773 47
774 47
775 47
776 48
777 48
778 49
779 48
780 49
781 48
782 47
783 48
784 48
785 47
786 48
787 48
788 48
789 49
790 17
791 16
792 17
793 17
794 16
795 17
796 17
797 16
798 16
799 17
800 18
801 17
802 18
803 18
804 17
805 17
806 17
807 17
808 16
809 17
810 17
811 17
812 16
813 17
814 17
815 16
816 17
817 16
818 16
819 16
820 16
821 16
822 17
823 17
824 17
825 17
826 18
827 18
828 18
829 18
830 19
831 20
832 19
833 20
834 24
835 25
836 25
837 25
838 26
839 26
840 27
841 26
842 27
843 27
844 28
845 27
846 28
847 28
848 28
849 28
850 28
851 29
852 29
853 29
854 29
855 29
856 30
857 30
858 29
859 30
860 30
861 30
862 30
863 30
864 30
865 30
866 30
867 30
868 30
869 30
870 31
871 31
872 31
873 31
874 31
875 31
876 31
877 31
878 31
879 32
880 31
881 31
882 32
883 32
884 31
885 32
886 32
887 32
888 33
889 32
890 32
891 33
892 33
893 32
894 33
895 33
896 32
897 33
898 33
899 33
900 33
901 33
902 32
903 32
904 33
905 33
906 31
907 32
908 32
909 32
910 32
911 32
912 32
913 33
914 32
915 32
916 33
917 33
918 12
919 14
920 14
921 15
922 16
923 15
924 16
925 16
926 17
927 16
928 17
929 17
930 17
931 18
932 17
933 17
934 17
935 18
936 18
937 19
938 19
939 20
940 20
941 19
942 20
943 20
944 20
945 20
946 20
947 21
948 22
949 24
950 24
951 25
952 25
953 26
954 27
955 27
956 29
957 29
958 29
959 29
960 29
961 29
962 33
963 33
964 35
965 36
966 36
967 37
968 36
969 41
970 41
971 41
972 42
973 42
974 41
975 42
976 42
977 42
978 43
979 42
980 42
981 42
982 42
983 41
984 41
985 42
986 42
987 41
988 42
989 42
990 42
991 41
992 42
993 42
994 41
995 42
996 42
997 41
998 42
999 42
1000 42
1001 42
1002 42
1003 43
1004 42
1005 42
1006 43
1007 43
1008 42
1009 43
1010 43
1011 43
1012 43
1013 43
1014 43
1015 44
1016 44
1017 43
1018 44
1019 44
1020 45
1021 44
1022 48
1023 49
1024 49
1025 50
1026 50
1027 50
1028 50
1029 51
1030 50
1031 51
1032 52
1033 48
1034 48
1035 48
1036 49
1037 49
1038 48
1039 49
1040 49
1041 49
1042 51
1043 50
1044 50
1045 51
1046 13
1047 13
1048 13
1049 13
1050 14
1051 14
1052 14
1053 14
1054 14
1055 14
1056 14
1057 15
1058 14
1059 14
1060 15
1061 14
1062 14
1063 15
1064 15
1065 15
1066 15
1067 16
1068 16
1069 15
1070 16
1071 17
1072 17
1073 19
1074 19
1075 19
1076 19
1077 20
1078 20
1079 20
1080 20
1081 20
1082 21
1083 20
1084 21
1085 21
1086 21
1087 22
1088 21
1089 22
1090 26
1091 26
1092 26
1093 27
1094 27
1095 27
1096 27
1097 27
1098 27
1099 27
1100 27
1101 27
1102 28
1103 28
1104 27
1105 28
1106 29
1107 28
1108 29
1109 29
1110 29
1111 29
1112 30
1113 30
1114 29
1115 30
1116 30
1117 30
1118 30
1119 31
1120 31
1121 30
1122 31
1123 31
1124 31
1125 31
1126 32
1127 32
1128 33
1129 32
1130 32
1131 33
1132 33
1133 33
1134 33
1135 33
1136 34
1137 34
1138 34
1139 34
1140 35
1141 35
1142 36
1143 36
1144 37
1145 36
1146 37
1147 37
1148 38
1149 38
1150 38
1151 39
1152 40
1153 40
1154 40
1155 40
1156 41
1157 42
1158 43
1159 42
1160 43
1161 43
1162 43
1163 43
1164 44
1165 44
1166 45
1167 45
1168 45
1169 46
1170 46
1171 47
1172 46
1173 46
1174 12
1175 11
1176 12
1177 13
1178 13
1179 13
1180 13
1181 14
1182 15
1183 15
1184 15
1185 15
1186 16
1187 16
1188 17
1189 16
1190 17
1191 17
1192 18
1193 17
1194 17
1195 18
1196 19
1197 19
1198 19
1199 19
1200 20
1201 20
1202 20
1203 20
1204 21
1205 21
1206 22
1207 21
1208 22
1209 22
1210 23
1211 22
1212 23
1213 23
1214 23
1215 23
1216 24
1217 24
1218 25
1219 25
1220 25
1221 25
1222 26
1223 26
1224 26
1225 26
1226 27
1227 27
1228 28
1229 28
1230 28
1231 29
1232 29
1233 28
1234 29
1235 31
1236 31
1237 31
1238 31
1239 32
1240 32
1241 33
1242 32
1243 33
1244 33
1245 34
1246 33
1247 34
1248 37
1249 38
1250 38
1251 38
1252 38
1253 43
1254 44
1255 45
1256 44
1257 44
1258 45
1259 45
1260 45
1261 45
1262 45
1263 46
1264 44
1265 45
1266 44
1267 44
1268 45
1269 45
1270 44
1271 45
1272 45
1273 45
1274 45
1275 45
1276 45
1277 46
1278 45
1279 46
1280 46
1281 47
1282 47
1283 46
1284 47
1285 47
1286 48
1287 47
1288 48
1289 48
1290 49
1291 48
1292 49
1293 49
1294 48
1295 48
1296 48
1297 49
1298 49
1299 49
1300 49
1301 50
1302 15
1303 15
1304 16
1305 15
1306 16
1307 16
1308 17
1309 17
1310 18
1311 18
1312 18
1313 18
1314 18
1315 19
1316 18
1317 18
1318 18
1319 19
1320 18
1321 18
1322 19
1323 18
1324 18
1325 19
1326 19
1327 19
1328 19
1329 19
1330 20
1331 19
1332 19
1333 20
1334 19
1335 20
1336 20
1337 20
1338 20
1339 20
1340 21
1341 20
1342 20
1343 21
1344 20
1345 20
1346 15
1347 14
1348 15
1349 15
1350 15
1351 14
1352 15
1353 15
1354 15
1355 15
1356 15
1357 15
1358 15
1359 16
1360 15
1361 15
1362 16
1363 16
1364 15
1365 15
1366 16
1367 16
1368 16
1369 16
1370 16
1371 16
1372 16
1373 16
1374 16
1375 16
1376 17
1377 17
1378 16
1379 17
1380 17
1381 17
1382 38
1383 38
1384 38
1385 38
1386 39
1387 39
1388 40
1389 40
1390 41
1391 40
1392 40
1393 40
1394 40
1395 39
1396 40
1397 40
1398 41
1399 41
1400 41
1401 41
1402 41
1403 42
1404 41
1405 42
1406 42
1407 42
1408 42
1409 43
1410 42
1411 43
1412 42
1413 43
1414 43
1415 43
1416 43
1417 44
1418 44
1419 43
1420 44
1421 44
1422 44
1423 44
1424 44
1425 45
1426 45
1427 45
1428 45
1429 46
1430 27
1431 27
1432 27
1433 27
1434 27
1435 27
1436 27
1437 27
1438 27
1439 27
1440 28
1441 27
1442 27
1443 28
1444 29
1445 29
1446 30
1447 31
1448 31
1449 32
1450 31
1451 32
1452 33
1453 33
1454 34
1455 34
1456 34
1457 35
1458 35
1459 36
1460 35
1461 35
1462 36
1463 36
1464 36
1465 36
1466 35
1467 36
1468 36
1469 36
1470 36
1471 36
1472 37
1473 37
1474 37
1475 37
1476 37
1477 38
1478 38
1479 38
1480 39
1481 39
1482 39
1483 39
1484 39
1485 40
1486 40
1487 40
1488 40
1489 41
1490 41
1491 40
1492 41
1493 40
1494 39
1495 39
1496 40
1497 40
1498 46
1499 46
1500 47
1501 47
1502 48
1503 47
1504 48
1505 49
1506 49
1507 50
1508 50
1509 51
1510 14
1511 13
1512 14
1513 14
1514 14
1515 13
1516 14
1517 14
1518 14
1519 14
1520 15
1521 15
1522 15
1523 15
1524 15
1525 16
1526 16
1527 16
1528 16
1529 16
1530 16
1531 17
1532 16
1533 17
1534 17
1535 17
1536 17
1537 17
1538 17
1539 18
1540 19
1541 18
1542 19
1543 19
1544 19
1545 20
1546 19
1547 20
1548 20
1549 20
1550 20
1551 20
1552 21
1553 21
1554 21
1555 21
1556 22
1557 22
1558 36
1559 36
1560 37
1561 37
1562 37
1563 38
1564 38
1565 39
1566 38
1567 38
1568 39
1569 39
1570 40
1571 39
1572 40
1573 40
1574 40
1575 40
1576 40
1577 41
1578 40
1579 40
1580 40
1581 41
1582 40
1583 41
1584 41
1585 42
1586 41
1587 41
1588 41
1589 40
1590 41
1591 41
1592 42
1593 41
1594 41
1595 42
1596 42
1597 42
1598 42
1599 47
1600 48
1601 51
1602 54
1603 54
1604 54
1605 58
1606 58
1607 58
1608 59
1609 60
1610 64
1611 65
1612 64
1613 65
1614 64
1615 64
1616 65
1617 64
1618 66
1619 67
1620 67
1621 66
1622 67
1623 67
1624 67
1625 67
1626 68
1627 68
1628 67
1629 70
1630 71
1631 71
1632 75
1633 75
1634 77
1635 79
1636 78
1637 80
1638 24
1639 24
1640 24
1641 22
1642 21
1643 22
1644 20
1645 21
1646 20
1647 20
1648 20
1649 20
1650 20
1651 20
1652 20
1653 21
1654 20
1655 21
1656 21
1657 20
1658 20
1659 21
1660 20
1661 20
1662 21
1663 20
1664 20
1665 21
1666 20
1667 20
1668 21
1669 21
1670 20
1671 20
1672 20
1673 19
1674 19
1675 20
1676 20
1677 19
1678 20
1679 20
1680 20
1681 19
1682 20
1683 20
1684 20
1685 20
1686 24
1687 24
1688 24
1689 24
1690 24
1691 24
1692 24
1693 24
1694 25
1695 25
1696 24
1697 24
1698 25
1699 25
1700 24
1701 25
1702 25
1703 25
1704 26
1705 25
1706 25
1707 26
1708 26
1709 25
1710 26
1711 26
1712 26
1713 26
1714 26
1715 26
1716 26
1717 27
1718 26
1719 26
1720 23
1721 24
1722 24
1723 23
1724 24
1725 24
1726 24
1727 24
1728 24
1729 24
1730 24
1731 25
1732 24
1733 24
1734 25
1735 25
1736 25
1737 24
1738 25
1739 25
1740 25
1741 25
1742 25
1743 25
1744 25
1745 26
1746 25
1747 25
1748 25
1749 26
1750 26
1751 25
1752 23
1753 11
1754 11
1755 11
1756 12
1757 12
1758 11
1759 11
1760 12
1761 12
1762 13
1763 12
1764 12
1765 12
1766 13
1767 13
1768 13
1769 13
1770 13
1771 14
1772 13
1773 13
1774 14
1775 14
1776 13
1777 13
1778 14
1779 14
1780 14
1781 13
1782 14
1783 14
1784 14
1785 14
1786 14
1787 15
1788 15
1789 15
1790 15
1791 15
1792 15
1793 16
1794 16
1795 15
1796 16
1797 16
1798 16
1799 17
1800 16
1801 17
1802 17
1803 17
1804 18
1805 17
1806 17
1807 18
1808 18
1809 18
1810 18
1811 18
1812 19
1813 19
1814 20
1815 21
1816 21
1817 20
1818 19
1819 20
1820 20
1821 19
1822 20
1823 20
1824 20
1825 19
1826 20
1827 20
1828 21
1829 20
1830 20
1831 21
1832 20
1833 21
1834 21
1835 20
1836 21
1837 21
1838 20
1839 21
1840 21
1841 21
1842 22
1843 21
1844 21
1845 22
1846 22
1847 21
1848 21
1849 22
1850 22
1851 21
1852 21
1853 22
1854 22
1855 22
1856 22
1857 22
1858 22
1859 22
1860 23
1861 22
1862 22
1863 22
1864 23
1865 22
1866 22
1867 22
1868 22
1869 22
1870 22
1871 22
1872 22
1873 22
1874 22
1875 23
1876 25
1877 25
1878 24
1879 25
1880 24
1881 36
1882 14
1883 14
1884 15
1885 16
1886 15
1887 16
1888 16
1889 17
1890 16
1891 17
1892 17
1893 16
1894 21
1895 21
1896 22
1897 22
1898 23
1899 22
1900 23
1901 23
1902 24
1903 24
1904 24
1905 24
1906 25
1907 25
1908 25
1909 25
1910 26
1911 25
1912 26
1913 27
1914 27
1915 26
1916 27
1917 27
1918 28
1919 27
1920 28
1921 28
1922 26
1923 25
1924 25
1925 25
1926 25
1927 26
1928 25
1929 26
1930 26
1931 26
1932 26
1933 26
1934 26
1935 27
1936 26
1937 27
1938 27
1939 28
1940 27
1941 28
1942 18
1943 18
1944 18
1945 18
1946 19
1947 19
1948 19
1949 20
1950 20
1951 20
1952 20
1953 20
1954 21
1955 21
1956 22
1957 21
1958 22
1959 22
1960 23
1961 22
1962 23
1963 23
1964 24
1965 24
1966 24
1967 24
1968 24
1969 25
1970 25
1971 25
1972 25
1973 26
1974 27
1975 27
1976 27
1977 27
1978 28
1979 29
1980 29
1981 28
1982 29
1983 29
1984 30
1985 30
1986 30
1987 30
1988 31
1989 31
1990 32
1991 31
1992 31
1993 32
1994 32
1995 33
1996 32
1997 33
1998 33
1999 34
2000 33
2001 34
2002 34
2003 35
2004 35
2005 35
2006 35
2007 36
2008 36
2009 10
2010 10
2011 11
2012 11
2013 12
2014 12
2015 12
2016 12
2017 13
2018 13
2019 13
2020 13
2021 13
2022 14
2023 14
2024 14
2025 14
2026 14
2027 15
2028 15
2029 15
2030 15
2031 15
2032 16
2033 15
2034 15
2035 16
2036 16
2037 17
2038 16
2039 16
2040 17
2041 16
2042 16
2043 17
2044 17
2045 18
2046 17
2047 17
2048 18
2049 18
2050 18
2051 19
2052 18
2053 19
2054 19
2055 19
2056 20
2057 19
2058 20
2059 20
2060 20
2061 21
2062 20
2063 21
2064 21
2065 21
2066 22
2067 21
2068 22
2069 22
2070 19
2071 18
2072 19
2073 19
2074 19
2075 19
2076 19
2077 20
2078 19
2079 20
2080 20
2081 19
2082 20
2083 19
2084 20
2085 20
2086 20
2087 20
2088 20
2089 21
2090 20
2091 20
2092 21
2093 21
2094 21
2095 21
2096 21
2097 22
2098 22
2099 22
2100 22
2101 22
2102 23
2103 23
2104 23
2105 23
2106 23
2107 23
2108 24
2109 24
2110 23
2111 24
2112 24
2113 25
2114 24
2115 25
2116 25
2117 25
2118 26
2119 26
2120 26
2121 26
2122 25
2123 26
2124 26
2125 27
2126 26
2127 26
2128 27
2129 27
2130 26
2131 27
2132 27
2133 27
2134 27
2135 27
2136 28
2137 9
2138 9
2139 10
2140 10
2141 10
2142 10
2143 10
2144 11
2145 11
2146 11
2147 11
2148 11
2149 12
2150 15
2151 14
2152 15
2153 15
2154 16
2155 15
2156 16
2157 16
2158 17
2159 16
2160 16
2161 17
2162 17
2163 17
2164 17
2165 17
2166 18
2167 18
2168 17
2169 18
2170 18
2171 17
2172 18
2173 18
2174 18
2175 18
2176 19
2177 20
2178 20
2179 19
2180 20
2181 20
2182 20
2183 19
2184 19
2185 20
2186 20
2187 21
2188 20
2189 20
2190 21
2191 21
2192 21
2193 21
2194 22
2195 21
2196 22
2197 22
2198 15
2199 14
2200 15
2201 15
2202 16
2203 15
2204 16
2205 16
2206 16
2207 17
2208 16
2209 17
2210 17
2211 17
2212 18
2213 17
2214 17
2215 18
2216 18
2217 18
2218 19
2219 18
2220 19
2221 19
2222 19
2223 20
2224 19
2225 20
2226 20
2227 20
2228 21
2229 20
2230 20
2231 21
2232 21
2233 21
2234 21
2235 21
2236 21
2237 22
2238 22
2239 23
2240 22
2241 22
2242 23
2243 23
2244 23
2245 23
2246 23
2247 24
2248 24
2249 25
2250 24
2251 24
2252 25
2253 25
2254 25
2255 25
2256 26
2257 26
2258 26
2259 27
2260 27
2261 27
2262 27
2263 27
2264 28
2265 14
2266 14
2267 11
2268 12
2269 12
2270 12
2271 12
2272 12
2273 12
2274 12
2275 13
2276 13
2277 13
2278 14
2279 13
2280 14
2281 14
2282 15
2283 15
2284 16
2285 16
2286 16
2287 16
2288 17
2289 17
2290 16
2291 17
2292 17
2293 17
2294 18
2295 17
2296 17
2297 17
2298 18
2299 17
2300 17
2301 17
2302 17
2303 17
2304 17
2305 18
2306 17
2307 17
2308 18
2309 18
2310 17
2311 18
2312 18
2313 17
2314 18
2315 18
2316 19
2317 19
2318 18
2319 19
2320 19
2321 19
2322 20
2323 19
2324 19
2325 19
2326 22
2327 23
2328 23
2329 24
2330 24
2331 23
2332 23
2333 23
2334 24
2335 23
2336 23
2337 24
2338 24
2339 24
2340 23
2341 24
2342 24
2343 25
2344 25
2345 24
2346 24
2347 25
2348 25
2349 25
2350 24
2351 23
2352 23
2353 24
2354 24
2355 23
2356 24
2357 25
2358 24
2359 24
2360 25
2361 25
2362 25
2363 25
2364 26
2365 26
2366 25
2367 26
2368 26
2369 25
2370 26
2371 26
2372 26
2373 26
2374 26
2375 26
2376 26
2377 27
2378 27
2379 26
2380 27
2381 27
2382 26
2383 27
2384 27
2385 28
2386 28
2387 28
2388 28
2389 28
2390 28
2391 28
2392 29
2393 10
2394 10
2395 11
2396 11
2397 10
2398 11
2399 11
2400 12
2401 11
2402 12
2403 12
2404 12
2405 13
2406 22
2407 21
2408 22
2409 23
2410 23
2411 22
2412 23
2413 23
2414 23
2415 24
2416 23
2417 24
2418 24
2419 24
2420 25
2421 24
2422 25
2423 25
2424 25
2425 26
2426 26
2427 26
2428 27
2429 27
2430 27
2431 32
2432 33
2433 36
2434 37
2435 37
2436 38
2437 39
2438 39
2439 39
2440 39
2441 40
2442 40
2443 40
2444 40
2445 41
2446 41
2447 42
2448 42
2449 41
2450 42
2451 42
2452 43
2453 41
2454 21
2455 21
2456 21
2457 22
2458 23
2459 22
2460 23
2461 23
2462 24
2463 24
2464 23
2465 24
2466 24
2467 25
2468 24
2469 25
2470 25
2471 26
2472 26
2473 26
2474 28
2475 28
2476 29
2477 29
2478 29
2479 29
2480 30
2481 30
2482 31
2483 31
2484 31
2485 31
2486 32
2487 32
2488 32
2489 32
2490 33
2491 33
2492 33
2493 33
2494 33
2495 33
2496 34
2497 34
2498 35
2499 34
2500 34
2501 35
2502 35
2503 35
2504 35
2505 35
2506 35
2507 36
2508 36
2509 36
2510 36
2511 37
2512 37
2513 37
2514 37
2515 37
2516 37
2517 38
2518 38
2519 37
2520 38
2521 34
2522 34
2523 35
2524 35
2525 34
2526 35
2527 35
2528 35
2529 36
2530 35
2531 35
2532 36
2533 44
2534 21
2535 21
2536 21
2537 21
2538 22
2539 22
2540 20
2541 21
2542 21
2543 20
2544 20
2545 21
2546 21
2547 20
2548 21
2549 21
2550 21
2551 22
2552 21
2553 21
2554 22
2555 22
2556 22
2557 22
2558 26
2559 25
2560 26
2561 20
2562 20
2563 19
2564 19
2565 20
2566 20
2567 20
2568 20
2569 20
2570 20
2571 20
2572 21
2573 20
2574 20
2575 20
2576 19
2577 20
2578 20
2579 20
2580 20
2581 19
2582 17
2583 20
2584 20
2585 19
2586 20
2587 20
2588 21
2589 21
2590 22
2591 21
2592 21
2593 22
2594 22
2595 23
2596 22
2597 23
2598 23
2599 24
2600 24
2601 24
2602 25
2603 25
2604 25
2605 26
2606 26
2607 26
2608 26
2609 27
2610 27
2611 28
2612 27
2613 28
2614 28
2615 29
2616 29
2617 29
2618 29
2619 29
2620 30
2621 30
2622 31
2623 30
2624 30
2625 31
2626 31
2627 32
2628 31
2629 32
2630 32
2631 32
2632 33
2633 33
2634 33
2635 33
2636 34
2637 33
2638 33
2639 34
2640 34
2641 35
2642 35
2643 34
2644 35
2645 35
2646 36
2647 36
2648 35
2649 36
2650 36
2651 37
2652 37
2653 38
2654 37
2655 37
2656 38
2657 38
2658 39
2659 38
2660 38
2661 11
2662 11
2663 11
2664 11
2665 12
2666 12
2667 12
2668 12
2669 13
2670 13
2671 14
2672 14
2673 13
2674 14
2675 14
2676 15
2677 15
2678 16
2679 15
2680 16
2681 16
2682 17
2683 17
2684 18
2685 17
2686 17
2687 18
2688 18
2689 18
2690 18
2691 18
2692 19
2693 19
2694 20
2695 19
2696 20
2697 20
2698 21
2699 21
2700 21
2701 20
2702 21
2703 21
2704 21
2705 22
2706 21
2707 21
2708 21
2709 22
2710 16
2711 16
2712 16
2713 16
2714 17
2715 16
2716 16
2717 16
2718 17
2719 17
2720 16
2721 16
2722 17
2723 17
2724 17
2725 16
2726 17
2727 16
2728 16
2729 16
2730 17
2731 17
2732 16
2733 16
2734 17
2735 17
2736 17
2737 17
2738 17
2739 17
2740 17
2741 17
2742 18
2743 18
2744 17
2745 17
2746 20
2747 21
2748 21
2749 21
2750 21
2751 20
2752 21
2753 22
2754 22
2755 21
2756 22
2757 22
2758 22
2759 23
2760 22
2761 23
2762 23
2763 23
2764 23
2765 24
2766 23
2767 23
2768 24
2769 24
2770 25
2771 24
2772 24
2773 24
2774 25
2775 25
2776 25
2777 25
2778 25
2779 26
2780 26
2781 26
2782 26
2783 26
2784 26
2785 26
2786 36
2787 9
2788 9
2789 11
2790 11
2791 11
2792 11
2793 11
2794 11
2795 11
2796 12
2797 12
2798 11
2799 12
2800 12
2801 12
2802 13
2803 13
2804 12
2805 13
2806 13
2807 13
2808 13
2809 14
2810 13
2811 13
2812 14
2813 14
2814 13
2815 14
2816 14
2817 14
2818 14
2819 14
2820 14
2821 14
2822 15
2823 15
2824 15
2825 15
2826 16
2827 16
2828 16
2829 17
2830 17
2831 16
2832 17
2833 17
2834 17
2835 18
2836 17
2837 17
2838 16
2839 16
2840 16
2841 16
2842 17
2843 17
2844 17
2845 16
2846 17
2847 17
2848 17
2849 18
2850 17
2851 17
2852 18
2853 18
2854 18
2855 19
2856 18
2857 18
2858 18
2859 19
2860 19
2861 19
2862 19
2863 19
2864 19
2865 20
2866 20
2867 19
2868 20
2869 20
2870 20
2871 21
2872 21
2873 20
2874 21
2875 21
2876 21
2877 22
2878 21
2879 21
2880 22
2881 22
2882 22
2883 21
2884 22
2885 22
2886 22
2887 22
2888 23
2889 22
2890 22
2891 23
2892 23
2893 23
2894 24
2895 23
2896 23
2897 22
2898 22
2899 22
2900 23
2901 22
2902 22
2903 23
2904 23
2905 23
2906 22
2907 23
2908 23
2909 23
2910 24
2911 23
2912 23
2913 31
2914 15
2915 16
2916 15
2917 16
2918 16
2919 16
2920 16
2921 16
2922 16
2923 19
2924 19
2925 19
2926 19
2927 19
2928 19
2929 23
2930 23
2931 23
2932 23
2933 23
2934 22
2935 22
2936 23
2937 23
2938 23
2939 23
2940 23
2941 23
2942 23
2943 23
2944 23
2945 23
2946 24
2947 23
2948 23
2949 24
2950 24
2951 23
2952 23
2953 24
2954 24
2955 23
2956 24
2957 24
2958 25
2959 25
2960 24
2961 25
2962 25
2963 25
2964 25
2965 25
2966 18
2967 18
2968 18
2969 18
2970 18
2971 19
2972 19
2973 18
2974 19
2975 19
2976 19
2977 20
2978 19
2979 19
2980 20
2981 20
2982 20
2983 21
2984 20
2985 20
2986 21
2987 21
2988 21
2989 21
2990 21
2991 21
2992 22
2993 22
2994 22
2995 22
2996 22
2997 22
2998 23
2999 22
3000 22
3001 22
3002 23
3003 23
3004 24
3005 23
3006 23
3007 23
3008 23
3009 24
3010 23
3011 23
3012 24
3013 24
3014 24
3015 24
3016 23
3017 24
3018 24
3019 25
3020 25
3021 24
3022 25
3023 25
3024 25
3025 26
3026 25
3027 25
3028 25
3029 25
3030 25
3031 25
3032 26
3033 26
3034 25
3035 26
3036 26
3037 26
3038 26
3039 26
3040 26
3041 29
3042 19
3043 18
3044 19
3045 19
3046 19
3047 18
3048 19
3049 18
3050 19
3051 19
3052 19
3053 19
3054 19
3055 20
3056 19
3057 19
3058 20
3059 20
3060 20
3061 20
3062 20
3063 21
3064 22
3065 21
3066 21
3067 21
3068 21
3069 22
3070 22
3071 21
3072 22
3073 22
3074 22
3075 22
3076 22
3077 22
3078 23
3079 22
3080 22
3081 23
3082 23
3083 24
3084 23
3085 23
3086 24
3087 24
3088 25
3089 25
3090 25
3091 25
3092 25
3093 26
3094 46
3095 46
3096 46
3097 46
3098 46
3099 45
3100 45
3101 45
3102 45
3103 44
3104 45
3105 45
3106 41
3107 40
3108 40
3109 40
3110 39
3111 40
3112 40
3113 38
3114 38
3115 38
3116 38
3117 38
3118 37
3119 38
3120 36
3121 35
3122 34
3123 33
3124 33
3125 34
3126 34
3127 35
3128 34
3129 35
3130 36
3131 36
3132 36
3133 36
3134 37
3135 37
3136 37
3137 38
3138 37
3139 38
3140 38
3141 39
3142 39
3143 37
3144 38
3145 38
3146 39
3147 38
3148 39
3149 39
3150 40
3151 40
3152 39
3153 40
3154 40
3155 41
3156 40
3157 41
3158 41
3159 40
3160 41
3161 42
3162 41
3163 41
3164 41
3165 41
3166 41
3167 42
3168 42
3169 9
3170 30
3171 31
3172 32
3173 32
3174 32
3175 29
3176 28
3177 28
3178 29
3179 29
3180 28
3181 29
3182 29
3183 28
3184 29
3185 29
3186 29
3187 29
3188 29
3189 30
3190 30
3191 30
3192 31
3193 31
3194 31
3195 32
3196 31
3197 31
3198 32
3199 32
3200 32
3201 34
3202 34
3203 41
3204 42
3205 42
3206 43
3207 44
3208 43
3209 44
3210 44
3211 45
3212 44
3213 45
3214 45
3215 46
3216 46
3217 45
3218 46
3219 46
3220 47
3221 46
3222 7
3223 7
3224 7
3225 7
3226 8
3227 8
3228 9
3229 8
3230 19
3231 20
3232 20
3233 20
3234 20
3235 20
3236 20
3237 21
3238 21
3239 20
3240 21
3241 22
3242 22
3243 23
3244 22
3245 22
3246 23
3247 23
3248 24
3249 24
3250 24
3251 24
3252 24
3253 25
3254 25
3255 25
3256 25
3257 26
3258 26
3259 27
3260 26
3261 26
3262 27
3263 27
3264 28
3265 27
3266 27
3267 28
3268 28
3269 28
3270 28
3271 28
3272 28
3273 28
3274 28
3275 29
3276 28
3277 28
3278 28
3279 29
3280 29
3281 28
3282 28
3283 29
3284 29
3285 29
3286 28
3287 29
3288 29
3289 29
3290 29
3291 29
3292 29
3293 29
3294 28
3295 29
3296 29
3297 28
3298 13
3299 12
3300 13
3301 13
3302 14
3303 13
3304 13
3305 14
3306 14
3307 14
3308 14
3309 14
3310 15
3311 14
3312 14
3313 15
3314 15
3315 15
3316 15
3317 15
3318 16
3319 16
3320 16
3321 16
3322 16
3323 17
3324 17
3325 17
3326 17
3327 17
3328 18
3329 18
3330 17
3331 17
3332 18
3333 18
3334 18
3335 18
3336 19
3337 19
3338 19
3339 19
3340 19
3342 19
3341 19
3343 19
3344 19
3345 19
3346 18
3347 18
3348 18
3349 18
3350 11
3351 12
3352 12
3353 14
3354 14
3355 15
3356 15
3357 16
3358 32
3359 31
3360 30
3361 30
3362 29
3363 27
3364 27
3365 27
3366 26
3367 24
3368 24
3369 24
3370 22
3371 21
3372 22
3373 21
3374 19
3375 18
3376 19
3377 18
3378 18
3379 18
3380 17
3381 18
3382 17
3383 17
3384 16
3385 16
3386 16
3387 16
3388 16
3389 17
3390 16
3391 16
3392 16
3393 17
3394 17
3395 17
3396 18
3397 17
3398 17
3399 18
3400 18
3401 18
3402 18
3403 18
3404 18
3405 18
3406 18
3407 19
3408 19
3409 19
3410 18
3411 19
3412 19
3413 19
3414 19
3415 19
3416 20
3417 19
3418 19
3419 20
3420 20
3421 30
3422 31
3423 31
3424 33
3425 33
3426 33
3427 32
3428 33
3429 33
3430 33
3431 33
3432 34
3433 34
3434 33
3435 34
3436 34
3437 35
3438 35
3439 35
3440 35
3441 35
3442 36
3443 36
3444 36
3445 36
3446 37
3447 36
3448 36
3449 36
3450 37
3451 36
3452 36
3453 37
3454 37
3455 37
3456 37
3457 36
3458 37
3459 37
3460 37
3461 38
3462 38
3463 38
3464 38
3465 32
3466 33
3467 33
3468 31
3469 31
3470 32
3471 31
3472 29
3473 29
3474 29
3475 29
3476 29
3477 28
3478 8
3479 7
3480 7
3481 8
3482 8
3483 8
3484 8
3485 8
3486 1
3487 1
3488 1
3489 2
3490 1
3491 6
3492 6
3493 6
3494 7
3495 7
3496 6
3497 7
3498 7
3499 7
3500 8
3501 8
3502 8
3503 7
3504 8
3505 8
3506 8
3507 8
3508 9
3509 9
3510 8
3511 8
3512 8
3513 8
3514 7
3515 7
3516 8
3517 8
3518 8
3519 9
3520 9
3521 8
3522 8
3523 9
3524 9
3525 9
3526 10
3527 9
3528 17
3529 8
3530 8
3531 8
3532 8
3533 9
3534 9
3535 9
3536 8
3537 8
3538 8
3539 8
3540 9
3541 9
3542 9
3543 8
3544 9
3545 9
3546 9
3547 9
3548 9
3549 18
3550 18
3551 18
3552 17
3553 17
3554 17
3555 18
3556 18
3557 18
3558 18
3559 18
3560 17
3561 17
3562 17
3563 18
3564 18
3565 18
3566 18
3567 18
3568 18
3569 18
3570 20
3571 20
3572 20
3573 20
3574 20
3575 20
3576 20
3577 20
3578 20
3579 20
3580 20
3581 20
3582 20
3583 20
3584 20
3585 20
3586 20
3587 20
3588 19
3589 19
3590 19
3591 19
3592 20
3593 20
3594 19
3595 19
3596 13
3597 10
3598 10
3599 11
3600 10
3601 10
3602 10
3603 10
3604 10
3605 24
3606 11
3607 12
3608 12
3609 12
3610 12
3611 12
3612 13
3613 13
3614 8
3615 8
3616 8
3617 9
3618 9
3619 9
3620 9
3621 9
3622 9
3623 10
3624 10
3625 10
3626 11
3627 11
3628 10
3629 11
3630 11
3631 11
3632 11
3633 12
3634 11
3635 11
3636 11
3637 12
3638 12
3639 12
3640 12
3641 12
3642 12
3643 12
3644 12
3645 13
3646 13
3647 13
3648 12
3649 13
3650 13
3651 13
3652 13
3653 14
3654 14
3655 14
3656 7
3657 7
3658 7
3659 7
3660 8
3661 7
3662 7
3663 7
3664 7
3665 8
3666 8
3667 8
3668 7
3669 8
3670 8
3671 8
3672 8
3673 9
3674 9
3675 9
3676 8
3677 2
3678 2
3679 2
3680 3
3681 3
3682 2
3683 2
3684 3
3685 3
3686 3
3687 3
3688 2
3689 11
3690 9
3691 8
3692 9
3693 9
3694 9
3695 10
3696 10
3697 9
3698 9
3699 9
3700 10
3701 10
3702 10
3703 10
3704 10
3705 10
3706 11
3707 11
3708 11
3709 12
3710 12
3711 12
3712 11
3713 12
3714 12
3715 13
3716 13
3717 14
3718 14
3719 13
3720 14
3721 14
3722 15
3723 16
3724 15
3725 16
3726 16
3727 16
3728 17
3729 16
3730 16
3731 17
3732 17
3733 3
3734 3
3735 4
3736 4
3737 3
3738 4
3739 4
3740 4
3741 5
3742 12
3743 13
3744 13
3745 13
3746 14
3747 14
3748 15
3749 15
3750 15
3751 15
3752 15
3753 17
3754 18
3755 18
3756 19
3757 19
3758 18
3759 18
3760 19
3761 19
3762 19
3763 19
3764 20
3765 20
3766 19
3767 19
3768 20
3769 20
3770 20
3771 21
3772 21
3773 19
3774 20
3775 20
3776 20
3777 21
3778 21
3779 20
3780 20
3781 21
3782 21
3783 20
3784 21
3785 21
3786 21
3787 21
3788 21
3789 21
3790 22
3791 22
3792 23
3793 22
3794 23
3795 23
3796 24
3797 24
3798 25
3799 25
3800 25
3801 25
3802 25
3803 26
3804 26
3805 5
3806 6
3807 6
3808 7
3809 7
3810 8
3811 7
3812 8
3813 9
3814 10
3815 10
3816 11
3817 7
3818 8
3819 8
3820 9
3821 9
3822 9
3823 9
3824 10
3825 10
3826 10
3827 11
3828 11
3829 10
3830 11
3831 11
3832 11
3833 12
3834 12
3835 12
3836 13
3837 12
3838 13
3839 13
3840 14
3841 14
3842 14
3843 14
3844 14
3845 14
3846 15
3847 15
3848 15
3849 16
3850 15
3851 16
3852 16
3853 16
3854 16
3855 16
3856 17
3857 17
3858 18
3859 17
3860 17
3861 4
3862 4
3863 5
3864 7
3865 7
3866 7
3867 7
3868 7
3869 8
3870 9
3871 10
3872 10
3873 11
3874 11
3875 10
3876 10
3877 11
3878 11
3879 11
3880 11
3881 12
3882 11
3883 11
3884 11
3885 11
3886 12
3887 12
3888 11
3889 11
3890 12
3891 12
3892 12
3893 12
3894 13
3895 12
3896 13
3897 13
3898 19
3899 19
3900 20
3901 20
3902 19
3903 19
3904 20
3905 20
3906 20
3907 20
3908 21
3909 20
3910 20
3911 20
3912 20
3913 21
3914 21
3915 21
3916 20
3917 21
3918 21
3919 21
3920 21
3921 22
3922 22
3923 21
3924 22
3925 22
3926 22
3927 22
3928 23
3929 23
3930 23
3931 23
3932 23
3933 6
3934 6
3935 6
3936 7
3937 7
3938 8
3939 9
3940 9
3941 9
3942 9
3943 10
3944 10
3945 7
3946 7
3947 7
3948 8
3949 8
3950 9
3951 9
3952 8
3953 9
3954 9
3955 10
3956 10
3957 10
3958 10
3959 10
3960 10
3961 10
3962 11
3963 11
3964 11
3965 11
3966 11
3967 11
3968 11
3969 11
3970 12
3971 12
3972 12
3973 12
3974 12
3975 12
3976 12
3977 12
3978 13
3979 13
3980 13
3981 13
3982 13
3983 13
3984 13
3985 13
3986 14
3987 14
3988 14
3989 4
3990 3
3991 4
3992 4
3993 4
3994 5
3995 4
3996 4
3997 5
3998 6
3999 6
4000 7
4001 8
4002 9
4003 9
4004 10
4005 10
4006 9
4007 10
4008 10
4009 11
4010 11
4011 12
4012 12
4013 13
4014 12
4015 12
4016 13
4017 13
4018 14
4019 14
4020 15
4021 15
4022 14
4023 15
4024 15
4025 16
4026 16
4027 17
4028 17
4029 16
4030 17
4031 17
4032 17
4033 18
4034 25
4035 6
4036 6
4037 6
4038 7
4039 7
4040 7
4041 7
4042 7
4043 8
4044 8
4045 8
4046 9
4047 9
4048 9
4049 9
4050 9
4051 10
4052 10
4053 11
4054 11
4055 11
4056 11
4057 11
4058 12
4059 12
4060 13
4061 3
4062 3
4063 3
4064 3
4065 4
4066 4
4067 4
4068 5
4069 5
4070 4
4071 5
4072 5
4073 7
4074 8
4075 9
4076 9
4077 9
4078 10
4079 9
4080 10
4081 10
4082 10
4083 11
4084 11
4085 11
4086 12
4087 11
4088 11
4089 12
4090 12
4091 12
4092 13
4093 13
4094 14
4095 13
4096 13
4097 14
4098 14
4099 15
4100 15
4101 15
4102 15
4103 15
4104 15
4105 16
4106 16
4107 16
4108 17
4109 17
4110 16
4111 17
4112 17
4113 17
4114 18
4115 18
4116 18
4117 18
4118 18
4119 18
4120 19
4121 19
4122 19
4123 20
4124 19
4125 19
4126 19
4127 20
4128 19
4129 19
4130 20
4131 20
4132 20
4133 20
4134 20
4135 20
4136 20
4137 20
4138 20
4139 20
4140 20
4141 20
4142 20
4143 20
4144 20
4145 20
4146 21
4147 21
4148 13
4149 14
4150 13
4151 13
4152 14
4153 14
4154 14
4155 14
4156 14
4157 14
4158 15
4159 15
4160 14
4161 15
4162 15
4163 11
4164 12
4165 12
4166 11
4167 11
4168 12
4169 12
4170 23
4171 10
4172 11
4173 11
4174 11
4175 11
4176 11
4177 12
4178 12
4179 12
4180 12
4181 12
4182 12
4183 12
4184 13
4185 13
4186 12
4187 13
4188 13
4189 13
4190 14
4191 14
4192 14
4193 13
4194 14
4195 14
4196 14
4197 14
4198 15
4199 15
4200 14
4201 10
4202 9
4203 9
4204 10
4205 10
4206 10
4207 10
4208 11
4209 10
4210 10
4211 10
4212 10
4213 10
4214 11
4215 10
4216 10
4217 10
4218 10
4219 11
4220 11
4221 11
4222 11
4223 10
4224 11
4225 11
4226 11
4227 11
4228 10
4229 11
4230 11
4231 11
4232 12
4233 12
4234 12
4235 12
4236 11
4237 12
4238 12
4239 12
4240 12
4241 13
4242 12
4243 6
4244 6
4245 6
4246 7
4247 7
4248 7
4249 6
4250 7
4251 7
4252 7
4253 7
4254 9
4255 9
4256 9
4257 9
4258 9
4259 9
4261 9
4260 10
4262 9
4263 9
4264 9
4265 10
4266 10
4267 10
4268 9
4269 10
4270 10
4271 10
4272 10
4273 10
4274 10
4275 10
4276 10
4277 10
4278 10
4279 10
4280 10
4281 10
4282 11
4283 11
4284 10
4285 10
4286 11
4287 11
4288 11
4289 11
4290 12
4291 12
4292 11
4293 11
4294 11
4295 12
4296 12
4297 12
4298 5
4299 5
4300 6
4301 6
4302 5
4303 5
4304 5
4305 5
4306 6
4307 6
4308 6
4309 5
4310 5
4311 6
4312 6
4313 7
4314 7
4315 7
4316 8
4317 7
4318 7
4319 7
4320 7
4321 8
4322 8
4323 8
4324 7
4325 7
4326 8
4327 8
4328 8
4329 9
4330 9
4331 9
4332 9
4333 8
4334 9
4335 9
4336 9
4337 9
4338 9
4339 9
4340 10
4341 9
4342 9
4343 10
4344 10
4345 10
4346 10
4347 12
4348 12
4349 11
4350 11
4351 11
4352 11
4353 12
4354 12
4355 12
4356 12
4357 12
4358 12
4359 12
4360 12
4361 13
4362 13
4363 13
4364 13
4365 13
4366 15
4367 15
4368 15
4369 15
4370 15
4371 15
4372 16
4373 16
4374 16
4375 17
4376 17
4377 16
4378 17
4379 17
4380 17
4381 18
4382 9
4383 9
4384 8
4385 9
4386 9
4387 9
4388 9
4389 10
4390 10
4391 9
4392 9
4393 9
4394 10
4395 10
4396 10
4397 10
4398 11
4399 10
4400 10
4401 10
4402 10
4403 11
4404 11
4405 10
4406 10
4407 11
4408 12
4409 13
4410 12
4411 12
4412 12
4413 12
4414 13
4415 20
4416 20
4417 20
4418 22
4419 22
4420 22
4421 26
4422 27
4423 27
4424 27
4425 28
4426 10
4427 10
4428 12
4429 13
4430 13
4431 14
4432 13
4433 14
4434 15
4435 15
4436 15
4437 15
4438 16
4439 16
4440 17
4441 18
4442 15
4443 15
4444 15
4445 15
4446 16
4447 16
4448 16
4449 17
4450 16
4451 17
4452 17
4453 18
4454 18
4455 18
4456 18
4457 18
4458 19
4459 19
4460 19
4461 20
4462 20
4463 20
4464 20
4465 20
4466 21
4467 21
4468 22
4469 22
4470 21
4471 22
4472 22
4473 23
4474 23
4475 23
4476 23
4477 23
4478 24
4479 24
4480 25
4481 25
4482 25
4483 25
4484 25
4485 25
4486 26
4487 26
4488 27
4489 26
4490 27
4491 27
4492 28
4493 28
4494 29
4495 29
4496 28
4497 29
4498 29
4499 30
4500 30
4501 30
4502 31
4503 30
4504 30
4505 31
4506 31
4507 32
4508 32
4509 32
4510 10
4511 11
4512 11
4513 11
4514 11
4515 12
4516 12
4517 13
4518 14
4519 14
4520 13
4521 13
4522 14
4523 14
4524 14
4525 14
4526 14
4527 14
4528 14
4529 14
4530 15
4531 15
4532 14
4533 15
4534 15
4535 15
4536 16
4537 16
4538 16
4539 16
4540 16
4541 16
4542 17
4543 18
4544 17
4545 18
4546 18
4547 18
4548 19
4549 19
4550 19
4551 20
4552 19
4553 19
4554 20
4555 20
4556 20
4557 19
4559 20
4560 20
4558 19
4561 20
4562 21
4563 21
4564 21
4565 21
4566 21
4567 22
4568 22
4569 28
4570 12
4571 13
4572 13
4573 14
4574 14
4575 15
4576 14
4577 14
4578 15
4579 15
4580 15
4581 16
4582 16
4583 16
4584 16
4585 16
4586 17
4587 17
4588 16
4589 17
4590 17
4591 17
4592 18
4593 17
4594 17
4595 18
4596 18
4597 18
4598 19
4599 18
4600 18
4601 19
4602 19
4603 18
4604 19
4605 19
4606 20
4607 20
4608 20
4609 20
4610 20
4611 20
4612 21
4613 21
4614 21
4615 22
4616 22
4617 21
4618 22
4619 22
4620 23
4621 23
4622 23
4623 24
4624 24
4625 23
4626 24
4627 24
4628 24
4629 25
4630 25
4631 26
4632 26
4633 26
4634 26
4635 27
4636 27
4637 27
4638 14
4639 15
4640 14
4641 15
4642 15
4643 15
4644 16
4645 16
4646 17
4647 16
4648 16
4649 17
4650 17
4651 17
4652 18
4653 17
4654 17
4655 18
4656 18
4657 18
4658 19
4659 19
4660 20
4661 19
4662 19
4663 20
4664 20
4665 20
4666 21
4667 21
4668 20
4669 21
4670 21
4671 22
4672 21
4673 21
4674 22
4675 22
4676 22
4677 23
4678 20
4679 21
4680 21
4681 20
4682 21
4683 21
4684 21
4685 22
4686 22
4687 22
4688 22
4689 22
4690 22
4691 23
4692 23
4693 22
4694 23
4695 23
4696 24
4697 7
4698 2
4700 3
4699 2
4701 3
4702 4
4703 4
4704 3
4705 4
4706 4
4707 6
4708 6
4709 6
4710 7
4711 7
4712 7
4713 7
4714 7
4715 7
4716 7
4717 7
4718 8
4719 7
4720 7
4721 8
4722 8
4723 9
4724 10
4725 10
4726 9
4727 10
4728 10
4729 10
4730 11
4731 11
4732 11
4733 13
4734 13
4735 13
4736 6
4737 7
4738 7
4739 7
4740 7
4741 8
4742 8
4743 8
4744 8
4745 6
4746 5
4747 6
4748 6
4749 7
4750 6
4751 6
4752 7
4753 11
4754 11
4755 11
4756 11
4757 11
4758 12
4759 12
4760 12
4761 12
4762 12
4763 13
4764 13
4765 13
4766 13
4767 13
4768 13
4769 13
4770 13
4771 14
4772 14
4773 14
4774 14
4775 14
4776 14
4777 15
4778 15
4779 15
4780 15
4781 15
4782 15
4783 16
4784 16
4785 16
4787 16
4788 17
4786 17
4792 18
4789 17
4790 17
4793 17
4791 18
4794 18
4795 18
4796 18
4797 19
4798 19
4799 18
4800 19
4801 19
4802 19
4803 20
4804 20
4805 19
4806 20
4807 20
4808 20
4809 21
4810 21
4811 20
4812 21
4813 21
4814 21
4815 22
4816 22
4817 22
4818 22
4819 22
4820 23
4821 23
4822 24
4823 24
4824 25
4825 24
4826 24
4827 25
4828 25
4829 25
4830 26
4831 25
4832 25
4833 26
4834 26
4835 16
4836 15
4837 16
4838 15
4839 15
4840 16
4841 16
4842 16
4843 17
4844 17
4845 15
4846 15
4847 16
4848 15
4849 15
4850 16
4851 16
4852 15
4853 16
4854 16
4855 16
4856 17
4857 16
4858 16
4859 19
4860 19
4861 19
4862 20
4863 19
4864 19
4865 19
4866 19
4867 20
4868 19
4869 20
4870 20
4871 20
4872 20
4873 21
4874 19
4875 19
4876 19
4877 19
4878 19
4879 18
4880 18
4881 19
4882 18
4883 18
4884 18
4885 19
4886 19
4887 19
4888 18
4889 19
4890 19
4891 19
4892 20
4893 26
4894 11
4895 10
4896 10
4897 10
4898 11
4899 11
4900 11
4901 12
4902 11
4903 11
4904 11
4905 11
4906 12
4907 12
4908 12
4909 13
4910 12
4911 12
4912 12
4913 12
4914 12
4915 13
4916 13
4917 12
4918 12
4919 12
4920 12
4921 12
4922 12
4923 13
4924 12
4925 12
4926 12
4927 12
4928 12
4929 12
4930 13
4931 12
4932 12
4933 12
4934 12
4935 12
4936 12
4937 13
4938 12
4939 12
4940 12
4941 12
4942 12
4943 12
4944 13
4945 15
4946 15
4947 14
4948 15
4949 15
4950 15
4951 15
4952 15
4953 15
4954 15
4955 15
4956 15
4957 15
4958 6
4959 6
4960 6
4961 7
4962 6
4963 2
4964 2
4965 2
4966 2
4967 2
4968 2
4969 1
4970 2
4971 2
4972 1
4973 8
4974 7
4975 7
4976 8
4977 8
4978 8
4979 8
4980 7
4981 7
4982 8
4983 8
4984 8
4985 8
4986 8
4987 7
4988 8
4989 8
4990 8
4991 8
4992 8
4993 9
4994 9
4995 8
4996 8
4997 8
4998 8
4999 9
5000 9
5001 9
5002 9
5003 8
5004 8
5005 9
5006 9
5007 9
5008 9
5009 9
5010 8
5011 9
5012 9
5013 9
5014 9
5015 9
5016 9
5017 10
5018 9
5019 9
5020 9
5021 3
5022 1
5023 1
5024 1
5025 1
5026 2
5027 5
5028 4
5029 4
5030 5
5031 5
5032 5
5033 5
5034 4
5035 4
5036 4
5037 5
5038 5
5039 5
5040 4
5041 4
5042 5
5043 5
5044 5
5045 5
5046 5
5047 4
5048 5
5049 5
5050 10
5051 10
5052 10
5053 10
5054 10
5055 10
5056 10
5057 10
5058 10
5059 10
5060 10
5061 10
5062 11
5063 11
5064 10
5065 10
5066 10
5067 10
5068 11
5069 11
5070 11
5071 11
5072 10
5073 10
5074 11
5075 11
5076 11
5077 11
5078 10
5079 6
5080 7
5081 7
5082 6
5083 6
5084 6
5085 7
5086 7
5087 7
5089 7
5088 7
5090 6
5091 7
5092 7
5093 7
5094 7
5095 7
5096 8
5097 8
5098 7
5099 7
5100 2
5101 10
5102 9
5103 9
5104 9
5105 9
5106 10
5107 10
5108 10
5109 9
5110 9
5111 9
5112 10
5113 10
5114 10
5115 10
5116 9
5117 9
5118 10
5119 10
5120 10
5121 10
5122 10
5123 9
5124 10
5125 10
5126 10
5127 10
5128 11
5129 11
5130 10
5131 10
5132 10
5133 10
5134 11
5135 11
5136 11
5137 11
5138 10
5139 10
5140 11
5141 11
5142 11
5143 11
5144 11
5145 10
5146 11
5147 11
5148 11
5149 11
5150 5
5151 5
5152 5
5153 5
5154 4
5155 4
5156 5
5157 5
5158 5
5159 4
5160 5
5161 5
5162 5
5163 5
5164 5
5165 6
5166 6
5167 5
5168 5
5169 5
5170 6
5171 6
5172 6
5173 6
5174 5
5175 5
5176 6
5177 6
5178 3
5179 6
5180 6
5181 5
5182 5
5183 5
5184 5
5185 6
5186 6
5187 6
5188 5
5189 5
5190 6
5191 6
5192 6
5193 6
5194 6
5195 6
5196 6
5197 6
5198 6
5199 6
5200 6
5201 6
5202 7
5203 6
5204 6
5205 6
5206 6
5207 7
5208 13
5209 13
5210 12
5211 5
5212 3
5213 4
5214 3
5215 3
5216 3
5217 3
5218 3
5219 3
5220 3
5221 3
5222 3
5223 4
5224 4
5225 4
5226 4
5227 3
5228 9
5229 10
5230 10
5231 10
5232 10
5233 10
5234 9
5235 10
5236 10
5237 10
5238 10
5239 10
5240 11
5241 10
5242 10
5243 10
5244 10
5245 11
5246 11
5247 10
5248 10
5249 10
5250 10
5251 11
5252 11
5253 10
5254 10
5255 10
5256 11
5257 11
5258 11
5259 11
5260 11
5261 10
5262 11
5263 11
5264 11
5265 11
5266 11
5267 11
5268 11
5269 11
5270 11
5271 11
5272 11
5273 10
5274 11
5275 11
5276 11
5277 11
5278 10
5279 10
5280 10
5281 10
5282 11
5283 10
5284 10
5285 10
5286 11
5287 11
5288 11
5289 11
5290 12
5291 11
5292 12
5293 12
5294 12
5295 13
5296 13
5297 13
5298 13
5299 13
5300 13
5301 14
5302 14
5303 15
5304 15
5305 14
5306 3
5307 6
5308 6
5309 6
5310 7
5311 6
5312 6
5313 6
5314 6
5315 6
5316 6
5317 7
5318 7
5319 6
5320 6
5321 6
5322 7
5323 7
5324 7
5325 6
5326 6
5327 6
5328 7
5329 7
5330 7
5331 7
5332 7
5333 6
5334 7
5335 7
5336 7
5337 7
5338 7
5339 7
5340 5
5341 5
5342 5
5343 5
5344 5
5345 5
5346 5
5347 5
5348 6
5349 6
5350 5
5351 5
5352 5
5353 5
5354 6
5355 6
5356 10
5357 10
5358 10
5359 10
5360 11
5361 11
5362 11
5363 10
5364 11
5365 11
5366 11
5367 11
5368 11
5369 12
5370 11
5371 11
5372 11
5373 11
5374 11
5375 12
5376 12
5377 9
5378 9
5379 10
5380 10
5381 9
5382 10
5383 10
5384 10
5385 9
5386 10
5387 10
5388 10
5389 10
5390 10
5391 10
5392 10
5393 10
5394 10
5395 10
5396 11
5397 11
5398 11
5399 11
5400 10
5401 11
5402 11
5403 11
5404 11
5405 16
5406 5
5407 5
5408 5
5409 4
5410 5
5411 5
5412 5
5413 5
5414 5
5415 6
5416 6
5417 5
5418 6
5419 6
5420 6
5421 7
5422 7
5423 7
5424 7
5425 6
5426 7
5427 7
5428 7
5429 7
5430 7
5431 8
5432 8
5433 8
5434 7
5435 8
5436 8
5437 7
5438 8
5439 8
5440 8
5441 8
5442 9
5443 9
5444 9
5445 8
5446 8
5447 8
5448 9
5449 9
5450 9
5451 9
5452 10
5453 9
5454 9
5455 9
5456 10
5457 10
5458 10
5459 9
5460 9
5461 9
5462 10
5463 10
5464 10
5465 10
5466 10
5467 10
5468 9
5469 9
5470 9
5471 10
5472 10
5473 10
5474 10
5475 10
5476 10
5477 10
5478 10
5479 10
5480 11
5481 11
5482 11
5483 16
5484 7
5485 7
5486 7
5487 7
5488 7
5489 7
5490 7
5491 8
5492 8
5493 8
5494 8
5495 8
5496 7
5497 8
5498 8
5499 8
5500 8
5501 8
5502 8
5503 9
5504 8
5505 8
5506 8
5507 8
5508 9
5509 9
5510 9
5511 9
5512 8
5513 8
5514 9
5515 9
5516 9
5517 9
5518 10
5519 10
5520 10
5521 9
5522 10
5523 10
5524 10
5525 10
5526 10
5527 11
5528 11
5529 10
5530 10
5531 10
5532 11
5533 4
5534 5
5536 5
5535 4
5537 5
5538 5
5539 5
5540 6
5541 6
5542 5
5543 5
5544 5
5545 6
5546 6
5547 6
5548 6
5549 7
5550 6
5551 6
5552 6
5553 6
5554 7
5555 7
5556 7
5557 6
5558 6
5559 7
5560 7
5561 7
5562 7
5563 5
5564 5
5565 6
5566 5
5567 5
5568 5
5569 5
5570 6
5571 6
5572 6
5573 5
5574 6
5575 6
5576 6
5577 5
5578 5
5579 6
5580 6
5581 6
5582 6
5583 7
5584 7
5585 6
5586 6
5587 6
5588 7
5589 7
5590 7
5591 7
5592 6
5593 7
5594 7
5595 6
5596 5
5597 5
5598 5
5599 6
5600 6
5601 6
5603 5
5602 6
5604 6
5605 6
5606 6
5607 6
5608 6
5609 7
5610 6
5611 2
5612 2
5613 1
5614 1
5615 1
5616 2
5617 2
5618 8
5619 7
5620 7
5621 8
5622 8
5623 8
5624 8
5625 7
5626 8
5627 8
5628 8
5629 8
5630 9
5631 9
5632 8
5633 8
5634 8
5635 8
5636 9
5637 9
5638 8
5639 8
5640 8
5641 9
5642 9
5643 9
5644 9
5645 8
5646 9
5647 9
5648 9
5649 9
5650 9
5651 10
5652 10
5653 9
5654 9
5655 9
5656 10
5657 10
5658 10
5659 10
5660 11
5661 4
5662 5
5663 5
5664 5
5665 5
5666 5
5667 5
5668 6
5669 6
5670 5
5671 6
5672 6
5673 6
5674 6
5675 6
5676 6
5677 6
5678 6
5679 6
5680 6
5681 6
5682 6
5683 6
5684 6
5685 5
5686 5
5687 6
5688 6
5689 6
5690 7
5691 3
5692 7
5693 6
5694 7
5695 7
5696 7
5697 8
5698 7
5699 7
5700 8
5701 8
5702 7
5703 8
5704 8
5705 8
5706 9
5707 8
5708 8
5709 8
5710 9
5711 9
5712 9
5713 10
5714 9
5715 9
5716 10
5717 10
5718 10
5719 11
5720 11
5721 10
5722 10
5723 5
5724 5
5725 6
5726 5
5727 5
5728 6
5729 6
5730 6
5731 6
5732 6
5733 6
5734 6
5735 6
5736 6
5737 6
5738 7
5739 7
5740 3
5741 2
5742 3
5743 3
5744 3
5745 4
5746 7
5747 7
5748 7
5749 7
5750 7
5751 7
5752 7
5753 7
5754 8
5755 8
5756 8
5757 8
5758 8
5759 8
5760 8
5761 8
5762 8
5763 8
5764 9
5765 9
5766 8
5767 8
5768 9
5769 9
5770 9
5771 9
5772 9
5773 9
5774 9
5775 8
5776 9
5777 9
5778 9
5779 9
5780 9
5781 10
5782 10
5783 10
5784 9
5785 9
5786 10
5787 10
5788 10
5789 10
5790 10
5791 10
5792 10
5793 11
5794 11
5795 10
5796 10
5797 10
5798 9
5799 9
5800 8
5801 8
5802 8
5803 8
5804 9
5805 9
5806 8
5807 8
5808 4
5809 4
5810 4
5811 3
5812 4
5813 4
5814 4
5815 4
5816 5
5817 5
5818 4
5819 4
5820 6
5821 6
5822 6
5823 6
5824 7
5825 7
5826 6
5827 6
5828 7
5829 7
5830 7
5831 7
5832 6
5833 6
5834 7
5835 7
5836 7
5837 7
5838 8
5839 8
5840 8
5841 7
5842 8
5843 8
5844 8
5845 8
5846 8
5847 9
5848 9
5849 8
5850 8
5851 5
5852 5
5853 5
5854 6
5855 5
5856 5
5857 5
5858 6
5859 6
5860 6
5861 6
5862 7
5863 7
5864 6
5865 6
5866 7
5867 7
5868 3
5869 3
5870 2
5871 3
5872 3
5873 3
5874 4
5875 5
5876 5
5877 6
5878 6
5879 6
5880 6
5881 6
5882 6
5883 6
5884 6
5885 7
5886 7
5887 7
5888 7
5889 6
5890 6
5891 7
5892 6
5893 6
5894 6
5895 5
5896 6
5897 6
5898 6
5899 6
5900 6
5901 7
5902 6
5903 6
5904 6
5905 7
5906 7
5907 7
5908 7
5909 6
5910 7
5911 7
5912 7
5913 7
5914 7
5915 8
5916 7
5917 7
5918 5
5919 5
5920 5
5921 5
5922 5
5923 6
5924 5
5925 5
5926 5
5927 5
5928 6
5929 6
5930 6
5931 6
5932 5
5933 6
5934 6
5935 6
5936 3
5937 4
5938 4
5939 4
5940 4
5941 5
5942 4
5943 4
5944 4
5945 4
5946 4
5947 5
5948 6
5949 6
5950 5
5951 6
5952 6
5953 6
5954 6
5955 6
5956 7
5957 7
5958 6
5959 6
5960 6
5961 7
5962 7
5963 7
5964 7
5965 8
5966 7
5967 7
5968 7
5969 8
5970 8
5971 8
5972 8
5973 8
5974 8
5975 8
5976 8
5977 8
5978 9
5979 9
5980 9
5981 8
5982 8
5983 9
5984 9
5985 9
5986 9
5987 10
5988 9
5989 9
5990 9
5991 9
5992 10
5993 10
5994 10
5995 9
5996 10
5997 8
5998 6
5999 5
6000 5
6001 6
6002 6
6003 6
6004 6
6005 6
6006 6
6007 6
6008 6
6009 7
6010 7
6011 7
6012 6
6013 6
6014 7
6015 7
6016 7
6017 7
6018 7
6019 8
6020 7
6021 7
6022 6
6023 6
6024 6
6025 7
6026 7
6027 7
6028 6
6029 6
6030 6
6031 6
6032 7
6033 7
6034 7
6035 6
6036 7
6037 7
6038 7
6039 7
6040 7
6041 7
6042 8
6043 7
6044 7
6045 7
6046 4
6047 5
6048 5
6049 5
6050 5
6051 4
6052 5
6053 5
6054 5
6055 5
6056 6
6057 6
6058 6
6059 7
6060 6
6061 6
6062 6
6063 6
6064 3
6065 4
6066 4
6067 4
6068 3
6069 3
6070 4
6071 4
6072 4
6073 4
6074 4
6075 4
6076 6
6077 6
6078 6
6079 6
6080 6
6081 6
6082 6
6083 6
6084 6
6085 6
6086 6
6087 7
6088 7
6089 6
6090 6
6091 7
6092 7
6093 7
6094 7
6095 7
6096 7
6097 7
6098 7
6099 7
6100 7
6101 7
6102 8
6103 8
6104 8
6105 7
6106 7
6107 3
6108 4
6109 4
6110 4
6111 3
6112 3
6113 3
6114 4
6115 4
6116 3
6117 3
6118 3
6119 4
6120 4
6121 4
6122 4
6123 4
6124 3
6125 4
6126 4
6127 5
6128 5
6129 5
6130 4
6131 5
6132 5
6133 5
6134 5
6135 6
6136 6
6137 6
6138 5
6139 5
6140 5
6141 6
6142 6
6143 6
6144 6
6145 6
6146 6
6147 6
6148 3
6149 3
6150 3
6151 4
6153 4
6152 4
6154 4
6155 4
6156 3
6157 4
6158 4
6159 4
6160 4
6161 4
6162 5
6163 5
6164 4
6165 4
6166 4
6167 4
6168 5
6169 5
6170 5
6171 5
6172 5
6173 5
6174 5
6175 6
6176 5
6177 5
6178 5
6179 6
6180 6
6181 6
6182 6
6183 5
6184 6
6185 6
6186 6
6187 6
6188 6
6189 6
6190 7
6191 7
6192 4
6193 3
6194 3
6195 4
6196 4
6197 4
6198 4
6199 4
6200 5
6201 6
6202 6
6203 6
6204 8
6205 6
6206 6
6207 7
6208 7
6209 7
6210 7
6211 7
6212 7
6213 7
6214 8
6215 8
6216 7
6217 8
6218 8
6219 8
6220 8
6221 8
6222 8
6223 8
6224 8
6225 8
6226 8
6227 8
6228 8
6229 9
6230 9
6231 9
6232 8
6233 8
6234 8
6235 8
6236 5
6237 6
6238 6
6239 5
6240 5
6241 5
6242 6
6243 6
6244 6
6245 6
6246 5
6247 5
6248 6
6249 6
6250 6
6251 6
6252 6
6253 7
6254 13
6255 12
6256 12
6257 12
6258 12
6259 13
6260 13
6261 13
6262 13
6263 13
6264 13
6265 13
6266 13
6267 14
6268 14
6269 13
6270 13
6271 13
6272 14
6273 14
6274 14
6275 14
6276 14
6277 10
6278 10
6279 8
6280 8
6281 9
6282 9
6283 8
6284 8
6285 8
6286 8
6287 8
6288 9
6289 9
6290 8
6291 8
6292 9
6293 9
6294 9
6295 9
6296 9
6297 10
6298 9
6299 9
6300 9
6301 10
6302 10
6303 10
6304 10
6305 10
6306 9
6307 10
6308 10
6309 10
6310 10
6311 11
6312 11
6313 11
6314 6
6315 6
6316 6
6317 5
6318 5
6319 6
6320 6
6321 6
6322 6
6323 6
6324 6
6325 6
6326 6
6327 6
6328 6
6329 6
6330 7
6331 7
6332 8
6333 8
6334 9
6335 9
6336 8
6337 8
6338 8
6339 9
6340 10
6341 9
6342 9
6343 9
6344 9
6345 9
6346 9
6347 9
6348 9
6349 9
6350 10
6351 10
6352 9
6353 9
6354 10
6355 10
6356 10
6357 10
6358 11
6359 11
6360 10
6361 10
6362 10
6363 11
6364 7
6368 6
6369 7
6365 7
6366 6
6367 6
6370 6
6371 6
6372 6
6373 6
6374 7
6375 7
6376 6
6377 6
6378 6
6379 6
6380 7
6381 7
6382 24
6383 23
6384 23
6385 24
6386 24
6387 24
6388 24
6389 24
6390 24
6391 24
6392 24
6393 24
6394 24
6395 24
6396 25
6397 25
6398 24
6399 24
6400 24
6401 25
6402 25
6403 25
6404 25
6405 25
6406 25
6407 4
6408 3
6409 3
6410 3
6411 4
6412 8
6413 8
6414 7
6415 7
6416 7
6417 7
6418 8
6419 8
6420 8
6421 8
6422 7
6423 7
6424 8
6425 8
6426 8
6427 8
6428 9
6429 9
6430 9
6431 8
6432 9
6433 9
6434 9
6435 9
6436 9
6437 9
6438 10
6439 9
6440 9
6441 9
6442 9
6443 10
6444 10
6445 10
6446 10
6447 9
6448 10
6449 10
6450 10
6451 10
6452 10
6453 10
6454 10
6455 11
6456 10
6457 10
6458 10
6459 10
6460 11
6461 12
6462 12
6463 12
6464 11
6465 12
6466 12
6467 12
6468 12
6469 12
6470 13
6471 13
6472 12
6473 12
6474 13
6475 13
6476 13
6477 14
6478 14
6479 14
6480 13
6481 14
6482 14
6483 14
6484 14
6485 13
6486 13
6487 13
6488 13
6489 13
6490 14
6491 14
6492 7
6493 7
6494 7
6495 6
6496 6
6497 7
6498 7
6499 7
6500 7
6501 6
6502 6
6503 7
6504 7
6505 8
6506 8
6507 8
6508 8
6509 7
6510 7
6511 8
6512 8
6513 8
6514 7
6515 7
6516 7
6517 8
6518 8
6519 8
6520 8
6521 7
6522 7
6523 7
6524 8
6525 8
6526 8
6527 8
6528 8
6529 8
6530 8
6531 8
6532 8
6533 9
6534 8
6535 4
6536 3
6537 3
6538 3
6539 3
6540 8
6541 8
6542 7
6543 7
6544 8
6545 8
6546 8
6547 8
6548 8
6549 7
6550 7
6551 8
6552 8
6553 8
6554 8
6555 8
6556 7
6557 8
6558 8
6559 8
6560 8
6561 12
6562 12
6563 12
6564 12
6565 12
6566 12
6567 11
6568 11
6569 12
6570 12
6571 12
6572 12
6573 12
6574 11
6575 12
6576 12
6577 12
6578 12
6579 12
6580 13
6581 12
6582 12
6583 12
6584 12
6585 12
6586 12
6587 12
6588 9
6589 8
6590 8
6591 8
6592 9
6593 9
6594 9
6595 9
6596 8
6597 8
6598 9
6599 9
6600 9
6601 9
6602 8
6603 8
6604 9
6605 9
6606 9
6607 9
6608 10
6609 9
6610 9
6611 9
6612 9
6613 9
6614 10
6615 10
6616 10
6617 9
6618 9
6619 10
6620 9
6621 9
6622 9
6623 9
6624 9
6625 9
6626 9
6627 9
6628 9
6629 8
6630 9
6631 9
6632 9
6633 9
6634 9
6635 9
6636 10
6637 9
6638 9
6639 8
6640 8
6641 8
6642 9
6643 8
6644 8
6645 8
6646 8
6647 9
6648 8
6649 8
6650 9
6651 9
6652 9
6653 8
6654 8
6655 9
6656 9
6657 9
6658 9
6659 8
6660 9
6661 9
6662 9
6663 9
6664 9
6665 9
6666 9
6667 9
6668 13
6669 13
6670 14
6671 13
6672 14
6673 14
6674 14
6675 14
6676 14
6677 14
6678 14
6679 15
6680 15
6681 15
6682 15
6683 15
6684 15
6685 15
6686 15
6687 16
6688 16
6689 15
6690 16
6691 16
6692 16
6693 16
6694 17
6695 16
6696 16
6697 16
6698 17
6699 17
6700 16
6701 16
6702 17
6703 17
6704 17
6705 17
6706 17
6707 17
6708 17
6709 17
6710 17
6711 17
6712 17
6713 17
6714 18
6715 18
6716 9
6717 10
6718 10
6719 10
6720 11
6721 10
6722 10
6723 10
6724 11
6725 11
6726 11
6727 10
6728 11
6729 11
6730 11
6731 11
6732 12
6733 11
6734 11
6735 11
6736 12
6737 12
6738 12
6739 12
6740 12
6741 12
6742 12
6743 12
6744 13
6745 13
6746 13
6747 12
6748 14
6749 14
6750 14
6751 15
6752 15
6753 15
6754 14
6755 14
6756 15
6757 15
6758 15
6759 16
6760 15
6761 15
6762 15
6763 16
6764 16
6765 16
6766 5
6767 6
6768 6
6769 6
6770 6
6771 6
6772 6
6773 6
6774 6
6775 7
6776 7
6777 7
6778 6
6779 7
6780 7
6781 7
6782 7
6783 8
6784 8
6785 7
6786 7
6787 8
6788 8
6789 8
6790 8
6791 9
6792 8
6793 8
6794 9
6795 9
6796 12
6797 13
6798 13
6799 13
6800 13
6801 14
6802 13
6803 13
6804 13
6805 14
6806 14
6807 14
6808 14
6809 14
6810 14
6811 14
6812 15
6813 15
6814 15
6815 15
6816 14
6817 14
6818 15
6819 15
6820 15
6821 15
6822 15
6823 15
6824 15
6825 15
6826 16
6827 16
6828 15
6829 15
6830 15
6831 15
6832 16
6833 16
6834 15
6835 15
6836 16
6837 16
6838 16
6839 16
6840 17
6841 16
6842 16
6843 16
6844 8
6845 9
6846 9
6847 9
6848 9
6849 10
6850 9
6851 9
6852 9
6853 10
6854 10
6855 10
6856 10
6857 10
6858 10
6859 10
6860 10
6861 10
6862 11
6863 11
6864 10
6865 11
6866 11
6867 11
6868 11
6869 12
6870 12
6871 18
6872 18
6873 18
6874 18
6875 18
6876 19
6877 19
6878 19
6879 18
6880 18
6881 18
6882 18
6883 19
6884 19
6885 19
6886 18
6887 18
6888 18
6889 18
6890 19
6891 19
6892 19
6893 18
6894 34
6895 28
6896 23
6897 23
6898 24
6899 24
6900 24
6901 24
6902 24
6903 24
6904 25
6905 25
6906 24
6907 24
6908 24
6909 24
6910 24
6911 22
6912 23
6913 23
6914 23
6915 19
6916 19
6917 14
6918 15
6919 16
6920 16
6921 15
6922 16
6923 16
6924 16
6925 17
6926 17
6927 18
6928 17
6929 18
6930 18
6931 19
6932 19
6933 19
6934 20
6935 19
6936 19
6937 20
6938 20
6939 20
6940 20
6941 19
6942 19
6943 20
6944 20
6945 20
6946 20
6947 19
6948 19
6949 19
6950 20
6951 20
6952 20
6953 20
6954 19
6955 19
6956 19
6957 20
6958 20
6959 20
6960 20
6961 19
6962 19
6963 20
6964 20
6965 20
6966 19
6967 19
6968 19
6969 20
6970 20
6971 20
6972 12
6973 12
6974 12
6975 12
6976 12
6977 12
6978 13
6979 13
6980 12
6981 12
6982 13
6983 13
6984 13
6985 14
6986 13
6987 13
6988 13
6989 14
6990 14
6991 14
6992 15
6993 14
6994 14
6995 14
6996 14
6997 15
6998 15
6999 14
7000 15
7001 15
7002 15
7003 15
7004 16
7005 16
7006 16
7007 16
7008 17
7009 17
7010 17
7011 17
7012 17
7013 17
7014 17
7015 17
7016 18
7017 18
7018 18
7019 18
7020 18
7021 18
7022 9
7023 10
7024 10
7025 10
7026 10
7027 10
7028 10
7029 10
7030 11
7031 11
7032 10
7033 10
7034 11
7035 11
7036 11
7037 12
7038 11
7039 11
7040 12
7041 12
7042 12
7043 12
7044 12
7045 12
7046 13
7047 12
7048 12
7049 13
7050 13
7051 13
7052 13
7053 13
7054 13
7055 13
7056 13
7057 14
7058 14
7059 14
7060 13
7061 14
7062 14
7063 14
7064 14
7065 14
7066 15
7067 14
7068 14
7069 14
7070 15
7071 15
7072 15
7073 15
7074 15
7075 15
7076 15
7077 15
7078 16
7079 16
7080 16
7081 16
7082 16
7083 16
7084 16
7085 17
7086 17
7087 17
7088 16
7089 17
7090 17
7091 17
7092 17
7093 18
7094 18
7095 18
7096 18
7097 18
7098 18
7099 18
7100 10
7101 10
7102 9
7103 10
7104 10
7105 10
7106 11
7107 11
7108 11
7109 11
7110 11
7111 11
7112 11
7113 12
7114 12
7115 11
7116 11
7117 11
7118 10
7119 10
7120 10
7121 10
7122 11
7123 10
7124 10
7125 10
7126 11
7127 11
7128 11
7129 11
7130 11
7131 11
7132 11
7133 11
7134 12
7135 12
7136 12
7137 11
7138 12
7139 17
7140 17
7141 17
7142 17
7143 17
7144 17
7145 17
7146 17
7147 17
7148 17
7149 24
7150 4
7151 5
7152 5
7153 4
7154 4
7155 4
7156 4
7157 5
7158 5
7159 5
7160 4
7161 4
7162 4
7163 4
7164 5
7165 5
7166 5
7167 4
7168 4
7169 4
7170 4
7171 4
7172 5
7173 8
7174 8
7175 8
7176 8
7177 8
7178 8
7179 8
7180 8
7181 8
7182 8
7183 7
7184 8
7185 8
7186 8
7187 8
7188 8
7189 7
7190 7
7191 7
7192 8
7193 8
7194 8
7195 8
7196 7
7197 7
7198 7
7199 7
7200 8
7201 8
7202 8
7203 7
7204 7
7205 7
7206 7
7207 6
7208 6
7209 7
7210 7
7211 7
7212 6
7213 6
7214 6
7215 6
7216 6
7217 7
7218 7
7219 6
7220 6
7221 6
7222 6
7223 6
7224 6
7225 7
7226 6
7227 6
7228 2
7229 2
7230 2
7231 3
7232 2
7233 2
7234 2
7235 2
7236 2
7237 2
7238 1
7239 3
7240 2
7241 2
7242 2
7243 2
7244 6
7245 5
7246 5
7247 6
7248 6
7249 6
7250 6
7251 6
7252 7
7253 7
7254 7
7255 8
7256 8
7257 8
7258 8
7259 7
7260 7
7261 7
7262 8
7263 8
7264 8
7265 8
7266 7
7267 7
7268 7
7269 7
7270 8
7271 8
7272 8
7273 7
7274 7
7275 7
7276 7
7277 5
7278 4
7279 5
7280 4
7281 5
7282 5
7283 5
7284 6
7285 6
7286 5
7287 5
7288 6
7289 6
7290 6
7291 6
7292 7
7293 7
7294 6
7295 7
7296 7
7297 7
7298 8
7299 8
7300 8
7301 12
7302 12
7303 13
7304 13
7305 14
7306 13
7307 13
7308 13
7309 14
7310 14
7311 14
7312 14
7313 14
7314 14
7315 14
7316 13
7317 13
7318 14
7319 14
7320 14
7321 15
7322 15
7323 14
7324 14
7325 15
7326 16
7327 16
7328 17
7329 18
7330 18
7331 18
7332 18
7333 18
7334 18
7335 18
7336 19
7337 19
7338 19
7339 19
7340 19
7341 19
7342 19
7343 19
7344 20
7345 20
7346 20
7347 20
7348 20
7349 20
7350 20
7351 20
7352 20
7353 20
7354 20
7355 23
7356 6
7357 6
7358 7
7359 7
7360 7
7361 6
7362 7
7363 7
7364 8
7365 8
7366 8
7367 8
7368 8
7369 8
7370 9
7371 9
7372 9
7373 8
7374 8
7375 9
7376 9
7377 9
7378 9
7379 10
7380 10
7381 9
7382 9
7383 10
7384 10
7385 10
7386 10
7387 11
7388 11
7389 11
7390 10
7391 10
7392 11
7393 11
7394 11
7395 12
7396 12
7397 12
7398 11
7399 11
7400 12
7401 12
7402 12
7403 13
7404 13
7405 13
7406 6
7407 7
7408 7
7409 7
7410 7
7411 7
7412 7
7413 7
7414 8
7415 8
7416 8
7417 8
7418 9
7419 8
7420 8
7421 8
7422 9
7423 9
7424 9
7425 10
7426 10
7427 10
7428 10
7429 6
7430 6
7431 6
7432 6
7433 7
7434 6
7435 6
7436 7
7437 7
7438 7
7439 7
7440 7
7441 7
7442 7
7443 7
7444 8
7445 8
7446 8
7447 8
7448 8
7449 8
7450 8
7451 8
7452 9
7453 9
7454 9
7455 9
7456 9
7457 9
7458 9
7459 8
7460 9
7461 9
7462 9
7463 9
7464 15
7465 5
7466 6
7467 6
7468 5
7469 5
7470 6
7471 6
7472 6
7473 6
7474 6
7475 7
7476 7
7477 6
7478 7
7479 7
7480 7
7481 7
7482 8
7483 4
7484 4
7485 4
7486 4
7487 4
7488 5
7489 5
7490 5
7491 5
7492 6
7493 5
7494 5
7495 7
7496 6
7497 6
7498 7
7499 13
7500 13
7501 13
7502 14
7503 13
7504 14
7505 15
7506 15
7507 15
7508 16
7509 16
7510 15
7511 16
7512 16
7513 16
7514 16
7515 17
7516 17
7517 17
7518 17
7519 17
7520 17
7521 17
7522 18
7523 18
7524 18
7525 18
7526 17
7527 18
7528 18
7529 18
7530 19
7531 19
7532 19
7533 18
7534 6
7535 7
7536 7
7537 6
7538 6
7539 6
7540 6
7541 6
7542 7
7543 7
7544 7
7545 6
7546 7
7547 7
7548 7
7549 7
7550 7
7551 8
7552 8
7553 7
7554 7
7555 7
7556 7
7557 12
7558 12
7559 12
7560 12
7561 12
7562 13
7563 13
7564 13
7565 13
7566 14
7567 14
7568 14
7569 14
7570 15
7571 15
7572 15
7573 15
7574 15
7575 16
7576 15
7577 15
7578 14
7579 14
7580 14
7581 14
7582 14
7583 14
7584 13
7585 13
7586 14
7587 14
7588 14
7589 14
7590 14
7591 15
7592 13
7593 14
7594 14
7595 14
7596 13
7597 12
7598 12
7599 13
7600 13
7601 13
7602 12
7603 12
7604 13
7605 13
7606 13
7607 13
7608 13
7609 13
7610 13
7611 13
7612 13
7613 13
7614 13
7615 13
7616 13
7617 14
7618 12
7619 12
7620 12
7621 11
7622 8
7623 9
7624 9
7625 9
7626 8
7627 8
7628 9
7629 9
7630 9
7631 9
7632 9
7633 9
7634 9
7635 9
7636 9
7637 9
7638 9
7639 9
7640 9
7641 10
7642 9
7643 9
7644 9
7645 9
7646 10
7647 10
7648 10
7649 10
7650 9
7651 9
7652 10
7653 10
7654 10
7655 10
7656 10
7657 10
7658 10
7659 10
7660 10
7661 10
7662 11
7663 12
7664 12
7665 11
7666 11
7667 11
7668 11
7669 12
7670 12
7671 8
7672 8
7673 8
7674 9
7675 9
7676 8
7677 8
7678 8
7679 8
7680 9
7681 9
7682 8
7683 8
7684 8
7685 6
7686 6
7687 6
7688 6
7689 6
7690 6
7691 6
7692 6
7693 7
7694 6
7695 6
7696 6
7697 6
7698 6
7699 6
7700 6
7701 6
7702 6
7703 6
7704 6
7705 7
7706 7
7707 6
7708 6
7709 6
7710 6
7711 6
7712 7
7713 7
7714 6
7715 6
7716 6
7717 6
7718 7
7719 7
7720 7
7721 6
7722 6
7723 7
7724 7
7725 7
7726 7
7727 8
7728 7
7729 7
7730 7
7731 8
7732 7
7733 7
7734 8
7735 8
7737 8
7738 8
7739 8
7736 7
7740 8
7741 8
7742 8
7743 8
7744 8
7745 8
7746 8
7747 9
7748 9
7749 9
7750 9
7751 10
7752 10
7753 10
7754 11
7755 11
7756 11
7757 11
7758 11
7759 11
7760 11
7761 11
7762 12
7763 12
7764 11
7765 12
7766 12
7767 12
7768 11
7769 12
7770 12
7771 12
7772 13
7773 13
7774 12
7775 12
7776 12
7777 13
7778 13
7779 12
7780 12
7781 12
7782 13
7783 13
7784 13
7785 12
7786 13
7787 14
7788 14
7789 15
7790 13
7791 13
7792 13
7793 14
7794 15
7795 15
7796 22
7797 7
7798 8
7799 7
7800 7
7801 7
7802 7
7803 8
7804 8
7805 7
7806 7
7807 7
7808 7
7809 8
7810 8
7811 8
7812 8
7813 8
7814 8
7815 8
7816 8
7817 9
7818 8
7819 8
7820 8
7821 8
7822 9
7823 9
7824 9
7825 8
7826 8
7827 8
7828 9
7829 9
7830 9
7831 10
7832 9
7833 9
7834 9
7835 9
7836 9
7837 9
7838 9
7839 9
7840 9
7841 9
7842 10
7843 10
7844 9
7845 9
7846 9
7847 9
7848 9
7850 10
7849 10
7851 9
7852 9
7853 9
7854 9
7856 10
7857 10
7858 9
7855 9
7859 9
7860 9
7861 9
7862 9
7863 10
7864 10
7865 9
7866 9
7867 9
7868 9
7869 10
7870 10
7871 9
7872 9
7873 9
7874 9
7875 10
7876 10
7877 9
7878 9
7879 6
7880 6
7881 6
7882 7
7883 6
7884 6
7885 5
7886 5
7887 5
7888 6
7889 6
7890 6
7891 6
7892 6
7893 5
7894 6
7895 6
7896 6
7897 6
7898 6
7899 7
7900 6
7901 6
7902 16
7903 19
7904 19
7905 19
7906 19
7907 19
7908 19
7909 19
7910 19
7911 20
7912 19
7913 19
7914 19
7915 25
7916 5
7917 6
7918 6
7919 6
7920 6
7921 5
7922 5
7923 6
7924 10
7926 11
7925 11
7927 11
7928 12
7929 12
7930 11
7931 11
7932 11
7933 12
7934 12
7935 12
7936 12
7937 12
7938 12
7939 11
7940 11
7941 12
7942 11
7943 11
7944 11
7945 17
7946 17
7947 19
7948 18
7949 18
7950 20
7951 20
7952 20
7953 20
7954 19
7955 20
7956 20
7957 20
7958 20
7959 20
7960 20
7961 19
7962 19
7963 19
7964 20
7965 20
7966 20
7967 20
7968 20
7969 19
7970 19
7971 19
7972 19
7973 19
7974 20
7975 20
7976 9
7977 9
7978 9
7979 10
7980 10
7981 9
7982 9
7983 9
7984 10
7985 10
7986 10
7987 10
7988 11
7989 10
7990 10
7991 11
7992 11
7993 11
7994 11
7995 12
7996 12
7997 11
7998 11
7999 12
8000 12
8001 13
8002 13
8003 13
8004 14
8005 14
8006 14
8007 6
8008 5
8009 5
8010 6
8011 6
8012 6
8013 6
8014 6
8015 7
8016 8
8017 8
8018 9
8019 9
8020 7
8021 7
8022 7
8023 8
8024 8
8025 8
8026 8
8027 8
8028 9
8029 9
8030 9
8031 9
8032 9
8033 9
8034 10
8035 10
8036 10
8037 11
8038 11
8039 11
8040 11
8041 11
8042 11
8043 12
8044 12
8045 13
8046 13
8047 16
8048 17
8049 17
8050 17
8051 18
8052 8
8053 9
8054 9
8055 9
8056 9
8057 9
8058 10
8059 10
8060 10
8061 11
8062 11
8063 10
8064 11
8065 11
8066 11
8067 12
8068 12
8069 12
8070 12
8071 12
8072 12
8073 13
8074 13
8075 14
8076 14
8077 15
8078 14
8079 14
8080 14
8081 15
8082 15
8083 15
8084 16
8085 16
8086 15
8087 16
8088 16
8089 17
8090 17
8091 17
8092 18
8094 18
8093 18
8095 18
8096 18
8097 19
8098 19
8099 20
8100 20
8101 21
8102 20
8103 21
8104 9
8105 8
8106 9
8107 9
8108 9
8109 10
8110 10
8111 9
8112 10
8113 10
8114 10
8115 10
8116 11
8117 11
8118 10
8119 10
8120 10
8121 10
8122 11
8123 11
8124 11
8125 10
8126 10
8127 10
8128 10
8129 10
8130 11
8131 11
8132 11
8133 11
8134 10
8135 6
8136 6
8138 7
8137 7
8139 7
8140 8
8141 8
8142 7
8143 8
8144 8
8145 8
8146 9
8147 9
8148 6
8149 6
8150 7
8151 7
8152 8
8153 8
8154 8
8155 9
8156 8
8157 8
8158 9
8159 9
8160 9
8161 10
8162 10
8163 9
8164 10
8165 11
8166 11
8167 12
8168 12
8169 13
8170 12
8171 12
8172 13
8173 13
8174 13
8175 14
8176 14
8177 15
8178 14
8179 14
8180 9
8181 8
8182 9
8183 9
8184 9
8185 10
8186 10
8187 10
8188 10
8189 10
8190 10
8191 11
8192 11
8193 11
8194 12
8195 11
8196 11
8197 12
8198 12
8199 12
8200 13
8201 13
8202 12
8203 13
8204 13
8205 13
8206 14
8207 14
8208 14
8209 15
8210 14
8211 14
8212 15
8213 15
8214 15
8215 16
8216 16
8217 15
8218 15
8219 16
8220 16
8221 16
8222 17
8223 17
8224 16
8225 17
8226 17
8227 17
8228 18
8229 18
8230 18
8231 19
8232 7
8233 8
8234 7
8235 7
8236 8
8237 8
8238 8
8239 9
8240 9
8241 8
8242 9
8243 9
8244 9
8245 10
8246 10
8247 8
8248 6
8249 7
8250 7
8251 7
8252 7
8253 7
8254 7
8255 8
8256 8
8257 8
8258 9
8259 8
8260 8
8261 9
8262 9
8263 9
8264 10
8265 10
8266 9
8267 10
8268 10
8269 10
8270 11
8271 11
8272 11
8273 12
8274 12
8275 12
8276 8
8277 8
8278 8
8279 9
8280 10
8281 9
8282 9
8283 10
8284 10
8285 11
8286 11
8287 11
8288 12
8289 11
8290 11
8291 12
8292 12
8293 12
8294 13
8295 13
8296 14
8297 13
8298 13
8299 14
8300 14
8301 14
8302 15
8303 14
8304 14
8305 15
8306 15
8307 15
8308 9
8309 9
8310 9
8311 10
8312 10
8313 10
8314 10
8315 10
8316 10
8317 10
8318 11
8319 11
8320 11
8321 11
8322 11
8323 11
8324 12
8325 12
8326 12
8327 13
8328 12
8329 12
8330 13
8331 13
8332 13
8333 13
8334 13
8335 13
8336 14
8337 23
8338 24
8339 24
8340 27
8341 27
8342 26
8343 28
8344 30
8345 32
8346 33
8347 33
8348 33
8349 33
8350 33
8351 34
8352 35
8353 36
8354 36
8355 37
8356 37
8357 36
8358 37
8359 37
8360 6
8361 7
8362 7
8363 8
8364 7
8365 7
8366 8
8367 8
8368 8
8369 9
8370 9
8371 9
8372 9
8373 9
8374 9
8375 10
8376 11
8377 11
8378 12
8379 11
8380 12
8381 12
8382 12
8383 12
8384 13
8385 13
8386 12
8387 13
8388 13
8389 13
8390 14
8391 14
8392 14
8393 14
8394 14
8395 14
8396 15
8397 15
8398 15
8399 16
8400 16
8401 15
8402 15
8403 16
8404 16
8405 16
8406 17
8407 17
8408 16
8409 17
8410 17
8411 17
8412 18
8413 18
8414 18
8415 19
8416 18
8417 18
8418 19
8419 19
8420 19
8421 20
8422 20
8423 19
8424 20
8425 20
8426 20
8427 21
8428 21
8429 21
8430 22
8431 21
8432 21
8433 22
8434 22
8435 22
8436 11
8437 11
8438 12
8439 12
8440 12
8441 12
8442 12
8443 13
8444 13
8445 13
8446 14
8447 13
8448 14
8449 14
8450 14
8451 15
8452 15
8453 16
8454 15
8455 15
8456 16
8457 16
8458 17
8459 17
8460 16
8461 16
8462 17
8463 17
8464 18
8465 18
8466 17
8467 18
8468 19
8469 19
8470 19
8471 20
8472 19
8473 20
8474 20
8475 21
8476 21
8477 21
8478 22
8479 21
8480 21
8481 23
8482 24
8483 24
8484 25
8485 24
8486 25
8487 25
8488 6
8489 7
8490 7
8491 7
8492 7
8493 8
8494 8
8495 8
8496 9
8497 9
8498 8
8499 9
8500 9
8501 9
8502 10
8503 10
8504 12
8505 13
8506 13
8507 14
8508 14
8509 14
8510 13
8511 13
8512 13
8513 14
8514 14
8515 14
8516 14
8517 13
8518 13
8519 13
8520 13
8521 14
8522 14
8523 13
8524 13
8525 13
8526 13
8527 13
8528 13
8529 13
8531 13
8530 13
8532 13
8533 13
8534 13
8535 13
8536 13
8537 12
8538 13
8539 13
8540 13
8541 13
8542 13
8543 13
8544 13
8545 12
8546 12
8547 12
8548 13
8549 13
8550 13
8551 13
8552 12
8553 13
8554 13
8555 13
8556 13
8557 13
8558 13
8559 12
8560 12
8561 13
8562 13
8563 13
8564 5
8565 5
8566 6
8567 6
8568 4
8569 4
8570 4
8571 5
8572 5
8573 4
8574 5
8575 14
8576 14
8577 15
8578 14
8579 14
8580 15
8581 15
8582 15
8583 16
8584 16
8585 15
8586 16
8587 16
8588 16
8589 17
8590 17
8591 17
8592 18
8593 17
8594 17
8595 18
8596 18
8597 18
8598 19
8599 19
8600 19
8601 19
8602 19
8603 19
8604 20
8605 20
8606 20
8607 20
8608 20
8609 20
8610 15
8611 16
8612 15
8613 15
8614 15
8615 15
8616 22
8617 23
8618 23
8619 23
8620 24
8621 24
8622 23
8623 23
8624 23
8625 23
8626 23
8627 24
8628 19
8629 19
8630 19
8631 18
8632 14
8633 14
8634 13
8635 14
8636 14
8637 14
8638 14
8639 15
8640 15
8641 15
8642 15
8643 15
8644 15
8645 16
8646 16
8647 16
8648 17
8649 16
8650 16
8651 16
8652 17
8653 17
8654 17
8655 17
8656 17
8657 17
8658 17
8659 17
8660 17
8661 18
8662 18
8663 19
8664 19
8665 20
8666 19
8667 19
8668 19
8669 19
8670 20
8671 20
8672 20
8673 20
8674 20
8675 20
8676 20
8677 21
8678 20
8679 20
8680 19
8681 20
8682 20
8683 20
8684 20
8685 20
8686 20
8687 20
8688 20
8689 20
8690 21
8691 21
8692 21
8693 21
8694 21
8695 21
8696 21
8697 21
8698 22
8699 22
8700 22
8701 22
8702 21
8703 9
8704 10
8707 10
8706 10
8705 10
8708 11
8709 10
8710 10
8711 11
8712 11
8713 11
8714 11
8715 12
8716 12
8717 11
8718 12
8719 12
8720 12
8721 13
8722 13
8723 13
8724 13
8725 13
8726 13
8727 14
8728 14
8729 14
8730 14
8731 14
8732 14
8733 14
8734 15
8735 15
8736 15
8737 16
8738 16
8739 15
8740 15
8741 12
8742 13
8743 13
8745 3
8744 3
8746 3
8747 2
8748 3
8749 3
8750 3
8751 3
8752 3
8753 4
8754 4
8755 3
8756 4
8757 4
8758 4
8759 4
8760 1
8761 2
8762 1
8763 1
8764 1
8765 2
8766 5
8767 3
8768 2
8769 2
8770 3
8771 3
8772 3
8773 4
8774 4
8775 4
8776 4
8777 3
8778 4
8779 3
8780 3
8781 3
8782 3
8783 4
8784 4
8785 4
8786 7
8787 8
8788 8
8789 8
8790 9
8791 8
8792 9
8793 9
8794 9
8795 10
8796 10
8797 10
8798 10
8799 10
8800 10
8801 10
8802 10
8803 11
8804 11
8805 11
8806 12
8807 11
8808 12
8809 12
8810 12
8811 12
8812 13
8813 13
8814 14
8815 13
8816 13
8817 13
8818 14
8819 14
8820 16
8821 16
8822 15
8823 16
8824 16
8825 16
8826 16
8827 17
8828 17
8829 16
8830 17
8831 9
8832 9
8833 9
8834 10
8835 11
8836 10
8837 11
8838 11
8839 11
8840 12
8841 12
8842 12
8843 12
8844 12
8845 12
8846 13
8847 13
8848 13
8849 14
8850 14
8851 13
8852 14
8853 14
8854 14
8855 15
8856 15
8857 15
8858 14
8859 15
8860 15
8861 16
8862 16
8863 16
8864 17
8865 17
8866 17
8867 16
8868 17
8869 17
8870 17
8871 17
8872 17
8873 18
8874 18
8875 18
8876 18
8877 18
8878 19
8879 19
8880 19
8881 20
8882 20
8883 19
8884 20
8885 20
8886 21
8887 21
8888 19
8889 26
8890 14
8891 15
8892 15
8893 16
8894 18
8895 13
8896 14
8897 10
8898 10
8899 10
8900 9
8901 9
8902 10
8903 10
8904 9
8905 15
8906 15
8907 15
8908 15
8909 16
8910 15
8911 16
8912 16
8913 16
8914 12
8915 13
8916 13
8917 14
8918 15
8919 14
8920 17
8921 21
8922 23
8923 23
8924 24
8925 25
8926 24
8927 27
8928 27
8929 26
8930 26
8931 27
8932 27
8933 27
8934 28
8935 28
8936 29
8937 28
8938 28
8939 29
8940 29
8941 29
8942 30
8943 30
8944 31
8945 30
8946 30
8947 30
8948 31
8949 31
8950 31
8951 31
8952 30
8953 31
8954 31
8955 30
8956 30
8957 31
8958 31
8959 14
8960 13
8961 14
8962 14
8963 14
8964 14
8965 15
8966 14
8967 14
8968 14
8969 15
8970 15
8971 15
8972 15
8973 15
8974 14
8975 15
8976 15
8977 15
8978 15
8979 15
8980 15
8981 15
8982 15
8983 15
8984 15
8985 15
8986 15
8987 15
8988 15
8989 16
8990 15
8991 15
8992 15
8993 15
8994 15
8995 16
8996 15
8997 15
8998 15
8999 15
9000 15
9001 15
9002 16
9003 16
9004 16
9005 15
9006 15
9007 15
9008 16
9009 16
9010 16
9011 16
9012 16
9013 16
9014 16
9015 16
9016 16
9017 9
9018 9
9019 10
9020 10
9021 9
9022 9
9023 9
9024 9
9025 9
9026 10
9027 9
9028 9
9029 10
9030 10
9031 10
9032 10
9033 9
9034 9
9035 9
9036 10
9037 10
9038 10
9039 10
9040 10
9041 9
9042 3
9043 3
9044 3
9045 3
9046 3
9047 4
9048 3
9049 3
9050 3
9051 3
9052 4
9053 4
9054 4
9055 3
9056 3
9057 4
9058 9
9059 5
9060 5
9061 5
9062 4
9063 4
9064 4
9065 4
9066 4
9067 4
9068 5
9069 4
9070 4
9071 4
9072 4
9073 4
9074 4
9075 4
9076 4
9077 3
9078 4
9079 4
9080 4
9081 4
9082 4
9083 4
9084 4
9085 3
9086 4
9087 2
9088 2
9089 3
9090 2
9091 3
9092 3
9093 3
9094 4
9095 3
9096 3
9097 7
9098 8
9099 8
9100 9
9101 8
9102 8
9103 9
9104 9
9105 9
9106 10
9107 10
9108 10
9109 10
9110 10
9111 10
9113 10
9112 10
9114 11
9115 11
9116 12
9117 12
9118 11
9119 12
9120 12
9121 12
9122 13
9123 13
9124 14
9125 13
9126 13
9127 14
9128 14
9129 14
9130 15
9131 15
9132 16
9133 15
9134 15
9135 16
9136 8
9137 9
9138 10
9139 10
9140 10
9141 10
9142 11
9143 11
9144 11
9145 12
9146 12
9147 11
9148 16
9149 16
9150 17
9151 17
9152 17
9153 17
9154 21
9155 20
9156 24
9157 24
9158 25
9159 25
9160 25
9161 26
9162 26
9163 25
9164 26
9165 27
9166 27
9167 27
9168 28
9169 28
9170 6
9171 6
9172 6
9173 7
9174 8
9175 7
9176 7
9177 8
9178 8
9179 8
9180 9
9181 9
9182 9
9183 9
9184 10
9185 10
9186 10
9187 18
9188 18
9189 18
9190 19
9191 18
9192 19
9193 19
9194 19
9195 20
9196 20
9197 20
9198 21
9199 21
9200 20
9201 21
9202 21
9203 21
9204 24
9205 24
9206 24
9207 25
9208 24
9209 25
9210 25
9211 25
9212 25
9213 26
9214 26
9215 27
9216 23
9217 22
9218 22
9219 22
9220 21
9221 21
9222 22
9223 21
9224 21
9225 14
9226 15
9227 13
9228 12
9229 13
9230 13
9231 13
9232 12
9233 13
9234 13
9235 14
9236 14
9237 14
9238 14
9239 14
9240 14
9241 16
9242 16
9243 16
9244 16
9245 17
9246 17
9247 17
9248 18
9249 18
9250 17
9251 17
9252 18
9253 18
9254 18
9255 19
9256 20
9257 20
9258 20
9259 20
9260 21
9261 21
9262 20
9263 20
9264 10
9265 10
9266 10
9267 10
9268 10
9269 11
9270 11
9271 11
9272 13
9273 13
9274 13
9275 13
9276 14
9277 14
9278 14
9279 13
9280 14
9281 14
9282 14
9283 15
9284 15
9285 16
9286 16
9287 15
9288 15
9289 16
9290 18
9291 18
9292 18
9293 19
9294 19
9295 19
9296 19
9297 19
9298 8
9299 10
9300 11
9301 11
9302 11
9303 12
9304 12
9305 11
9306 12
9307 12
9308 12
9309 13
9310 13
9311 13
9312 13
9313 13
9314 11
9315 12
9316 12
9318 14
9317 13
9319 14
9320 13
9321 15
9322 15
9323 16
9324 16
9325 16
9326 17
9327 16
9328 16
9329 16
9330 17
9331 17
9332 17
9333 18
9334 18
9335 18
9336 19
9337 19
9338 19
9339 19
9340 19
9341 19
9342 20
9343 20
9344 20
9345 21
9346 20
9347 20
9348 21
9349 21
9350 21
9351 21
9352 22
9353 11
9354 10
9355 10
9356 10
9357 11
9358 11
9359 10
9360 10
9361 11
9362 11
9363 12
9364 12
9365 12
9366 11
9367 12
9368 12
9369 12
9370 12
9371 12
9372 12
9373 13
9374 13
9375 13
9376 13
9377 14
9378 14
9379 13
9380 14
9381 14
9382 14
9383 15
9384 15
9385 15
9386 15
9387 15
9388 15
9389 15
9390 16
9391 15
9392 9
9393 9
9394 9
9395 9
9396 9
9397 9
9398 10
9399 10
9400 10
9401 11
9402 11
9403 10
9404 10
9405 11
9406 11
9407 12
9408 12
9409 13
9410 13
9411 12
9412 13
9413 13
9414 13
9415 13
9416 14
9417 14
9418 13
9419 14
9420 14
9421 14
9422 15
9423 15
9424 15
9425 15
9426 7
9427 7
9428 6
9429 7
9430 7
9431 7
9432 8
9433 8
9434 8
9435 7
9436 8
9437 9
9438 9
9439 9
9440 9
9441 9
9442 9
9443 7
9444 8
9445 8
9446 9
9447 8
9448 9
9449 9
9450 9
9451 10
9452 10
9453 10
9454 10
9455 11
9456 11
9457 11
9458 12
9459 12
9460 12
9461 12
9462 12
9463 13
9464 13
9465 13
9466 14
9467 14
9468 13
9469 14
9470 14
9471 15
9472 15
9473 15
9474 16
9475 16
9476 15
9477 16
9478 16
9479 17
9480 17
9481 7
9482 7
9483 8
9484 7
9485 8
9486 8
9487 9
9488 9
9489 9
9490 9
9491 9
9492 9
9493 10
9494 10
9495 10
9496 10
9497 11
9498 11
9499 10
9500 11
9501 11
9502 11
9503 12
9504 12
9505 11
9506 12
9507 13
9508 13
9509 14
9510 14
9511 15
9512 14
9513 15
9514 15
9515 16
9516 16
9517 16
9518 17
9519 16
9520 11
9521 11
9522 11
9523 12
9524 12
9525 13
9526 14
9527 15
9528 15
9529 16
9530 16
9531 16
9532 17
9533 17
9534 16
9535 17
9536 17
9537 18
9538 18
9539 18
9540 19
9541 19
9542 20
9543 19
9544 19
9545 20
9546 20
9547 21
9548 18
9549 18
9550 18
9551 19
9552 19
9553 20
9554 6
9555 6
9556 5
9557 5
9558 5
9559 6
9560 6
9561 6
9562 6
9563 6
9564 5
9565 5
9566 5
9567 5
9568 5
9569 5
9570 7
9571 10
9572 9
9573 9
9574 10
9575 10
9576 10
9578 9
9577 9
9579 10
9580 10
9581 10
9582 10
9583 11
9584 10
9585 10
9586 10
9587 11
9588 11
9589 10
9590 10
9591 11
9592 10
9593 10
9594 11
9595 11
9596 11
9597 11
9598 11
9599 11
9600 11
9601 11
9602 12
9603 12
9604 12
9605 11
9606 12
9607 12
9608 12
9609 6
9610 7
9611 7
9612 7
9613 7
9614 8
9615 7
9616 7
9617 7
9618 7
9619 8
9620 8
9621 8
9622 8
9623 8
9624 8
9625 8
9626 7
9627 7
9628 8
9629 8
9630 8
9631 8
9632 8
9633 8
9634 7
9635 8
9636 8
9637 8
9638 8
9639 9
9640 9
9641 9
9642 8
9643 8
9644 9
9645 9
9646 9
9647 9
9648 6
9649 7
9650 7
9651 6
9652 6
9653 6
9654 6
9655 6
9656 6
9657 6
9658 6
9659 6
9660 6
9661 6
9662 6
9663 6
9664 6
9665 6
9666 5
9667 5
9668 5
9669 6
9670 7
9671 7
9672 7
9673 7
9674 7
9675 7
9676 7
9677 7
9678 7
9679 7
9680 7
9681 6
9682 3
9683 4
9684 3
9685 3
9686 3
9687 3
9688 4
9689 3
9690 3
9691 3
9692 3
9693 3
9694 3
9695 4
9696 4
9697 3
9698 3
9699 8
9700 8
9701 8
9702 8
9703 8
9704 8
9705 8
9706 8
9707 9
9708 8
9709 8
9710 8
9711 9
9712 9
9713 9
9714 10
9715 9
9716 9
9717 9
9718 10
9719 10
9720 10
9721 9
9722 9
9723 9
9724 9
9725 10
9726 10
9727 10
9728 9
9729 9
9730 9
9731 10
9732 10
9733 10
9734 10
9735 8
9736 9
9737 9
9738 10
9739 9
9740 9
9741 9
9742 9
9743 9
9744 9
9745 8
9746 9
9747 9
9748 9
9749 9
9750 10
9751 7
9752 7
9753 7
9754 8
9755 8
9756 8
9757 8
9758 8
9759 8
9760 8
9761 8
9762 8
9763 9
9764 9
9765 8
9766 8
9767 8
9768 9
9769 9
9770 9
9771 9
9772 8
9773 8
9774 8
9775 9
9776 7
9777 7
9778 7
9779 7
9780 7
9781 7
9782 8
9783 7
9784 7
9785 7
9786 7
9787 7
9788 8
9789 8
9790 8
9791 7
9792 7
9793 8
9794 8
9795 8
9796 8
9797 8
9798 6
9799 8
9800 8
9801 8
9802 8
9803 8
9804 8
9805 8
9806 8
9807 7
9808 8
9809 8
9810 8
9811 8
9812 8
9813 8
9814 8
9815 8
9816 8
9817 8
9818 7
9819 8
9820 8
9821 8
9822 7
9823 7
9824 7
9825 8
9826 8
9827 7
9828 7
9829 6
9830 6
9831 7
9832 7
9833 6
9834 6
9835 6
9836 6
9837 7
9838 7
9839 6
9840 6
9841 6
9842 7
9843 7
9844 7
9845 7
9846 7
9847 8
9848 7
9849 7
9850 7
9851 7
9852 8
9853 8
9854 8
9855 8
9856 7
9857 7
9858 8
9859 8
9860 8
9861 8
9862 8
9863 8
9864 7
9865 6
9866 7
9867 7
9868 6
9869 6
9870 6
9871 5
9872 6
9873 6
9874 6
9875 6
9876 6
9877 6
9878 6
9879 6
9880 6
9881 6
9882 6
9883 6
9884 7
9885 7
9886 6
9887 6
9888 7
9889 6
9890 6
9891 6
9892 6
9893 7
9894 7
9895 7
9896 7
9897 6
9898 6
9899 7
9900 7
9901 7
9902 7
9903 11
9904 5
9905 4
9906 4
9907 4
9908 5
9909 5
9910 5
9911 4
9912 4
9913 4
9914 5
9915 5
9916 5
9917 5
9918 4
9919 4
9920 5
9921 5
9922 5
9923 5
9924 5
9925 5
9926 5
9927 7
9928 7
9929 6
9930 6
9931 6
9932 7
9933 7
9934 7
9935 7
9936 7
9937 6
9938 7
9939 7
9940 7
9941 7
9942 7
9943 8
9944 8
9945 7
9946 7
9947 7
9948 7
9949 6
9950 7
9951 7
9952 7
9953 7
9954 7
9955 7
9956 6
9957 6
9958 6
9959 7
9960 7
9961 7
9962 6
9963 6
9964 6
9965 6
9966 6
9967 6
9968 6
9969 6
9970 7
9971 7
9972 7
9973 7
9974 6
9975 6
9976 6
9977 7
9978 7
9979 7
9980 7
9981 7
9982 7
9983 7
9984 7
9985 7
9986 9
9987 9
9988 9
9989 9
9990 10
9991 9
9992 9
9993 2
9994 2
9995 2
9996 2
9997 2
9998 2
9999 2
10000 2
