1 58
1 55
2 56
3 57
4 58
5 60
6 61
7 63
8 65
9 66
10 67
11 68
12 69
13 71
14 71
15 72
16 73
17 74
18 75
19 76
20 77
21 78
22 79
23 80
24 81
25 82
26 83
27 84
28 84
29 86
30 87
31 88
32 89
33 89
34 91
35 92
36 94
37 95
38 96
39 97
40 98
41 99
42 100
43 100
44 101
45 103
46 104
47 104
48 104
49 105
50 107
51 108
52 108
53 108
54 110
55 111
56 112
57 112
58 113
59 114
60 115
61 116
62 116
63 117
64 118
65 119
66 121
67 120
68 121
69 123
70 124
71 125
72 125
73 126
74 127
75 129
76 128
77 129
78 130
79 132
80 133
81 133
82 134
83 135
84 136
85 139
86 139
87 140
88 141
89 142
90 143
91 144
92 144
93 145
94 146
95 147
96 148
97 149
98 150
99 151
