1 193
1 195
2 196
3 197
4 199
5 201
6 203
7 204
8 206
9 208
10 209
11 211
12 212
13 214
14 215
15 217
16 218
17 220
18 221
19 223
20 225
21 227
22 227
23 229
24 231
25 232
26 234
27 236
28 239
29 241
30 241
31 243
32 245
33 247
34 248
35 249
36 251
37 253
38 255
39 256
40 257
41 259
42 261
43 263
44 265
45 265
46 268
47 269
48 270
49 270
50 273
51 275
52 277
53 277
54 279
55 281
56 283
57 284
58 285
59 287
60 289
61 290
62 292
63 293
64 295
65 297
66 299
67 300
68 301
69 303
70 305
71 306
72 308
73 309
74 310
75 312
76 314
77 316
78 316
79 318
80 320
81 322
82 323
83 324
84 326
85 327
86 329
87 331
88 332
89 333
90 335
91 337
92 339
93 340
94 341
95 343
96 345
97 346
98 348
99 350
100 328
101 329
102 331
103 333
104 334
105 335
106 337
107 339
108 340
109 342
110 344
111 345
112 346
113 348
114 350
115 352
116 352
117 354
118 356
119 358
120 361
121 361
122 363
123 365
124 367
125 369
126 370
127 372
128 373
129 375
130 377
131 379
132 391
133 393
134 394
135 402
136 404
137 405
138 406
139 408
140 410
141 412
142 413
143 414
144 419
145 421
146 422
147 424
148 426
149 428
150 429
151 430
152 432
153 434
154 435
155 437
156 438
157 439
158 441
159 443
160 444
161 445
162 447
163 449
164 450
165 452
166 453
167 455
168 456
169 458
170 460
171 460
172 462
173 464
174 465
175 468
176 468
177 470
178 472
179 474
180 475
181 477
182 478
183 479
184 481
185 483
186 484
187 486
188 487
189 489
190 491
191 492
192 494
193 496
194 497
195 499
196 500
197 501
198 504
199 505
200 487
201 489
202 491
203 492
204 493
205 495
206 497
207 498
208 500
209 502
210 504
211 506
212 507
213 510
214 511
215 512
216 514
217 516
218 518
219 520
220 521
221 523
222 525
223 528
224 530
225 531
226 532
227 534
228 536
229 537
230 538
231 540
232 542
233 543
234 544
235 546
236 548
237 549
238 551
239 552
240 553
241 555
242 557
243 559
244 559
245 560
246 562
247 564
248 565
249 566
250 568
251 570
252 572
253 579
254 580
255 582
256 584
257 586
258 589
259 591
260 593
261 594
262 596
263 598
264 599
265 602
266 605
267 606
268 607
269 609
270 614
271 616
272 618
273 619
274 620
275 622
276 622
277 630
278 636
279 641
280 643
281 645
282 648
283 649
284 650
285 652
286 657
287 658
288 659
289 662
290 664
291 666
292 667
293 669
294 670
295 672
296 674
297 676
298 677
299 678
300 660
301 661
302 662
303 664
304 665
305 667
306 669
307 670
308 671
309 673
310 674
311 676
312 678
313 680
314 680
315 682
316 684
317 686
318 692
319 692
320 694
321 696
322 698
323 700
324 701
325 702
326 704
327 705
328 707
329 709
330 710
331 712
332 714
333 715
334 717
335 718
336 719
337 721
338 723
339 724
340 728
341 730
342 732
343 733
344 735
345 736
346 737
347 739
348 741
349 742
350 743
351 745
352 747
353 749
354 750
355 752
356 753
357 754
358 756
359 758
360 766
361 765
362 767
363 771
364 773
365 774
366 775
367 777
368 779
369 780
370 781
371 783
372 785
373 786
374 788
375 790
376 790
377 792
378 794
379 795
380 798
381 799
382 800
383 802
384 803
385 805
386 807
387 808
388 810
389 811
390 813
391 815
392 816
393 818
394 819
395 821
396 823
397 826
398 827
399 828
