1693055507767  0 
1693055508767  0 
1693055509767  0 
1693055510767  0 
1693055511767  0 
1693055512767  0 
1693055513768  0 
1693055514768  0 
1693055515768  0 
1693055516768  0 
1693055517768  0 
1693055518768  0 
1693055519768  0 
1693055520769  0 
1693055521770  0 
1693055522770  0 
1693055523770  0 
1693055524770  0 
1693055525770  0 
1693055526770  0 
1693055527770  0 
1693055528770  0 
1693055529771  0 
1693055530771  0 
1693055531771  0 
1693055532772  0 
1693055533772  0 
1693055534772  0 
1693055535773  0 
1693055536773  0 
1693055537773  0 
1693055538773  0 
1693055539774  0 
1693055540775  0 
1693055541775  0 
1693055542775  0 
1693055543775  0 
1693055544776  0 
1693055545776  0 
1693055546776  0 
1693055547777  0 
1693055548777  0 
1693055549778  0 
1693055550778  0 
1693055551778  0 
1693055552779  0 
1693055553779  0 
1693055554780  0 
1693055555781  0 
1693055556781  0 
1693055557782  0 
1693055558782  0 
1693055559782  0 
1693055560782  0 
1693055561782  0 
1693055562782  0 
1693055563783  0 
1693055564783  0 
1693055565784  0 
1693055566784  0 
1693055567784  0 
1693055568784  0 
1693055569785  0 
1693055570785  0 
1693055571785  0 
1693055572786  0 
1693055573786  0 
1693055574786  0 
1693055575786  0 
1693055576787  0 
1693055577787  0 
1693055578788  0 
1693055579788  0 
1693055580788  0 
1693055581788  0 
1693055582788  0 
1693055583789  0 
1693055584789  0 
1693055585790  0 
1693055586790  0 
1693055587790  0 
1693055588790  0 
1693055589791  0 
1693055590791  0 
1693055591791  0 
1693055592793  0 
1693055593793  0 
1693055594793  0 
1693055595793  0 
1693055596793  0 
1693055597793  0 
1693055598793  0 
1693055599793  0 
1693055600793  0 
1693055601794  0 
1693055602794  0 
1693055603794  0 
1693055604795  0 
1693055605795  0 
1693055606795  0 
1693055607796  0 
1693055608796  0 
1693055609796  0 
1693055610797  0 
1693055611797  0 
1693055612797  0 
1693055613797  0 
1693055614797  0 
1693055615797  0 
1693055616798  0 
1693055617798  0 
1693055618798  0 
1693055619799  0 
1693055620799  0 
1693055621799  0 
1693055622799  0 
1693055623799  0 
1693055624799  0 
1693055625799  0 
1693055626799  0 
1693055627799  0 
1693055628799  0 
1693055629799  0 
1693055630799  0 
1693055631799  0 
1693055632799  0 
1693055633799  0 
1693055634800  0 
1693055635800  0 
1693055636800  0 
1693055637800  0 
1693055638800  0 
1693055639800  0 
1693055640800  0 
1693055641801  0 
1693055642801  0 
1693055643802  0 
1693055644802  0 
1693055645803  0 
1693055646803  0 
1693055647803  0 
1693055648803  0 
1693055649804  0 
1693055650804  0 
1693055651804  0 
1693055652805  0 
1693055653806  0 
1693055654807  0 
1693055655808  0 
1693055656808  0 
1693055657808  0 
1693055658808  0 
1693055659808  0 
1693055660808  0 
1693055661809  0 
1693055662809  0 
1693055663809  0 
1693055664809  0 
1693055665819  0 
1693055666819  0 
1693055667820  0 
1693055668820  0 
1693055669820  0 
1693055670820  0 
1693055671820  0 
1693055672821  0 
1693055673821  0 
1693055674821  0 
1693055675822  0 
1693055676822  0 
1693055677823  0 
1693055678823  0 
1693055679823  0 
1693055680823  0 
1693055681824  0 
1693055682824  0 
1693055683824  0 
1693055684824  0 
1693055685824  0 
1693055686824  0 
1693055687824  0 
1693055688825  0 
1693055689825  0 
1693055690825  0 
1693055691826  0 
1693055692827  0 
1693055693827  0 
1693055694827  0 
1693055695827  0 
1693055696827  0 
1693055697827  0 
1693055698827  0 
1693055699827  0 
1693055700827  0 
1693055701827  0 
1693055702827  0 
1693055703827  0 
1693055704827  0 
1693055705827  0 
1693055706828  0 
1693055707828  0 
1693055708828  0 
1693055709828  0 
1693055710828  0 
1693055711829  0 
1693055712829  0 
1693055713829  0 
1693055714829  0 
1693055715830  0 
1693055716830  0 
1693055717831  0 
1693055718831  0 
1693055719831  0 
1693055720831  0 
1693055721831  0 
1693055722831  0 
1693055723832  0 
1693055724832  0 
1693055725832  0 
1693055726832  0 
1693055727832  0 
1693055728832  0 
1693055729832  0 
1693055730832  0 
1693055731832  0 
1693055732832  0 
1693055733832  0 
1693055734832  0 
1693055735832  0 
1693055736833  0 
1693055737833  0 
1693055738833  0 
1693055739833  0 
1693055740834  0 
1693055741834  0 
1693055742834  0 
1693055743834  0 
1693055744834  0 
1693055745834  0 
1693055746835  0 
1693055747836  0 
1693055748836  0 
1693055749837  0 
1693055750837  0 
1693055751838  0 
1693055752838  0 
1693055753838  0 
1693055754838  0 
1693055755838  0 
1693055756838  0 
1693055757839  0 
1693055758839  0 
1693055759839  0 
1693055760840  0 
1693055761840  0 
1693055762840  0 
1693055763840  0 
1693055764841  0 
1693055765841  0 
1693055766841  0 
1693055767841  0 
1693055768841  0 
1693055769841  0 
1693055770841  0 
1693055771841  0 
1693055772841  0 
1693055773842  0 
1693055774842  0 
1693055775842  0 
1693055776842  0 
1693055777842  0 
1693055778843  0 
1693055779843  0 
1693055780843  0 
1693055781843  0 
1693055782842  0 
1693055783843  0 
1693055784843  0 
1693055785843  0 
1693055786844  0 
1693055787844  0 
1693055788844  0 
1693055789844  0 
1693055790844  0 
1693055791844  0 
1693055792844  0 
1693055793844  0 
1693055794844  0 
1693055795844  0 
1693055796845  0 
1693055797845  0 
1693055798845  0 
1693055799845  0 
1693055800845  0 
1693055801845  0 
1693055802846  0 
1693055803846  0 
1693055804846  0 
1693055805846  0 
1693055806847  0 
1693055807847  0 
1693055808847  0 
1693055809847  0 
1693055810847  0 
1693055811847  0 
1693055812847  0 
1693055813847  0 
1693055814847  0 
1693055815847  0 
1693055816847  0 
1693055817847  0 
1693055818847  0 
1693055819847  0 
1693055820847  0 
1693055821847  0 
1693055822847  0 
1693055823848  0 
1693055824848  0 
1693055825849  0 
1693055826849  0 
1693055827849  0 
1693055828849  0 
1693055829849  0 
1693055830849  0 
1693055831849  0 
1693055832849  0 
1693055833849  0 
1693055834849  0 
1693055835850  0 
1693055836850  0 
1693055837851  0 
1693055838851  0 
1693055839851  0 
1693055840851  0 
1693055841851  0 
1693055842852  0 
1693055843852  0 
1693055844853  0 
1693055845853  0 
1693055846853  0 
1693055847853  0 
1693055848853  0 
1693055849854  0 
1693055850854  0 
1693055851854  0 
1693055852854  0 
1693055853854  0 
1693055854854  0 
1693055855854  0 
1693055856854  0 
1693055857854  0 
1693055858854  0 
1693055859856  0 
1693055860856  0 
1693055861857  0 
1693055862857  0 
1693055863857  0 
1693055864857  0 
1693055865858  0 
1693055866858  0 
1693055867858  0 
1693055868859  0 
1693055869859  0 
1693055870859  0 
1693055871859  0 
1693055872859  0 
1693055873859  0 
1693055874859  0 
1693055875859  0 
1693055876860  0 
1693055877860  0 
1693055878860  0 
1693055879860  0 
1693055880860  0 
1693055881860  0 
1693055882860  0 
1693055883860  0 
1693055884860  0 
1693055885861  0 
1693055886861  0 
1693055887861  0 
1693055888861  0 
1693055889861  0 
1693055890861  0 
1693055891861  0 
1693055892861  0 
1693055893861  0 
1693055894861  0 
1693055895861  0 
1693055896862  0 
1693055897862  0 
1693055898862  0 
1693055899863  0 
1693055900863  0 
1693055901863  0 
1693055902863  0 
1693055903863  0 
1693055904863  0 
1693055905863  0 
1693055906863  0 
1693055907863  0 
1693055908863  0 
1693055909863  0 
1693055910863  0 
1693055911864  0 
1693055912864  0 
1693055913864  0 
1693055914864  0 
1693055915864  0 
1693055916864  0 
1693055917864  0 
1693055918864  0 
1693055919864  0 
1693055920864  0 
1693055921864  0 
1693055922865  0 
1693055923865  0 
1693055924865  0 
1693055925866  0 
1693055926866  0 
1693055927866  0 
1693055928866  0 
1693055929866  0 
1693055930866  0 
1693055931866  0 
1693055932866  0 
1693055933866  0 
1693055934866  0 
1693055935866  0 
1693055936866  0 
1693055937867  0 
1693055938867  0 
1693055939867  0 
1693055940867  0 
1693055941867  0 
1693055942867  0 
1693055943867  0 
1693055944867  0 
1693055945867  0 
1693055946867  0 
1693055947867  0 
1693055948868  0 
1693055949868  0 
1693055950868  0 
1693055951868  0 
1693055952868  0 
1693055953868  0 
1693055954868  0 
1693055955868  0 
1693055956868  0 
1693055957868  0 
1693055958868  0 
1693055959867  0 
1693055960868  0 
1693055961868  0 
1693055962868  0 
1693055963868  0 
1693055964869  0 
1693055965869  0 
1693055966869  0 
1693055967869  0 
1693055968869  0 
1693055969869  0 
1693055970869  0 
1693055971870  0 
1693055972870  0 
1693055973870  0 
1693055974870  0 
1693055975870  0 
1693055976870  0 
1693055977871  0 
1693055978872  0 
1693055979872  0 
1693055980873  0 
1693055981873  0 
1693055982873  0 
1693055983873  0 
1693055984874  0 
1693055985874  0 
1693055986875  0 
1693055987875  0 
1693055988876  0 
1693055989876  0 
1693055990877  0 
1693055991878  0 
1693055992878  0 
1693055993878  0 
1693055994878  0 
1693055995878  0 
1693055996878  0 
1693055997878  0 
1693055998878  0 
1693055999878  0 
1693056000877  0 
1693056001878  0 
1693056002878  0 
1693056003878  0 
1693056004878  0 
1693056005878  0 
1693056006878  0 
1693056007879  0 
1693056008879  0 
1693056009880  0 
1693056010880  0 
1693056011880  0 
1693056012880  0 
1693056013880  0 
1693056014880  0 
1693056015880  0 
1693056016880  0 
1693056017881  0 
1693056018881  0 
1693056019881  0 
1693056020881  0 
1693056021881  0 
1693056022881  0 
1693056023881  0 
1693056024881  0 
1693056025881  0 
1693056026881  0 
1693056027882  0 
1693056028882  0 
1693056029882  0 
1693056030881  0 
1693056031882  0 
1693056032882  0 
1693056033883  0 
1693056034884  0 
1693056035885  0 
1693056036885  0 
1693056037886  0 
1693056038887  0 
1693056039888  0 
1693056040889  0 
1693056041889  0 
1693056042889  0 
1693056043889  0 
1693056044889  0 
1693056045889  0 
1693056046889  0 
1693056047889  0 
1693056048889  0 
1693056049889  0 
1693056050889  0 
1693056051889  0 
1693056052889  0 
1693056053889  0 
1693056054891  0 
1693056055891  0 
1693056056891  0 
1693056057892  0 
1693056058892  0 
1693056059892  0 
1693056060893  0 
1693056061893  0 
1693056062893  0 
1693056063893  0 
1693056064893  0 
1693056065893  0 
1693056066893  0 
1693056067893  0 
1693056068893  0 
1693056069893  0 
1693056070893  0 
1693056071893  0 
1693056072893  0 
1693056073893  0 
1693056074893  0 
1693056075894  0 
1693056076894  0 
1693056077894  0 
1693056078894  0 
1693056079894  0 
1693056080894  0 
1693056081894  0 
1693056082894  0 
1693056083894  0 
1693056084894  0 
1693056085894  0 
1693056086895  0 
1693056087895  0 
1693056088895  0 
1693056089895  0 
1693056090896  0 
1693056091896  0 
1693056092897  0 
1693056093897  0 
1693056094896  0 
1693056095897  0 
1693056096898  0 
1693056097898  0 
1693056098898  0 
1693056099898  0 
1693056100898  0 
1693056101898  0 
1693056102898  0 
1693056103898  0 
1693056104898  0 
1693056105898  0 
1693056106898  0 
1693056107898  0 
1693056108898  0 
1693056109898  0 
1693056110898  0 
1693056111898  0 
1693056112898  0 
1693056113898  0 
1693056114897  0 
1693056115898  0 
1693056116898  0 
1693056117898  0 
1693056118898  0 
1693056119898  0 
1693056120898  0 
1693056121898  0 
1693056122898  0 
1693056123898  0 
1693056124898  0 
1693056125898  0 
1693056126897  0 
1693056127898  0 
1693056128898  0 
1693056129898  0 
1693056130898  0 
1693056131898  0 
1693056132899  0 
1693056133899  0 
1693056134900  0 
1693056135901  0 
1693056136901  0 
1693056137901  0 
1693056138902  0 
1693056139902  0 
1693056140902  0 
1693056141902  0 
1693056142902  0 
1693056143902  0 
1693056144902  0 
1693056145902  0 
1693056146902  0 
1693056147902  0 
1693056148902  0 
1693056149902  0 
1693056150902  0 
1693056151902  0 
1693056152902  0 
1693056153902  0 
1693056154902  0 
1693056155902  0 
1693056156902  0 
1693056157902  0 
1693056158902  0 
1693056159902  0 
1693056160902  0 
1693056161902  0 
1693056162902  0 
1693056163902  0 
1693056164903  0 
1693056165903  0 
1693056166903  0 
1693056167903  0 
1693056168903  0 
1693056169903  0 
1693056170904  0 
1693056171905  0 
1693056172905  0 
1693056173905  0 
1693056174905  0 
1693056175906  0 
1693056176906  0 
1693056177906  0 
1693056178906  0 
1693056179906  0 
1693056180906  0 
1693056181906  0 
1693056182906  0 
1693056183906  0 
1693056184907  0 
1693056185908  0 
1693056186909  0 
1693056187909  0 
1693056188909  0 
1693056189909  0 
1693056190909  0 
1693056191909  0 
1693056192909  0 
1693056193908  0 
1693056194908  0 
1693056195909  0 
1693056196909  0 
1693056197909  0 
1693056198909  0 
1693056199909  0 
1693056200909  0 
1693056201909  0 
1693056202909  0 
1693056203909  0 
1693056204909  0 
1693056205909  0 
1693056206908  0 
1693056207909  0 
1693056208909  0 
1693056209909  0 
1693056210909  0 
1693056211909  0 
1693056212909  0 
1693056213909  0 
1693056214909  0 
1693056215909  0 
1693056216909  0 
1693056217909  0 
1693056218909  0 
1693056219909  0 
1693056220909  0 
1693056221909  0 
1693056222909  0 
1693056223909  0 
1693056224908  0 
1693056225909  0 
1693056226909  0 
1693056227909  0 
1693056228910  0 
1693056229910  0 
1693056230910  0 
1693056231910  0 
1693056232910  0 
1693056233912  0 
1693056234912  0 
1693056235914  0 
1693056236915  0 
1693056237916  0 
1693056238916  0 
1693056239917  0 
1693056240917  0 
1693056241917  0 
1693056242918  0 
1693056243918  0 
1693056244919  0 
1693056245919  0 
1693056246920  0 
1693056247920  0 
1693056248920  0 
1693056249920  0 
1693056250920  0 
1693056251920  0 
1693056252920  0 
1693056253920  0 
1693056254920  0 
1693056255920  0 
1693056256920  0 
1693056257921  0 
1693056258922  0 
1693056259922  0 
1693056260922  0 
1693056261922  0 
1693056262923  0 
1693056263923  0 
1693056264923  0 
1693056265923  0 
1693056266923  0 
1693056267924  0 
1693056268924  0 
1693056269924  0 
1693056270924  0 
1693056271924  0 
1693056272926  0 
1693056273927  0 
1693056274927  0 
1693056275927  0 
1693056276927  0 
1693056277927  0 
1693056278928  0 
1693056279928  0 
1693056280928  0 
1693056281929  0 
1693056282928  0 
1693056283929  0 
1693056284929  0 
1693056285929  0 
1693056286929  0 
1693056287930  0 
1693056288930  0 
1693056289931  0 
1693056290931  0 
1693056291931  0 
1693056292931  0 
1693056293932  0 
1693056294933  0 
1693056295933  0 
1693056296933  0 
1693056297934  0 
1693056298934  0 
1693056299935  0 
1693056300935  0 
1693056301935  0 
1693056302935  0 
1693056303935  0 
1693056304935  0 
1693056305935  0 
1693056306935  0 
1693056307935  0 
1693056308935  0 
1693056309935  0 
1693056310936  0 
1693056311936  0 
1693056312936  0 
1693056313937  0 
1693056314937  0 
1693056315936  0 
1693056316936  0 
1693056317937  0 
1693056318936  0 
1693056319938  0 
1693056320938  0 
1693056321939  0 
1693056322939  0 
1693056323939  0 
1693056324939  0 
1693056325939  0 
1693056326939  0 
1693056327940  0 
1693056328941  0 
1693056329941  0 
1693056330941  0 
1693056331942  0 
1693056332942  0 
1693056333942  0 
1693056334942  0 
1693056335943  0 
1693056336943  0 
1693056337943  0 
1693056338943  0 
1693056339944  0 
1693056340944  0 
1693056341944  0 
1693056342945  0 
1693056343945  0 
1693056344946  0 
1693056345946  0 
1693056346947  0 
1693056347947  0 
1693056348947  0 
1693056349948  0 
1693056350948  0 
1693056351948  0 
1693056352949  0 
1693056353948  0 
1693056354949  0 
1693056355950  0 
1693056356950  0 
1693056357950  0 
1693056358950  0 
1693056359951  0 
1693056360951  0 
1693056361951  0 
1693056362952  0 
1693056363952  0 
1693056364952  0 
1693056365952  0 
1693056366953  0 
1693056367953  0 
1693056368953  0 
1693056369954  0 
1693056370955  0 
1693056371955  0 
1693056372955  0 
1693056373955  0 
1693056374955  0 
1693056375956  0 
1693056376956  0 
1693056377957  0 
1693056378958  0 
1693056379958  0 
1693056380959  0 
1693056381960  0 
1693056382961  0 
1693056383961  0 
1693056384961  0 
1693056385961  0 
1693056386962  0 
1693056387962  0 
1693056388963  0 
1693056389963  0 
1693056390964  0 
1693056391964  0 
1693056392965  0 
1693056393965  0 
1693056394965  0 
1693056395965  0 
1693056396966  0 
1693056397967  0 
1693056398967  0 
1693056399967  0 
1693056400967  0 
1693056401967  0 
1693056402967  0 
1693056403967  0 
1693056404967  0 
1693056405967  0 
1693056406967  0 
1693056407967  0 
1693056408968  0 
1693056409969  0 
1693056410969  0 
1693056411969  0 
1693056412969  0 
1693056413970  0 
1693056414972  0 
1693056415972  0 
1693056416973  0 
1693056417974  0 
1693056418975  0 
1693056419975  0 
1693056420975  0 
1693056421975  0 
1693056422975  0 
1693056423975  0 
1693056424975  0 
1693056425975  0 
1693056426975  0 
1693056427975  0 
1693056428974  0 
1693056429975  0 
1693056430975  0 
1693056431975  0 
1693056432975  0 
1693056433975  0 
1693056434975  0 
1693056435975  0 
1693056436975  0 
1693056437975  0 
1693056438976  0 
1693056439976  0 
1693056440977  0 
1693056441977  0 
1693056442977  0 
1693056443977  0 
1693056444978  0 
1693056445978  0 
1693056446978  0 
1693056447979  0 
1693056448979  0 
1693056449979  0 
1693056450979  0 
1693056451979  0 
1693056452980  0 
1693056453980  0 
1693056454980  0 
1693056455980  0 
1693056456981  0 
1693056457981  0 
1693056458981  0 
1693056459982  0 
1693056460982  0 
1693056461983  0 
1693056462984  0 
1693056463984  0 
1693056464984  0 
1693056465984  0 
1693056466984  0 
1693056467985  0 
1693056468985  0 
1693056469985  0 
1693056470986  0 
1693056471986  0 
1693056472986  0 
1693056473986  0 
1693056474987  0 
1693056475987  0 
1693056476988  0 
1693056477989  0 
1693056478989  0 
1693056479988  0 
1693056480989  0 
1693056481989  0 
1693056482991  0 
1693056483991  0 
1693056484991  0 
1693056485992  0 
1693056486993  0 
1693056487993  0 
1693056488993  0 
1693056489994  0 
1693056490994  0 
1693056491994  0 
1693056492995  0 
1693056493996  0 
1693056494997  0 
1693056495997  0 
1693056496998  0 
1693056497999  0 
1693056499000  0 
1693056500000  0 
1693056501000  0 
1693056502000  0 
1693056503000  0 
1693056504001  0 
1693056505001  0 
1693056506001  0 
1693056507001  0 
1693056508001  0 
1693056509001  0 
1693056510001  0 
1693056511002  0 
1693056512002  0 
1693056513002  0 
1693056514002  0 
1693056515002  0 
1693056516002  0 
1693056517002  0 
1693056518003  0 
1693056519003  0 
1693056520003  0 
1693056521003  0 
1693056522003  0 
1693056523003  0 
1693056524004  0 
1693056525004  0 
1693056526004  0 
1693056527004  0 
1693056528004  0 
1693056529005  0 
1693056530005  0 
1693056531005  0 
1693056532005  0 
1693056533006  0 
1693056534006  0 
1693056535006  0 
1693056536007  0 
1693056537007  0 
1693056538006  0 
1693056539007  0 
1693056540008  0 
1693056541008  0 
1693056542009  0 
1693056543010  0 
1693056544010  0 
1693056545011  0 
1693056546012  0 
1693056547013  0 
1693056548013  0 
1693056549013  0 
1693056550013  0 
1693056551014  0 
1693056552014  0 
1693056553014  0 
1693056554016  0 
1693056555016  0 
1693056556016  0 
1693056557016  0 
1693056558018  0 
1693056559018  0 
1693056560018  0 
1693056561020  0 
1693056562021  0 
1693056563021  0 
1693056564021  0 
1693056565021  0 
1693056566021  0 
1693056567022  0 
1693056568022  0 
1693056569022  0 
1693056570023  0 
1693056571024  0 
1693056572024  0 
1693056573025  0 
1693056574026  0 
1693056575026  0 
1693056576027  0 
1693056577027  0 
1693056578027  0 
1693056579028  0 
1693056580028  0 
1693056581028  0 
1693056582029  0 
1693056583030  0 
1693056584030  0 
1693056585030  0 
1693056586031  0 
1693056587032  0 
1693056588032  0 
1693056589032  0 
1693056590033  0 
1693056591034  0 
1693056592034  0 
1693056593035  0 
1693056594036  0 
1693056595037  0 
1693056596037  0 
1693056597037  0 
1693056598037  0 
1693056599037  0 
1693056600037  0 
1693056601037  0 
1693056602037  0 
1693056603037  0 
1693056604038  0 
1693056605038  0 
1693056606039  0 
1693056607039  0 
1693056608039  0 
1693056609040  0 
1693056610040  0 
1693056611040  0 
1693056612040  0 
1693056613040  0 
1693056614041  0 
1693056615041  0 
1693056616041  0 
1693056617042  0 
1693056618042  0 
1693056619042  0 
1693056620043  0 
1693056621043  0 
1693056622043  0 
1693056623043  0 
1693056624043  0 
1693056625043  0 
1693056626043  0 
1693056627042  0 
1693056628043  0 
1693056629043  0 
1693056630043  0 
1693056631044  0 
1693056632044  0 
1693056633044  0 
1693056634046  0 
1693056635046  0 
1693056636047  0 
1693056637048  0 
1693056638048  0 
1693056639048  0 
1693056640048  0 
1693056641048  0 
1693056642049  0 
1693056643049  0 
1693056644049  0 
1693056645050  0 
1693056646050  0 
1693056647050  0 
1693056648051  0 
1693056649051  0 
1693056650052  0 
1693056651052  0 
1693056652052  0 
1693056653052  0 
1693056654053  0 
1693056655054  0 
1693056656054  0 
1693056657054  0 
1693056658054  0 
1693056659055  0 
1693056660055  0 
1693056661056  0 
1693056662056  0 
1693056663056  0 
1693056664056  0 
1693056665056  0 
1693056666056  0 
1693056667056  0 
1693056668056  0 
1693056669057  0 
1693056670057  0 
1693056671057  0 
1693056672057  0 
1693056673058  0 
1693056674058  0 
1693056675059  0 
1693056676059  0 
1693056677059  0 
1693056678059  0 
1693056679059  0 
1693056680060  0 
1693056681061  0 
1693056682061  0 
1693056683061  0 
1693056684061  0 
1693056685063  0 
1693056686063  0 
1693056687062  0 
1693056688063  0 
1693056689063  0 
1693056690063  0 
1693056691063  0 
1693056692064  0 
1693056693065  0 
1693056694065  0 
1693056695065  0 
1693056696065  0 
1693056697066  0 
1693056698066  0 
1693056699066  0 
1693056700066  0 
1693056701066  0 
1693056702066  0 
1693056703066  0 
1693056704065  0 
1693056705066  0 
1693056706066  0 
1693056707066  0 
1693056708066  0 
1693056709066  0 
1693056710067  0 
1693056711067  0 
1693056712067  0 
1693056713067  0 
1693056714068  0 
1693056715068  0 
1693056716069  0 
1693056717069  0 
1693056718069  0 
1693056719069  0 
1693056720069  0 
1693056721070  0 
1693056722070  0 
1693056723071  0 
1693056724070  0 
1693056725071  0 
1693056726071  0 
1693056727072  0 
1693056728072  0 
1693056729072  0 
1693056730072  0 
1693056731073  0 
1693056732073  0 
1693056733074  0 
1693056734074  0 
1693056735075  0 
1693056736076  0 
1693056737077  0 
1693056738076  0 
1693056739077  0 
1693056740077  0 
1693056741077  0 
1693056742081  0 
1693056743081  0 
1693056744081  0 
1693056745081  0 
1693056746081  0 
1693056747081  0 
1693056748081  0 
1693056749081  0 
1693056750081  0 
1693056751082  0 
1693056752082  0 
1693056753082  0 
1693056754083  0 
1693056755083  0 
1693056756083  0 
1693056757083  0 
1693056758083  0 
1693056759083  0 
1693056760083  0 
1693056761084  0 
1693056762085  0 
1693056763085  0 
1693056764086  0 
1693056765086  0 
1693056766086  0 
1693056767086  0 
1693056768086  0 
1693056769086  0 
1693056770086  0 
1693056771087  0 
1693056772087  0 
1693056773089  0 
1693056774089  0 
1693056775090  0 
1693056776090  0 
1693056777090  0 
1693056778091  0 
1693056779091  0 
1693056780091  0 
1693056781091  0 
1693056782091  0 
1693056783092  0 
1693056784092  0 
1693056785092  0 
1693056786092  0 
1693056787093  0 
1693056788093  0 
1693056789094  0 
1693056790094  0 
1693056791095  0 
1693057157790  0 
1693057158790  0 
1693057159790  0 
1693057160790  0 
1693057161790  0 
1693057162790  0 
1693057163790  0 
1693057164791  0 
1693057165791  0 
1693057166791  0 
1693057167791  0 
1693057168791  0 
1693057169792  0 
1693057170792  0 
1693057171793  0 
1693057172793  0 
1693057173793  0 
1693057174794  0 
1693057175794  0 
1693057176795  0 
1693057177796  0 
1693057178796  0 
1693057179796  0 
1693057180796  0 
1693057181796  0 
1693057182796  0 
1693057183796  0 
1693057184797  0 
1693057185797  0 
1693057186797  0 
1693057187797  0 
1693057188797  0 
1693057189797  0 
1693057190797  0 
1693057191798  0 
1693057192798  0 
1693057193798  0 
1693057194798  0 
1693057195798  0 
1693057196798  0 
1693057197798  0 
1693057198798  0 
1693057199798  0 
1693057200799  0 
1693057201800  0 
1693057202800  0 
1693057203800  0 
1693057204800  0 
1693057205800  0 
1693057206800  0 
1693057207801  0 
1693057208801  0 
1693057209801  0 
1693057210801  0 
1693057211801  0 
1693057212801  0 
1693057213801  0 
1693057214802  0 
1693057215802  0 
1693057216802  0 
1693057217802  0 
1693057218803  0 
1693057219803  0 
1693057220803  0 
1693057221803  0 
1693057222803  0 
1693057223803  0 
1693057224803  0 
1693057225803  0 
1693057226803  0 
1693057227803  0 
1693057228803  0 
1693057229803  0 
1693057230803  0 
1693057231803  0 
1693057232803  0 
1693057233803  0 
1693057234804  0 
1693057235804  0 
1693057236804  0 
1693057237804  0 
1693057238805  0 
1693057239805  0 
1693057240806  0 
1693057241806  0 
1693057242806  0 
1693057243806  0 
1693057244805  0 
1693057245806  0 
1693057246805  0 
1693057247806  0 
1693057248805  0 
1693057249806  0 
1693057250806  0 
1693057251806  0 
1693057252806  0 
1693057253806  0 
1693057254806  0 
1693057255806  0 
1693057256806  0 
1693057257806  0 
1693057258806  0 
1693057259807  0 
1693057260807  0 
1693057261807  0 
1693057262807  0 
1693057263808  0 
1693057264808  0 
1693057265808  0 
1693057266808  0 
1693057267808  0 
1693057268809  0 
1693057269809  0 
1693057270809  0 
1693057271809  0 
1693057272810  0 
1693057273811  0 
1693057274811  0 
1693057275811  0 
1693057276811  0 
1693057277811  0 
1693057278811  0 
1693057279811  0 
1693057280811  0 
1693057281812  0 
1693057282812  0 
1693057283812  0 
1693057284813  0 
1693057285813  0 
1693057286814  0 
1693057287814  0 
1693057288814  0 
1693057289815  0 
1693057290816  0 
1693057291816  0 
1693057292816  0 
1693057293816  0 
1693057294817  0 
1693057295817  0 
1693057296817  0 
1693057297817  0 
1693057298817  0 
1693057299817  0 
1693057300817  0 
1693057301817  0 
1693057302817  0 
1693057303817  0 
1693057304818  0 
1693057305818  0 
1693057306818  0 
1693057307818  0 
1693057308818  0 
1693057309818  0 
1693057310818  0 
1693057311818  0 
1693057312818  0 
1693057313818  0 
1693057314818  0 
1693057315818  0 
1693057316819  0 
1693057317819  0 
1693057318819  0 
1693057319827  0 
1693057320827  0 
1693057321828  0 
1693057322828  0 
1693057323829  0 
1693057324829  0 
1693057325829  0 
1693057326829  0 
1693057327829  0 
1693057328829  0 
1693057329829  0 
1693057330830  0 
1693057331830  0 
1693057332830  0 
1693057333830  0 
1693057334830  0 
1693057335830  0 
1693057336830  0 
1693057337830  0 
1693057338830  0 
1693057339831  0 
1693057340831  0 
1693057341831  0 
1693057342831  0 
1693057343831  0 
1693057344832  0 
1693057345832  0 
1693057346832  0 
1693057347832  0 
1693057348833  0 
1693057349833  0 
1693057350833  0 
1693057351833  0 
1693057352833  0 
1693057353833  0 
1693057354833  0 
1693057355834  0 
1693057356834  0 
1693057357834  0 
1693057358835  0 
1693057359835  0 
1693057360835  0 
1693057361835  0 
1693057362835  0 
1693057363835  0 
1693057364835  0 
1693057365835  0 
1693057366835  0 
1693057367835  0 
1693057368835  0 
1693057369835  0 
1693057370835  0 
1693057371835  0 
1693057372835  0 
1693057373835  0 
1693057374835  0 
1693057375836  0 
1693057376836  0 
1693057377836  0 
1693057378836  0 
1693057379836  0 
1693057380837  0 
1693057381837  0 
1693057382837  0 
1693057383837  0 
1693057384838  0 
1693057385838  0 
1693057386838  0 
1693057387838  0 
1693057388838  0 
1693057389839  0 
1693057390839  0 
1693057391839  0 
1693057392839  0 
1693057393839  0 
1693057394840  0 
1693057395840  0 
1693057396841  0 
1693057397841  0 
1693057398841  0 
1693057399841  0 
1693057400841  0 
1693057401843  0 
1693057402843  0 
1693057403843  0 
1693057404843  0 
1693057405843  0 
1693057406843  0 
1693057407843  0 
1693057408843  0 
1693057409843  0 
1693057410843  0 
1693057411844  0 
1693057412844  0 
1693057413845  0 
1693057414845  0 
1693057415845  0 
1693057416845  0 
1693057417845  0 
1693057418846  0 
